#
# There is insufficient memory for the Java Runtime Environment to continue.
# Native memory allocation (malloc) failed to allocate 1048256 bytes for Chunk::new
# Possible reasons:
#   The system is out of physical RAM or swap space
#   The process is running with CompressedOops enabled, and the Java Heap may be blocking the growth of the native heap
# Possible solutions:
#   Reduce memory load on the system
#   Increase physical memory or swap space
#   Check if swap backing store is full
#   Decrease Java heap size (-Xmx/-Xms)
#   Decrease number of Java threads
#   Decrease Java thread stack sizes (-Xss)
#   Set larger code cache with -XX:ReservedCodeCacheSize=
#   JVM is running with Unscaled Compressed Oops mode in which the Java heap is
#     placed in the first 4GB address space. The Java Heap base address is the
#     maximum limit for the native heap growth. Please use -XX:HeapBaseMinAddress
#     to set the Java Heap base and to place the Java Heap above 4GB virtual address.
# This output file may be truncated or incomplete.
#
#  Out of Memory Error (./src/hotspot/share/memory/arena.cpp:197), pid=2884, tid=30952
#
# JRE version: OpenJDK Runtime Environment (11.0.12+7) (build 11.0.12+7-b1504.28-7817840)
# Java VM: OpenJDK 64-Bit Server VM (11.0.12+7-b1504.28-7817840, mixed mode, tiered, compressed oops, g1 gc, windows-amd64)
# No core dump will be written. Minidumps are not enabled by default on client versions of Windows
#

---------------  S U M M A R Y ------------

Command Line: --add-opens=java.base/java.util=ALL-UNNAMED --add-opens=java.base/java.lang=ALL-UNNAMED --add-opens=java.base/java.lang.invoke=ALL-UNNAMED --add-opens=java.base/java.util=ALL-UNNAMED --add-opens=java.prefs/java.util.prefs=ALL-UNNAMED --add-opens=java.prefs/java.util.prefs=ALL-UNNAMED --add-opens=java.base/java.nio.charset=ALL-UNNAMED --add-opens=java.base/java.net=ALL-UNNAMED --add-opens=java.base/java.util.concurrent.atomic=ALL-UNNAMED -Xmx2048m -Dfile.encoding=UTF-8 -Duser.country=US -Duser.language=en -Duser.variant org.gradle.launcher.daemon.bootstrap.GradleDaemon 7.3.3

Host: Intel(R) Xeon(R) CPU E5-2609 v3 @ 1.90GHz, 6 cores, 15G,  Windows 10 , 64 bit Build 19041 (10.0.19041.207)
Time: Tue Sep  6 10:56:15 2022 India Standard Time elapsed time: 17.826596 seconds (0d 0h 0m 17s)

---------------  T H R E A D  ---------------

Current thread (0x00000183d9c3e800):  JavaThread "C2 CompilerThread0" daemon [_thread_in_native, id=30952, stack(0x0000001995d00000,0x0000001995e00000)]


Current CompileTask:
C2:  17826 6020       4       org.objectweb.asm.Frame::execute (2318 bytes)

Stack: [0x0000001995d00000,0x0000001995e00000]
Native frames: (J=compiled Java code, j=interpreted, Vv=VM code, C=native code)
V  [jvm.dll+0x5fbcea]
V  [jvm.dll+0x731905]
V  [jvm.dll+0x732f1d]
V  [jvm.dll+0x7335d3]
V  [jvm.dll+0x247bf8]
V  [jvm.dll+0xc018c]
V  [jvm.dll+0xc06cc]
V  [jvm.dll+0x2bcc04]
V  [jvm.dll+0x5113a8]
V  [jvm.dll+0x208303]
V  [jvm.dll+0x201fe0]
V  [jvm.dll+0x1ff71f]
V  [jvm.dll+0x18868c]
V  [jvm.dll+0x20e0d7]
V  [jvm.dll+0x20c901]
V  [jvm.dll+0x6f9b7f]
V  [jvm.dll+0x6f26a5]
V  [jvm.dll+0x5fabf6]
C  [ucrtbase.dll+0x21542]
C  [KERNEL32.DLL+0x16fd4]
C  [ntdll.dll+0x4cec1]


---------------  P R O C E S S  ---------------

Threads class SMR info:
_java_thread_list=0x00000183dddef7e0, length=100, elements={
0x00000183bf331800, 0x00000183d9bdc800, 0x00000183d9bdd800, 0x00000183d9c38000,
0x00000183d9c39800, 0x00000183d9c3b800, 0x00000183d9c3e800, 0x00000183d9c40000,
0x00000183d9c43000, 0x00000183d9ce2800, 0x00000183dc1db000, 0x00000183db0f7800,
0x00000183dbce7000, 0x00000183dbe94000, 0x00000183dafa5800, 0x00000183dbb17000,
0x00000183dd163000, 0x00000183d9d1f000, 0x00000183dd215000, 0x00000183dc329000,
0x00000183dc32a000, 0x00000183dc32b000, 0x00000183dc32b800, 0x00000183d9dc8000,
0x00000183d9dc4000, 0x00000183d9dc2800, 0x00000183d9dc5800, 0x00000183d9dc3000,
0x00000183d9dc6800, 0x00000183d9dc9000, 0x00000183d9dca800, 0x00000183d9dc7000,
0x00000183d9dc9800, 0x00000183d9dc4800, 0x00000183d9dce800, 0x00000183d9dcb800,
0x00000183d9dd0000, 0x00000183d9dcf800, 0x00000183d9dcd000, 0x00000183d9dcd800,
0x00000183db5d9800, 0x00000183db5da000, 0x00000183db5d4800, 0x00000183db5d5800,
0x00000183db5db000, 0x00000183db5d7000, 0x00000183db5dc000, 0x00000183db5d6000,
0x00000183db5dc800, 0x00000183db5dd800, 0x00000183db5d7800, 0x00000183db5de000,
0x00000183db5d8800, 0x00000183db5e1800, 0x00000183db5e0000, 0x00000183db5e3000,
0x00000183db5df000, 0x00000183db5e2800, 0x00000183db5e0800, 0x00000183df809000,
0x00000183df80d000, 0x00000183df80b000, 0x00000183df80a800, 0x00000183df80c000,
0x00000183df808000, 0x00000183df80e800, 0x00000183df80f800, 0x00000183df809800,
0x00000183df810000, 0x00000183df812800, 0x00000183df813800, 0x00000183df811800,
0x00000183df80d800, 0x00000183df811000, 0x00000183df814000, 0x00000183df815000,
0x00000183df816000, 0x00000183df816800, 0x00000183dbbeb000, 0x00000183dbbe8800,
0x00000183dbbec000, 0x00000183dbbe6000, 0x00000183dbbe9800, 0x00000183dbbec800,
0x00000183dbbe7000, 0x00000183dbbed800, 0x00000183dbbe8000, 0x00000183dbbee800,
0x00000183dbbef000, 0x00000183dbbf0000, 0x00000183dbbea000, 0x00000183dbbf3000,
0x00000183dbbf1000, 0x00000183dbbf1800, 0x00000183dbbf2800, 0x00000183dbbf4000,
0x00000183dbbf5000, 0x00000183da477000, 0x00000183da475000, 0x00000183e0bf5800
}

Java Threads: ( => current thread )
  0x00000183bf331800 JavaThread "main" [_thread_blocked, id=21784, stack(0x0000001995100000,0x0000001995200000)]
  0x00000183d9bdc800 JavaThread "Reference Handler" daemon [_thread_blocked, id=29224, stack(0x0000001995800000,0x0000001995900000)]
  0x00000183d9bdd800 JavaThread "Finalizer" daemon [_thread_blocked, id=18936, stack(0x0000001995900000,0x0000001995a00000)]
  0x00000183d9c38000 JavaThread "Signal Dispatcher" daemon [_thread_blocked, id=19056, stack(0x0000001995a00000,0x0000001995b00000)]
  0x00000183d9c39800 JavaThread "Attach Listener" daemon [_thread_blocked, id=9152, stack(0x0000001995b00000,0x0000001995c00000)]
  0x00000183d9c3b800 JavaThread "Service Thread" daemon [_thread_blocked, id=4396, stack(0x0000001995c00000,0x0000001995d00000)]
=>0x00000183d9c3e800 JavaThread "C2 CompilerThread0" daemon [_thread_in_native, id=30952, stack(0x0000001995d00000,0x0000001995e00000)]
  0x00000183d9c40000 JavaThread "C1 CompilerThread0" daemon [_thread_blocked, id=12180, stack(0x0000001995e00000,0x0000001995f00000)]
  0x00000183d9c43000 JavaThread "Sweeper thread" daemon [_thread_blocked, id=9188, stack(0x0000001995f00000,0x0000001996000000)]
  0x00000183d9ce2800 JavaThread "Common-Cleaner" daemon [_thread_blocked, id=11636, stack(0x0000001996000000,0x0000001996100000)]
  0x00000183dc1db000 JavaThread "Daemon health stats" [_thread_blocked, id=15128, stack(0x0000001996800000,0x0000001996900000)]
  0x00000183db0f7800 JavaThread "Incoming local TCP Connector on port 56808" [_thread_in_native, id=1756, stack(0x0000001996200000,0x0000001996300000)]
  0x00000183dbce7000 JavaThread "Daemon periodic checks" [_thread_blocked, id=23072, stack(0x0000001996900000,0x0000001996a00000)]
  0x00000183dbe94000 JavaThread "Daemon" [_thread_blocked, id=21484, stack(0x0000001996a00000,0x0000001996b00000)]
  0x00000183dafa5800 JavaThread "Handler for socket connection from /127.0.0.1:56808 to /127.0.0.1:56809" [_thread_in_native, id=16056, stack(0x0000001996b00000,0x0000001996c00000)]
  0x00000183dbb17000 JavaThread "Cancel handler" [_thread_blocked, id=9976, stack(0x0000001996d00000,0x0000001996e00000)]
  0x00000183dd163000 JavaThread "Daemon worker" [_thread_in_native, id=8452, stack(0x0000001996e00000,0x0000001996f00000)]
  0x00000183d9d1f000 JavaThread "Asynchronous log dispatcher for DefaultDaemonConnection: socket connection from /127.0.0.1:56808 to /127.0.0.1:56809" [_thread_blocked, id=28744, stack(0x0000001996f00000,0x0000001997000000)]
  0x00000183dd215000 JavaThread "Stdin handler" [_thread_blocked, id=30244, stack(0x0000001997000000,0x0000001997100000)]
  0x00000183dc329000 JavaThread "Daemon client event forwarder" [_thread_blocked, id=33360, stack(0x0000001997100000,0x0000001997200000)]
  0x00000183dc32a000 JavaThread "Cache worker for journal cache (C:\Users\amruta.patil\.gradle\caches\journal-1)" [_thread_blocked, id=10076, stack(0x0000001996c00000,0x0000001996d00000)]
  0x00000183dc32b000 JavaThread "File lock request listener" [_thread_in_native, id=25352, stack(0x0000001997200000,0x0000001997300000)]
  0x00000183dc32b800 JavaThread "Cache worker for file hash cache (C:\Users\amruta.patil\.gradle\caches\7.3.3\fileHashes)" [_thread_blocked, id=32372, stack(0x0000001997400000,0x0000001997500000)]
  0x00000183d9dc8000 JavaThread "Cache worker for file hash cache (C:\Users\amruta.patil\AndroidStudioProjects\CIOKlub\.gradle\7.3.3\fileHashes)" [_thread_blocked, id=14528, stack(0x0000001997500000,0x0000001997600000)]
  0x00000183d9dc4000 JavaThread "File watcher server" daemon [_thread_in_native, id=17208, stack(0x0000001997700000,0x0000001997800000)]
  0x00000183d9dc2800 JavaThread "File watcher consumer" daemon [_thread_blocked, id=13076, stack(0x0000001997800000,0x0000001997900000)]
  0x00000183d9dc5800 JavaThread "jar transforms" [_thread_blocked, id=23548, stack(0x0000001997900000,0x0000001997a00000)]
  0x00000183d9dc3000 JavaThread "jar transforms Thread 2" [_thread_blocked, id=24248, stack(0x0000001997a00000,0x0000001997b00000)]
  0x00000183d9dc6800 JavaThread "jar transforms Thread 3" [_thread_blocked, id=24620, stack(0x0000001997b00000,0x0000001997c00000)]
  0x00000183d9dc9000 JavaThread "jar transforms Thread 4" [_thread_blocked, id=13760, stack(0x0000001997c00000,0x0000001997d00000)]
  0x00000183d9dca800 JavaThread "jar transforms Thread 5" [_thread_blocked, id=32196, stack(0x0000001997d00000,0x0000001997e00000)]
  0x00000183d9dc7000 JavaThread "jar transforms Thread 6" [_thread_blocked, id=29076, stack(0x0000001997e00000,0x0000001997f00000)]
  0x00000183d9dc9800 JavaThread "Cache worker for checksums cache (C:\Users\amruta.patil\AndroidStudioProjects\CIOKlub\.gradle\7.3.3\checksums)" [_thread_blocked, id=14788, stack(0x0000001997f00000,0x0000001998000000)]
  0x00000183d9dc4800 JavaThread "Cache worker for cache directory md-supplier (C:\Users\amruta.patil\.gradle\caches\7.3.3\md-supplier)" [_thread_blocked, id=21468, stack(0x0000001998000000,0x0000001998100000)]
  0x00000183d9dce800 JavaThread "Cache worker for cache directory md-rule (C:\Users\amruta.patil\.gradle\caches\7.3.3\md-rule)" [_thread_blocked, id=9496, stack(0x0000001998100000,0x0000001998200000)]
  0x00000183d9dcb800 JavaThread "Cache worker for execution history cache (C:\Users\amruta.patil\.gradle\caches\7.3.3\executionHistory)" [_thread_blocked, id=10916, stack(0x0000001997600000,0x0000001997700000)]
  0x00000183d9dd0000 JavaThread "Cache worker for file content cache (C:\Users\amruta.patil\.gradle\caches\7.3.3\fileContent)" [_thread_blocked, id=6484, stack(0x0000001998300000,0x0000001998400000)]
  0x00000183d9dcf800 JavaThread "Cache worker for dependencies-accessors (C:\Users\amruta.patil\AndroidStudioProjects\CIOKlub\.gradle\7.3.3\dependencies-accessors)" [_thread_blocked, id=5100, stack(0x0000001998400000,0x0000001998500000)]
  0x00000183d9dcd000 JavaThread "Cache worker for Build Output Cleanup Cache (C:\Users\amruta.patil\AndroidStudioProjects\CIOKlub\.gradle\buildOutputCleanup)" [_thread_blocked, id=956, stack(0x0000001998500000,0x0000001998600000)]
  0x00000183d9dcd800 JavaThread "Unconstrained build operations" [_thread_blocked, id=9196, stack(0x0000001998600000,0x0000001998700000)]
  0x00000183db5d9800 JavaThread "Unconstrained build operations Thread 2" [_thread_blocked, id=12716, stack(0x0000001998700000,0x0000001998800000)]
  0x00000183db5da000 JavaThread "Unconstrained build operations Thread 3" [_thread_blocked, id=28336, stack(0x0000001998800000,0x0000001998900000)]
  0x00000183db5d4800 JavaThread "Unconstrained build operations Thread 4" [_thread_blocked, id=24760, stack(0x0000001998900000,0x0000001998a00000)]
  0x00000183db5d5800 JavaThread "Unconstrained build operations Thread 5" [_thread_blocked, id=16464, stack(0x0000001998a00000,0x0000001998b00000)]
  0x00000183db5db000 JavaThread "Unconstrained build operations Thread 6" [_thread_blocked, id=30592, stack(0x0000001998b00000,0x0000001998c00000)]
  0x00000183db5d7000 JavaThread "Unconstrained build operations Thread 7" [_thread_blocked, id=12368, stack(0x0000001998c00000,0x0000001998d00000)]
  0x00000183db5dc000 JavaThread "Unconstrained build operations Thread 8" [_thread_blocked, id=32092, stack(0x0000001998d00000,0x0000001998e00000)]
  0x00000183db5d6000 JavaThread "Unconstrained build operations Thread 9" [_thread_blocked, id=25616, stack(0x0000001998e00000,0x0000001998f00000)]
  0x00000183db5dc800 JavaThread "Unconstrained build operations Thread 10" [_thread_blocked, id=5556, stack(0x0000001998f00000,0x0000001999000000)]
  0x00000183db5dd800 JavaThread "Unconstrained build operations Thread 11" [_thread_blocked, id=27420, stack(0x0000001999000000,0x0000001999100000)]
  0x00000183db5d7800 JavaThread "Unconstrained build operations Thread 12" [_thread_blocked, id=9380, stack(0x0000001999100000,0x0000001999200000)]
  0x00000183db5de000 JavaThread "Unconstrained build operations Thread 13" [_thread_blocked, id=18620, stack(0x0000001999200000,0x0000001999300000)]
  0x00000183db5d8800 JavaThread "Unconstrained build operations Thread 14" [_thread_blocked, id=15400, stack(0x0000001999300000,0x0000001999400000)]
  0x00000183db5e1800 JavaThread "Unconstrained build operations Thread 15" [_thread_blocked, id=25492, stack(0x0000001999400000,0x0000001999500000)]
  0x00000183db5e0000 JavaThread "Unconstrained build operations Thread 16" [_thread_blocked, id=21824, stack(0x0000001999500000,0x0000001999600000)]
  0x00000183db5e3000 JavaThread "Unconstrained build operations Thread 17" [_thread_blocked, id=17024, stack(0x0000001999600000,0x0000001999700000)]
  0x00000183db5df000 JavaThread "Unconstrained build operations Thread 18" [_thread_blocked, id=12972, stack(0x0000001999700000,0x0000001999800000)]
  0x00000183db5e2800 JavaThread "Unconstrained build operations Thread 19" [_thread_blocked, id=33556, stack(0x0000001999800000,0x0000001999900000)]
  0x00000183db5e0800 JavaThread "Unconstrained build operations Thread 20" [_thread_blocked, id=16200, stack(0x0000001999900000,0x0000001999a00000)]
  0x00000183df809000 JavaThread "Unconstrained build operations Thread 21" [_thread_blocked, id=24280, stack(0x0000001999a00000,0x0000001999b00000)]
  0x00000183df80d000 JavaThread "Unconstrained build operations Thread 22" [_thread_blocked, id=30284, stack(0x0000001999b00000,0x0000001999c00000)]
  0x00000183df80b000 JavaThread "Unconstrained build operations Thread 23" [_thread_blocked, id=16712, stack(0x0000001999c00000,0x0000001999d00000)]
  0x00000183df80a800 JavaThread "Unconstrained build operations Thread 24" [_thread_blocked, id=24492, stack(0x0000001999d00000,0x0000001999e00000)]
  0x00000183df80c000 JavaThread "Unconstrained build operations Thread 25" [_thread_blocked, id=18180, stack(0x0000001999e00000,0x0000001999f00000)]
  0x00000183df808000 JavaThread "Unconstrained build operations Thread 26" [_thread_blocked, id=26172, stack(0x0000001999f00000,0x000000199a000000)]
  0x00000183df80e800 JavaThread "Unconstrained build operations Thread 27" [_thread_blocked, id=15236, stack(0x000000199a000000,0x000000199a100000)]
  0x00000183df80f800 JavaThread "Unconstrained build operations Thread 28" [_thread_blocked, id=18564, stack(0x000000199a100000,0x000000199a200000)]
  0x00000183df809800 JavaThread "Unconstrained build operations Thread 29" [_thread_blocked, id=4896, stack(0x000000199a200000,0x000000199a300000)]
  0x00000183df810000 JavaThread "Unconstrained build operations Thread 30" [_thread_blocked, id=14640, stack(0x000000199a300000,0x000000199a400000)]
  0x00000183df812800 JavaThread "Unconstrained build operations Thread 31" [_thread_blocked, id=28732, stack(0x000000199a400000,0x000000199a500000)]
  0x00000183df813800 JavaThread "Unconstrained build operations Thread 32" [_thread_blocked, id=20564, stack(0x000000199a500000,0x000000199a600000)]
  0x00000183df811800 JavaThread "Unconstrained build operations Thread 33" [_thread_blocked, id=20460, stack(0x000000199a600000,0x000000199a700000)]
  0x00000183df80d800 JavaThread "Unconstrained build operations Thread 34" [_thread_blocked, id=21048, stack(0x000000199a700000,0x000000199a800000)]
  0x00000183df811000 JavaThread "Unconstrained build operations Thread 35" [_thread_blocked, id=24412, stack(0x000000199a800000,0x000000199a900000)]
  0x00000183df814000 JavaThread "Unconstrained build operations Thread 36" [_thread_blocked, id=11984, stack(0x000000199a900000,0x000000199aa00000)]
  0x00000183df815000 JavaThread "Unconstrained build operations Thread 37" [_thread_blocked, id=2232, stack(0x000000199aa00000,0x000000199ab00000)]
  0x00000183df816000 JavaThread "Unconstrained build operations Thread 38" [_thread_blocked, id=26848, stack(0x000000199ab00000,0x000000199ac00000)]
  0x00000183df816800 JavaThread "Unconstrained build operations Thread 39" [_thread_blocked, id=18068, stack(0x000000199ac00000,0x000000199ad00000)]
  0x00000183dbbeb000 JavaThread "Unconstrained build operations Thread 40" [_thread_blocked, id=9944, stack(0x000000199ad00000,0x000000199ae00000)]
  0x00000183dbbe8800 JavaThread "Unconstrained build operations Thread 41" [_thread_blocked, id=18552, stack(0x000000199ae00000,0x000000199af00000)]
  0x00000183dbbec000 JavaThread "Unconstrained build operations Thread 42" [_thread_blocked, id=22432, stack(0x000000199af00000,0x000000199b000000)]
  0x00000183dbbe6000 JavaThread "Unconstrained build operations Thread 43" [_thread_blocked, id=24560, stack(0x000000199b000000,0x000000199b100000)]
  0x00000183dbbe9800 JavaThread "Unconstrained build operations Thread 44" [_thread_blocked, id=20224, stack(0x000000199b100000,0x000000199b200000)]
  0x00000183dbbec800 JavaThread "Unconstrained build operations Thread 45" [_thread_blocked, id=7720, stack(0x000000199b200000,0x000000199b300000)]
  0x00000183dbbe7000 JavaThread "Unconstrained build operations Thread 46" [_thread_blocked, id=16492, stack(0x000000199b300000,0x000000199b400000)]
  0x00000183dbbed800 JavaThread "Unconstrained build operations Thread 47" [_thread_blocked, id=33700, stack(0x000000199b400000,0x000000199b500000)]
  0x00000183dbbe8000 JavaThread "Unconstrained build operations Thread 48" [_thread_blocked, id=6400, stack(0x000000199b500000,0x000000199b600000)]
  0x00000183dbbee800 JavaThread "Unconstrained build operations Thread 49" [_thread_blocked, id=12896, stack(0x000000199b600000,0x000000199b700000)]
  0x00000183dbbef000 JavaThread "Unconstrained build operations Thread 50" [_thread_blocked, id=33436, stack(0x000000199b700000,0x000000199b800000)]
  0x00000183dbbf0000 JavaThread "Unconstrained build operations Thread 51" [_thread_blocked, id=5576, stack(0x000000199b800000,0x000000199b900000)]
  0x00000183dbbea000 JavaThread "Unconstrained build operations Thread 52" [_thread_blocked, id=13044, stack(0x000000199b900000,0x000000199ba00000)]
  0x00000183dbbf3000 JavaThread "Unconstrained build operations Thread 53" [_thread_blocked, id=24188, stack(0x000000199ba00000,0x000000199bb00000)]
  0x00000183dbbf1000 JavaThread "Unconstrained build operations Thread 54" [_thread_blocked, id=12040, stack(0x000000199bb00000,0x000000199bc00000)]
  0x00000183dbbf1800 JavaThread "Unconstrained build operations Thread 55" [_thread_blocked, id=7016, stack(0x000000199bc00000,0x000000199bd00000)]
  0x00000183dbbf2800 JavaThread "Unconstrained build operations Thread 56" [_thread_blocked, id=19304, stack(0x000000199bd00000,0x000000199be00000)]
  0x00000183dbbf4000 JavaThread "Unconstrained build operations Thread 57" [_thread_blocked, id=1884, stack(0x000000199be00000,0x000000199bf00000)]
  0x00000183dbbf5000 JavaThread "Unconstrained build operations Thread 58" [_thread_blocked, id=27656, stack(0x000000199bf00000,0x000000199c000000)]
  0x00000183da477000 JavaThread "Unconstrained build operations Thread 59" [_thread_blocked, id=23340, stack(0x000000199c000000,0x000000199c100000)]
  0x00000183da475000 JavaThread "Unconstrained build operations Thread 60" [_thread_blocked, id=24172, stack(0x000000199c100000,0x000000199c200000)]
  0x00000183e0bf5800 JavaThread "C2 CompilerThread1" daemon [_thread_in_native, id=9720, stack(0x0000001998200000,0x0000001998300000)]

Other Threads:
  0x00000183d9bd3800 VMThread "VM Thread" [stack: 0x0000001995700000,0x0000001995800000] [id=12544]
  0x00000183d9cf3000 WatcherThread [stack: 0x0000001996100000,0x0000001996200000] [id=18044]
  0x00000183bf34b000 GCTaskThread "GC Thread#0" [stack: 0x0000001995200000,0x0000001995300000] [id=9408]
  0x00000183da2ac800 GCTaskThread "GC Thread#1" [stack: 0x0000001996300000,0x0000001996400000] [id=29832]
  0x00000183da2ad000 GCTaskThread "GC Thread#2" [stack: 0x0000001996400000,0x0000001996500000] [id=15932]
  0x00000183da2ae000 GCTaskThread "GC Thread#3" [stack: 0x0000001996500000,0x0000001996600000] [id=8448]
  0x00000183da2ae800 GCTaskThread "GC Thread#4" [stack: 0x0000001996600000,0x0000001996700000] [id=33080]
  0x00000183da2af000 GCTaskThread "GC Thread#5" [stack: 0x0000001996700000,0x0000001996800000] [id=8300]
  0x00000183bf37c000 ConcurrentGCThread "G1 Main Marker" [stack: 0x0000001995300000,0x0000001995400000] [id=12428]
  0x00000183bf37d000 ConcurrentGCThread "G1 Conc#0" [stack: 0x0000001995400000,0x0000001995500000] [id=1476]
  0x00000183db27a000 ConcurrentGCThread "G1 Conc#1" [stack: 0x0000001997300000,0x0000001997400000] [id=15044]
  0x00000183d9222800 ConcurrentGCThread "G1 Refine#0" [stack: 0x0000001995500000,0x0000001995600000] [id=31796]
  0x00000183d9223800 ConcurrentGCThread "G1 Young RemSet Sampling" [stack: 0x0000001995600000,0x0000001995700000] [id=14356]

Threads with active compile tasks:
C2 CompilerThread0  17902 6020       4       org.objectweb.asm.Frame::execute (2318 bytes)
C1 CompilerThread0  17902 6155       3       org.objectweb.asm.ClassWriter::toByteArray (1535 bytes)
C2 CompilerThread1  17902 6135       4       org.objectweb.asm.SymbolTable::addConstantUtf8 (98 bytes)

VM state:not at safepoint (normal execution)

VM Mutex/Monitor currently owned by a thread: None

Heap address: 0x0000000080000000, size: 2048 MB, Compressed Oops mode: 32-bit
Narrow klass base: 0x0000000000000000, Narrow klass shift: 3
Compressed class space size: 1073741824 Address: 0x0000000100000000

Heap:
 garbage-first heap   total 262144K, used 84899K [0x0000000080000000, 0x0000000100000000)
  region size 1024K, 20 young (20480K), 6 survivors (6144K)
 Metaspace       used 60076K, capacity 61696K, committed 61900K, reserved 1103872K
  class space    used 7727K, capacity 8290K, committed 8396K, reserved 1048576K
Heap Regions: E=young(eden), S=young(survivor), O=old, HS=humongous(starts), HC=humongous(continues), CS=collection set, F=free, A=archive, TAMS=top-at-mark-start (previous, next)
|   0|0x0000000080000000, 0x0000000080100000, 0x0000000080100000|100%| O|  |TAMS 0x0000000080100000, 0x0000000080000000| Untracked 
|   1|0x0000000080100000, 0x0000000080200000, 0x0000000080200000|100%| O|  |TAMS 0x0000000080200000, 0x0000000080100000| Untracked 
|   2|0x0000000080200000, 0x0000000080300000, 0x0000000080300000|100%| O|  |TAMS 0x0000000080300000, 0x0000000080200000| Untracked 
|   3|0x0000000080300000, 0x0000000080400000, 0x0000000080400000|100%|HS|  |TAMS 0x0000000080400000, 0x0000000080300000| Complete 
|   4|0x0000000080400000, 0x0000000080500000, 0x0000000080500000|100%|HC|  |TAMS 0x0000000080500000, 0x0000000080400000| Complete 
|   5|0x0000000080500000, 0x0000000080600000, 0x0000000080600000|100%|HC|  |TAMS 0x0000000080600000, 0x0000000080500000| Complete 
|   6|0x0000000080600000, 0x0000000080700000, 0x0000000080700000|100%| O|  |TAMS 0x0000000080700000, 0x0000000080600000| Untracked 
|   7|0x0000000080700000, 0x0000000080800000, 0x0000000080800000|100%| O|  |TAMS 0x0000000080800000, 0x0000000080700000| Untracked 
|   8|0x0000000080800000, 0x0000000080900000, 0x0000000080900000|100%| O|  |TAMS 0x0000000080900000, 0x0000000080800000| Untracked 
|   9|0x0000000080900000, 0x0000000080a00000, 0x0000000080a00000|100%| O|  |TAMS 0x0000000080a00000, 0x0000000080900000| Untracked 
|  10|0x0000000080a00000, 0x0000000080b00000, 0x0000000080b00000|100%| O|  |TAMS 0x0000000080b00000, 0x0000000080a00000| Untracked 
|  11|0x0000000080b00000, 0x0000000080c00000, 0x0000000080c00000|100%| O|  |TAMS 0x0000000080c00000, 0x0000000080b00000| Untracked 
|  12|0x0000000080c00000, 0x0000000080d00000, 0x0000000080d00000|100%| O|  |TAMS 0x0000000080d00000, 0x0000000080c00000| Untracked 
|  13|0x0000000080d00000, 0x0000000080e00000, 0x0000000080e00000|100%| O|  |TAMS 0x0000000080e00000, 0x0000000080d00000| Untracked 
|  14|0x0000000080e00000, 0x0000000080f00000, 0x0000000080f00000|100%| O|  |TAMS 0x0000000080f00000, 0x0000000080e00000| Untracked 
|  15|0x0000000080f00000, 0x0000000081000000, 0x0000000081000000|100%| O|  |TAMS 0x0000000081000000, 0x0000000080f00000| Untracked 
|  16|0x0000000081000000, 0x0000000081100000, 0x0000000081100000|100%|HS|  |TAMS 0x0000000081100000, 0x0000000081000000| Complete 
|  17|0x0000000081100000, 0x0000000081200000, 0x0000000081200000|100%|HC|  |TAMS 0x0000000081200000, 0x0000000081100000| Complete 
|  18|0x0000000081200000, 0x0000000081300000, 0x0000000081300000|100%|HS|  |TAMS 0x0000000081300000, 0x0000000081200000| Complete 
|  19|0x0000000081300000, 0x0000000081400000, 0x0000000081400000|100%|HC|  |TAMS 0x0000000081400000, 0x0000000081300000| Complete 
|  20|0x0000000081400000, 0x0000000081500000, 0x0000000081500000|100%|HC|  |TAMS 0x0000000081500000, 0x0000000081400000| Complete 
|  21|0x0000000081500000, 0x0000000081600000, 0x0000000081600000|100%|HS|  |TAMS 0x0000000081600000, 0x0000000081500000| Complete 
|  22|0x0000000081600000, 0x0000000081700000, 0x0000000081700000|100%|HS|  |TAMS 0x0000000081700000, 0x0000000081600000| Complete 
|  23|0x0000000081700000, 0x0000000081800000, 0x0000000081800000|100%|HC|  |TAMS 0x0000000081800000, 0x0000000081700000| Complete 
|  24|0x0000000081800000, 0x0000000081900000, 0x0000000081900000|100%|HC|  |TAMS 0x0000000081900000, 0x0000000081800000| Complete 
|  25|0x0000000081900000, 0x0000000081a00000, 0x0000000081a00000|100%|HC|  |TAMS 0x0000000081a00000, 0x0000000081900000| Complete 
|  26|0x0000000081a00000, 0x0000000081b00000, 0x0000000081b00000|100%| O|  |TAMS 0x0000000081b00000, 0x0000000081a00000| Untracked 
|  27|0x0000000081b00000, 0x0000000081c00000, 0x0000000081c00000|100%|HS|  |TAMS 0x0000000081c00000, 0x0000000081b00000| Complete 
|  28|0x0000000081c00000, 0x0000000081d00000, 0x0000000081d00000|100%|HS|  |TAMS 0x0000000081d00000, 0x0000000081c00000| Complete 
|  29|0x0000000081d00000, 0x0000000081e00000, 0x0000000081e00000|100%|HS|  |TAMS 0x0000000081e00000, 0x0000000081d00000| Complete 
|  30|0x0000000081e00000, 0x0000000081f00000, 0x0000000081f00000|100%|HC|  |TAMS 0x0000000081f00000, 0x0000000081e00000| Complete 
|  31|0x0000000081f00000, 0x0000000082000000, 0x0000000082000000|100%|HC|  |TAMS 0x0000000082000000, 0x0000000081f00000| Complete 
|  32|0x0000000082000000, 0x0000000082100000, 0x0000000082100000|100%|HS|  |TAMS 0x0000000082100000, 0x0000000082000000| Complete 
|  33|0x0000000082100000, 0x0000000082200000, 0x0000000082200000|100%| O|  |TAMS 0x0000000082200000, 0x0000000082100000| Untracked 
|  34|0x0000000082200000, 0x0000000082300000, 0x0000000082300000|100%| O|  |TAMS 0x0000000082300000, 0x0000000082200000| Untracked 
|  35|0x0000000082300000, 0x0000000082400000, 0x0000000082400000|100%|HS|  |TAMS 0x0000000082400000, 0x0000000082300000| Complete 
|  36|0x0000000082400000, 0x0000000082500000, 0x0000000082500000|100%|HC|  |TAMS 0x0000000082500000, 0x0000000082400000| Complete 
|  37|0x0000000082500000, 0x0000000082600000, 0x0000000082600000|100%|HC|  |TAMS 0x0000000082600000, 0x0000000082500000| Complete 
|  38|0x0000000082600000, 0x0000000082700000, 0x0000000082700000|100%|HC|  |TAMS 0x0000000082700000, 0x0000000082600000| Complete 
|  39|0x0000000082700000, 0x0000000082800000, 0x0000000082800000|100%| O|  |TAMS 0x0000000082800000, 0x0000000082700000| Untracked 
|  40|0x0000000082800000, 0x0000000082900000, 0x0000000082900000|100%| O|  |TAMS 0x0000000082900000, 0x0000000082800000| Untracked 
|  41|0x0000000082900000, 0x0000000082a00000, 0x0000000082a00000|100%| O|  |TAMS 0x0000000082a00000, 0x0000000082900000| Untracked 
|  42|0x0000000082a00000, 0x0000000082b00000, 0x0000000082b00000|100%| O|  |TAMS 0x0000000082b00000, 0x0000000082a00000| Untracked 
|  43|0x0000000082b00000, 0x0000000082c00000, 0x0000000082c00000|100%| O|  |TAMS 0x0000000082c00000, 0x0000000082b00000| Untracked 
|  44|0x0000000082c00000, 0x0000000082d00000, 0x0000000082d00000|100%| O|  |TAMS 0x0000000082d00000, 0x0000000082c00000| Untracked 
|  45|0x0000000082d00000, 0x0000000082e00000, 0x0000000082e00000|100%| O|  |TAMS 0x0000000082e00000, 0x0000000082d00000| Untracked 
|  46|0x0000000082e00000, 0x0000000082f00000, 0x0000000082f00000|100%| O|  |TAMS 0x0000000082f00000, 0x0000000082e00000| Untracked 
|  47|0x0000000082f00000, 0x0000000083000000, 0x0000000083000000|100%|HS|  |TAMS 0x0000000083000000, 0x0000000082f00000| Complete 
|  48|0x0000000083000000, 0x0000000083100000, 0x0000000083100000|100%|HC|  |TAMS 0x0000000083100000, 0x0000000083000000| Complete 
|  49|0x0000000083100000, 0x0000000083200000, 0x0000000083200000|100%| O|  |TAMS 0x0000000083200000, 0x0000000083100000| Untracked 
|  50|0x0000000083200000, 0x0000000083300000, 0x0000000083300000|100%| O|  |TAMS 0x0000000083300000, 0x0000000083200000| Untracked 
|  51|0x0000000083300000, 0x0000000083400000, 0x0000000083400000|100%| O|  |TAMS 0x0000000083400000, 0x0000000083300000| Untracked 
|  52|0x0000000083400000, 0x0000000083500000, 0x0000000083500000|100%| O|  |TAMS 0x0000000083500000, 0x0000000083400000| Untracked 
|  53|0x0000000083500000, 0x0000000083600000, 0x0000000083600000|100%| O|  |TAMS 0x0000000083600000, 0x0000000083500000| Untracked 
|  54|0x0000000083600000, 0x0000000083700000, 0x0000000083700000|100%| O|  |TAMS 0x0000000083700000, 0x0000000083600000| Untracked 
|  55|0x0000000083700000, 0x0000000083800000, 0x0000000083800000|100%| O|  |TAMS 0x0000000083800000, 0x0000000083700000| Untracked 
|  56|0x0000000083800000, 0x0000000083900000, 0x0000000083900000|100%| O|  |TAMS 0x0000000083900000, 0x0000000083800000| Untracked 
|  57|0x0000000083900000, 0x0000000083a00000, 0x0000000083a00000|100%| O|  |TAMS 0x0000000083a00000, 0x0000000083900000| Untracked 
|  58|0x0000000083a00000, 0x0000000083b00000, 0x0000000083b00000|100%| O|  |TAMS 0x0000000083b00000, 0x0000000083a00000| Untracked 
|  59|0x0000000083b00000, 0x0000000083c00000, 0x0000000083c00000|100%| O|  |TAMS 0x0000000083c00000, 0x0000000083b00000| Untracked 
|  60|0x0000000083c00000, 0x0000000083d00000, 0x0000000083d00000|100%| O|  |TAMS 0x0000000083d00000, 0x0000000083c00000| Untracked 
|  61|0x0000000083d00000, 0x0000000083e00000, 0x0000000083e00000|100%| O|  |TAMS 0x0000000083e00000, 0x0000000083d00000| Untracked 
|  62|0x0000000083e00000, 0x0000000083f00000, 0x0000000083f00000|100%| O|  |TAMS 0x0000000083f00000, 0x0000000083e00000| Untracked 
|  63|0x0000000083f00000, 0x0000000084000000, 0x0000000084000000|100%| O|  |TAMS 0x0000000084000000, 0x0000000083f00000| Untracked 
|  64|0x0000000084000000, 0x0000000084000000, 0x0000000084100000|  0%| F|  |TAMS 0x0000000084000000, 0x0000000084000000| Untracked 
|  65|0x0000000084100000, 0x0000000084100000, 0x0000000084200000|  0%| F|  |TAMS 0x0000000084100000, 0x0000000084100000| Untracked 
|  66|0x0000000084200000, 0x0000000084200000, 0x0000000084300000|  0%| F|  |TAMS 0x0000000084200000, 0x0000000084200000| Untracked 
|  67|0x0000000084300000, 0x0000000084300000, 0x0000000084400000|  0%| F|  |TAMS 0x0000000084300000, 0x0000000084300000| Untracked 
|  68|0x0000000084400000, 0x0000000084400000, 0x0000000084500000|  0%| F|  |TAMS 0x0000000084400000, 0x0000000084400000| Untracked 
|  69|0x0000000084500000, 0x0000000084500000, 0x0000000084600000|  0%| F|  |TAMS 0x0000000084500000, 0x0000000084500000| Untracked 
|  70|0x0000000084600000, 0x0000000084600000, 0x0000000084700000|  0%| F|  |TAMS 0x0000000084600000, 0x0000000084600000| Untracked 
|  71|0x0000000084700000, 0x0000000084700000, 0x0000000084800000|  0%| F|  |TAMS 0x0000000084700000, 0x0000000084700000| Untracked 
|  72|0x0000000084800000, 0x0000000084800000, 0x0000000084900000|  0%| F|  |TAMS 0x0000000084800000, 0x0000000084800000| Untracked 
|  73|0x0000000084900000, 0x0000000084900000, 0x0000000084a00000|  0%| F|  |TAMS 0x0000000084900000, 0x0000000084900000| Untracked 
|  74|0x0000000084a00000, 0x0000000084a00000, 0x0000000084b00000|  0%| F|  |TAMS 0x0000000084a00000, 0x0000000084a00000| Untracked 
|  75|0x0000000084b00000, 0x0000000084b00000, 0x0000000084c00000|  0%| F|  |TAMS 0x0000000084b00000, 0x0000000084b00000| Untracked 
|  76|0x0000000084c00000, 0x0000000084c00000, 0x0000000084d00000|  0%| F|  |TAMS 0x0000000084c00000, 0x0000000084c00000| Untracked 
|  77|0x0000000084d00000, 0x0000000084d00000, 0x0000000084e00000|  0%| F|  |TAMS 0x0000000084d00000, 0x0000000084d00000| Untracked 
|  78|0x0000000084e00000, 0x0000000084e00000, 0x0000000084f00000|  0%| F|  |TAMS 0x0000000084e00000, 0x0000000084e00000| Untracked 
|  79|0x0000000084f00000, 0x0000000084f00000, 0x0000000085000000|  0%| F|  |TAMS 0x0000000084f00000, 0x0000000084f00000| Untracked 
|  80|0x0000000085000000, 0x0000000085000000, 0x0000000085100000|  0%| F|  |TAMS 0x0000000085000000, 0x0000000085000000| Untracked 
|  81|0x0000000085100000, 0x0000000085100000, 0x0000000085200000|  0%| F|  |TAMS 0x0000000085100000, 0x0000000085100000| Untracked 
|  82|0x0000000085200000, 0x0000000085200000, 0x0000000085300000|  0%| F|  |TAMS 0x0000000085200000, 0x0000000085200000| Untracked 
|  83|0x0000000085300000, 0x0000000085300000, 0x0000000085400000|  0%| F|  |TAMS 0x0000000085300000, 0x0000000085300000| Untracked 
|  84|0x0000000085400000, 0x0000000085400000, 0x0000000085500000|  0%| F|  |TAMS 0x0000000085400000, 0x0000000085400000| Untracked 
|  85|0x0000000085500000, 0x0000000085500000, 0x0000000085600000|  0%| F|  |TAMS 0x0000000085500000, 0x0000000085500000| Untracked 
|  86|0x0000000085600000, 0x0000000085600000, 0x0000000085700000|  0%| F|  |TAMS 0x0000000085600000, 0x0000000085600000| Untracked 
|  87|0x0000000085700000, 0x0000000085700000, 0x0000000085800000|  0%| F|  |TAMS 0x0000000085700000, 0x0000000085700000| Untracked 
|  88|0x0000000085800000, 0x0000000085800000, 0x0000000085900000|  0%| F|  |TAMS 0x0000000085800000, 0x0000000085800000| Untracked 
|  89|0x0000000085900000, 0x0000000085900000, 0x0000000085a00000|  0%| F|  |TAMS 0x0000000085900000, 0x0000000085900000| Untracked 
|  90|0x0000000085a00000, 0x0000000085a00000, 0x0000000085b00000|  0%| F|  |TAMS 0x0000000085a00000, 0x0000000085a00000| Untracked 
|  91|0x0000000085b00000, 0x0000000085b00000, 0x0000000085c00000|  0%| F|  |TAMS 0x0000000085b00000, 0x0000000085b00000| Untracked 
|  92|0x0000000085c00000, 0x0000000085c00000, 0x0000000085d00000|  0%| F|  |TAMS 0x0000000085c00000, 0x0000000085c00000| Untracked 
|  93|0x0000000085d00000, 0x0000000085d00000, 0x0000000085e00000|  0%| F|  |TAMS 0x0000000085d00000, 0x0000000085d00000| Untracked 
|  94|0x0000000085e00000, 0x0000000085e00000, 0x0000000085f00000|  0%| F|  |TAMS 0x0000000085e00000, 0x0000000085e00000| Untracked 
|  95|0x0000000085f00000, 0x0000000085f00000, 0x0000000086000000|  0%| F|  |TAMS 0x0000000085f00000, 0x0000000085f00000| Untracked 
|  96|0x0000000086000000, 0x0000000086000000, 0x0000000086100000|  0%| F|  |TAMS 0x0000000086000000, 0x0000000086000000| Untracked 
|  97|0x0000000086100000, 0x0000000086100000, 0x0000000086200000|  0%| F|  |TAMS 0x0000000086100000, 0x0000000086100000| Untracked 
|  98|0x0000000086200000, 0x0000000086200000, 0x0000000086300000|  0%| F|  |TAMS 0x0000000086200000, 0x0000000086200000| Untracked 
|  99|0x0000000086300000, 0x0000000086300000, 0x0000000086400000|  0%| F|  |TAMS 0x0000000086300000, 0x0000000086300000| Untracked 
| 100|0x0000000086400000, 0x0000000086400000, 0x0000000086500000|  0%| F|  |TAMS 0x0000000086400000, 0x0000000086400000| Untracked 
| 101|0x0000000086500000, 0x0000000086500000, 0x0000000086600000|  0%| F|  |TAMS 0x0000000086500000, 0x0000000086500000| Untracked 
| 102|0x0000000086600000, 0x0000000086600000, 0x0000000086700000|  0%| F|  |TAMS 0x0000000086600000, 0x0000000086600000| Untracked 
| 103|0x0000000086700000, 0x0000000086700000, 0x0000000086800000|  0%| F|  |TAMS 0x0000000086700000, 0x0000000086700000| Untracked 
| 104|0x0000000086800000, 0x0000000086800000, 0x0000000086900000|  0%| F|  |TAMS 0x0000000086800000, 0x0000000086800000| Untracked 
| 105|0x0000000086900000, 0x0000000086900000, 0x0000000086a00000|  0%| F|  |TAMS 0x0000000086900000, 0x0000000086900000| Untracked 
| 106|0x0000000086a00000, 0x0000000086a00000, 0x0000000086b00000|  0%| F|  |TAMS 0x0000000086a00000, 0x0000000086a00000| Untracked 
| 107|0x0000000086b00000, 0x0000000086b00000, 0x0000000086c00000|  0%| F|  |TAMS 0x0000000086b00000, 0x0000000086b00000| Untracked 
| 108|0x0000000086c00000, 0x0000000086c00000, 0x0000000086d00000|  0%| F|  |TAMS 0x0000000086c00000, 0x0000000086c00000| Untracked 
| 109|0x0000000086d00000, 0x0000000086d00000, 0x0000000086e00000|  0%| F|  |TAMS 0x0000000086d00000, 0x0000000086d00000| Untracked 
| 110|0x0000000086e00000, 0x0000000086e00000, 0x0000000086f00000|  0%| F|  |TAMS 0x0000000086e00000, 0x0000000086e00000| Untracked 
| 111|0x0000000086f00000, 0x0000000086f00000, 0x0000000087000000|  0%| F|  |TAMS 0x0000000086f00000, 0x0000000086f00000| Untracked 
| 112|0x0000000087000000, 0x0000000087000000, 0x0000000087100000|  0%| F|  |TAMS 0x0000000087000000, 0x0000000087000000| Untracked 
| 113|0x0000000087100000, 0x0000000087100000, 0x0000000087200000|  0%| F|  |TAMS 0x0000000087100000, 0x0000000087100000| Untracked 
| 114|0x0000000087200000, 0x0000000087200000, 0x0000000087300000|  0%| F|  |TAMS 0x0000000087200000, 0x0000000087200000| Untracked 
| 115|0x0000000087300000, 0x0000000087300000, 0x0000000087400000|  0%| F|  |TAMS 0x0000000087300000, 0x0000000087300000| Untracked 
| 116|0x0000000087400000, 0x0000000087400000, 0x0000000087500000|  0%| F|  |TAMS 0x0000000087400000, 0x0000000087400000| Untracked 
| 117|0x0000000087500000, 0x0000000087500000, 0x0000000087600000|  0%| F|  |TAMS 0x0000000087500000, 0x0000000087500000| Untracked 
| 118|0x0000000087600000, 0x0000000087600000, 0x0000000087700000|  0%| F|  |TAMS 0x0000000087600000, 0x0000000087600000| Untracked 
| 119|0x0000000087700000, 0x0000000087700000, 0x0000000087800000|  0%| F|  |TAMS 0x0000000087700000, 0x0000000087700000| Untracked 
| 120|0x0000000087800000, 0x0000000087800000, 0x0000000087900000|  0%| F|  |TAMS 0x0000000087800000, 0x0000000087800000| Untracked 
| 121|0x0000000087900000, 0x0000000087900000, 0x0000000087a00000|  0%| F|  |TAMS 0x0000000087900000, 0x0000000087900000| Untracked 
| 122|0x0000000087a00000, 0x0000000087a00000, 0x0000000087b00000|  0%| F|  |TAMS 0x0000000087a00000, 0x0000000087a00000| Untracked 
| 123|0x0000000087b00000, 0x0000000087b00000, 0x0000000087c00000|  0%| F|  |TAMS 0x0000000087b00000, 0x0000000087b00000| Untracked 
| 124|0x0000000087c00000, 0x0000000087c00000, 0x0000000087d00000|  0%| F|  |TAMS 0x0000000087c00000, 0x0000000087c00000| Untracked 
| 125|0x0000000087d00000, 0x0000000087d00000, 0x0000000087e00000|  0%| F|  |TAMS 0x0000000087d00000, 0x0000000087d00000| Untracked 
| 126|0x0000000087e00000, 0x0000000087e00000, 0x0000000087f00000|  0%| F|  |TAMS 0x0000000087e00000, 0x0000000087e00000| Untracked 
| 127|0x0000000087f00000, 0x0000000087f00000, 0x0000000088000000|  0%| F|  |TAMS 0x0000000087f00000, 0x0000000087f00000| Untracked 
| 128|0x0000000088000000, 0x0000000088000000, 0x0000000088100000|  0%| F|  |TAMS 0x0000000088000000, 0x0000000088000000| Untracked 
| 129|0x0000000088100000, 0x0000000088100000, 0x0000000088200000|  0%| F|  |TAMS 0x0000000088100000, 0x0000000088100000| Untracked 
| 130|0x0000000088200000, 0x0000000088200000, 0x0000000088300000|  0%| F|  |TAMS 0x0000000088200000, 0x0000000088200000| Untracked 
| 131|0x0000000088300000, 0x0000000088300000, 0x0000000088400000|  0%| F|  |TAMS 0x0000000088300000, 0x0000000088300000| Untracked 
| 132|0x0000000088400000, 0x0000000088400000, 0x0000000088500000|  0%| F|  |TAMS 0x0000000088400000, 0x0000000088400000| Untracked 
| 133|0x0000000088500000, 0x0000000088500000, 0x0000000088600000|  0%| F|  |TAMS 0x0000000088500000, 0x0000000088500000| Untracked 
| 134|0x0000000088600000, 0x0000000088600000, 0x0000000088700000|  0%| F|  |TAMS 0x0000000088600000, 0x0000000088600000| Untracked 
| 135|0x0000000088700000, 0x0000000088700000, 0x0000000088800000|  0%| F|  |TAMS 0x0000000088700000, 0x0000000088700000| Untracked 
| 136|0x0000000088800000, 0x0000000088800000, 0x0000000088900000|  0%| F|  |TAMS 0x0000000088800000, 0x0000000088800000| Untracked 
| 137|0x0000000088900000, 0x0000000088900000, 0x0000000088a00000|  0%| F|  |TAMS 0x0000000088900000, 0x0000000088900000| Untracked 
| 138|0x0000000088a00000, 0x0000000088a00000, 0x0000000088b00000|  0%| F|  |TAMS 0x0000000088a00000, 0x0000000088a00000| Untracked 
| 139|0x0000000088b00000, 0x0000000088b00000, 0x0000000088c00000|  0%| F|  |TAMS 0x0000000088b00000, 0x0000000088b00000| Untracked 
| 140|0x0000000088c00000, 0x0000000088c00000, 0x0000000088d00000|  0%| F|  |TAMS 0x0000000088c00000, 0x0000000088c00000| Untracked 
| 141|0x0000000088d00000, 0x0000000088d00000, 0x0000000088e00000|  0%| F|  |TAMS 0x0000000088d00000, 0x0000000088d00000| Untracked 
| 142|0x0000000088e00000, 0x0000000088e00000, 0x0000000088f00000|  0%| F|  |TAMS 0x0000000088e00000, 0x0000000088e00000| Untracked 
| 143|0x0000000088f00000, 0x0000000088f00000, 0x0000000089000000|  0%| F|  |TAMS 0x0000000088f00000, 0x0000000088f00000| Untracked 
| 144|0x0000000089000000, 0x0000000089000000, 0x0000000089100000|  0%| F|  |TAMS 0x0000000089000000, 0x0000000089000000| Untracked 
| 145|0x0000000089100000, 0x0000000089100000, 0x0000000089200000|  0%| F|  |TAMS 0x0000000089100000, 0x0000000089100000| Untracked 
| 146|0x0000000089200000, 0x0000000089200000, 0x0000000089300000|  0%| F|  |TAMS 0x0000000089200000, 0x0000000089200000| Untracked 
| 147|0x0000000089300000, 0x0000000089300000, 0x0000000089400000|  0%| F|  |TAMS 0x0000000089300000, 0x0000000089300000| Untracked 
| 148|0x0000000089400000, 0x0000000089400000, 0x0000000089500000|  0%| F|  |TAMS 0x0000000089400000, 0x0000000089400000| Untracked 
| 149|0x0000000089500000, 0x0000000089500000, 0x0000000089600000|  0%| F|  |TAMS 0x0000000089500000, 0x0000000089500000| Untracked 
| 150|0x0000000089600000, 0x0000000089600000, 0x0000000089700000|  0%| F|  |TAMS 0x0000000089600000, 0x0000000089600000| Untracked 
| 151|0x0000000089700000, 0x0000000089700000, 0x0000000089800000|  0%| F|  |TAMS 0x0000000089700000, 0x0000000089700000| Untracked 
| 152|0x0000000089800000, 0x0000000089800000, 0x0000000089900000|  0%| F|  |TAMS 0x0000000089800000, 0x0000000089800000| Untracked 
| 153|0x0000000089900000, 0x0000000089900000, 0x0000000089a00000|  0%| F|  |TAMS 0x0000000089900000, 0x0000000089900000| Untracked 
| 154|0x0000000089a00000, 0x0000000089a00000, 0x0000000089b00000|  0%| F|  |TAMS 0x0000000089a00000, 0x0000000089a00000| Untracked 
| 155|0x0000000089b00000, 0x0000000089b00000, 0x0000000089c00000|  0%| F|  |TAMS 0x0000000089b00000, 0x0000000089b00000| Untracked 
| 156|0x0000000089c00000, 0x0000000089c00000, 0x0000000089d00000|  0%| F|  |TAMS 0x0000000089c00000, 0x0000000089c00000| Untracked 
| 157|0x0000000089d00000, 0x0000000089d00000, 0x0000000089e00000|  0%| F|  |TAMS 0x0000000089d00000, 0x0000000089d00000| Untracked 
| 158|0x0000000089e00000, 0x0000000089e00000, 0x0000000089f00000|  0%| F|  |TAMS 0x0000000089e00000, 0x0000000089e00000| Untracked 
| 159|0x0000000089f00000, 0x0000000089f00000, 0x000000008a000000|  0%| F|  |TAMS 0x0000000089f00000, 0x0000000089f00000| Untracked 
| 160|0x000000008a000000, 0x000000008a000000, 0x000000008a100000|  0%| F|  |TAMS 0x000000008a000000, 0x000000008a000000| Untracked 
| 161|0x000000008a100000, 0x000000008a100000, 0x000000008a200000|  0%| F|  |TAMS 0x000000008a100000, 0x000000008a100000| Untracked 
| 162|0x000000008a200000, 0x000000008a200000, 0x000000008a300000|  0%| F|  |TAMS 0x000000008a200000, 0x000000008a200000| Untracked 
| 163|0x000000008a300000, 0x000000008a300000, 0x000000008a400000|  0%| F|  |TAMS 0x000000008a300000, 0x000000008a300000| Untracked 
| 164|0x000000008a400000, 0x000000008a400000, 0x000000008a500000|  0%| F|  |TAMS 0x000000008a400000, 0x000000008a400000| Untracked 
| 165|0x000000008a500000, 0x000000008a500000, 0x000000008a600000|  0%| F|  |TAMS 0x000000008a500000, 0x000000008a500000| Untracked 
| 166|0x000000008a600000, 0x000000008a600000, 0x000000008a700000|  0%| F|  |TAMS 0x000000008a600000, 0x000000008a600000| Untracked 
| 167|0x000000008a700000, 0x000000008a700000, 0x000000008a800000|  0%| F|  |TAMS 0x000000008a700000, 0x000000008a700000| Untracked 
| 168|0x000000008a800000, 0x000000008a800000, 0x000000008a900000|  0%| F|  |TAMS 0x000000008a800000, 0x000000008a800000| Untracked 
| 169|0x000000008a900000, 0x000000008a900000, 0x000000008aa00000|  0%| F|  |TAMS 0x000000008a900000, 0x000000008a900000| Untracked 
| 170|0x000000008aa00000, 0x000000008aa00000, 0x000000008ab00000|  0%| F|  |TAMS 0x000000008aa00000, 0x000000008aa00000| Untracked 
| 171|0x000000008ab00000, 0x000000008ab00000, 0x000000008ac00000|  0%| F|  |TAMS 0x000000008ab00000, 0x000000008ab00000| Untracked 
| 172|0x000000008ac00000, 0x000000008ac00000, 0x000000008ad00000|  0%| F|  |TAMS 0x000000008ac00000, 0x000000008ac00000| Untracked 
| 173|0x000000008ad00000, 0x000000008ad00000, 0x000000008ae00000|  0%| F|  |TAMS 0x000000008ad00000, 0x000000008ad00000| Untracked 
| 174|0x000000008ae00000, 0x000000008ae00000, 0x000000008af00000|  0%| F|  |TAMS 0x000000008ae00000, 0x000000008ae00000| Untracked 
| 175|0x000000008af00000, 0x000000008af00000, 0x000000008b000000|  0%| F|  |TAMS 0x000000008af00000, 0x000000008af00000| Untracked 
| 176|0x000000008b000000, 0x000000008b000000, 0x000000008b100000|  0%| F|  |TAMS 0x000000008b000000, 0x000000008b000000| Untracked 
| 177|0x000000008b100000, 0x000000008b100000, 0x000000008b200000|  0%| F|  |TAMS 0x000000008b100000, 0x000000008b100000| Untracked 
| 178|0x000000008b200000, 0x000000008b200000, 0x000000008b300000|  0%| F|  |TAMS 0x000000008b200000, 0x000000008b200000| Untracked 
| 179|0x000000008b300000, 0x000000008b300000, 0x000000008b400000|  0%| F|  |TAMS 0x000000008b300000, 0x000000008b300000| Untracked 
| 180|0x000000008b400000, 0x000000008b400000, 0x000000008b500000|  0%| F|  |TAMS 0x000000008b400000, 0x000000008b400000| Untracked 
| 181|0x000000008b500000, 0x000000008b500000, 0x000000008b600000|  0%| F|  |TAMS 0x000000008b500000, 0x000000008b500000| Untracked 
| 182|0x000000008b600000, 0x000000008b600000, 0x000000008b700000|  0%| F|  |TAMS 0x000000008b600000, 0x000000008b600000| Untracked 
| 183|0x000000008b700000, 0x000000008b700000, 0x000000008b800000|  0%| F|  |TAMS 0x000000008b700000, 0x000000008b700000| Untracked 
| 184|0x000000008b800000, 0x000000008b800000, 0x000000008b900000|  0%| F|  |TAMS 0x000000008b800000, 0x000000008b800000| Untracked 
| 185|0x000000008b900000, 0x000000008b900000, 0x000000008ba00000|  0%| F|  |TAMS 0x000000008b900000, 0x000000008b900000| Untracked 
| 186|0x000000008ba00000, 0x000000008ba00000, 0x000000008bb00000|  0%| F|  |TAMS 0x000000008ba00000, 0x000000008ba00000| Untracked 
| 187|0x000000008bb00000, 0x000000008bb00000, 0x000000008bc00000|  0%| F|  |TAMS 0x000000008bb00000, 0x000000008bb00000| Untracked 
| 188|0x000000008bc00000, 0x000000008bc00000, 0x000000008bd00000|  0%| F|  |TAMS 0x000000008bc00000, 0x000000008bc00000| Untracked 
| 189|0x000000008bd00000, 0x000000008bd00000, 0x000000008be00000|  0%| F|  |TAMS 0x000000008bd00000, 0x000000008bd00000| Untracked 
| 190|0x000000008be00000, 0x000000008be00000, 0x000000008bf00000|  0%| F|  |TAMS 0x000000008be00000, 0x000000008be00000| Untracked 
| 191|0x000000008bf00000, 0x000000008bf00000, 0x000000008c000000|  0%| F|  |TAMS 0x000000008bf00000, 0x000000008bf00000| Untracked 
| 192|0x000000008c000000, 0x000000008c0e8e80, 0x000000008c100000| 90%| S|CS|TAMS 0x000000008c000000, 0x000000008c000000| Complete 
| 193|0x000000008c100000, 0x000000008c200000, 0x000000008c200000|100%| S|CS|TAMS 0x000000008c100000, 0x000000008c100000| Complete 
| 194|0x000000008c200000, 0x000000008c300000, 0x000000008c300000|100%| S|CS|TAMS 0x000000008c200000, 0x000000008c200000| Complete 
| 195|0x000000008c300000, 0x000000008c400000, 0x000000008c400000|100%| S|CS|TAMS 0x000000008c300000, 0x000000008c300000| Complete 
| 196|0x000000008c400000, 0x000000008c500000, 0x000000008c500000|100%| S|CS|TAMS 0x000000008c400000, 0x000000008c400000| Complete 
| 197|0x000000008c500000, 0x000000008c600000, 0x000000008c600000|100%| S|CS|TAMS 0x000000008c500000, 0x000000008c500000| Complete 
| 198|0x000000008c600000, 0x000000008c600000, 0x000000008c700000|  0%| F|  |TAMS 0x000000008c600000, 0x000000008c600000| Untracked 
| 199|0x000000008c700000, 0x000000008c700000, 0x000000008c800000|  0%| F|  |TAMS 0x000000008c700000, 0x000000008c700000| Untracked 
| 200|0x000000008c800000, 0x000000008c800000, 0x000000008c900000|  0%| F|  |TAMS 0x000000008c800000, 0x000000008c800000| Untracked 
| 201|0x000000008c900000, 0x000000008c900000, 0x000000008ca00000|  0%| F|  |TAMS 0x000000008c900000, 0x000000008c900000| Untracked 
| 202|0x000000008ca00000, 0x000000008ca00000, 0x000000008cb00000|  0%| F|  |TAMS 0x000000008ca00000, 0x000000008ca00000| Untracked 
| 203|0x000000008cb00000, 0x000000008cb00000, 0x000000008cc00000|  0%| F|  |TAMS 0x000000008cb00000, 0x000000008cb00000| Untracked 
| 204|0x000000008cc00000, 0x000000008cc00000, 0x000000008cd00000|  0%| F|  |TAMS 0x000000008cc00000, 0x000000008cc00000| Untracked 
| 205|0x000000008cd00000, 0x000000008cd00000, 0x000000008ce00000|  0%| F|  |TAMS 0x000000008cd00000, 0x000000008cd00000| Untracked 
| 206|0x000000008ce00000, 0x000000008ce00000, 0x000000008cf00000|  0%| F|  |TAMS 0x000000008ce00000, 0x000000008ce00000| Untracked 
| 207|0x000000008cf00000, 0x000000008cf00000, 0x000000008d000000|  0%| F|  |TAMS 0x000000008cf00000, 0x000000008cf00000| Untracked 
| 208|0x000000008d000000, 0x000000008d000000, 0x000000008d100000|  0%| F|  |TAMS 0x000000008d000000, 0x000000008d000000| Untracked 
| 209|0x000000008d100000, 0x000000008d100000, 0x000000008d200000|  0%| F|  |TAMS 0x000000008d100000, 0x000000008d100000| Untracked 
| 210|0x000000008d200000, 0x000000008d200000, 0x000000008d300000|  0%| F|  |TAMS 0x000000008d200000, 0x000000008d200000| Untracked 
| 211|0x000000008d300000, 0x000000008d300000, 0x000000008d400000|  0%| F|  |TAMS 0x000000008d300000, 0x000000008d300000| Untracked 
| 212|0x000000008d400000, 0x000000008d400000, 0x000000008d500000|  0%| F|  |TAMS 0x000000008d400000, 0x000000008d400000| Untracked 
| 213|0x000000008d500000, 0x000000008d500000, 0x000000008d600000|  0%| F|  |TAMS 0x000000008d500000, 0x000000008d500000| Untracked 
| 214|0x000000008d600000, 0x000000008d600000, 0x000000008d700000|  0%| F|  |TAMS 0x000000008d600000, 0x000000008d600000| Untracked 
| 215|0x000000008d700000, 0x000000008d700000, 0x000000008d800000|  0%| F|  |TAMS 0x000000008d700000, 0x000000008d700000| Untracked 
| 216|0x000000008d800000, 0x000000008d800000, 0x000000008d900000|  0%| F|  |TAMS 0x000000008d800000, 0x000000008d800000| Untracked 
| 217|0x000000008d900000, 0x000000008d900000, 0x000000008da00000|  0%| F|  |TAMS 0x000000008d900000, 0x000000008d900000| Untracked 
| 218|0x000000008da00000, 0x000000008da00000, 0x000000008db00000|  0%| F|  |TAMS 0x000000008da00000, 0x000000008da00000| Untracked 
| 219|0x000000008db00000, 0x000000008db00000, 0x000000008dc00000|  0%| F|  |TAMS 0x000000008db00000, 0x000000008db00000| Untracked 
| 220|0x000000008dc00000, 0x000000008dc00000, 0x000000008dd00000|  0%| F|  |TAMS 0x000000008dc00000, 0x000000008dc00000| Untracked 
| 221|0x000000008dd00000, 0x000000008dd00000, 0x000000008de00000|  0%| F|  |TAMS 0x000000008dd00000, 0x000000008dd00000| Untracked 
| 222|0x000000008de00000, 0x000000008de00000, 0x000000008df00000|  0%| F|  |TAMS 0x000000008de00000, 0x000000008de00000| Untracked 
| 223|0x000000008df00000, 0x000000008df00000, 0x000000008e000000|  0%| F|  |TAMS 0x000000008df00000, 0x000000008df00000| Untracked 
| 224|0x000000008e000000, 0x000000008e000000, 0x000000008e100000|  0%| F|  |TAMS 0x000000008e000000, 0x000000008e000000| Untracked 
| 225|0x000000008e100000, 0x000000008e100000, 0x000000008e200000|  0%| F|  |TAMS 0x000000008e100000, 0x000000008e100000| Untracked 
| 226|0x000000008e200000, 0x000000008e200000, 0x000000008e300000|  0%| F|  |TAMS 0x000000008e200000, 0x000000008e200000| Untracked 
| 227|0x000000008e300000, 0x000000008e300000, 0x000000008e400000|  0%| F|  |TAMS 0x000000008e300000, 0x000000008e300000| Untracked 
| 228|0x000000008e400000, 0x000000008e400000, 0x000000008e500000|  0%| F|  |TAMS 0x000000008e400000, 0x000000008e400000| Untracked 
| 229|0x000000008e500000, 0x000000008e500000, 0x000000008e600000|  0%| F|  |TAMS 0x000000008e500000, 0x000000008e500000| Untracked 
| 230|0x000000008e600000, 0x000000008e600000, 0x000000008e700000|  0%| F|  |TAMS 0x000000008e600000, 0x000000008e600000| Untracked 
| 231|0x000000008e700000, 0x000000008e700000, 0x000000008e800000|  0%| F|  |TAMS 0x000000008e700000, 0x000000008e700000| Untracked 
| 232|0x000000008e800000, 0x000000008e800000, 0x000000008e900000|  0%| F|  |TAMS 0x000000008e800000, 0x000000008e800000| Untracked 
| 233|0x000000008e900000, 0x000000008e900000, 0x000000008ea00000|  0%| F|  |TAMS 0x000000008e900000, 0x000000008e900000| Untracked 
| 234|0x000000008ea00000, 0x000000008ea00000, 0x000000008eb00000|  0%| F|  |TAMS 0x000000008ea00000, 0x000000008ea00000| Untracked 
| 235|0x000000008eb00000, 0x000000008eb00000, 0x000000008ec00000|  0%| F|  |TAMS 0x000000008eb00000, 0x000000008eb00000| Untracked 
| 236|0x000000008ec00000, 0x000000008ec00000, 0x000000008ed00000|  0%| F|  |TAMS 0x000000008ec00000, 0x000000008ec00000| Untracked 
| 237|0x000000008ed00000, 0x000000008ed00000, 0x000000008ee00000|  0%| F|  |TAMS 0x000000008ed00000, 0x000000008ed00000| Untracked 
| 238|0x000000008ee00000, 0x000000008ee00000, 0x000000008ef00000|  0%| F|  |TAMS 0x000000008ee00000, 0x000000008ee00000| Untracked 
| 239|0x000000008ef00000, 0x000000008ef00000, 0x000000008f000000|  0%| F|  |TAMS 0x000000008ef00000, 0x000000008ef00000| Untracked 
| 240|0x000000008f000000, 0x000000008f000000, 0x000000008f100000|  0%| F|  |TAMS 0x000000008f000000, 0x000000008f000000| Untracked 
| 241|0x000000008f100000, 0x000000008f180800, 0x000000008f200000| 50%| E|  |TAMS 0x000000008f100000, 0x000000008f100000| Complete 
| 242|0x000000008f200000, 0x000000008f300000, 0x000000008f300000|100%| E|CS|TAMS 0x000000008f200000, 0x000000008f200000| Complete 
| 243|0x000000008f300000, 0x000000008f400000, 0x000000008f400000|100%| E|CS|TAMS 0x000000008f300000, 0x000000008f300000| Complete 
| 244|0x000000008f400000, 0x000000008f500000, 0x000000008f500000|100%| E|CS|TAMS 0x000000008f400000, 0x000000008f400000| Complete 
| 245|0x000000008f500000, 0x000000008f600000, 0x000000008f600000|100%| E|CS|TAMS 0x000000008f500000, 0x000000008f500000| Complete 
| 246|0x000000008f600000, 0x000000008f700000, 0x000000008f700000|100%| E|CS|TAMS 0x000000008f600000, 0x000000008f600000| Complete 
| 247|0x000000008f700000, 0x000000008f800000, 0x000000008f800000|100%| E|CS|TAMS 0x000000008f700000, 0x000000008f700000| Complete 
| 248|0x000000008f800000, 0x000000008f900000, 0x000000008f900000|100%| E|CS|TAMS 0x000000008f800000, 0x000000008f800000| Complete 
| 249|0x000000008f900000, 0x000000008fa00000, 0x000000008fa00000|100%| E|CS|TAMS 0x000000008f900000, 0x000000008f900000| Complete 
| 250|0x000000008fa00000, 0x000000008fb00000, 0x000000008fb00000|100%| E|CS|TAMS 0x000000008fa00000, 0x000000008fa00000| Complete 
| 251|0x000000008fb00000, 0x000000008fc00000, 0x000000008fc00000|100%| E|CS|TAMS 0x000000008fb00000, 0x000000008fb00000| Complete 
| 252|0x000000008fc00000, 0x000000008fd00000, 0x000000008fd00000|100%| E|CS|TAMS 0x000000008fc00000, 0x000000008fc00000| Complete 
| 253|0x000000008fd00000, 0x000000008fe00000, 0x000000008fe00000|100%| E|CS|TAMS 0x000000008fd00000, 0x000000008fd00000| Complete 
| 254|0x000000008fe00000, 0x000000008ff00000, 0x000000008ff00000|100%| E|CS|TAMS 0x000000008fe00000, 0x000000008fe00000| Complete 
| 255|0x000000008ff00000, 0x0000000090000000, 0x0000000090000000|100%| E|CS|TAMS 0x000000008ff00000, 0x000000008ff00000| Complete 

Card table byte_map: [0x00000183d2340000,0x00000183d2740000] _byte_map_base: 0x00000183d1f40000

Marking Bits (Prev, Next): (CMBitMap*) 0x00000183bf372f50, (CMBitMap*) 0x00000183bf372f18
 Prev Bits: [0x00000183d4b40000, 0x00000183d6b40000)
 Next Bits: [0x00000183d2b40000, 0x00000183d4b40000)

Polling page: 0x00000183bd2c0000

Metaspace:

Usage:
  Non-class:     52.29 MB capacity,    51.19 MB ( 98%) used,   960.66 KB (  2%) free+waste,   160.94 KB ( <1%) overhead. 
      Class:      8.10 MB capacity,     7.56 MB ( 93%) used,   479.85 KB (  6%) free+waste,    76.94 KB ( <1%) overhead. 
       Both:     60.39 MB capacity,    58.75 MB ( 97%) used,     1.41 MB (  2%) free+waste,   237.88 KB ( <1%) overhead. 

Virtual space:
  Non-class space:       54.00 MB reserved,      52.50 MB ( 97%) committed 
      Class space:        1.00 GB reserved,       8.20 MB ( <1%) committed 
             Both:        1.05 GB reserved,      60.70 MB (  6%) committed 

Chunk freelists:
   Non-Class:  23.00 KB
       Class:  0 bytes
        Both:  23.00 KB

MaxMetaspaceSize: 17179869184.00 GB
CompressedClassSpaceSize: 1.00 GB
Initial GC threshold: 20.80 MB
Current GC threshold: 98.88 MB
CDS: off

CodeHeap 'non-profiled nmethods': size=120064Kb used=3571Kb max_used=3571Kb free=116492Kb
 bounds [0x00000183ca8f0000, 0x00000183cac70000, 0x00000183d1e30000]
CodeHeap 'profiled nmethods': size=120000Kb used=12970Kb max_used=12970Kb free=107029Kb
 bounds [0x00000183c33c0000, 0x00000183c4070000, 0x00000183ca8f0000]
CodeHeap 'non-nmethods': size=5696Kb used=2327Kb max_used=2359Kb free=3368Kb
 bounds [0x00000183c2e30000, 0x00000183c30a0000, 0x00000183c33c0000]
 total_blobs=6966 nmethods=6138 adapters=740
 compilation: enabled
              stopped_count=0, restarted_count=0
 full_count=0

Compilation events (20 events):
Event: 17.788 Thread 0x00000183d9c40000 nmethod 6118 0x00000183c402dd10 code [0x00000183c402dee0, 0x00000183c402e2e8]
Event: 17.789 Thread 0x00000183d9c40000 6119       3       java.util.HashMap$EntrySet::size (8 bytes)
Event: 17.789 Thread 0x00000183d9c40000 nmethod 6119 0x00000183c402e410 code [0x00000183c402e5c0, 0x00000183c402e6d8]
Event: 17.789 Thread 0x00000183d9c40000 6120       3       com.google.common.collect.ImmutableMap$Builder::putAll (11 bytes)
Event: 17.789 Thread 0x00000183d9c40000 nmethod 6120 0x00000183c402e790 code [0x00000183c402e960, 0x00000183c402eb78]
Event: 17.789 Thread 0x00000183d9c40000 6121       3       com.google.common.reflect.TypeResolver$TypeTable::<init> (10 bytes)
Event: 17.790 Thread 0x00000183d9c40000 nmethod 6121 0x00000183c402ec90 code [0x00000183c402ee40, 0x00000183c402eff8]
Event: 17.790 Thread 0x00000183d9c40000 6122       3       com.google.common.reflect.TypeResolver$TypeMappingIntrospector::<init> (12 bytes)
Event: 17.790 Thread 0x00000183d9c40000 nmethod 6122 0x00000183c402f090 code [0x00000183c402f2c0, 0x00000183c402fb38]
Event: 17.792 Thread 0x00000183d9c40000 6124       3       org.gradle.internal.concurrent.CompositeStoppable::add (35 bytes)
Event: 17.792 Thread 0x00000183d9c40000 nmethod 6124 0x00000183c402fe10 code [0x00000183c4030000, 0x00000183c40304d8]
Event: 17.793 Thread 0x00000183d9c40000 6123       3       org.gradle.internal.concurrent.CompositeStoppable::stoppable (12 bytes)
Event: 17.793 Thread 0x00000183d9c40000 nmethod 6123 0x00000183c4030710 code [0x00000183c4030940, 0x00000183c4031238]
Event: 17.794 Thread 0x00000183d9c40000 6126       3       org.gradle.internal.instantiation.generator.AbstractClassGenerator$GeneratedClassImpl::getGeneratedClass (11 bytes)
Event: 17.794 Thread 0x00000183d9c40000 nmethod 6126 0x00000183c4031590 code [0x00000183c4031740, 0x00000183c4031898]
Event: 17.794 Thread 0x00000183d9c40000 6127       3       org.gradle.internal.service.DefaultServiceRegistry::<init> (153 bytes)
Event: 17.796 Thread 0x00000183d9c40000 nmethod 6127 0x00000183c4031990 code [0x00000183c4031c80, 0x00000183c4033288]
Event: 17.818 Thread 0x00000183d9c40000 6129 %     3       org.gradle.internal.instantiation.generator.AbstractClassGenerator::inspectType @ 107 (560 bytes)
Event: 17.823 Thread 0x00000183d9c40000 nmethod 6129% 0x00000183c4033810 code [0x00000183c4034020, 0x00000183c4039588]
Event: 17.823 Thread 0x00000183d9c40000 6131       3       com.google.common.reflect.TypeResolver$TypeTable::where (115 bytes)

GC Heap History (14 events):
Event: 3.752 GC heap before
{Heap before GC invocations=0 (full 0):
 garbage-first heap   total 262144K, used 27648K [0x0000000080000000, 0x0000000100000000)
  region size 1024K, 22 young (22528K), 0 survivors (0K)
 Metaspace       used 9590K, capacity 9789K, committed 10112K, reserved 1058816K
  class space    used 981K, capacity 1036K, committed 1152K, reserved 1048576K
}
Event: 3.776 GC heap after
{Heap after GC invocations=1 (full 0):
 garbage-first heap   total 262144K, used 9169K [0x0000000080000000, 0x0000000100000000)
  region size 1024K, 3 young (3072K), 3 survivors (3072K)
 Metaspace       used 9590K, capacity 9789K, committed 10112K, reserved 1058816K
  class space    used 981K, capacity 1036K, committed 1152K, reserved 1048576K
}
Event: 7.400 GC heap before
{Heap before GC invocations=1 (full 0):
 garbage-first heap   total 262144K, used 113617K [0x0000000080000000, 0x0000000100000000)
  region size 1024K, 106 young (108544K), 3 survivors (3072K)
 Metaspace       used 20728K, capacity 21148K, committed 21248K, reserved 1067008K
  class space    used 2550K, capacity 2727K, committed 2816K, reserved 1048576K
}
Event: 7.420 GC heap after
{Heap after GC invocations=2 (full 0):
 garbage-first heap   total 262144K, used 16795K [0x0000000080000000, 0x0000000100000000)
  region size 1024K, 11 young (11264K), 11 survivors (11264K)
 Metaspace       used 20728K, capacity 21148K, committed 21248K, reserved 1067008K
  class space    used 2550K, capacity 2727K, committed 2816K, reserved 1048576K
}
Event: 8.000 GC heap before
{Heap before GC invocations=3 (full 0):
 garbage-first heap   total 262144K, used 50587K [0x0000000080000000, 0x0000000100000000)
  region size 1024K, 44 young (45056K), 11 survivors (11264K)
 Metaspace       used 24217K, capacity 24794K, committed 25088K, reserved 1071104K
  class space    used 3071K, capacity 3265K, committed 3328K, reserved 1048576K
}
Event: 8.017 GC heap after
{Heap after GC invocations=4 (full 0):
 garbage-first heap   total 262144K, used 18157K [0x0000000080000000, 0x0000000100000000)
  region size 1024K, 2 young (2048K), 2 survivors (2048K)
 Metaspace       used 24217K, capacity 24794K, committed 25088K, reserved 1071104K
  class space    used 3071K, capacity 3265K, committed 3328K, reserved 1048576K
}
Event: 10.426 GC heap before
{Heap before GC invocations=4 (full 0):
 garbage-first heap   total 262144K, used 129773K [0x0000000080000000, 0x0000000100000000)
  region size 1024K, 103 young (105472K), 2 survivors (2048K)
 Metaspace       used 34937K, capacity 35835K, committed 35840K, reserved 1081344K
  class space    used 4655K, capacity 4987K, committed 4992K, reserved 1048576K
}
Event: 10.444 GC heap after
{Heap after GC invocations=5 (full 0):
 garbage-first heap   total 262144K, used 35840K [0x0000000080000000, 0x0000000100000000)
  region size 1024K, 9 young (9216K), 9 survivors (9216K)
 Metaspace       used 34937K, capacity 35835K, committed 35840K, reserved 1081344K
  class space    used 4655K, capacity 4987K, committed 4992K, reserved 1048576K
}
Event: 13.132 GC heap before
{Heap before GC invocations=6 (full 0):
 garbage-first heap   total 262144K, used 149504K [0x0000000080000000, 0x0000000100000000)
  region size 1024K, 114 young (116736K), 9 survivors (9216K)
 Metaspace       used 45045K, capacity 46271K, committed 46464K, reserved 1089536K
  class space    used 5809K, capacity 6255K, committed 6272K, reserved 1048576K
}
Event: 13.156 GC heap after
{Heap after GC invocations=7 (full 0):
 garbage-first heap   total 262144K, used 47740K [0x0000000080000000, 0x0000000100000000)
  region size 1024K, 15 young (15360K), 15 survivors (15360K)
 Metaspace       used 45045K, capacity 46271K, committed 46464K, reserved 1089536K
  class space    used 5809K, capacity 6255K, committed 6272K, reserved 1048576K
}
Event: 16.062 GC heap before
{Heap before GC invocations=7 (full 0):
 garbage-first heap   total 262144K, used 174716K [0x0000000080000000, 0x0000000100000000)
  region size 1024K, 132 young (135168K), 15 survivors (15360K)
 Metaspace       used 51596K, capacity 53012K, committed 53248K, reserved 1095680K
  class space    used 6641K, capacity 7147K, committed 7168K, reserved 1048576K
}
Event: 16.107 GC heap after
{Heap after GC invocations=8 (full 0):
 garbage-first heap   total 262144K, used 63664K [0x0000000080000000, 0x0000000100000000)
  region size 1024K, 17 young (17408K), 17 survivors (17408K)
 Metaspace       used 51596K, capacity 53012K, committed 53248K, reserved 1095680K
  class space    used 6641K, capacity 7147K, committed 7168K, reserved 1048576K
}
Event: 17.541 GC heap before
{Heap before GC invocations=8 (full 0):
 garbage-first heap   total 262144K, used 123056K [0x0000000080000000, 0x0000000100000000)
  region size 1024K, 75 young (76800K), 17 survivors (17408K)
 Metaspace       used 58550K, capacity 60095K, committed 60160K, reserved 1101824K
  class space    used 7511K, capacity 8036K, committed 8064K, reserved 1048576K
}
Event: 17.582 GC heap after
{Heap after GC invocations=9 (full 0):
 garbage-first heap   total 262144K, used 71587K [0x0000000080000000, 0x0000000100000000)
  region size 1024K, 6 young (6144K), 6 survivors (6144K)
 Metaspace       used 58550K, capacity 60095K, committed 60160K, reserved 1101824K
  class space    used 7511K, capacity 8036K, committed 8064K, reserved 1048576K
}

Deoptimization events (20 events):
Event: 17.207 Thread 0x00000183dd163000 DEOPT PACKING pc=0x00000183c3614a17 sp=0x0000001996ef63c0
Event: 17.207 Thread 0x00000183dd163000 DEOPT UNPACKING pc=0x00000183c2e7a95e sp=0x0000001996ef5948 mode 0
Event: 17.209 Thread 0x00000183dd163000 DEOPT PACKING pc=0x00000183c3614a17 sp=0x0000001996ef65b0
Event: 17.209 Thread 0x00000183dd163000 DEOPT UNPACKING pc=0x00000183c2e7a95e sp=0x0000001996ef5b38 mode 0
Event: 17.211 Thread 0x00000183dd163000 DEOPT PACKING pc=0x00000183c3614a17 sp=0x0000001996ef64a0
Event: 17.211 Thread 0x00000183dd163000 DEOPT UNPACKING pc=0x00000183c2e7a95e sp=0x0000001996ef5a28 mode 0
Event: 17.213 Thread 0x00000183dd163000 DEOPT PACKING pc=0x00000183c3614a17 sp=0x0000001996ef64a0
Event: 17.213 Thread 0x00000183dd163000 DEOPT UNPACKING pc=0x00000183c2e7a95e sp=0x0000001996ef5a28 mode 0
Event: 17.215 Thread 0x00000183dd163000 DEOPT PACKING pc=0x00000183c3614a17 sp=0x0000001996ef64a0
Event: 17.215 Thread 0x00000183dd163000 DEOPT UNPACKING pc=0x00000183c2e7a95e sp=0x0000001996ef5a28 mode 0
Event: 17.216 Thread 0x00000183dd163000 DEOPT PACKING pc=0x00000183c3614a17 sp=0x0000001996ef64a0
Event: 17.216 Thread 0x00000183dd163000 DEOPT UNPACKING pc=0x00000183c2e7a95e sp=0x0000001996ef5a28 mode 0
Event: 17.583 Thread 0x00000183d9ce2800 Uncommon trap: trap_request=0xffffffde fr.pc=0x00000183caa50eec relative=0x000000000000052c
Event: 17.583 Thread 0x00000183d9ce2800 Uncommon trap: reason=class_check action=maybe_recompile pc=0x00000183caa50eec method=jdk.internal.ref.PhantomCleanable.clean()V @ 12 c2
Event: 17.583 Thread 0x00000183d9ce2800 DEOPT PACKING pc=0x00000183caa50eec sp=0x00000019960ff280
Event: 17.583 Thread 0x00000183d9ce2800 DEOPT UNPACKING pc=0x00000183c2e7a1af sp=0x00000019960ff260 mode 2
Event: 17.689 Thread 0x00000183dd163000 Uncommon trap: trap_request=0xffffffde fr.pc=0x00000183caaf7180 relative=0x0000000000001400
Event: 17.689 Thread 0x00000183dd163000 Uncommon trap: reason=class_check action=maybe_recompile pc=0x00000183caaf7180 method=jdk.internal.loader.BuiltinClassLoader.loadClassOrNull(Ljava/lang/String;Z)Ljava/lang/Class; @ 86 c2
Event: 17.689 Thread 0x00000183dd163000 DEOPT PACKING pc=0x00000183caaf7180 sp=0x0000001996ef5e00
Event: 17.689 Thread 0x00000183dd163000 DEOPT UNPACKING pc=0x00000183c2e7a1af sp=0x0000001996ef5dc8 mode 2

Classes redefined (0 events):
No events

Internal exceptions (20 events):
Event: 16.014 Thread 0x00000183dd163000 Exception <a 'java/security/PrivilegedActionException'{0x0000000087dd15f0}> (0x0000000087dd15f0) thrown at [./src/hotspot/share/prims/jvm.cpp, line 1306]
Event: 16.197 Thread 0x00000183dd163000 Exception <a 'java/lang/ClassNotFoundException'{0x000000008fb24268}: org/gradle/api/tasks/Delete_DecoratedBeanInfo> (0x000000008fb24268) thrown at [./src/hotspot/share/classfile/systemDictionary.cpp, line 231]
Event: 16.198 Thread 0x00000183dd163000 Exception <a 'java/lang/ClassNotFoundException'{0x000000008fb4f2a8}: org/gradle/api/tasks/DeleteBeanInfo> (0x000000008fb4f2a8) thrown at [./src/hotspot/share/classfile/systemDictionary.cpp, line 231]
Event: 16.200 Thread 0x00000183dd163000 Exception <a 'java/lang/ClassNotFoundException'{0x000000008fb7d1d8}: org/gradle/api/internal/ConventionTaskBeanInfo> (0x000000008fb7d1d8) thrown at [./src/hotspot/share/classfile/systemDictionary.cpp, line 231]
Event: 16.201 Thread 0x00000183dd163000 Exception <a 'java/lang/ClassNotFoundException'{0x000000008fba71a8}: org/gradle/api/DefaultTaskBeanInfo> (0x000000008fba71a8) thrown at [./src/hotspot/share/classfile/systemDictionary.cpp, line 231]
Event: 16.202 Thread 0x00000183dd163000 Exception <a 'java/lang/ClassNotFoundException'{0x000000008fbd4ba0}: org/gradle/api/internal/AbstractTaskBeanInfo> (0x000000008fbd4ba0) thrown at [./src/hotspot/share/classfile/systemDictionary.cpp, line 231]
Event: 16.203 Thread 0x00000183dd163000 Exception <a 'java/lang/ClassNotFoundException'{0x000000008fa02f48}: org/gradle/api/internal/AbstractTaskCustomizer> (0x000000008fa02f48) thrown at [./src/hotspot/share/classfile/systemDictionary.cpp, line 231]
Event: 16.207 Thread 0x00000183dd163000 Exception <a 'java/lang/ClassNotFoundException'{0x000000008fa77bf0}: org/gradle/api/DefaultTaskCustomizer> (0x000000008fa77bf0) thrown at [./src/hotspot/share/classfile/systemDictionary.cpp, line 231]
Event: 16.211 Thread 0x00000183dd163000 Exception <a 'java/lang/ClassNotFoundException'{0x000000008fafb178}: org/gradle/api/internal/ConventionTaskCustomizer> (0x000000008fafb178) thrown at [./src/hotspot/share/classfile/systemDictionary.cpp, line 231]
Event: 16.212 Thread 0x00000183dd163000 Exception <a 'java/lang/ClassNotFoundException'{0x000000008f935d50}: org/gradle/api/tasks/DeleteCustomizer> (0x000000008f935d50) thrown at [./src/hotspot/share/classfile/systemDictionary.cpp, line 231]
Event: 16.215 Thread 0x00000183dd163000 Exception <a 'java/lang/ClassNotFoundException'{0x000000008f977728}: org/gradle/api/tasks/Delete_DecoratedCustomizer> (0x000000008f977728) thrown at [./src/hotspot/share/classfile/systemDictionary.cpp, line 231]
Event: 16.344 Thread 0x00000183dd163000 Exception <a 'java/lang/ClassNotFoundException'{0x000000008f710738}: build_bmbc8913hpvs8kp0n3jjwb320BeanInfo> (0x000000008f710738) thrown at [./src/hotspot/share/classfile/systemDictionary.cpp, line 231]
Event: 16.345 Thread 0x00000183dd163000 Exception <a 'java/lang/ClassNotFoundException'{0x000000008f71c438}: build_bmbc8913hpvs8kp0n3jjwb320Customizer> (0x000000008f71c438) thrown at [./src/hotspot/share/classfile/systemDictionary.cpp, line 231]
Event: 16.539 Thread 0x00000183dd163000 Exception <a 'java/lang/NoSuchMethodError'{0x000000008ecb9ed8}: 'java.lang.Object java.lang.invoke.DirectMethodHandle$Holder.invokeStatic(java.lang.Object, java.lang.Object, java.lang.Object, java.lang.Object, int)'> (0x000000008ecb9ed8) thrown at [./src/hotspot/share/interpreter/linkResolver.cpp, line 773]
Event: 16.540 Thread 0x00000183dd163000 Exception <a 'java/lang/NoSuchMethodError'{0x000000008ecbe8d0}: 'java.lang.Object java.lang.invoke.DirectMethodHandle$Holder.invokeSpecial(java.lang.Object, java.lang.Object, java.lang.Object, java.lang.Object, java.lang.Object, int)'> (0x000000008ecbe8d0) thrown at [./src/hotspot/share/interpreter/linkResolver.cpp, line 773]
Event: 16.540 Thread 0x00000183dd163000 Exception <a 'java/lang/NoSuchMethodError'{0x000000008ecc2f10}: 'java.lang.Object java.lang.invoke.Invokers$Holder.linkToTargetMethod(java.lang.Object, java.lang.Object, java.lang.Object, int, java.lang.Object)'> (0x000000008ecc2f10) thrown at [./src/hotspot/share/interpreter/linkResolver.cpp, line 773]
Event: 16.913 Thread 0x00000183dd163000 Exception <a 'java/lang/NoSuchMethodError'{0x000000008dc4f270}: 'java.lang.Object java.lang.invoke.DirectMethodHandle$Holder.invokeSpecial(java.lang.Object, java.lang.Object, int, int, java.lang.Object, java.lang.Object, java.lang.Object)'> (0x000000008dc4f270) thrown at [./src/hotspot/share/interpreter/linkResolver.cpp, line 773]
Event: 16.913 Thread 0x00000183dd163000 Exception <a 'java/lang/NoSuchMethodError'{0x000000008dc53a98}: 'java.lang.Object java.lang.invoke.DelegatingMethodHandle$Holder.reinvoke_L(java.lang.Object, int, int, java.lang.Object, java.lang.Object, java.lang.Object)'> (0x000000008dc53a98) thrown at [./src/hotspot/share/interpreter/linkResolver.cpp, line 773]
Event: 17.345 Thread 0x00000183dd163000 Exception <a 'java/lang/NoSuchMethodError'{0x000000008cf03b10}: 'int java.lang.invoke.DirectMethodHandle$Holder.invokeInterface(java.lang.Object, java.lang.Object, java.lang.Object, java.lang.Object)'> (0x000000008cf03b10) thrown at [./src/hotspot/share/interpreter/linkResolver.cpp, line 773]
Event: 17.795 Thread 0x00000183dd163000 Exception <a 'java/lang/NoSuchMethodError'{0x000000008f94c440}: 'void java.lang.invoke.DirectMethodHandle$Holder.invokeInterface(java.lang.Object, java.lang.Object, java.lang.Object, java.lang.Object)'> (0x000000008f94c440) thrown at [./src/hotspot/share/interpreter/linkResolver.cpp, line 773]

Events (20 events):
Event: 17.808 loading class org/gradle/api/tasks/SourceSet
Event: 17.808 loading class org/gradle/api/tasks/SourceSet done
Event: 17.809 loading class org/gradle/api/plugins/internal/DefaultJavaPluginExtension
Event: 17.809 loading class org/gradle/api/plugins/internal/DefaultJavaPluginExtension done
Event: 17.810 loading class org/gradle/api/tasks/javadoc/Javadoc
Event: 17.810 loading class org/gradle/api/tasks/javadoc/Javadoc done
Event: 17.812 loading class org/gradle/api/tasks/SourceTask
Event: 17.812 loading class org/gradle/api/tasks/SourceTask done
Event: 17.813 loading class org/gradle/api/tasks/compile/AbstractCompile
Event: 17.813 loading class org/gradle/api/tasks/compile/AbstractCompile done
Event: 17.814 loading class org/gradle/api/tasks/compile/JavaCompile
Event: 17.814 loading class org/gradle/api/tasks/compile/JavaCompile done
Event: 17.815 loading class org/gradle/api/internal/tasks/compile/HasCompileOptions
Event: 17.815 loading class org/gradle/api/internal/tasks/compile/HasCompileOptions done
Event: 17.816 loading class org/gradle/language/jvm/tasks/ProcessResources
Event: 17.816 loading class org/gradle/language/jvm/tasks/ProcessResources done
Event: 17.817 loading class org/gradle/api/tasks/Copy
Event: 17.817 loading class org/gradle/api/tasks/Copy done
Event: 17.819 loading class org/gradle/api/internal/component/DefaultSoftwareComponentContainer
Event: 17.819 loading class org/gradle/api/internal/component/DefaultSoftwareComponentContainer done


Dynamic libraries:
0x00007ff6ad2d0000 - 0x00007ff6ad2da000 	C:\Program Files\Android\Android Studio1\jre\bin\java.exe
0x00007ff8accb0000 - 0x00007ff8acea4000 	C:\Windows\SYSTEM32\ntdll.dll
0x00007ff8ac9d0000 - 0x00007ff8aca8d000 	C:\Windows\System32\KERNEL32.DLL
0x00007ff8aa660000 - 0x00007ff8aa927000 	C:\Windows\System32\KERNELBASE.dll
0x00007ff8770c0000 - 0x00007ff8770f3000 	C:\ProgramData\FastTrack Software\Admin By Request\ShellHelper64.dll
0x00007ff8ab010000 - 0x00007ff8ab065000 	C:\Windows\System32\SHLWAPI.dll
0x00007ff8acb20000 - 0x00007ff8acbbe000 	C:\Windows\System32\msvcrt.dll
0x00007ff8aae30000 - 0x00007ff8aaeda000 	C:\Windows\System32\ADVAPI32.dll
0x00007ff8ac860000 - 0x00007ff8ac8fb000 	C:\Windows\System32\sechost.dll
0x00007ff8aaee0000 - 0x00007ff8ab003000 	C:\Windows\System32\RPCRT4.dll
0x00007ff8abe00000 - 0x00007ff8ac531000 	C:\Windows\System32\SHELL32.dll
0x00007ff8aa400000 - 0x00007ff8aa49d000 	C:\Windows\System32\msvcp_win.dll
0x00007ff8aa9b0000 - 0x00007ff8aaab0000 	C:\Windows\System32\ucrtbase.dll
0x00007ff8ab750000 - 0x00007ff8ab8f0000 	C:\Windows\System32\USER32.dll
0x00007ff8aa600000 - 0x00007ff8aa622000 	C:\Windows\System32\win32u.dll
0x00007ff8abd70000 - 0x00007ff8abd9a000 	C:\Windows\System32\GDI32.dll
0x00007ff8aa4f0000 - 0x00007ff8aa5f9000 	C:\Windows\System32\gdi32full.dll
0x00007ff89cd10000 - 0x00007ff89cd29000 	C:\Program Files\Android\Android Studio1\jre\bin\jli.dll
0x00007ff89ccf0000 - 0x00007ff89cd07000 	C:\Program Files\Android\Android Studio1\jre\bin\VCRUNTIME140.dll
0x00007ff8963c0000 - 0x00007ff89665a000 	C:\Windows\WinSxS\amd64_microsoft.windows.common-controls_6595b64144ccf1df_6.0.19041.1_none_b555e41d4684ddec\COMCTL32.dll
0x00007ff8aad20000 - 0x00007ff8aad50000 	C:\Windows\System32\IMM32.DLL
0x00007ff88c880000 - 0x00007ff88c91d000 	C:\Program Files\Android\Android Studio1\jre\bin\msvcp140.dll
0x00007ff86ba70000 - 0x00007ff86c555000 	C:\Program Files\Android\Android Studio1\jre\bin\server\jvm.dll
0x00007ff8ac5b0000 - 0x00007ff8ac5b8000 	C:\Windows\System32\PSAPI.DLL
0x00007ff89cf60000 - 0x00007ff89cf69000 	C:\Windows\SYSTEM32\WSOCK32.dll
0x00007ff8ac540000 - 0x00007ff8ac5ab000 	C:\Windows\System32\WS2_32.dll
0x00007ff89c8f0000 - 0x00007ff89c917000 	C:\Windows\SYSTEM32\WINMM.dll
0x00007ff89eaa0000 - 0x00007ff89eaaa000 	C:\Windows\SYSTEM32\VERSION.dll
0x00007ff8a82d0000 - 0x00007ff8a82e3000 	C:\Windows\SYSTEM32\kernel.appcore.dll
0x00007ff88dd40000 - 0x00007ff88dd51000 	C:\Program Files\Android\Android Studio1\jre\bin\verify.dll
0x00007ff89b830000 - 0x00007ff89ba14000 	C:\Windows\SYSTEM32\DBGHELP.DLL
0x00007ff89b740000 - 0x00007ff89b76c000 	C:\Windows\SYSTEM32\dbgcore.DLL
0x00007ff8aa930000 - 0x00007ff8aa9af000 	C:\Windows\System32\bcryptPrimitives.dll
0x00007ff88bcf0000 - 0x00007ff88bd19000 	C:\Program Files\Android\Android Studio1\jre\bin\java.dll
0x00007ff8a7840000 - 0x00007ff8a784b000 	C:\Program Files\Android\Android Studio1\jre\bin\jimage.dll
0x00007ff88dd20000 - 0x00007ff88dd38000 	C:\Program Files\Android\Android Studio1\jre\bin\zip.dll
0x00007ff8a85b0000 - 0x00007ff8a8d3a000 	C:\Windows\SYSTEM32\windows.storage.dll
0x00007ff8aba10000 - 0x00007ff8abd64000 	C:\Windows\System32\combase.dll
0x00007ff8a9db0000 - 0x00007ff8a9ddb000 	C:\Windows\SYSTEM32\Wldp.dll
0x00007ff8ab070000 - 0x00007ff8ab11e000 	C:\Windows\System32\SHCORE.dll
0x00007ff8aa2f0000 - 0x00007ff8aa30f000 	C:\Windows\SYSTEM32\profapi.dll
0x00007ff88dce0000 - 0x00007ff88dcfa000 	C:\Program Files\Android\Android Studio1\jre\bin\net.dll
0x00007ff8a5580000 - 0x00007ff8a5680000 	C:\Windows\SYSTEM32\WINHTTP.dll
0x00007ff8a9b30000 - 0x00007ff8a9b9a000 	C:\Windows\system32\mswsock.dll
0x00007ff88c650000 - 0x00007ff88c664000 	C:\Program Files\Android\Android Studio1\jre\bin\nio.dll
0x00007ff88bd20000 - 0x00007ff88bd47000 	C:\Users\amruta.patil\.gradle\native\e1d6ef7f7dcc3fd88c89a11ec53ec762bb8ba0a96d01ffa2cd45eb1d1d8dd5c5\windows-amd64\native-platform.dll
0x00007ff87eec0000 - 0x00007ff87f004000 	C:\Users\amruta.patil\.gradle\native\5664cfc778a61ccfe75a443a1ab52a65af34e5dc3c78e0209fed803814484fcb\windows-amd64\native-platform-file-events.dll
0x00007ff8a21d0000 - 0x00007ff8a21da000 	C:\Program Files\Android\Android Studio1\jre\bin\management.dll
0x00007ff89b300000 - 0x00007ff89b30d000 	C:\Program Files\Android\Android Studio1\jre\bin\management_ext.dll
0x00007ff8a9d00000 - 0x00007ff8a9d18000 	C:\Windows\SYSTEM32\CRYPTSP.dll
0x00007ff8a94c0000 - 0x00007ff8a94f4000 	C:\Windows\system32\rsaenh.dll
0x00007ff8aa630000 - 0x00007ff8aa657000 	C:\Windows\System32\bcrypt.dll
0x00007ff8aa290000 - 0x00007ff8aa2be000 	C:\Windows\SYSTEM32\USERENV.dll
0x00007ff8a9d20000 - 0x00007ff8a9d2c000 	C:\Windows\SYSTEM32\CRYPTBASE.dll
0x00007ff8a9820000 - 0x00007ff8a985b000 	C:\Windows\SYSTEM32\IPHLPAPI.DLL
0x00007ff8ab740000 - 0x00007ff8ab749000 	C:\Windows\System32\NSI.dll
0x00007ff8a5cd0000 - 0x00007ff8a5ce7000 	C:\Windows\SYSTEM32\dhcpcsvc6.DLL
0x00007ff8a44d0000 - 0x00007ff8a44ed000 	C:\Windows\SYSTEM32\dhcpcsvc.DLL
0x00007ff8a9870000 - 0x00007ff8a993a000 	C:\Windows\SYSTEM32\DNSAPI.dll

dbghelp: loaded successfully - version: 4.0.5 - missing functions: none
symbol engine: initialized successfully - sym options: 0x614 - pdb path: .;C:\Program Files\Android\Android Studio1\jre\bin;C:\Windows\SYSTEM32;C:\ProgramData\FastTrack Software\Admin By Request;C:\Windows\WinSxS\amd64_microsoft.windows.common-controls_6595b64144ccf1df_6.0.19041.1_none_b555e41d4684ddec;C:\Program Files\Android\Android Studio1\jre\bin\server;C:\Users\amruta.patil\.gradle\native\e1d6ef7f7dcc3fd88c89a11ec53ec762bb8ba0a96d01ffa2cd45eb1d1d8dd5c5\windows-amd64;C:\Users\amruta.patil\.gradle\native\5664cfc778a61ccfe75a443a1ab52a65af34e5dc3c78e0209fed803814484fcb\windows-amd64

VM Arguments:
jvm_args: --add-opens=java.base/java.util=ALL-UNNAMED --add-opens=java.base/java.lang=ALL-UNNAMED --add-opens=java.base/java.lang.invoke=ALL-UNNAMED --add-opens=java.base/java.util=ALL-UNNAMED --add-opens=java.prefs/java.util.prefs=ALL-UNNAMED --add-opens=java.prefs/java.util.prefs=ALL-UNNAMED --add-opens=java.base/java.nio.charset=ALL-UNNAMED --add-opens=java.base/java.net=ALL-UNNAMED --add-opens=java.base/java.util.concurrent.atomic=ALL-UNNAMED -Xmx2048m -Dfile.encoding=UTF-8 -Duser.country=US -Duser.language=en -Duser.variant 
java_command: org.gradle.launcher.daemon.bootstrap.GradleDaemon 7.3.3
java_class_path (initial): C:\Users\amruta.patil\.gradle\wrapper\dists\gradle-7.3.3-bin\6a41zxkdtcxs8rphpq6y0069z\gradle-7.3.3\lib\gradle-launcher-7.3.3.jar
Launcher Type: SUN_STANDARD

[Global flags]
     intx CICompilerCount                          = 3                                         {product} {ergonomic}
     uint ConcGCThreads                            = 2                                         {product} {ergonomic}
     uint G1ConcRefinementThreads                  = 6                                         {product} {ergonomic}
   size_t G1HeapRegionSize                         = 1048576                                   {product} {ergonomic}
    uintx GCDrainStackTargetSize                   = 64                                        {product} {ergonomic}
   size_t InitialHeapSize                          = 268435456                                 {product} {ergonomic}
   size_t MarkStackSize                            = 4194304                                   {product} {ergonomic}
   size_t MaxHeapSize                              = 2147483648                                {product} {command line}
   size_t MaxNewSize                               = 1287651328                                {product} {ergonomic}
   size_t MinHeapDeltaBytes                        = 1048576                                   {product} {ergonomic}
    uintx NonNMethodCodeHeapSize                   = 5830732                                {pd product} {ergonomic}
    uintx NonProfiledCodeHeapSize                  = 122913754                              {pd product} {ergonomic}
    uintx ProfiledCodeHeapSize                     = 122913754                              {pd product} {ergonomic}
    uintx ReservedCodeCacheSize                    = 251658240                              {pd product} {ergonomic}
     bool SegmentedCodeCache                       = true                                      {product} {ergonomic}
     bool UseCompressedClassPointers               = true                                 {lp64_product} {ergonomic}
     bool UseCompressedOops                        = true                                 {lp64_product} {ergonomic}
     bool UseG1GC                                  = true                                      {product} {ergonomic}
     bool UseLargePagesIndividualAllocation        = false                                  {pd product} {ergonomic}

Logging:
Log output configuration:
 #0: stdout all=warning uptime,level,tags
 #1: stderr all=off uptime,level,tags

Environment Variables:
PATH=C:\Windows\system32;C:\Windows;C:\Windows\System32\Wbem;C:\Windows\System32\WindowsPowerShell\v1.0\;C:\Windows\System32\OpenSSH\;C:\Users\amruta.patil\AppData\Local\Programs\Python\Python39\Scripts\;C:\Users\amruta.patil\AppData\Local\Programs\Python\Python39\;C:\Users\amruta.patil\AppData\Local\Microsoft\WindowsApps;C:\Users\amruta.patil\AppData\Local\Programs\Git\cmd
USERNAME=amruta.patil
OS=Windows_NT
PROCESSOR_IDENTIFIER=Intel64 Family 6 Model 63 Stepping 2, GenuineIntel



---------------  S Y S T E M  ---------------

OS: Windows 10 , 64 bit Build 19041 (10.0.19041.207)
OS uptime: 15 days 17:55 hours
VMWare virtualization detected

CPU:total 6 (initial active 6) (3 cores per cpu, 1 threads per core) family 6 model 63 stepping 2 microcode 0x43, cmov, cx8, fxsr, mmx, sse, sse2, sse3, ssse3, sse4.1, sse4.2, popcnt, avx, avx2, aes, clmul, erms, lzcnt, tsc, tscinvbit, bmi1, bmi2, fma

Memory: 4k page, system-wide physical 16382M (1952M free)
TotalPageFile size 23492M (AvailPageFile size 5M)
current process WorkingSet (physical memory assigned to process): 406M, peak: 406M
current process commit charge ("private bytes"): 486M, peak: 487M

vm_info: OpenJDK 64-Bit Server VM (11.0.12+7-b1504.28-7817840) for windows-amd64 JRE (11.0.12+7-b1504.28-7817840), built on Oct 13 2021 22:12:33 by "builder" with MS VC++ 14.0 (VS2015)

END.
