#
# There is insufficient memory for the Java Runtime Environment to continue.
# Native memory allocation (mmap) failed to map 54525952 bytes for Failed to commit area from 0x0000000090000000 to 0x0000000093400000 of length 54525952.
# Possible reasons:
#   The system is out of physical RAM or swap space
#   The process is running with CompressedOops enabled, and the Java Heap may be blocking the growth of the native heap
# Possible solutions:
#   Reduce memory load on the system
#   Increase physical memory or swap space
#   Check if swap backing store is full
#   Decrease Java heap size (-Xmx/-Xms)
#   Decrease number of Java threads
#   Decrease Java thread stack sizes (-Xss)
#   Set larger code cache with -XX:ReservedCodeCacheSize=
#   JVM is running with Unscaled Compressed Oops mode in which the Java heap is
#     placed in the first 4GB address space. The Java Heap base address is the
#     maximum limit for the native heap growth. Please use -XX:HeapBaseMinAddress
#     to set the Java Heap base and to place the Java Heap above 4GB virtual address.
# This output file may be truncated or incomplete.
#
#  Out of Memory Error (./src/hotspot/os/windows/os_windows.cpp:3521), pid=29448, tid=16896
#
# JRE version: OpenJDK Runtime Environment (11.0.12+7) (build 11.0.12+7-b1504.28-7817840)
# Java VM: OpenJDK 64-Bit Server VM (11.0.12+7-b1504.28-7817840, mixed mode, tiered, compressed oops, g1 gc, windows-amd64)
# No core dump will be written. Minidumps are not enabled by default on client versions of Windows
#

---------------  S U M M A R Y ------------

Command Line: --add-opens=java.base/java.util=ALL-UNNAMED --add-opens=java.base/java.lang=ALL-UNNAMED --add-opens=java.base/java.lang.invoke=ALL-UNNAMED --add-opens=java.base/java.util=ALL-UNNAMED --add-opens=java.prefs/java.util.prefs=ALL-UNNAMED --add-opens=java.prefs/java.util.prefs=ALL-UNNAMED --add-opens=java.base/java.nio.charset=ALL-UNNAMED --add-opens=java.base/java.net=ALL-UNNAMED --add-opens=java.base/java.util.concurrent.atomic=ALL-UNNAMED -Xmx2048m -Dfile.encoding=UTF-8 -Duser.country=US -Duser.language=en -Duser.variant org.gradle.launcher.daemon.bootstrap.GradleDaemon 7.3.3

Host: Intel(R) Xeon(R) CPU E5-2609 v3 @ 1.90GHz, 6 cores, 15G,  Windows 10 , 64 bit Build 19041 (10.0.19041.207)
Time: Tue Sep  6 11:13:49 2022 India Standard Time elapsed time: 18.259002 seconds (0d 0h 0m 18s)

---------------  T H R E A D  ---------------

Current thread (0x0000022453c4e800):  VMThread "VM Thread" [stack: 0x000000c94b000000,0x000000c94b100000] [id=16896]

Stack: [0x000000c94b000000,0x000000c94b100000]
[error occurred during error reporting (printing stack bounds), id 0xc0000005, EXCEPTION_ACCESS_VIOLATION (0xc0000005) at pc=0x000002243c6e112d]

Native frames: (J=compiled Java code, j=interpreted, Vv=VM code, C=native code)
V  [jvm.dll+0x5fbcea]
V  [jvm.dll+0x731905]
V  [jvm.dll+0x732f1d]
V  [jvm.dll+0x733535]
V  [jvm.dll+0x7334eb]
V  [jvm.dll+0x5fb080]
V  [jvm.dll+0x5fb818]
C  [ntdll.dll+0xa00ef]
C  [ntdll.dll+0x4b474]
C  [ntdll.dll+0x9ec1e]
C  0x000002243c6e112d

VM_Operation (0x000000c94c6f38e0): G1CollectForAllocation, mode: safepoint, requested by thread 0x0000022456534800


---------------  P R O C E S S  ---------------

Threads class SMR info:
_java_thread_list=0x000002245adb1660, length=101, elements={
0x00000224373f3800, 0x0000022453c55800, 0x0000022453c5f000, 0x0000022453cab000,
0x0000022453cac000, 0x0000022453cae800, 0x0000022453cb4800, 0x0000022453cb9000,
0x0000022453cba000, 0x0000022453e29000, 0x0000022456e93800, 0x0000022455835800,
0x0000022455c2e800, 0x0000022454b3d800, 0x0000022455bb8000, 0x0000022456147800,
0x0000022456534800, 0x00000224557e2800, 0x0000022456eee800, 0x000002245600c800,
0x000002245600e000, 0x0000022456009000, 0x000002245600a800, 0x0000022456008000,
0x000002245600a000, 0x000002245600d000, 0x000002245600e800, 0x000002245600b800,
0x00000224571a4000, 0x00000224571a8000, 0x00000224571a7800, 0x00000224571a6800,
0x00000224571a2800, 0x00000224571a5000, 0x00000224571a9000, 0x00000224571a6000,
0x00000224571af000, 0x00000224571aa800, 0x00000224571b1000, 0x00000224571ae000,
0x00000224571ab800, 0x00000224571ad000, 0x00000224571ac800, 0x00000224571b0800,
0x0000022454dc6800, 0x0000022454dc7800, 0x0000022454dc9000, 0x0000022454dc5800,
0x0000022454dc5000, 0x0000022454dc8000, 0x0000022454dc3800, 0x0000022454dca000,
0x0000022454dc4000, 0x0000022454dce800, 0x0000022454dcc800, 0x0000022454dcd000,
0x0000022454dcf800, 0x0000022454dd0800, 0x0000022454dcb800, 0x0000022454dce000,
0x0000022454dca800, 0x0000022454dd1000, 0x0000022454dd2000, 0x0000022457ab0800,
0x0000022457ab7000, 0x0000022457ab4800, 0x0000022457ab5800, 0x0000022457ab3000,
0x0000022457ab6800, 0x0000022457ab2800, 0x0000022457ab1800, 0x0000022457ab8000,
0x0000022457ab9000, 0x0000022457ab9800, 0x0000022457ab4000, 0x0000022457abb800,
0x0000022457abc000, 0x0000022457abe800, 0x0000022457abf800, 0x0000022457aba800,
0x0000022457abd000, 0x0000022457abd800, 0x00000224568fc000, 0x0000022456900000,
0x00000224568fc800, 0x00000224568fd800, 0x00000224568fe800, 0x00000224568ff000,
0x00000224568fa800, 0x0000022456901000, 0x00000224568fb000, 0x00000224572d6800,
0x00000224572d9000, 0x00000224572d7800, 0x00000224572d8800, 0x00000224572d6000,
0x00000224572da000, 0x00000224572db000, 0x00000224572d5000, 0x00000224572e1800,
0x00000224572db800
}

Java Threads: ( => current thread )
  0x00000224373f3800 JavaThread "main" [_thread_blocked, id=32464, stack(0x000000c94aa00000,0x000000c94ab00000)]
  0x0000022453c55800 JavaThread "Reference Handler" daemon [_thread_blocked, id=28072, stack(0x000000c94b100000,0x000000c94b200000)]
  0x0000022453c5f000 JavaThread "Finalizer" daemon [_thread_blocked, id=20680, stack(0x000000c94b200000,0x000000c94b300000)]
  0x0000022453cab000 JavaThread "Signal Dispatcher" daemon [_thread_blocked, id=19076, stack(0x000000c94b300000,0x000000c94b400000)]
  0x0000022453cac000 JavaThread "Attach Listener" daemon [_thread_blocked, id=24356, stack(0x000000c94b400000,0x000000c94b500000)]
  0x0000022453cae800 JavaThread "Service Thread" daemon [_thread_blocked, id=13316, stack(0x000000c94b500000,0x000000c94b600000)]
  0x0000022453cb4800 JavaThread "C2 CompilerThread0" daemon [_thread_blocked, id=24276, stack(0x000000c94b600000,0x000000c94b700000)]
  0x0000022453cb9000 JavaThread "C1 CompilerThread0" daemon [_thread_blocked, id=21156, stack(0x000000c94b700000,0x000000c94b800000)]
  0x0000022453cba000 JavaThread "Sweeper thread" daemon [_thread_blocked, id=25132, stack(0x000000c94b800000,0x000000c94b900000)]
  0x0000022453e29000 JavaThread "Common-Cleaner" daemon [_thread_blocked, id=23328, stack(0x000000c94b900000,0x000000c94ba00000)]
  0x0000022456e93800 JavaThread "Daemon health stats" [_thread_blocked, id=24652, stack(0x000000c94c100000,0x000000c94c200000)]
  0x0000022455835800 JavaThread "Incoming local TCP Connector on port 56920" [_thread_in_native, id=27428, stack(0x000000c94bb00000,0x000000c94bc00000)]
  0x0000022455c2e800 JavaThread "Daemon periodic checks" [_thread_blocked, id=28180, stack(0x000000c94c200000,0x000000c94c300000)]
  0x0000022454b3d800 JavaThread "Daemon" [_thread_blocked, id=12820, stack(0x000000c94c300000,0x000000c94c400000)]
  0x0000022455bb8000 JavaThread "Handler for socket connection from /127.0.0.1:56920 to /127.0.0.1:56921" [_thread_in_native, id=33748, stack(0x000000c94c400000,0x000000c94c500000)]
  0x0000022456147800 JavaThread "Cancel handler" [_thread_blocked, id=22044, stack(0x000000c94c500000,0x000000c94c600000)]
  0x0000022456534800 JavaThread "Daemon worker" [_thread_blocked, id=33432, stack(0x000000c94c600000,0x000000c94c700000)]
  0x00000224557e2800 JavaThread "Asynchronous log dispatcher for DefaultDaemonConnection: socket connection from /127.0.0.1:56920 to /127.0.0.1:56921" [_thread_blocked, id=11072, stack(0x000000c94c700000,0x000000c94c800000)]
  0x0000022456eee800 JavaThread "Stdin handler" [_thread_blocked, id=13844, stack(0x000000c94c800000,0x000000c94c900000)]
  0x000002245600c800 JavaThread "Daemon client event forwarder" [_thread_blocked, id=15416, stack(0x000000c94c900000,0x000000c94ca00000)]
  0x000002245600e000 JavaThread "Cache worker for journal cache (C:\Users\amruta.patil\.gradle\caches\journal-1)" [_thread_blocked, id=32912, stack(0x000000c94ca00000,0x000000c94cb00000)]
  0x0000022456009000 JavaThread "File lock request listener" [_thread_in_native, id=10804, stack(0x000000c94cb00000,0x000000c94cc00000)]
  0x000002245600a800 JavaThread "Cache worker for file hash cache (C:\Users\amruta.patil\.gradle\caches\7.3.3\fileHashes)" [_thread_blocked, id=28276, stack(0x000000c94cd00000,0x000000c94ce00000)]
  0x0000022456008000 JavaThread "Cache worker for file hash cache (C:\Users\amruta.patil\AndroidStudioProjects\CIOKlub\.gradle\7.3.3\fileHashes)" [_thread_blocked, id=6376, stack(0x000000c94ce00000,0x000000c94cf00000)]
  0x000002245600a000 JavaThread "File watcher server" daemon [_thread_in_native, id=30652, stack(0x000000c94d000000,0x000000c94d100000)]
  0x000002245600d000 JavaThread "File watcher consumer" daemon [_thread_blocked, id=21952, stack(0x000000c94d100000,0x000000c94d200000)]
  0x000002245600e800 JavaThread "jar transforms" [_thread_blocked, id=29356, stack(0x000000c94d200000,0x000000c94d300000)]
  0x000002245600b800 JavaThread "jar transforms Thread 2" [_thread_blocked, id=8316, stack(0x000000c94d300000,0x000000c94d400000)]
  0x00000224571a4000 JavaThread "jar transforms Thread 3" [_thread_blocked, id=8204, stack(0x000000c94d400000,0x000000c94d500000)]
  0x00000224571a8000 JavaThread "jar transforms Thread 4" [_thread_blocked, id=19444, stack(0x000000c94d500000,0x000000c94d600000)]
  0x00000224571a7800 JavaThread "jar transforms Thread 5" [_thread_blocked, id=26972, stack(0x000000c94d600000,0x000000c94d700000)]
  0x00000224571a6800 JavaThread "jar transforms Thread 6" [_thread_blocked, id=5316, stack(0x000000c94d700000,0x000000c94d800000)]
  0x00000224571a2800 JavaThread "Cache worker for checksums cache (C:\Users\amruta.patil\AndroidStudioProjects\CIOKlub\.gradle\7.3.3\checksums)" [_thread_blocked, id=33008, stack(0x000000c94d800000,0x000000c94d900000)]
  0x00000224571a5000 JavaThread "Cache worker for cache directory md-supplier (C:\Users\amruta.patil\.gradle\caches\7.3.3\md-supplier)" [_thread_blocked, id=10404, stack(0x000000c94d900000,0x000000c94da00000)]
  0x00000224571a9000 JavaThread "Cache worker for cache directory md-rule (C:\Users\amruta.patil\.gradle\caches\7.3.3\md-rule)" [_thread_blocked, id=13080, stack(0x000000c94da00000,0x000000c94db00000)]
  0x00000224571a6000 JavaThread "Cache worker for execution history cache (C:\Users\amruta.patil\.gradle\caches\7.3.3\executionHistory)" [_thread_blocked, id=28856, stack(0x000000c94db00000,0x000000c94dc00000)]
  0x00000224571af000 JavaThread "Cache worker for file content cache (C:\Users\amruta.patil\.gradle\caches\7.3.3\fileContent)" [_thread_blocked, id=19768, stack(0x000000c94dc00000,0x000000c94dd00000)]
  0x00000224571aa800 JavaThread "Cache worker for dependencies-accessors (C:\Users\amruta.patil\AndroidStudioProjects\CIOKlub\.gradle\7.3.3\dependencies-accessors)" [_thread_blocked, id=9364, stack(0x000000c94dd00000,0x000000c94de00000)]
  0x00000224571b1000 JavaThread "Cache worker for Build Output Cleanup Cache (C:\Users\amruta.patil\AndroidStudioProjects\CIOKlub\.gradle\buildOutputCleanup)" [_thread_blocked, id=23604, stack(0x000000c94de00000,0x000000c94df00000)]
  0x00000224571ae000 JavaThread "Unconstrained build operations" [_thread_blocked, id=8932, stack(0x000000c94df00000,0x000000c94e000000)]
  0x00000224571ab800 JavaThread "Unconstrained build operations Thread 2" [_thread_blocked, id=1192, stack(0x000000c94e000000,0x000000c94e100000)]
  0x00000224571ad000 JavaThread "Unconstrained build operations Thread 3" [_thread_blocked, id=6872, stack(0x000000c94e100000,0x000000c94e200000)]
  0x00000224571ac800 JavaThread "Unconstrained build operations Thread 4" [_thread_blocked, id=23492, stack(0x000000c94e200000,0x000000c94e300000)]
  0x00000224571b0800 JavaThread "Unconstrained build operations Thread 5" [_thread_blocked, id=16716, stack(0x000000c94e300000,0x000000c94e400000)]
  0x0000022454dc6800 JavaThread "Unconstrained build operations Thread 6" [_thread_blocked, id=28368, stack(0x000000c94e400000,0x000000c94e500000)]
  0x0000022454dc7800 JavaThread "Unconstrained build operations Thread 7" [_thread_blocked, id=29624, stack(0x000000c94e500000,0x000000c94e600000)]
  0x0000022454dc9000 JavaThread "Unconstrained build operations Thread 8" [_thread_blocked, id=31972, stack(0x000000c94e600000,0x000000c94e700000)]
  0x0000022454dc5800 JavaThread "Unconstrained build operations Thread 9" [_thread_blocked, id=32072, stack(0x000000c94e700000,0x000000c94e800000)]
  0x0000022454dc5000 JavaThread "Unconstrained build operations Thread 10" [_thread_blocked, id=16328, stack(0x000000c94e800000,0x000000c94e900000)]
  0x0000022454dc8000 JavaThread "Unconstrained build operations Thread 11" [_thread_blocked, id=28152, stack(0x000000c94e900000,0x000000c94ea00000)]
  0x0000022454dc3800 JavaThread "Unconstrained build operations Thread 12" [_thread_blocked, id=5928, stack(0x000000c94ea00000,0x000000c94eb00000)]
  0x0000022454dca000 JavaThread "Unconstrained build operations Thread 13" [_thread_blocked, id=31488, stack(0x000000c94eb00000,0x000000c94ec00000)]
  0x0000022454dc4000 JavaThread "Unconstrained build operations Thread 14" [_thread_blocked, id=1144, stack(0x000000c94ec00000,0x000000c94ed00000)]
  0x0000022454dce800 JavaThread "Unconstrained build operations Thread 15" [_thread_blocked, id=18124, stack(0x000000c94ed00000,0x000000c94ee00000)]
  0x0000022454dcc800 JavaThread "Unconstrained build operations Thread 16" [_thread_blocked, id=22308, stack(0x000000c94ee00000,0x000000c94ef00000)]
  0x0000022454dcd000 JavaThread "Unconstrained build operations Thread 17" [_thread_blocked, id=21112, stack(0x000000c94ef00000,0x000000c94f000000)]
  0x0000022454dcf800 JavaThread "Unconstrained build operations Thread 18" [_thread_blocked, id=5508, stack(0x000000c94f000000,0x000000c94f100000)]
  0x0000022454dd0800 JavaThread "Unconstrained build operations Thread 19" [_thread_blocked, id=22912, stack(0x000000c94f100000,0x000000c94f200000)]
  0x0000022454dcb800 JavaThread "Unconstrained build operations Thread 20" [_thread_blocked, id=11904, stack(0x000000c94f200000,0x000000c94f300000)]
  0x0000022454dce000 JavaThread "Unconstrained build operations Thread 21" [_thread_blocked, id=6200, stack(0x000000c94f300000,0x000000c94f400000)]
  0x0000022454dca800 JavaThread "Unconstrained build operations Thread 22" [_thread_blocked, id=19220, stack(0x000000c94f400000,0x000000c94f500000)]
  0x0000022454dd1000 JavaThread "Unconstrained build operations Thread 23" [_thread_blocked, id=28764, stack(0x000000c94f500000,0x000000c94f600000)]
  0x0000022454dd2000 JavaThread "Unconstrained build operations Thread 24" [_thread_blocked, id=19240, stack(0x000000c94f600000,0x000000c94f700000)]
  0x0000022457ab0800 JavaThread "Unconstrained build operations Thread 25" [_thread_blocked, id=8848, stack(0x000000c94f700000,0x000000c94f800000)]
  0x0000022457ab7000 JavaThread "Unconstrained build operations Thread 26" [_thread_blocked, id=27220, stack(0x000000c94f800000,0x000000c94f900000)]
  0x0000022457ab4800 JavaThread "Unconstrained build operations Thread 27" [_thread_blocked, id=31748, stack(0x000000c94f900000,0x000000c94fa00000)]
  0x0000022457ab5800 JavaThread "Unconstrained build operations Thread 28" [_thread_blocked, id=6784, stack(0x000000c94fa00000,0x000000c94fb00000)]
  0x0000022457ab3000 JavaThread "Unconstrained build operations Thread 29" [_thread_blocked, id=16324, stack(0x000000c94fb00000,0x000000c94fc00000)]
  0x0000022457ab6800 JavaThread "Unconstrained build operations Thread 30" [_thread_blocked, id=12540, stack(0x000000c94fc00000,0x000000c94fd00000)]
  0x0000022457ab2800 JavaThread "Unconstrained build operations Thread 31" [_thread_blocked, id=33344, stack(0x000000c94fd00000,0x000000c94fe00000)]
  0x0000022457ab1800 JavaThread "Unconstrained build operations Thread 32" [_thread_blocked, id=24968, stack(0x000000c94fe00000,0x000000c94ff00000)]
  0x0000022457ab8000 JavaThread "Unconstrained build operations Thread 33" [_thread_blocked, id=33208, stack(0x000000c94ff00000,0x000000c950000000)]
  0x0000022457ab9000 JavaThread "Unconstrained build operations Thread 34" [_thread_blocked, id=24468, stack(0x000000c950000000,0x000000c950100000)]
  0x0000022457ab9800 JavaThread "Unconstrained build operations Thread 35" [_thread_blocked, id=21452, stack(0x000000c950100000,0x000000c950200000)]
  0x0000022457ab4000 JavaThread "Unconstrained build operations Thread 36" [_thread_blocked, id=12976, stack(0x000000c950200000,0x000000c950300000)]
  0x0000022457abb800 JavaThread "Unconstrained build operations Thread 37" [_thread_blocked, id=14452, stack(0x000000c950300000,0x000000c950400000)]
  0x0000022457abc000 JavaThread "Unconstrained build operations Thread 38" [_thread_blocked, id=19364, stack(0x000000c950400000,0x000000c950500000)]
  0x0000022457abe800 JavaThread "Unconstrained build operations Thread 39" [_thread_blocked, id=14140, stack(0x000000c950500000,0x000000c950600000)]
  0x0000022457abf800 JavaThread "Unconstrained build operations Thread 40" [_thread_blocked, id=22692, stack(0x000000c950600000,0x000000c950700000)]
  0x0000022457aba800 JavaThread "Unconstrained build operations Thread 41" [_thread_blocked, id=19500, stack(0x000000c950700000,0x000000c950800000)]
  0x0000022457abd000 JavaThread "Unconstrained build operations Thread 42" [_thread_blocked, id=33272, stack(0x000000c950800000,0x000000c950900000)]
  0x0000022457abd800 JavaThread "Unconstrained build operations Thread 43" [_thread_blocked, id=5608, stack(0x000000c950900000,0x000000c950a00000)]
  0x00000224568fc000 JavaThread "Unconstrained build operations Thread 44" [_thread_blocked, id=30040, stack(0x000000c950a00000,0x000000c950b00000)]
  0x0000022456900000 JavaThread "Unconstrained build operations Thread 45" [_thread_blocked, id=20556, stack(0x000000c950b00000,0x000000c950c00000)]
  0x00000224568fc800 JavaThread "Unconstrained build operations Thread 46" [_thread_blocked, id=20252, stack(0x000000c950c00000,0x000000c950d00000)]
  0x00000224568fd800 JavaThread "Unconstrained build operations Thread 47" [_thread_blocked, id=19864, stack(0x000000c950d00000,0x000000c950e00000)]
  0x00000224568fe800 JavaThread "Unconstrained build operations Thread 48" [_thread_blocked, id=17800, stack(0x000000c950e00000,0x000000c950f00000)]
  0x00000224568ff000 JavaThread "Unconstrained build operations Thread 49" [_thread_blocked, id=26892, stack(0x000000c950f00000,0x000000c951000000)]
  0x00000224568fa800 JavaThread "Unconstrained build operations Thread 50" [_thread_blocked, id=25760, stack(0x000000c951000000,0x000000c951100000)]
  0x0000022456901000 JavaThread "Unconstrained build operations Thread 51" [_thread_blocked, id=22788, stack(0x000000c951100000,0x000000c951200000)]
  0x00000224568fb000 JavaThread "Unconstrained build operations Thread 52" [_thread_blocked, id=32036, stack(0x000000c951200000,0x000000c951300000)]
  0x00000224572d6800 JavaThread "Unconstrained build operations Thread 53" [_thread_blocked, id=32604, stack(0x000000c951300000,0x000000c951400000)]
  0x00000224572d9000 JavaThread "Unconstrained build operations Thread 54" [_thread_blocked, id=16940, stack(0x000000c951400000,0x000000c951500000)]
  0x00000224572d7800 JavaThread "Unconstrained build operations Thread 55" [_thread_blocked, id=28580, stack(0x000000c951500000,0x000000c951600000)]
  0x00000224572d8800 JavaThread "Unconstrained build operations Thread 56" [_thread_blocked, id=1968, stack(0x000000c951600000,0x000000c951700000)]
  0x00000224572d6000 JavaThread "Unconstrained build operations Thread 57" [_thread_blocked, id=17252, stack(0x000000c951700000,0x000000c951800000)]
  0x00000224572da000 JavaThread "Unconstrained build operations Thread 58" [_thread_blocked, id=30692, stack(0x000000c951800000,0x000000c951900000)]
  0x00000224572db000 JavaThread "Unconstrained build operations Thread 59" [_thread_blocked, id=17696, stack(0x000000c951900000,0x000000c951a00000)]
  0x00000224572d5000 JavaThread "Unconstrained build operations Thread 60" [_thread_blocked, id=27448, stack(0x000000c951a00000,0x000000c951b00000)]
  0x00000224572e1800 JavaThread "C2 CompilerThread1" daemon [_thread_in_native, id=4152, stack(0x000000c94cf00000,0x000000c94d000000)]
  0x00000224572db800 JavaThread "Memory manager" [_thread_blocked, id=27936, stack(0x000000c951b00000,0x000000c951c00000)]

Other Threads:
=>0x0000022453c4e800 VMThread "VM Thread" [stack: 0x000000c94b000000,0x000000c94b100000] [id=16896]
  0x0000022453e56800 WatcherThread [stack: 0x000000c94ba00000,0x000000c94bb00000] [id=9872]
  0x000002243740d000 GCTaskThread "GC Thread#0" [stack: 0x000000c94ab00000,0x000000c94ac00000] [id=24836]
  0x0000022454a16800 GCTaskThread "GC Thread#1" [stack: 0x000000c94bc00000,0x000000c94bd00000] [id=14592]
  0x00000224549ca000 GCTaskThread "GC Thread#2" [stack: 0x000000c94bd00000,0x000000c94be00000] [id=11856]
  0x000002245495e000 GCTaskThread "GC Thread#3" [stack: 0x000000c94be00000,0x000000c94bf00000] [id=5728]
  0x0000022454d50000 GCTaskThread "GC Thread#4" [stack: 0x000000c94bf00000,0x000000c94c000000] [id=25220]
  0x0000022454ed5000 GCTaskThread "GC Thread#5" [stack: 0x000000c94c000000,0x000000c94c100000] [id=20140]
  0x000002243743d000 ConcurrentGCThread "G1 Main Marker" [stack: 0x000000c94ac00000,0x000000c94ad00000] [id=22212]
  0x000002243743f800 ConcurrentGCThread "G1 Conc#0" [stack: 0x000000c94ad00000,0x000000c94ae00000] [id=9020]
  0x0000022455e55800 ConcurrentGCThread "G1 Conc#1" [stack: 0x000000c94cc00000,0x000000c94cd00000] [id=8708]
  0x00000224374bd800 ConcurrentGCThread "G1 Refine#0" [stack: 0x000000c94ae00000,0x000000c94af00000] [id=33248]
  0x0000022453296800 ConcurrentGCThread "G1 Young RemSet Sampling" [stack: 0x000000c94af00000,0x000000c94b000000] [id=14616]

Threads with active compile tasks:
C2 CompilerThread0  18307 6748       4       java.lang.Class::getMethodsRecursive (99 bytes)
C2 CompilerThread1  18307 6531 %     4       org.gradle.internal.instantiation.generator.AbstractClassGenerator::inspectType @ 32 (560 bytes)

VM state:at safepoint (normal execution)

VM Mutex/Monitor currently owned by a thread:  ([mutex/lock_event])
[0x00000224373efcf0] Threads_lock - owner thread: 0x0000022453c4e800
[0x00000224373efc60] Heap_lock - owner thread: 0x0000022456534800

Heap address: 0x0000000080000000, size: 2048 MB, Compressed Oops mode: 32-bit
Narrow klass base: 0x0000000000000000, Narrow klass shift: 3
Compressed class space size: 1073741824 Address: 0x0000000100000000

Heap:
 garbage-first heap   total 315392K, used 78646K [0x0000000080000000, 0x0000000100000000)
  region size 1024K, 8 young (8192K), 8 survivors (8192K)
 Metaspace       used 67592K, capacity 69322K, committed 69452K, reserved 1110016K
  class space    used 8672K, capacity 9264K, committed 9292K, reserved 1048576K
Heap Regions: E=young(eden), S=young(survivor), O=old, HS=humongous(starts), HC=humongous(continues), CS=collection set, F=free, A=archive, TAMS=top-at-mark-start (previous, next)
|   0|0x0000000080000000, 0x0000000080100000, 0x0000000080100000|100%| O|  |TAMS 0x0000000080100000, 0x0000000080100000| Untracked 
|   1|0x0000000080100000, 0x0000000080200000, 0x0000000080200000|100%| O|  |TAMS 0x0000000080200000, 0x0000000080200000| Untracked 
|   2|0x0000000080200000, 0x0000000080300000, 0x0000000080300000|100%| O|  |TAMS 0x0000000080300000, 0x0000000080300000| Untracked 
|   3|0x0000000080300000, 0x0000000080400000, 0x0000000080400000|100%|HS|  |TAMS 0x0000000080400000, 0x0000000080400000| Complete 
|   4|0x0000000080400000, 0x0000000080500000, 0x0000000080500000|100%|HC|  |TAMS 0x0000000080500000, 0x0000000080500000| Complete 
|   5|0x0000000080500000, 0x0000000080600000, 0x0000000080600000|100%|HC|  |TAMS 0x0000000080600000, 0x0000000080600000| Complete 
|   6|0x0000000080600000, 0x0000000080700000, 0x0000000080700000|100%| O|  |TAMS 0x0000000080700000, 0x0000000080700000| Untracked 
|   7|0x0000000080700000, 0x0000000080800000, 0x0000000080800000|100%| O|  |TAMS 0x0000000080800000, 0x0000000080800000| Untracked 
|   8|0x0000000080800000, 0x0000000080900000, 0x0000000080900000|100%| O|  |TAMS 0x0000000080900000, 0x0000000080900000| Untracked 
|   9|0x0000000080900000, 0x0000000080a00000, 0x0000000080a00000|100%| O|  |TAMS 0x0000000080a00000, 0x0000000080a00000| Untracked 
|  10|0x0000000080a00000, 0x0000000080b00000, 0x0000000080b00000|100%| O|  |TAMS 0x0000000080b00000, 0x0000000080b00000| Untracked 
|  11|0x0000000080b00000, 0x0000000080c00000, 0x0000000080c00000|100%| O|  |TAMS 0x0000000080c00000, 0x0000000080c00000| Untracked 
|  12|0x0000000080c00000, 0x0000000080d00000, 0x0000000080d00000|100%|HS|  |TAMS 0x0000000080d00000, 0x0000000080d00000| Complete 
|  13|0x0000000080d00000, 0x0000000080e00000, 0x0000000080e00000|100%|HC|  |TAMS 0x0000000080e00000, 0x0000000080e00000| Complete 
|  14|0x0000000080e00000, 0x0000000080f00000, 0x0000000080f00000|100%|HS|  |TAMS 0x0000000080f00000, 0x0000000080f00000| Complete 
|  15|0x0000000080f00000, 0x0000000081000000, 0x0000000081000000|100%|HC|  |TAMS 0x0000000081000000, 0x0000000081000000| Complete 
|  16|0x0000000081000000, 0x0000000081100000, 0x0000000081100000|100%|HC|  |TAMS 0x0000000081100000, 0x0000000081100000| Complete 
|  17|0x0000000081100000, 0x0000000081200000, 0x0000000081200000|100%| O|  |TAMS 0x0000000081200000, 0x0000000081200000| Untracked 
|  18|0x0000000081200000, 0x0000000081300000, 0x0000000081300000|100%| O|  |TAMS 0x0000000081300000, 0x0000000081300000| Untracked 
|  19|0x0000000081300000, 0x0000000081400000, 0x0000000081400000|100%| O|  |TAMS 0x0000000081400000, 0x0000000081400000| Untracked 
|  20|0x0000000081400000, 0x0000000081500000, 0x0000000081500000|100%| O|  |TAMS 0x0000000081500000, 0x0000000081500000| Untracked 
|  21|0x0000000081500000, 0x0000000081600000, 0x0000000081600000|100%|HS|  |TAMS 0x0000000081600000, 0x0000000081600000| Complete 
|  22|0x0000000081600000, 0x0000000081700000, 0x0000000081700000|100%|HS|  |TAMS 0x0000000081700000, 0x0000000081700000| Complete 
|  23|0x0000000081700000, 0x0000000081800000, 0x0000000081800000|100%|HC|  |TAMS 0x0000000081800000, 0x0000000081800000| Complete 
|  24|0x0000000081800000, 0x0000000081900000, 0x0000000081900000|100%|HC|  |TAMS 0x0000000081900000, 0x0000000081900000| Complete 
|  25|0x0000000081900000, 0x0000000081a00000, 0x0000000081a00000|100%|HC|  |TAMS 0x0000000081a00000, 0x0000000081a00000| Complete 
|  26|0x0000000081a00000, 0x0000000081b00000, 0x0000000081b00000|100%|HS|  |TAMS 0x0000000081b00000, 0x0000000081b00000| Complete 
|  27|0x0000000081b00000, 0x0000000081c00000, 0x0000000081c00000|100%|HS|  |TAMS 0x0000000081c00000, 0x0000000081c00000| Complete 
|  28|0x0000000081c00000, 0x0000000081d00000, 0x0000000081d00000|100%| O|  |TAMS 0x0000000081d00000, 0x0000000081d00000| Untracked 
|  29|0x0000000081d00000, 0x0000000081e00000, 0x0000000081e00000|100%|HS|  |TAMS 0x0000000081e00000, 0x0000000081e00000| Complete 
|  30|0x0000000081e00000, 0x0000000081f00000, 0x0000000081f00000|100%|HC|  |TAMS 0x0000000081f00000, 0x0000000081f00000| Complete 
|  31|0x0000000081f00000, 0x0000000082000000, 0x0000000082000000|100%|HC|  |TAMS 0x0000000082000000, 0x0000000082000000| Complete 
|  32|0x0000000082000000, 0x0000000082100000, 0x0000000082100000|100%|HS|  |TAMS 0x0000000082100000, 0x0000000082100000| Complete 
|  33|0x0000000082100000, 0x0000000082200000, 0x0000000082200000|100%|HS|  |TAMS 0x0000000082200000, 0x0000000082200000| Complete 
|  34|0x0000000082200000, 0x0000000082300000, 0x0000000082300000|100%|HC|  |TAMS 0x0000000082300000, 0x0000000082300000| Complete 
|  35|0x0000000082300000, 0x0000000082400000, 0x0000000082400000|100%|HC|  |TAMS 0x0000000082400000, 0x0000000082400000| Complete 
|  36|0x0000000082400000, 0x0000000082500000, 0x0000000082500000|100%|HC|  |TAMS 0x0000000082500000, 0x0000000082500000| Complete 
|  37|0x0000000082500000, 0x0000000082600000, 0x0000000082600000|100%|HS|  |TAMS 0x0000000082600000, 0x0000000082600000| Complete 
|  38|0x0000000082600000, 0x0000000082700000, 0x0000000082700000|100%|HC|  |TAMS 0x0000000082700000, 0x0000000082700000| Complete 
|  39|0x0000000082700000, 0x0000000082800000, 0x0000000082800000|100%| O|  |TAMS 0x0000000082800000, 0x0000000082800000| Untracked 
|  40|0x0000000082800000, 0x0000000082900000, 0x0000000082900000|100%| O|  |TAMS 0x0000000082900000, 0x0000000082900000| Untracked 
|  41|0x0000000082900000, 0x0000000082a00000, 0x0000000082a00000|100%| O|  |TAMS 0x0000000082a00000, 0x0000000082a00000| Untracked 
|  42|0x0000000082a00000, 0x0000000082b00000, 0x0000000082b00000|100%| O|  |TAMS 0x0000000082b00000, 0x0000000082b00000| Untracked 
|  43|0x0000000082b00000, 0x0000000082c00000, 0x0000000082c00000|100%| O|  |TAMS 0x0000000082c00000, 0x0000000082c00000| Untracked 
|  44|0x0000000082c00000, 0x0000000082d00000, 0x0000000082d00000|100%| O|  |TAMS 0x0000000082d00000, 0x0000000082d00000| Untracked 
|  45|0x0000000082d00000, 0x0000000082e00000, 0x0000000082e00000|100%| O|  |TAMS 0x0000000082e00000, 0x0000000082e00000| Untracked 
|  46|0x0000000082e00000, 0x0000000082f00000, 0x0000000082f00000|100%| O|  |TAMS 0x0000000082f00000, 0x0000000082f00000| Untracked 
|  47|0x0000000082f00000, 0x0000000083000000, 0x0000000083000000|100%| O|  |TAMS 0x0000000083000000, 0x0000000083000000| Untracked 
|  48|0x0000000083000000, 0x0000000083100000, 0x0000000083100000|100%| O|  |TAMS 0x0000000083100000, 0x0000000083100000| Untracked 
|  49|0x0000000083100000, 0x0000000083200000, 0x0000000083200000|100%| O|  |TAMS 0x0000000083200000, 0x0000000083200000| Untracked 
|  50|0x0000000083200000, 0x0000000083300000, 0x0000000083300000|100%| O|  |TAMS 0x0000000083300000, 0x0000000083300000| Untracked 
|  51|0x0000000083300000, 0x0000000083400000, 0x0000000083400000|100%| O|  |TAMS 0x0000000083400000, 0x0000000083400000| Untracked 
|  52|0x0000000083400000, 0x0000000083500000, 0x0000000083500000|100%| O|  |TAMS 0x0000000083500000, 0x0000000083500000| Untracked 
|  53|0x0000000083500000, 0x0000000083600000, 0x0000000083600000|100%| O|  |TAMS 0x0000000083600000, 0x0000000083600000| Untracked 
|  54|0x0000000083600000, 0x0000000083700000, 0x0000000083700000|100%| O|  |TAMS 0x0000000083700000, 0x0000000083700000| Untracked 
|  55|0x0000000083700000, 0x0000000083800000, 0x0000000083800000|100%| O|  |TAMS 0x0000000083800000, 0x0000000083800000| Untracked 
|  56|0x0000000083800000, 0x0000000083900000, 0x0000000083900000|100%| O|  |TAMS 0x0000000083900000, 0x0000000083900000| Untracked 
|  57|0x0000000083900000, 0x0000000083a00000, 0x0000000083a00000|100%| O|  |TAMS 0x0000000083a00000, 0x0000000083a00000| Untracked 
|  58|0x0000000083a00000, 0x0000000083b00000, 0x0000000083b00000|100%| O|  |TAMS 0x0000000083b00000, 0x0000000083b00000| Untracked 
|  59|0x0000000083b00000, 0x0000000083c00000, 0x0000000083c00000|100%| O|  |TAMS 0x0000000083c00000, 0x0000000083c00000| Untracked 
|  60|0x0000000083c00000, 0x0000000083d00000, 0x0000000083d00000|100%| O|  |TAMS 0x0000000083d00000, 0x0000000083d00000| Untracked 
|  61|0x0000000083d00000, 0x0000000083e00000, 0x0000000083e00000|100%| O|  |TAMS 0x0000000083e00000, 0x0000000083e00000| Untracked 
|  62|0x0000000083e00000, 0x0000000083f00000, 0x0000000083f00000|100%| O|  |TAMS 0x0000000083f00000, 0x0000000083f00000| Untracked 
|  63|0x0000000083f00000, 0x0000000084000000, 0x0000000084000000|100%| O|  |TAMS 0x0000000084000000, 0x0000000084000000| Untracked 
|  64|0x0000000084000000, 0x0000000084100000, 0x0000000084100000|100%| O|  |TAMS 0x0000000084100000, 0x0000000084100000| Untracked 
|  65|0x0000000084100000, 0x0000000084200000, 0x0000000084200000|100%| O|  |TAMS 0x0000000084200000, 0x0000000084200000| Untracked 
|  66|0x0000000084200000, 0x0000000084300000, 0x0000000084300000|100%| O|  |TAMS 0x0000000084300000, 0x0000000084300000| Untracked 
|  67|0x0000000084300000, 0x0000000084400000, 0x0000000084400000|100%| O|  |TAMS 0x0000000084400000, 0x0000000084400000| Untracked 
|  68|0x0000000084400000, 0x0000000084500000, 0x0000000084500000|100%| O|  |TAMS 0x0000000084500000, 0x0000000084500000| Untracked 
|  69|0x0000000084500000, 0x000000008455b000, 0x0000000084600000| 35%| O|  |TAMS 0x000000008455b000, 0x000000008455b000| Untracked 
|  70|0x0000000084600000, 0x0000000084600000, 0x0000000084700000|  0%| F|  |TAMS 0x0000000084600000, 0x0000000084600000| Untracked 
|  71|0x0000000084700000, 0x0000000084700000, 0x0000000084800000|  0%| F|  |TAMS 0x0000000084700000, 0x0000000084700000| Untracked 
|  72|0x0000000084800000, 0x0000000084800000, 0x0000000084900000|  0%| F|  |TAMS 0x0000000084800000, 0x0000000084800000| Untracked 
|  73|0x0000000084900000, 0x0000000084900000, 0x0000000084a00000|  0%| F|  |TAMS 0x0000000084900000, 0x0000000084900000| Untracked 
|  74|0x0000000084a00000, 0x0000000084a00000, 0x0000000084b00000|  0%| F|  |TAMS 0x0000000084a00000, 0x0000000084a00000| Untracked 
|  75|0x0000000084b00000, 0x0000000084b00000, 0x0000000084c00000|  0%| F|  |TAMS 0x0000000084b00000, 0x0000000084b00000| Untracked 
|  76|0x0000000084c00000, 0x0000000084c00000, 0x0000000084d00000|  0%| F|  |TAMS 0x0000000084c00000, 0x0000000084c00000| Untracked 
|  77|0x0000000084d00000, 0x0000000084d00000, 0x0000000084e00000|  0%| F|  |TAMS 0x0000000084d00000, 0x0000000084d00000| Untracked 
|  78|0x0000000084e00000, 0x0000000084e00000, 0x0000000084f00000|  0%| F|  |TAMS 0x0000000084e00000, 0x0000000084e00000| Untracked 
|  79|0x0000000084f00000, 0x0000000084f00000, 0x0000000085000000|  0%| F|  |TAMS 0x0000000084f00000, 0x0000000084f00000| Untracked 
|  80|0x0000000085000000, 0x0000000085000000, 0x0000000085100000|  0%| F|  |TAMS 0x0000000085000000, 0x0000000085000000| Untracked 
|  81|0x0000000085100000, 0x0000000085100000, 0x0000000085200000|  0%| F|  |TAMS 0x0000000085100000, 0x0000000085100000| Untracked 
|  82|0x0000000085200000, 0x0000000085200000, 0x0000000085300000|  0%| F|  |TAMS 0x0000000085200000, 0x0000000085200000| Untracked 
|  83|0x0000000085300000, 0x0000000085300000, 0x0000000085400000|  0%| F|  |TAMS 0x0000000085300000, 0x0000000085300000| Untracked 
|  84|0x0000000085400000, 0x0000000085400000, 0x0000000085500000|  0%| F|  |TAMS 0x0000000085400000, 0x0000000085400000| Untracked 
|  85|0x0000000085500000, 0x0000000085500000, 0x0000000085600000|  0%| F|  |TAMS 0x0000000085500000, 0x0000000085500000| Untracked 
|  86|0x0000000085600000, 0x0000000085600000, 0x0000000085700000|  0%| F|  |TAMS 0x0000000085600000, 0x0000000085600000| Untracked 
|  87|0x0000000085700000, 0x0000000085700000, 0x0000000085800000|  0%| F|  |TAMS 0x0000000085700000, 0x0000000085700000| Untracked 
|  88|0x0000000085800000, 0x0000000085800000, 0x0000000085900000|  0%| F|  |TAMS 0x0000000085800000, 0x0000000085800000| Untracked 
|  89|0x0000000085900000, 0x0000000085900000, 0x0000000085a00000|  0%| F|  |TAMS 0x0000000085900000, 0x0000000085900000| Untracked 
|  90|0x0000000085a00000, 0x0000000085a00000, 0x0000000085b00000|  0%| F|  |TAMS 0x0000000085a00000, 0x0000000085a00000| Untracked 
|  91|0x0000000085b00000, 0x0000000085b00000, 0x0000000085c00000|  0%| F|  |TAMS 0x0000000085b00000, 0x0000000085b00000| Untracked 
|  92|0x0000000085c00000, 0x0000000085c00000, 0x0000000085d00000|  0%| F|  |TAMS 0x0000000085c00000, 0x0000000085c00000| Untracked 
|  93|0x0000000085d00000, 0x0000000085d00000, 0x0000000085e00000|  0%| F|  |TAMS 0x0000000085d00000, 0x0000000085d00000| Untracked 
|  94|0x0000000085e00000, 0x0000000085e00000, 0x0000000085f00000|  0%| F|  |TAMS 0x0000000085e00000, 0x0000000085e00000| Untracked 
|  95|0x0000000085f00000, 0x0000000085f00000, 0x0000000086000000|  0%| F|  |TAMS 0x0000000085f00000, 0x0000000085f00000| Untracked 
|  96|0x0000000086000000, 0x0000000086000000, 0x0000000086100000|  0%| F|  |TAMS 0x0000000086000000, 0x0000000086000000| Untracked 
|  97|0x0000000086100000, 0x0000000086100000, 0x0000000086200000|  0%| F|  |TAMS 0x0000000086100000, 0x0000000086100000| Untracked 
|  98|0x0000000086200000, 0x0000000086200000, 0x0000000086300000|  0%| F|  |TAMS 0x0000000086200000, 0x0000000086200000| Untracked 
|  99|0x0000000086300000, 0x0000000086300000, 0x0000000086400000|  0%| F|  |TAMS 0x0000000086300000, 0x0000000086300000| Untracked 
| 100|0x0000000086400000, 0x0000000086400000, 0x0000000086500000|  0%| F|  |TAMS 0x0000000086400000, 0x0000000086400000| Untracked 
| 101|0x0000000086500000, 0x0000000086500000, 0x0000000086600000|  0%| F|  |TAMS 0x0000000086500000, 0x0000000086500000| Untracked 
| 102|0x0000000086600000, 0x0000000086600000, 0x0000000086700000|  0%| F|  |TAMS 0x0000000086600000, 0x0000000086600000| Untracked 
| 103|0x0000000086700000, 0x0000000086700000, 0x0000000086800000|  0%| F|  |TAMS 0x0000000086700000, 0x0000000086700000| Untracked 
| 104|0x0000000086800000, 0x0000000086800000, 0x0000000086900000|  0%| F|  |TAMS 0x0000000086800000, 0x0000000086800000| Untracked 
| 105|0x0000000086900000, 0x0000000086900000, 0x0000000086a00000|  0%| F|  |TAMS 0x0000000086900000, 0x0000000086900000| Untracked 
| 106|0x0000000086a00000, 0x0000000086a00000, 0x0000000086b00000|  0%| F|  |TAMS 0x0000000086a00000, 0x0000000086a00000| Untracked 
| 107|0x0000000086b00000, 0x0000000086b00000, 0x0000000086c00000|  0%| F|  |TAMS 0x0000000086b00000, 0x0000000086b00000| Untracked 
| 108|0x0000000086c00000, 0x0000000086c00000, 0x0000000086d00000|  0%| F|  |TAMS 0x0000000086c00000, 0x0000000086c00000| Untracked 
| 109|0x0000000086d00000, 0x0000000086d00000, 0x0000000086e00000|  0%| F|  |TAMS 0x0000000086d00000, 0x0000000086d00000| Untracked 
| 110|0x0000000086e00000, 0x0000000086e00000, 0x0000000086f00000|  0%| F|  |TAMS 0x0000000086e00000, 0x0000000086e00000| Untracked 
| 111|0x0000000086f00000, 0x0000000086f00000, 0x0000000087000000|  0%| F|  |TAMS 0x0000000086f00000, 0x0000000086f00000| Untracked 
| 112|0x0000000087000000, 0x0000000087000000, 0x0000000087100000|  0%| F|  |TAMS 0x0000000087000000, 0x0000000087000000| Untracked 
| 113|0x0000000087100000, 0x0000000087100000, 0x0000000087200000|  0%| F|  |TAMS 0x0000000087100000, 0x0000000087100000| Untracked 
| 114|0x0000000087200000, 0x0000000087200000, 0x0000000087300000|  0%| F|  |TAMS 0x0000000087200000, 0x0000000087200000| Untracked 
| 115|0x0000000087300000, 0x0000000087300000, 0x0000000087400000|  0%| F|  |TAMS 0x0000000087300000, 0x0000000087300000| Untracked 
| 116|0x0000000087400000, 0x0000000087400000, 0x0000000087500000|  0%| F|  |TAMS 0x0000000087400000, 0x0000000087400000| Untracked 
| 117|0x0000000087500000, 0x0000000087500000, 0x0000000087600000|  0%| F|  |TAMS 0x0000000087500000, 0x0000000087500000| Untracked 
| 118|0x0000000087600000, 0x0000000087600000, 0x0000000087700000|  0%| F|  |TAMS 0x0000000087600000, 0x0000000087600000| Untracked 
| 119|0x0000000087700000, 0x0000000087700000, 0x0000000087800000|  0%| F|  |TAMS 0x0000000087700000, 0x0000000087700000| Untracked 
| 120|0x0000000087800000, 0x0000000087800000, 0x0000000087900000|  0%| F|  |TAMS 0x0000000087800000, 0x0000000087800000| Untracked 
| 121|0x0000000087900000, 0x0000000087900000, 0x0000000087a00000|  0%| F|  |TAMS 0x0000000087900000, 0x0000000087900000| Untracked 
| 122|0x0000000087a00000, 0x0000000087a00000, 0x0000000087b00000|  0%| F|  |TAMS 0x0000000087a00000, 0x0000000087a00000| Untracked 
| 123|0x0000000087b00000, 0x0000000087b00000, 0x0000000087c00000|  0%| F|  |TAMS 0x0000000087b00000, 0x0000000087b00000| Untracked 
| 124|0x0000000087c00000, 0x0000000087c00000, 0x0000000087d00000|  0%| F|  |TAMS 0x0000000087c00000, 0x0000000087c00000| Untracked 
| 125|0x0000000087d00000, 0x0000000087d00000, 0x0000000087e00000|  0%| F|  |TAMS 0x0000000087d00000, 0x0000000087d00000| Untracked 
| 126|0x0000000087e00000, 0x0000000087e00000, 0x0000000087f00000|  0%| F|  |TAMS 0x0000000087e00000, 0x0000000087e00000| Untracked 
| 127|0x0000000087f00000, 0x0000000087f00000, 0x0000000088000000|  0%| F|  |TAMS 0x0000000087f00000, 0x0000000087f00000| Untracked 
| 128|0x0000000088000000, 0x0000000088000000, 0x0000000088100000|  0%| F|  |TAMS 0x0000000088000000, 0x0000000088000000| Untracked 
| 129|0x0000000088100000, 0x0000000088100000, 0x0000000088200000|  0%| F|  |TAMS 0x0000000088100000, 0x0000000088100000| Untracked 
| 130|0x0000000088200000, 0x0000000088200000, 0x0000000088300000|  0%| F|  |TAMS 0x0000000088200000, 0x0000000088200000| Untracked 
| 131|0x0000000088300000, 0x0000000088300000, 0x0000000088400000|  0%| F|  |TAMS 0x0000000088300000, 0x0000000088300000| Untracked 
| 132|0x0000000088400000, 0x0000000088400000, 0x0000000088500000|  0%| F|  |TAMS 0x0000000088400000, 0x0000000088400000| Untracked 
| 133|0x0000000088500000, 0x0000000088500000, 0x0000000088600000|  0%| F|  |TAMS 0x0000000088500000, 0x0000000088500000| Untracked 
| 134|0x0000000088600000, 0x0000000088600000, 0x0000000088700000|  0%| F|  |TAMS 0x0000000088600000, 0x0000000088600000| Untracked 
| 135|0x0000000088700000, 0x0000000088700000, 0x0000000088800000|  0%| F|  |TAMS 0x0000000088700000, 0x0000000088700000| Untracked 
| 136|0x0000000088800000, 0x0000000088800000, 0x0000000088900000|  0%| F|  |TAMS 0x0000000088800000, 0x0000000088800000| Untracked 
| 137|0x0000000088900000, 0x0000000088900000, 0x0000000088a00000|  0%| F|  |TAMS 0x0000000088900000, 0x0000000088900000| Untracked 
| 138|0x0000000088a00000, 0x0000000088a00000, 0x0000000088b00000|  0%| F|  |TAMS 0x0000000088a00000, 0x0000000088a00000| Untracked 
| 139|0x0000000088b00000, 0x0000000088b00000, 0x0000000088c00000|  0%| F|  |TAMS 0x0000000088b00000, 0x0000000088b00000| Untracked 
| 140|0x0000000088c00000, 0x0000000088c00000, 0x0000000088d00000|  0%| F|  |TAMS 0x0000000088c00000, 0x0000000088c00000| Untracked 
| 141|0x0000000088d00000, 0x0000000088d00000, 0x0000000088e00000|  0%| F|  |TAMS 0x0000000088d00000, 0x0000000088d00000| Untracked 
| 142|0x0000000088e00000, 0x0000000088e00000, 0x0000000088f00000|  0%| F|  |TAMS 0x0000000088e00000, 0x0000000088e00000| Untracked 
| 143|0x0000000088f00000, 0x0000000088f00000, 0x0000000089000000|  0%| F|  |TAMS 0x0000000088f00000, 0x0000000088f00000| Untracked 
| 144|0x0000000089000000, 0x0000000089000000, 0x0000000089100000|  0%| F|  |TAMS 0x0000000089000000, 0x0000000089000000| Untracked 
| 145|0x0000000089100000, 0x0000000089100000, 0x0000000089200000|  0%| F|  |TAMS 0x0000000089100000, 0x0000000089100000| Untracked 
| 146|0x0000000089200000, 0x0000000089272a10, 0x0000000089300000| 44%| S|CS|TAMS 0x0000000089200000, 0x0000000089200000| Complete 
| 147|0x0000000089300000, 0x0000000089400000, 0x0000000089400000|100%| S|CS|TAMS 0x0000000089300000, 0x0000000089300000| Complete 
| 148|0x0000000089400000, 0x0000000089500000, 0x0000000089500000|100%| S|CS|TAMS 0x0000000089400000, 0x0000000089400000| Complete 
| 149|0x0000000089500000, 0x0000000089600000, 0x0000000089600000|100%| S|CS|TAMS 0x0000000089500000, 0x0000000089500000| Complete 
| 150|0x0000000089600000, 0x0000000089700000, 0x0000000089700000|100%| S|CS|TAMS 0x0000000089600000, 0x0000000089600000| Complete 
| 151|0x0000000089700000, 0x0000000089800000, 0x0000000089800000|100%| S|CS|TAMS 0x0000000089700000, 0x0000000089700000| Complete 
| 152|0x0000000089800000, 0x0000000089900000, 0x0000000089900000|100%| S|CS|TAMS 0x0000000089800000, 0x0000000089800000| Complete 
| 153|0x0000000089900000, 0x0000000089a00000, 0x0000000089a00000|100%| S|CS|TAMS 0x0000000089900000, 0x0000000089900000| Complete 
| 154|0x0000000089a00000, 0x0000000089a00000, 0x0000000089b00000|  0%| F|  |TAMS 0x0000000089a00000, 0x0000000089a00000| Untracked 
| 155|0x0000000089b00000, 0x0000000089b00000, 0x0000000089c00000|  0%| F|  |TAMS 0x0000000089b00000, 0x0000000089b00000| Untracked 
| 156|0x0000000089c00000, 0x0000000089c00000, 0x0000000089d00000|  0%| F|  |TAMS 0x0000000089c00000, 0x0000000089c00000| Untracked 
| 157|0x0000000089d00000, 0x0000000089d00000, 0x0000000089e00000|  0%| F|  |TAMS 0x0000000089d00000, 0x0000000089d00000| Untracked 
| 158|0x0000000089e00000, 0x0000000089e00000, 0x0000000089f00000|  0%| F|  |TAMS 0x0000000089e00000, 0x0000000089e00000| Untracked 
| 159|0x0000000089f00000, 0x0000000089f00000, 0x000000008a000000|  0%| F|  |TAMS 0x0000000089f00000, 0x0000000089f00000| Untracked 
| 160|0x000000008a000000, 0x000000008a000000, 0x000000008a100000|  0%| F|  |TAMS 0x000000008a000000, 0x000000008a000000| Untracked 
| 161|0x000000008a100000, 0x000000008a100000, 0x000000008a200000|  0%| F|  |TAMS 0x000000008a100000, 0x000000008a100000| Untracked 
| 162|0x000000008a200000, 0x000000008a200000, 0x000000008a300000|  0%| F|  |TAMS 0x000000008a200000, 0x000000008a200000| Untracked 
| 163|0x000000008a300000, 0x000000008a300000, 0x000000008a400000|  0%| F|  |TAMS 0x000000008a300000, 0x000000008a300000| Untracked 
| 164|0x000000008a400000, 0x000000008a400000, 0x000000008a500000|  0%| F|  |TAMS 0x000000008a400000, 0x000000008a400000| Untracked 
| 165|0x000000008a500000, 0x000000008a500000, 0x000000008a600000|  0%| F|  |TAMS 0x000000008a500000, 0x000000008a500000| Untracked 
| 166|0x000000008a600000, 0x000000008a600000, 0x000000008a700000|  0%| F|  |TAMS 0x000000008a600000, 0x000000008a600000| Untracked 
| 167|0x000000008a700000, 0x000000008a700000, 0x000000008a800000|  0%| F|  |TAMS 0x000000008a700000, 0x000000008a700000| Untracked 
| 168|0x000000008a800000, 0x000000008a800000, 0x000000008a900000|  0%| F|  |TAMS 0x000000008a800000, 0x000000008a800000| Untracked 
| 169|0x000000008a900000, 0x000000008a900000, 0x000000008aa00000|  0%| F|  |TAMS 0x000000008a900000, 0x000000008a900000| Untracked 
| 170|0x000000008aa00000, 0x000000008aa00000, 0x000000008ab00000|  0%| F|  |TAMS 0x000000008aa00000, 0x000000008aa00000| Untracked 
| 171|0x000000008ab00000, 0x000000008ab00000, 0x000000008ac00000|  0%| F|  |TAMS 0x000000008ab00000, 0x000000008ab00000| Untracked 
| 172|0x000000008ac00000, 0x000000008ac00000, 0x000000008ad00000|  0%| F|  |TAMS 0x000000008ac00000, 0x000000008ac00000| Untracked 
| 173|0x000000008ad00000, 0x000000008ad00000, 0x000000008ae00000|  0%| F|  |TAMS 0x000000008ad00000, 0x000000008ad00000| Untracked 
| 174|0x000000008ae00000, 0x000000008ae00000, 0x000000008af00000|  0%| F|  |TAMS 0x000000008ae00000, 0x000000008ae00000| Untracked 
| 175|0x000000008af00000, 0x000000008af00000, 0x000000008b000000|  0%| F|  |TAMS 0x000000008af00000, 0x000000008af00000| Untracked 
| 176|0x000000008b000000, 0x000000008b000000, 0x000000008b100000|  0%| F|  |TAMS 0x000000008b000000, 0x000000008b000000| Untracked 
| 177|0x000000008b100000, 0x000000008b100000, 0x000000008b200000|  0%| F|  |TAMS 0x000000008b100000, 0x000000008b100000| Untracked 
| 178|0x000000008b200000, 0x000000008b200000, 0x000000008b300000|  0%| F|  |TAMS 0x000000008b200000, 0x000000008b200000| Untracked 
| 179|0x000000008b300000, 0x000000008b300000, 0x000000008b400000|  0%| F|  |TAMS 0x000000008b300000, 0x000000008b300000| Untracked 
| 180|0x000000008b400000, 0x000000008b400000, 0x000000008b500000|  0%| F|  |TAMS 0x000000008b400000, 0x000000008b400000| Untracked 
| 181|0x000000008b500000, 0x000000008b500000, 0x000000008b600000|  0%| F|  |TAMS 0x000000008b500000, 0x000000008b500000| Untracked 
| 182|0x000000008b600000, 0x000000008b600000, 0x000000008b700000|  0%| F|  |TAMS 0x000000008b600000, 0x000000008b600000| Untracked 
| 183|0x000000008b700000, 0x000000008b700000, 0x000000008b800000|  0%| F|  |TAMS 0x000000008b700000, 0x000000008b700000| Untracked 
| 184|0x000000008b800000, 0x000000008b800000, 0x000000008b900000|  0%| F|  |TAMS 0x000000008b800000, 0x000000008b800000| Untracked 
| 185|0x000000008b900000, 0x000000008b900000, 0x000000008ba00000|  0%| F|  |TAMS 0x000000008b900000, 0x000000008b900000| Untracked 
| 186|0x000000008ba00000, 0x000000008ba00000, 0x000000008bb00000|  0%| F|  |TAMS 0x000000008ba00000, 0x000000008ba00000| Untracked 
| 187|0x000000008bb00000, 0x000000008bb00000, 0x000000008bc00000|  0%| F|  |TAMS 0x000000008bb00000, 0x000000008bb00000| Untracked 
| 188|0x000000008bc00000, 0x000000008bc00000, 0x000000008bd00000|  0%| F|  |TAMS 0x000000008bc00000, 0x000000008bc00000| Untracked 
| 189|0x000000008bd00000, 0x000000008bd00000, 0x000000008be00000|  0%| F|  |TAMS 0x000000008bd00000, 0x000000008bd00000| Untracked 
| 190|0x000000008be00000, 0x000000008be00000, 0x000000008bf00000|  0%| F|  |TAMS 0x000000008be00000, 0x000000008be00000| Untracked 
| 191|0x000000008bf00000, 0x000000008bf00000, 0x000000008c000000|  0%| F|  |TAMS 0x000000008bf00000, 0x000000008bf00000| Untracked 
| 192|0x000000008c000000, 0x000000008c000000, 0x000000008c100000|  0%| F|  |TAMS 0x000000008c000000, 0x000000008c000000| Untracked 
| 193|0x000000008c100000, 0x000000008c100000, 0x000000008c200000|  0%| F|  |TAMS 0x000000008c100000, 0x000000008c100000| Untracked 
| 194|0x000000008c200000, 0x000000008c200000, 0x000000008c300000|  0%| F|  |TAMS 0x000000008c200000, 0x000000008c200000| Untracked 
| 195|0x000000008c300000, 0x000000008c300000, 0x000000008c400000|  0%| F|  |TAMS 0x000000008c300000, 0x000000008c300000| Untracked 
| 196|0x000000008c400000, 0x000000008c400000, 0x000000008c500000|  0%| F|  |TAMS 0x000000008c400000, 0x000000008c400000| Untracked 
| 197|0x000000008c500000, 0x000000008c500000, 0x000000008c600000|  0%| F|  |TAMS 0x000000008c500000, 0x000000008c500000| Untracked 
| 198|0x000000008c600000, 0x000000008c600000, 0x000000008c700000|  0%| F|  |TAMS 0x000000008c600000, 0x000000008c600000| Untracked 
| 199|0x000000008c700000, 0x000000008c700000, 0x000000008c800000|  0%| F|  |TAMS 0x000000008c700000, 0x000000008c700000| Untracked 
| 200|0x000000008c800000, 0x000000008c800000, 0x000000008c900000|  0%| F|  |TAMS 0x000000008c800000, 0x000000008c800000| Untracked 
| 201|0x000000008c900000, 0x000000008c900000, 0x000000008ca00000|  0%| F|  |TAMS 0x000000008c900000, 0x000000008c900000| Untracked 
| 202|0x000000008ca00000, 0x000000008ca00000, 0x000000008cb00000|  0%| F|  |TAMS 0x000000008ca00000, 0x000000008ca00000| Untracked 
| 203|0x000000008cb00000, 0x000000008cb00000, 0x000000008cc00000|  0%| F|  |TAMS 0x000000008cb00000, 0x000000008cb00000| Untracked 
| 204|0x000000008cc00000, 0x000000008cc00000, 0x000000008cd00000|  0%| F|  |TAMS 0x000000008cc00000, 0x000000008cc00000| Untracked 
| 205|0x000000008cd00000, 0x000000008cd00000, 0x000000008ce00000|  0%| F|  |TAMS 0x000000008cd00000, 0x000000008cd00000| Untracked 
| 206|0x000000008ce00000, 0x000000008ce00000, 0x000000008cf00000|  0%| F|  |TAMS 0x000000008ce00000, 0x000000008ce00000| Untracked 
| 207|0x000000008cf00000, 0x000000008cf00000, 0x000000008d000000|  0%| F|  |TAMS 0x000000008cf00000, 0x000000008cf00000| Untracked 
| 208|0x000000008d000000, 0x000000008d000000, 0x000000008d100000|  0%| F|  |TAMS 0x000000008d000000, 0x000000008d000000| Untracked 
| 209|0x000000008d100000, 0x000000008d100000, 0x000000008d200000|  0%| F|  |TAMS 0x000000008d100000, 0x000000008d100000| Untracked 
| 210|0x000000008d200000, 0x000000008d200000, 0x000000008d300000|  0%| F|  |TAMS 0x000000008d200000, 0x000000008d200000| Untracked 
| 211|0x000000008d300000, 0x000000008d300000, 0x000000008d400000|  0%| F|  |TAMS 0x000000008d300000, 0x000000008d300000| Untracked 
| 212|0x000000008d400000, 0x000000008d400000, 0x000000008d500000|  0%| F|  |TAMS 0x000000008d400000, 0x000000008d400000| Untracked 
| 213|0x000000008d500000, 0x000000008d500000, 0x000000008d600000|  0%| F|  |TAMS 0x000000008d500000, 0x000000008d500000| Untracked 
| 214|0x000000008d600000, 0x000000008d600000, 0x000000008d700000|  0%| F|  |TAMS 0x000000008d600000, 0x000000008d600000| Untracked 
| 215|0x000000008d700000, 0x000000008d700000, 0x000000008d800000|  0%| F|  |TAMS 0x000000008d700000, 0x000000008d700000| Untracked 
| 216|0x000000008d800000, 0x000000008d800000, 0x000000008d900000|  0%| F|  |TAMS 0x000000008d800000, 0x000000008d800000| Untracked 
| 217|0x000000008d900000, 0x000000008d900000, 0x000000008da00000|  0%| F|  |TAMS 0x000000008d900000, 0x000000008d900000| Untracked 
| 218|0x000000008da00000, 0x000000008da00000, 0x000000008db00000|  0%| F|  |TAMS 0x000000008da00000, 0x000000008da00000| Untracked 
| 219|0x000000008db00000, 0x000000008db00000, 0x000000008dc00000|  0%| F|  |TAMS 0x000000008db00000, 0x000000008db00000| Untracked 
| 220|0x000000008dc00000, 0x000000008dc00000, 0x000000008dd00000|  0%| F|  |TAMS 0x000000008dc00000, 0x000000008dc00000| Untracked 
| 221|0x000000008dd00000, 0x000000008dd00000, 0x000000008de00000|  0%| F|  |TAMS 0x000000008dd00000, 0x000000008dd00000| Untracked 
| 222|0x000000008de00000, 0x000000008de00000, 0x000000008df00000|  0%| F|  |TAMS 0x000000008de00000, 0x000000008de00000| Untracked 
| 223|0x000000008df00000, 0x000000008df00000, 0x000000008e000000|  0%| F|  |TAMS 0x000000008df00000, 0x000000008df00000| Untracked 
| 224|0x000000008e000000, 0x000000008e000000, 0x000000008e100000|  0%| F|  |TAMS 0x000000008e000000, 0x000000008e000000| Untracked 
| 225|0x000000008e100000, 0x000000008e100000, 0x000000008e200000|  0%| F|  |TAMS 0x000000008e100000, 0x000000008e100000| Untracked 
| 226|0x000000008e200000, 0x000000008e200000, 0x000000008e300000|  0%| F|  |TAMS 0x000000008e200000, 0x000000008e200000| Untracked 
| 227|0x000000008e300000, 0x000000008e300000, 0x000000008e400000|  0%| F|  |TAMS 0x000000008e300000, 0x000000008e300000| Untracked 
| 228|0x000000008e400000, 0x000000008e400000, 0x000000008e500000|  0%| F|  |TAMS 0x000000008e400000, 0x000000008e400000| Untracked 
| 229|0x000000008e500000, 0x000000008e500000, 0x000000008e600000|  0%| F|  |TAMS 0x000000008e500000, 0x000000008e500000| Untracked 
| 230|0x000000008e600000, 0x000000008e600000, 0x000000008e700000|  0%| F|  |TAMS 0x000000008e600000, 0x000000008e600000| Untracked 
| 231|0x000000008e700000, 0x000000008e700000, 0x000000008e800000|  0%| F|  |TAMS 0x000000008e700000, 0x000000008e700000| Untracked 
| 232|0x000000008e800000, 0x000000008e800000, 0x000000008e900000|  0%| F|  |TAMS 0x000000008e800000, 0x000000008e800000| Untracked 
| 233|0x000000008e900000, 0x000000008e900000, 0x000000008ea00000|  0%| F|  |TAMS 0x000000008e900000, 0x000000008e900000| Untracked 
| 234|0x000000008ea00000, 0x000000008ea00000, 0x000000008eb00000|  0%| F|  |TAMS 0x000000008ea00000, 0x000000008ea00000| Untracked 
| 235|0x000000008eb00000, 0x000000008eb00000, 0x000000008ec00000|  0%| F|  |TAMS 0x000000008eb00000, 0x000000008eb00000| Untracked 
| 236|0x000000008ec00000, 0x000000008ec00000, 0x000000008ed00000|  0%| F|  |TAMS 0x000000008ec00000, 0x000000008ec00000| Untracked 
| 237|0x000000008ed00000, 0x000000008ed00000, 0x000000008ee00000|  0%| F|  |TAMS 0x000000008ed00000, 0x000000008ed00000| Untracked 
| 238|0x000000008ee00000, 0x000000008ee00000, 0x000000008ef00000|  0%| F|  |TAMS 0x000000008ee00000, 0x000000008ee00000| Untracked 
| 239|0x000000008ef00000, 0x000000008ef00000, 0x000000008f000000|  0%| F|  |TAMS 0x000000008ef00000, 0x000000008ef00000| Untracked 
| 240|0x000000008f000000, 0x000000008f000000, 0x000000008f100000|  0%| F|  |TAMS 0x000000008f000000, 0x000000008f000000| Untracked 
| 241|0x000000008f100000, 0x000000008f100000, 0x000000008f200000|  0%| F|  |TAMS 0x000000008f100000, 0x000000008f100000| Untracked 
| 242|0x000000008f200000, 0x000000008f200000, 0x000000008f300000|  0%| F|  |TAMS 0x000000008f200000, 0x000000008f200000| Untracked 
| 243|0x000000008f300000, 0x000000008f300000, 0x000000008f400000|  0%| F|  |TAMS 0x000000008f300000, 0x000000008f300000| Untracked 
| 244|0x000000008f400000, 0x000000008f400000, 0x000000008f500000|  0%| F|  |TAMS 0x000000008f400000, 0x000000008f400000| Untracked 
| 245|0x000000008f500000, 0x000000008f500000, 0x000000008f600000|  0%| F|  |TAMS 0x000000008f500000, 0x000000008f500000| Untracked 
| 246|0x000000008f600000, 0x000000008f600000, 0x000000008f700000|  0%| F|  |TAMS 0x000000008f600000, 0x000000008f600000| Untracked 
| 247|0x000000008f700000, 0x000000008f700000, 0x000000008f800000|  0%| F|  |TAMS 0x000000008f700000, 0x000000008f700000| Untracked 
| 248|0x000000008f800000, 0x000000008f800000, 0x000000008f900000|  0%| F|  |TAMS 0x000000008f800000, 0x000000008f800000| Untracked 
| 249|0x000000008f900000, 0x000000008f900000, 0x000000008fa00000|  0%| F|  |TAMS 0x000000008f900000, 0x000000008f900000| Untracked 
| 250|0x000000008fa00000, 0x000000008fa00000, 0x000000008fb00000|  0%| F|  |TAMS 0x000000008fa00000, 0x000000008fa00000| Untracked 
| 251|0x000000008fb00000, 0x000000008fb00000, 0x000000008fc00000|  0%| F|  |TAMS 0x000000008fb00000, 0x000000008fb00000| Untracked 
| 252|0x000000008fc00000, 0x000000008fc00000, 0x000000008fd00000|  0%| F|  |TAMS 0x000000008fc00000, 0x000000008fc00000| Untracked 
| 253|0x000000008fd00000, 0x000000008fd00000, 0x000000008fe00000|  0%| F|  |TAMS 0x000000008fd00000, 0x000000008fd00000| Untracked 
| 254|0x000000008fe00000, 0x000000008fe00000, 0x000000008ff00000|  0%| F|  |TAMS 0x000000008fe00000, 0x000000008fe00000| Untracked 
| 255|0x000000008ff00000, 0x000000008ff00000, 0x0000000090000000|  0%| F|  |TAMS 0x000000008ff00000, 0x000000008ff00000| Untracked 

Card table byte_map: [0x000002244c320000,0x000002244c720000] _byte_map_base: 0x000002244bf20000

Marking Bits (Prev, Next): (CMBitMap*) 0x0000022437434540, (CMBitMap*) 0x0000022437434508
 Prev Bits: [0x000002244eb20000, 0x0000022450b20000)
 Next Bits: [0x000002244cb20000, 0x000002244eb20000)

Polling page: 0x00000224374c0000

Metaspace:

Usage:
  Non-class:     58.65 MB capacity,    57.54 MB ( 98%) used,   962.55 KB (  2%) free+waste,   175.19 KB ( <1%) overhead. 
      Class:      9.05 MB capacity,     8.47 MB ( 94%) used,   508.35 KB (  5%) free+waste,    82.94 KB ( <1%) overhead. 
       Both:     67.70 MB capacity,    66.01 MB ( 98%) used,     1.44 MB (  2%) free+waste,   258.13 KB ( <1%) overhead. 

Virtual space:
  Non-class space:       60.00 MB reserved,      58.75 MB ( 98%) committed 
      Class space:        1.00 GB reserved,       9.07 MB ( <1%) committed 
             Both:        1.06 GB reserved,      67.82 MB (  6%) committed 

Chunk freelists:
   Non-Class:  38.00 KB
       Class:  16.00 KB
        Both:  54.00 KB

MaxMetaspaceSize: 17179869184.00 GB
CompressedClassSpaceSize: 1.00 GB
Initial GC threshold: 20.80 MB
Current GC threshold: 98.88 MB
CDS: off

CodeHeap 'non-profiled nmethods': size=120064Kb used=3936Kb max_used=3936Kb free=116127Kb
 bounds [0x00000224441a0000, 0x0000022444580000, 0x000002244b6e0000]
CodeHeap 'profiled nmethods': size=120000Kb used=14590Kb max_used=14590Kb free=105409Kb
 bounds [0x000002243cc70000, 0x000002243dab0000, 0x00000224441a0000]
CodeHeap 'non-nmethods': size=5696Kb used=2350Kb max_used=2390Kb free=3345Kb
 bounds [0x000002243c6e0000, 0x000002243c950000, 0x000002243cc70000]
 total_blobs=7598 nmethods=6739 adapters=771
 compilation: enabled
              stopped_count=0, restarted_count=0
 full_count=0

Compilation events (20 events):
Event: 18.133 Thread 0x0000022453cb9000 6764       3       java.beans.PropertyDescriptor::setPropertyEditorClass (9 bytes)
Event: 18.133 Thread 0x0000022453cb9000 nmethod 6764 0x000002243daa8310 code [0x000002243daa8500, 0x000002243daa8888]
Event: 18.133 Thread 0x0000022453cb9000 6765  s    3       java.beans.PropertyDescriptor::setWriteMethod (19 bytes)
Event: 18.134 Thread 0x0000022453cb9000 nmethod 6765 0x000002243daa8a10 code [0x000002243daa8c20, 0x000002243daa92b8]
Event: 18.204 Thread 0x0000022453cb9000 6771       3       java.util.stream.SpinedBuffer::copyInto (129 bytes)
Event: 18.205 Thread 0x0000022453cb9000 nmethod 6771 0x000002243daa9490 code [0x000002243daa96e0, 0x000002243daaa0f8]
Event: 18.212 Thread 0x0000022453cb9000 6772       3       org.codehaus.groovy.reflection.CachedClass$3::initValue (5 bytes)
Event: 18.213 Thread 0x0000022453cb9000 nmethod 6772 0x000002243daaa410 code [0x000002243daaa5c0, 0x000002243daaa708]
Event: 18.213 Thread 0x0000022453cb9000 6773       3       org.codehaus.groovy.reflection.CachedClass$3$$Lambda$323/0x0000000100491c40::run (8 bytes)
Event: 18.213 Thread 0x0000022453cb9000 nmethod 6773 0x000002243daaa790 code [0x000002243daaa940, 0x000002243daaaa68]
Event: 18.213 Thread 0x0000022453cb9000 6774       3       org.codehaus.groovy.reflection.CachedClass$3$$Lambda$327/0x00000001004c8440::apply (5 bytes)
Event: 18.213 Thread 0x0000022453cb9000 nmethod 6774 0x000002243daaab90 code [0x000002243daaad40, 0x000002243daaaf38]
Event: 18.221 Thread 0x0000022453cb9000 6775       2       com.sun.beans.introspect.MethodInfo$MethodOrder::compare (13 bytes)
Event: 18.221 Thread 0x0000022453cb9000 nmethod 6775 0x000002243daab010 code [0x000002243daab1c0, 0x000002243daab348]
Event: 18.223 Thread 0x0000022453cb9000 6776       3       java.beans.Introspector::getTargetMethodInfo (250 bytes)
Event: 18.225 Thread 0x0000022453cb9000 nmethod 6776 0x000002243daab410 code [0x000002243daab7c0, 0x000002243daace98]
Event: 18.225 Thread 0x0000022453cb9000 6777       3       java.beans.PropertyDescriptor::<init> (112 bytes)
Event: 18.226 Thread 0x0000022453cb9000 nmethod 6777 0x000002243daad610 code [0x000002243daad840, 0x000002243daadf68]
Event: 18.226 Thread 0x0000022453cb9000 6778   !   3       java.beans.PropertyDescriptor::updateGenericsFor (37 bytes)
Event: 18.227 Thread 0x0000022453cb9000 nmethod 6778 0x000002243daae210 code [0x000002243daae4e0, 0x000002243daaf538]

GC Heap History (19 events):
Event: 1.556 GC heap before
{Heap before GC invocations=0 (full 0):
 garbage-first heap   total 262144K, used 27648K [0x0000000080000000, 0x0000000100000000)
  region size 1024K, 22 young (22528K), 0 survivors (0K)
 Metaspace       used 9616K, capacity 9821K, committed 10112K, reserved 1058816K
  class space    used 991K, capacity 1068K, committed 1152K, reserved 1048576K
}
Event: 1.586 GC heap after
{Heap after GC invocations=1 (full 0):
 garbage-first heap   total 262144K, used 9128K [0x0000000080000000, 0x0000000100000000)
  region size 1024K, 3 young (3072K), 3 survivors (3072K)
 Metaspace       used 9616K, capacity 9821K, committed 10112K, reserved 1058816K
  class space    used 991K, capacity 1068K, committed 1152K, reserved 1048576K
}
Event: 2.927 GC heap before
{Heap before GC invocations=1 (full 0):
 garbage-first heap   total 262144K, used 38824K [0x0000000080000000, 0x0000000100000000)
  region size 1024K, 32 young (32768K), 3 survivors (3072K)
 Metaspace       used 10834K, capacity 11069K, committed 11264K, reserved 1058816K
  class space    used 1130K, capacity 1207K, committed 1280K, reserved 1048576K
}
Event: 2.931 GC heap after
{Heap after GC invocations=2 (full 0):
 garbage-first heap   total 262144K, used 10934K [0x0000000080000000, 0x0000000100000000)
  region size 1024K, 2 young (2048K), 2 survivors (2048K)
 Metaspace       used 10834K, capacity 11069K, committed 11264K, reserved 1058816K
  class space    used 1130K, capacity 1207K, committed 1280K, reserved 1048576K
}
Event: 4.621 GC heap before
{Heap before GC invocations=2 (full 0):
 garbage-first heap   total 262144K, used 52918K [0x0000000080000000, 0x0000000100000000)
  region size 1024K, 43 young (44032K), 2 survivors (2048K)
 Metaspace       used 17618K, capacity 18016K, committed 18176K, reserved 1064960K
  class space    used 2054K, capacity 2194K, committed 2304K, reserved 1048576K
}
Event: 4.629 GC heap after
{Heap after GC invocations=3 (full 0):
 garbage-first heap   total 262144K, used 16173K [0x0000000080000000, 0x0000000100000000)
  region size 1024K, 6 young (6144K), 6 survivors (6144K)
 Metaspace       used 17618K, capacity 18016K, committed 18176K, reserved 1064960K
  class space    used 2054K, capacity 2194K, committed 2304K, reserved 1048576K
}
Event: 5.165 GC heap before
{Heap before GC invocations=3 (full 0):
 garbage-first heap   total 262144K, used 47917K [0x0000000080000000, 0x0000000100000000)
  region size 1024K, 38 young (38912K), 6 survivors (6144K)
 Metaspace       used 20713K, capacity 21148K, committed 21248K, reserved 1067008K
  class space    used 2545K, capacity 2727K, committed 2816K, reserved 1048576K
}
Event: 5.176 GC heap after
{Heap after GC invocations=4 (full 0):
 garbage-first heap   total 262144K, used 17067K [0x0000000080000000, 0x0000000100000000)
  region size 1024K, 6 young (6144K), 6 survivors (6144K)
 Metaspace       used 20713K, capacity 21148K, committed 21248K, reserved 1067008K
  class space    used 2545K, capacity 2727K, committed 2816K, reserved 1048576K
}
Event: 6.820 GC heap before
{Heap before GC invocations=5 (full 0):
 garbage-first heap   total 262144K, used 84651K [0x0000000080000000, 0x0000000100000000)
  region size 1024K, 68 young (69632K), 6 survivors (6144K)
 Metaspace       used 27407K, capacity 28069K, committed 28160K, reserved 1073152K
  class space    used 3586K, capacity 3829K, committed 3840K, reserved 1048576K
}
Event: 6.834 GC heap after
{Heap after GC invocations=6 (full 0):
 garbage-first heap   total 262144K, used 25429K [0x0000000080000000, 0x0000000100000000)
  region size 1024K, 5 young (5120K), 5 survivors (5120K)
 Metaspace       used 27407K, capacity 28069K, committed 28160K, reserved 1073152K
  class space    used 3586K, capacity 3829K, committed 3840K, reserved 1048576K
}
Event: 8.487 GC heap before
{Heap before GC invocations=6 (full 0):
 garbage-first heap   total 262144K, used 103253K [0x0000000080000000, 0x0000000100000000)
  region size 1024K, 77 young (78848K), 5 survivors (5120K)
 Metaspace       used 34913K, capacity 35835K, committed 35840K, reserved 1081344K
  class space    used 4653K, capacity 4987K, committed 4992K, reserved 1048576K
}
Event: 8.511 GC heap after
{Heap after GC invocations=7 (full 0):
 garbage-first heap   total 262144K, used 35718K [0x0000000080000000, 0x0000000100000000)
  region size 1024K, 10 young (10240K), 10 survivors (10240K)
 Metaspace       used 34913K, capacity 35835K, committed 35840K, reserved 1081344K
  class space    used 4653K, capacity 4987K, committed 4992K, reserved 1048576K
}
Event: 12.096 GC heap before
{Heap before GC invocations=8 (full 0):
 garbage-first heap   total 262144K, used 189318K [0x0000000080000000, 0x0000000100000000)
  region size 1024K, 153 young (156672K), 10 survivors (10240K)
 Metaspace       used 47541K, capacity 48860K, committed 49024K, reserved 1091584K
  class space    used 6075K, capacity 6520K, committed 6528K, reserved 1048576K
}
Event: 12.124 GC heap after
{Heap after GC invocations=9 (full 0):
 garbage-first heap   total 262144K, used 51177K [0x0000000080000000, 0x0000000100000000)
  region size 1024K, 20 young (20480K), 20 survivors (20480K)
 Metaspace       used 47541K, capacity 48860K, committed 49024K, reserved 1091584K
  class space    used 6075K, capacity 6520K, committed 6528K, reserved 1048576K
}
Event: 15.684 GC heap before
{Heap before GC invocations=9 (full 0):
 garbage-first heap   total 262144K, used 195561K [0x0000000080000000, 0x0000000100000000)
  region size 1024K, 153 young (156672K), 20 survivors (20480K)
 Metaspace       used 57381K, capacity 58880K, committed 59136K, reserved 1099776K
  class space    used 7394K, capacity 7931K, committed 7936K, reserved 1048576K
}
Event: 15.724 GC heap after
{Heap after GC invocations=10 (full 0):
 garbage-first heap   total 262144K, used 71617K [0x0000000080000000, 0x0000000100000000)
  region size 1024K, 12 young (12288K), 12 survivors (12288K)
 Metaspace       used 57381K, capacity 58880K, committed 59136K, reserved 1099776K
  class space    used 7394K, capacity 7931K, committed 7936K, reserved 1048576K
}
Event: 15.859 GC heap before
{Heap before GC invocations=10 (full 0):
 garbage-first heap   total 262144K, used 77761K [0x0000000080000000, 0x0000000100000000)
  region size 1024K, 19 young (19456K), 12 survivors (12288K)
 Metaspace       used 58579K, capacity 60102K, committed 60160K, reserved 1101824K
  class space    used 7511K, capacity 8061K, committed 8064K, reserved 1048576K
}
Event: 15.892 GC heap after
{Heap after GC invocations=11 (full 0):
 garbage-first heap   total 262144K, used 72044K [0x0000000080000000, 0x0000000100000000)
  region size 1024K, 1 young (1024K), 1 survivors (1024K)
 Metaspace       used 58579K, capacity 60102K, committed 60160K, reserved 1101824K
  class space    used 7511K, capacity 8061K, committed 8064K, reserved 1048576K
}
Event: 18.232 GC heap before
{Heap before GC invocations=12 (full 0):
 garbage-first heap   total 262144K, used 175468K [0x0000000080000000, 0x0000000100000000)
  region size 1024K, 102 young (104448K), 1 survivors (1024K)
 Metaspace       used 67592K, capacity 69322K, committed 69452K, reserved 1110016K
  class space    used 8672K, capacity 9264K, committed 9292K, reserved 1048576K
}

Deoptimization events (20 events):
Event: 17.912 Thread 0x0000022456534800 Uncommon trap: trap_request=0xffffff4d fr.pc=0x00000224441f0f20 relative=0x0000000000000460
Event: 17.912 Thread 0x0000022456534800 Uncommon trap: reason=unstable_if action=reinterpret pc=0x00000224441f0f20 method=java.lang.AbstractStringBuilder.putStringAt(ILjava/lang/String;)V @ 8 c2
Event: 17.912 Thread 0x0000022456534800 DEOPT PACKING pc=0x00000224441f0f20 sp=0x000000c94c6f64c0
Event: 17.912 Thread 0x0000022456534800 DEOPT UNPACKING pc=0x000002243c72a1af sp=0x000000c94c6f6420 mode 2
Event: 17.912 Thread 0x0000022456534800 Uncommon trap: trap_request=0xffffff4d fr.pc=0x00000224441d536c relative=0x00000000000000cc
Event: 17.912 Thread 0x0000022456534800 Uncommon trap: reason=unstable_if action=reinterpret pc=0x00000224441d536c method=java.lang.String.getBytes([BIB)V @ 5 c2
Event: 17.912 Thread 0x0000022456534800 DEOPT PACKING pc=0x00000224441d536c sp=0x000000c94c6f63d0
Event: 17.912 Thread 0x0000022456534800 DEOPT UNPACKING pc=0x000002243c72a1af sp=0x000000c94c6f6398 mode 2
Event: 18.094 Thread 0x0000022456534800 Uncommon trap: trap_request=0xffffff4d fr.pc=0x000002244435c2f8 relative=0x0000000000000338
Event: 18.094 Thread 0x0000022456534800 Uncommon trap: reason=unstable_if action=reinterpret pc=0x000002244435c2f8 method=java.util.StringJoiner.add(Ljava/lang/CharSequence;)Ljava/util/StringJoiner; @ 33 c2
Event: 18.094 Thread 0x0000022456534800 DEOPT PACKING pc=0x000002244435c2f8 sp=0x000000c94c6f53f0
Event: 18.094 Thread 0x0000022456534800 DEOPT UNPACKING pc=0x000002243c72a1af sp=0x000000c94c6f53a0 mode 2
Event: 18.119 Thread 0x0000022456534800 Uncommon trap: trap_request=0xffffff4d fr.pc=0x00000224444a89f8 relative=0x0000000000000678
Event: 18.119 Thread 0x0000022456534800 Uncommon trap: reason=unstable_if action=reinterpret pc=0x00000224444a89f8 method=groovy.lang.MetaClassImpl.filterPropertyMethod(Ljava/lang/Object;ZZ)Ljava/lang/Object; @ 60 c2
Event: 18.119 Thread 0x0000022456534800 DEOPT PACKING pc=0x00000224444a89f8 sp=0x000000c94c6f7890
Event: 18.119 Thread 0x0000022456534800 DEOPT UNPACKING pc=0x000002243c72a1af sp=0x000000c94c6f77f0 mode 2
Event: 18.220 Thread 0x0000022456534800 Uncommon trap: trap_request=0xfffffff4 fr.pc=0x00000224443ffe6c relative=0x00000000000009cc
Event: 18.220 Thread 0x0000022456534800 Uncommon trap: reason=null_check action=make_not_entrant pc=0x00000224443ffe6c method=com.sun.beans.introspect.MethodInfo$MethodOrder.compare(Ljava/lang/reflect/Method;Ljava/lang/reflect/Method;)I @ 133 c2
Event: 18.220 Thread 0x0000022456534800 DEOPT PACKING pc=0x00000224443ffe6c sp=0x000000c94c6f33a0
Event: 18.220 Thread 0x0000022456534800 DEOPT UNPACKING pc=0x000002243c72a1af sp=0x000000c94c6f32d0 mode 2

Classes redefined (0 events):
No events

Internal exceptions (20 events):
Event: 18.091 Thread 0x0000022456534800 Exception <a 'java/lang/ClassNotFoundException'{0x000000008a697c88}: com/android/build/gradle/TestedExtensionBeanInfo> (0x000000008a697c88) thrown at [./src/hotspot/share/classfile/systemDictionary.cpp, line 231]
Event: 18.092 Thread 0x0000022456534800 Exception <a 'java/lang/ClassNotFoundException'{0x000000008a6af220}: com/android/build/gradle/BaseExtensionBeanInfo> (0x000000008a6af220) thrown at [./src/hotspot/share/classfile/systemDictionary.cpp, line 231]
Event: 18.092 Thread 0x0000022456534800 Exception <a 'java/lang/ClassNotFoundException'{0x000000008a6c6830}: com/android/build/gradle/BaseExtensionCustomizer> (0x000000008a6c6830) thrown at [./src/hotspot/share/classfile/systemDictionary.cpp, line 231]
Event: 18.096 Thread 0x0000022456534800 Exception <a 'java/lang/ClassNotFoundException'{0x000000008a537510}: com/android/build/gradle/TestedExtensionCustomizer> (0x000000008a537510) thrown at [./src/hotspot/share/classfile/systemDictionary.cpp, line 231]
Event: 18.097 Thread 0x0000022456534800 Exception <a 'java/lang/ClassNotFoundException'{0x000000008a569fc8}: com/android/build/gradle/AbstractAppExtensionCustomizer> (0x000000008a569fc8) thrown at [./src/hotspot/share/classfile/systemDictionary.cpp, line 231]
Event: 18.099 Thread 0x0000022456534800 Exception <a 'java/lang/ClassNotFoundException'{0x000000008a597c80}: com/android/build/gradle/AppExtensionCustomizer> (0x000000008a597c80) thrown at [./src/hotspot/share/classfile/systemDictionary.cpp, line 231]
Event: 18.100 Thread 0x0000022456534800 Exception <a 'java/lang/ClassNotFoundException'{0x000000008a5c7c10}: com/android/build/gradle/internal/dsl/BaseAppModuleExtensionCustomizer> (0x000000008a5c7c10) thrown at [./src/hotspot/share/classfile/systemDictionary.cpp, line 231]
Event: 18.110 Thread 0x0000022456534800 Exception <a 'java/lang/ClassNotFoundException'{0x000000008a4b2418}: com/android/build/gradle/internal/dsl/BaseAppModuleExtension_DecoratedCustomizer> (0x000000008a4b2418) thrown at [./src/hotspot/share/classfile/systemDictionary.cpp, line 231]
Event: 18.215 Thread 0x0000022456534800 Exception <a 'java/lang/ClassNotFoundException'{0x0000000089b15f98}: com/android/build/gradle/internal/dsl/DefaultConfig$AgpDecorated_DecoratedBeanInfo> (0x0000000089b15f98) thrown at [./src/hotspot/share/classfile/systemDictionary.cpp, line 231]
Event: 18.216 Thread 0x0000022456534800 Exception <a 'java/lang/ClassNotFoundException'{0x0000000089b32678}: com/android/build/gradle/internal/dsl/DefaultConfig$AgpDecoratedBeanInfo> (0x0000000089b32678) thrown at [./src/hotspot/share/classfile/systemDictionary.cpp, line 231]
Event: 18.217 Thread 0x0000022456534800 Exception <a 'java/lang/ClassNotFoundException'{0x0000000089b4d628}: com/android/build/gradle/internal/dsl/DefaultConfigBeanInfo> (0x0000000089b4d628) thrown at [./src/hotspot/share/classfile/systemDictionary.cpp, line 231]
Event: 18.218 Thread 0x0000022456534800 Exception <a 'java/lang/ClassNotFoundException'{0x0000000089b67470}: com/android/build/gradle/internal/dsl/BaseFlavorBeanInfo> (0x0000000089b67470) thrown at [./src/hotspot/share/classfile/systemDictionary.cpp, line 231]
Event: 18.218 Thread 0x0000022456534800 Exception <a 'java/lang/ClassNotFoundException'{0x0000000089b81410}: com/android/builder/core/AbstractProductFlavorBeanInfo> (0x0000000089b81410) thrown at [./src/hotspot/share/classfile/systemDictionary.cpp, line 231]
Event: 18.219 Thread 0x0000022456534800 Exception <a 'java/lang/ClassNotFoundException'{0x0000000089b9aee0}: com/android/builder/internal/BaseConfigImplBeanInfo> (0x0000000089b9aee0) thrown at [./src/hotspot/share/classfile/systemDictionary.cpp, line 231]
Event: 18.220 Thread 0x0000022456534800 Exception <a 'java/lang/ClassNotFoundException'{0x0000000089bb4a20}: com/android/builder/internal/BaseConfigImplCustomizer> (0x0000000089bb4a20) thrown at [./src/hotspot/share/classfile/systemDictionary.cpp, line 231]
Event: 18.220 Thread 0x0000022456534800 Implicit null exception at 0x00000224443ff803 to 0x00000224443ffe58
Event: 18.222 Thread 0x0000022456534800 Exception <a 'java/lang/ClassNotFoundException'{0x0000000089bed0c8}: com/android/builder/core/AbstractProductFlavorCustomizer> (0x0000000089bed0c8) thrown at [./src/hotspot/share/classfile/systemDictionary.cpp, line 231]
Event: 18.225 Thread 0x0000022456534800 Exception <a 'java/lang/ClassNotFoundException'{0x0000000089a422c8}: com/android/build/gradle/internal/dsl/BaseFlavorCustomizer> (0x0000000089a422c8) thrown at [./src/hotspot/share/classfile/systemDictionary.cpp, line 231]
Event: 18.229 Thread 0x0000022456534800 Exception <a 'java/lang/ClassNotFoundException'{0x0000000089abc9d0}: com/android/build/gradle/internal/dsl/DefaultConfigCustomizer> (0x0000000089abc9d0) thrown at [./src/hotspot/share/classfile/systemDictionary.cpp, line 231]
Event: 18.231 Thread 0x0000022456534800 Exception <a 'java/lang/ClassNotFoundException'{0x0000000089af15b8}: com/android/build/gradle/internal/dsl/DefaultConfig$AgpDecoratedCustomizer> (0x0000000089af15b8) thrown at [./src/hotspot/share/classfile/systemDictionary.cpp, line 231]

Events (20 events):
Event: 18.220 loading class com/android/builder/internal/BaseConfigImplCustomizer done
Event: 18.221 loading class com/android/builder/core/AbstractProductFlavorCustomizer
Event: 18.221 loading class com/android/builder/core/AbstractProductFlavorCustomizer done
Event: 18.222 loading class com/android/builder/core/AbstractProductFlavorCustomizer
Event: 18.222 loading class com/android/builder/core/AbstractProductFlavorCustomizer done
Event: 18.224 loading class com/android/build/gradle/internal/dsl/BaseFlavorCustomizer
Event: 18.224 loading class com/android/build/gradle/internal/dsl/BaseFlavorCustomizer done
Event: 18.225 loading class com/android/build/gradle/internal/dsl/BaseFlavorCustomizer
Event: 18.225 loading class com/android/build/gradle/internal/dsl/BaseFlavorCustomizer done
Event: 18.227 loading class java/beans/IntrospectionException
Event: 18.227 loading class java/beans/IntrospectionException done
Event: 18.228 loading class com/android/build/gradle/internal/dsl/DefaultConfigCustomizer
Event: 18.228 loading class com/android/build/gradle/internal/dsl/DefaultConfigCustomizer done
Event: 18.229 loading class com/android/build/gradle/internal/dsl/DefaultConfigCustomizer
Event: 18.229 loading class com/android/build/gradle/internal/dsl/DefaultConfigCustomizer done
Event: 18.230 loading class com/android/build/gradle/internal/dsl/DefaultConfig$AgpDecoratedCustomizer
Event: 18.230 loading class com/android/build/gradle/internal/dsl/DefaultConfig$AgpDecoratedCustomizer done
Event: 18.231 loading class com/android/build/gradle/internal/dsl/DefaultConfig$AgpDecoratedCustomizer
Event: 18.231 loading class com/android/build/gradle/internal/dsl/DefaultConfig$AgpDecoratedCustomizer done
Event: 18.231 Executing VM operation: G1CollectForAllocation


Dynamic libraries:
0x00007ff6ad2d0000 - 0x00007ff6ad2da000 	C:\Program Files\Android\Android Studio1\jre\bin\java.exe
0x00007ff8accb0000 - 0x00007ff8acea4000 	C:\Windows\SYSTEM32\ntdll.dll
0x00007ff8ac9d0000 - 0x00007ff8aca8d000 	C:\Windows\System32\KERNEL32.DLL
0x00007ff8aa660000 - 0x00007ff8aa927000 	C:\Windows\System32\KERNELBASE.dll
0x00007ff8770c0000 - 0x00007ff8770f3000 	C:\ProgramData\FastTrack Software\Admin By Request\ShellHelper64.dll
0x00007ff8ab010000 - 0x00007ff8ab065000 	C:\Windows\System32\SHLWAPI.dll
0x00007ff8acb20000 - 0x00007ff8acbbe000 	C:\Windows\System32\msvcrt.dll
0x00007ff8aae30000 - 0x00007ff8aaeda000 	C:\Windows\System32\ADVAPI32.dll
0x00007ff8ac860000 - 0x00007ff8ac8fb000 	C:\Windows\System32\sechost.dll
0x00007ff8aaee0000 - 0x00007ff8ab003000 	C:\Windows\System32\RPCRT4.dll
0x00007ff8abe00000 - 0x00007ff8ac531000 	C:\Windows\System32\SHELL32.dll
0x00007ff8aa400000 - 0x00007ff8aa49d000 	C:\Windows\System32\msvcp_win.dll
0x00007ff8aa9b0000 - 0x00007ff8aaab0000 	C:\Windows\System32\ucrtbase.dll
0x00007ff8ab750000 - 0x00007ff8ab8f0000 	C:\Windows\System32\USER32.dll
0x00007ff8aa600000 - 0x00007ff8aa622000 	C:\Windows\System32\win32u.dll
0x00007ff8abd70000 - 0x00007ff8abd9a000 	C:\Windows\System32\GDI32.dll
0x00007ff8aa4f0000 - 0x00007ff8aa5f9000 	C:\Windows\System32\gdi32full.dll
0x00007ff89cd10000 - 0x00007ff89cd29000 	C:\Program Files\Android\Android Studio1\jre\bin\jli.dll
0x00007ff8963c0000 - 0x00007ff89665a000 	C:\Windows\WinSxS\amd64_microsoft.windows.common-controls_6595b64144ccf1df_6.0.19041.1_none_b555e41d4684ddec\COMCTL32.dll
0x00007ff89ccf0000 - 0x00007ff89cd07000 	C:\Program Files\Android\Android Studio1\jre\bin\VCRUNTIME140.dll
0x00007ff8aad20000 - 0x00007ff8aad50000 	C:\Windows\System32\IMM32.DLL
0x00007ff88c800000 - 0x00007ff88c89d000 	C:\Program Files\Android\Android Studio1\jre\bin\msvcp140.dll
0x00007ff86ba70000 - 0x00007ff86c555000 	C:\Program Files\Android\Android Studio1\jre\bin\server\jvm.dll
0x00007ff8ac5b0000 - 0x00007ff8ac5b8000 	C:\Windows\System32\PSAPI.DLL
0x00007ff89cf60000 - 0x00007ff89cf69000 	C:\Windows\SYSTEM32\WSOCK32.dll
0x00007ff8ac540000 - 0x00007ff8ac5ab000 	C:\Windows\System32\WS2_32.dll
0x00007ff89c8f0000 - 0x00007ff89c917000 	C:\Windows\SYSTEM32\WINMM.dll
0x00007ff89eaa0000 - 0x00007ff89eaaa000 	C:\Windows\SYSTEM32\VERSION.dll
0x00007ff8a82d0000 - 0x00007ff8a82e3000 	C:\Windows\SYSTEM32\kernel.appcore.dll
0x00007ff88dd40000 - 0x00007ff88dd51000 	C:\Program Files\Android\Android Studio1\jre\bin\verify.dll
0x00007ff89b830000 - 0x00007ff89ba14000 	C:\Windows\SYSTEM32\DBGHELP.DLL
0x00007ff89b740000 - 0x00007ff89b76c000 	C:\Windows\SYSTEM32\dbgcore.DLL
0x00007ff8aa930000 - 0x00007ff8aa9af000 	C:\Windows\System32\bcryptPrimitives.dll
0x00007ff88bcf0000 - 0x00007ff88bd19000 	C:\Program Files\Android\Android Studio1\jre\bin\java.dll
0x00007ff8a7840000 - 0x00007ff8a784b000 	C:\Program Files\Android\Android Studio1\jre\bin\jimage.dll
0x00007ff88dd20000 - 0x00007ff88dd38000 	C:\Program Files\Android\Android Studio1\jre\bin\zip.dll
0x00007ff8a85b0000 - 0x00007ff8a8d3a000 	C:\Windows\SYSTEM32\windows.storage.dll
0x00007ff8aba10000 - 0x00007ff8abd64000 	C:\Windows\System32\combase.dll
0x00007ff8a9db0000 - 0x00007ff8a9ddb000 	C:\Windows\SYSTEM32\Wldp.dll
0x00007ff8ab070000 - 0x00007ff8ab11e000 	C:\Windows\System32\SHCORE.dll
0x00007ff8aa2f0000 - 0x00007ff8aa30f000 	C:\Windows\SYSTEM32\profapi.dll
0x00007ff88dce0000 - 0x00007ff88dcfa000 	C:\Program Files\Android\Android Studio1\jre\bin\net.dll
0x00007ff8a5580000 - 0x00007ff8a5680000 	C:\Windows\SYSTEM32\WINHTTP.dll
0x00007ff8a9b30000 - 0x00007ff8a9b9a000 	C:\Windows\system32\mswsock.dll
0x00007ff88c650000 - 0x00007ff88c664000 	C:\Program Files\Android\Android Studio1\jre\bin\nio.dll
0x00007ff88bd20000 - 0x00007ff88bd47000 	C:\Users\amruta.patil\.gradle\native\e1d6ef7f7dcc3fd88c89a11ec53ec762bb8ba0a96d01ffa2cd45eb1d1d8dd5c5\windows-amd64\native-platform.dll
0x00007ff87c910000 - 0x00007ff87ca54000 	C:\Users\amruta.patil\.gradle\native\5664cfc778a61ccfe75a443a1ab52a65af34e5dc3c78e0209fed803814484fcb\windows-amd64\native-platform-file-events.dll
0x00007ff8a21d0000 - 0x00007ff8a21da000 	C:\Program Files\Android\Android Studio1\jre\bin\management.dll
0x00007ff89b300000 - 0x00007ff89b30d000 	C:\Program Files\Android\Android Studio1\jre\bin\management_ext.dll
0x00007ff8a9d00000 - 0x00007ff8a9d18000 	C:\Windows\SYSTEM32\CRYPTSP.dll
0x00007ff8a94c0000 - 0x00007ff8a94f4000 	C:\Windows\system32\rsaenh.dll
0x00007ff8aa630000 - 0x00007ff8aa657000 	C:\Windows\System32\bcrypt.dll
0x00007ff8aa290000 - 0x00007ff8aa2be000 	C:\Windows\SYSTEM32\USERENV.dll
0x00007ff8a9d20000 - 0x00007ff8a9d2c000 	C:\Windows\SYSTEM32\CRYPTBASE.dll
0x00007ff8a9820000 - 0x00007ff8a985b000 	C:\Windows\SYSTEM32\IPHLPAPI.DLL
0x00007ff8ab740000 - 0x00007ff8ab749000 	C:\Windows\System32\NSI.dll
0x00007ff8a5cd0000 - 0x00007ff8a5ce7000 	C:\Windows\SYSTEM32\dhcpcsvc6.DLL
0x00007ff8a44d0000 - 0x00007ff8a44ed000 	C:\Windows\SYSTEM32\dhcpcsvc.DLL
0x00007ff8a9870000 - 0x00007ff8a993a000 	C:\Windows\SYSTEM32\DNSAPI.dll

dbghelp: loaded successfully - version: 4.0.5 - missing functions: none
symbol engine: initialized successfully - sym options: 0x614 - pdb path: .;C:\Program Files\Android\Android Studio1\jre\bin;C:\Windows\SYSTEM32;C:\ProgramData\FastTrack Software\Admin By Request;C:\Windows\WinSxS\amd64_microsoft.windows.common-controls_6595b64144ccf1df_6.0.19041.1_none_b555e41d4684ddec;C:\Program Files\Android\Android Studio1\jre\bin\server;C:\Users\amruta.patil\.gradle\native\e1d6ef7f7dcc3fd88c89a11ec53ec762bb8ba0a96d01ffa2cd45eb1d1d8dd5c5\windows-amd64;C:\Users\amruta.patil\.gradle\native\5664cfc778a61ccfe75a443a1ab52a65af34e5dc3c78e0209fed803814484fcb\windows-amd64

VM Arguments:
jvm_args: --add-opens=java.base/java.util=ALL-UNNAMED --add-opens=java.base/java.lang=ALL-UNNAMED --add-opens=java.base/java.lang.invoke=ALL-UNNAMED --add-opens=java.base/java.util=ALL-UNNAMED --add-opens=java.prefs/java.util.prefs=ALL-UNNAMED --add-opens=java.prefs/java.util.prefs=ALL-UNNAMED --add-opens=java.base/java.nio.charset=ALL-UNNAMED --add-opens=java.base/java.net=ALL-UNNAMED --add-opens=java.base/java.util.concurrent.atomic=ALL-UNNAMED -Xmx2048m -Dfile.encoding=UTF-8 -Duser.country=US -Duser.language=en -Duser.variant 
java_command: org.gradle.launcher.daemon.bootstrap.GradleDaemon 7.3.3
java_class_path (initial): C:\Users\amruta.patil\.gradle\wrapper\dists\gradle-7.3.3-bin\6a41zxkdtcxs8rphpq6y0069z\gradle-7.3.3\lib\gradle-launcher-7.3.3.jar
Launcher Type: SUN_STANDARD

[Global flags]
     intx CICompilerCount                          = 3                                         {product} {ergonomic}
     uint ConcGCThreads                            = 2                                         {product} {ergonomic}
     uint G1ConcRefinementThreads                  = 6                                         {product} {ergonomic}
   size_t G1HeapRegionSize                         = 1048576                                   {product} {ergonomic}
    uintx GCDrainStackTargetSize                   = 64                                        {product} {ergonomic}
   size_t InitialHeapSize                          = 268435456                                 {product} {ergonomic}
   size_t MarkStackSize                            = 4194304                                   {product} {ergonomic}
   size_t MaxHeapSize                              = 2147483648                                {product} {command line}
   size_t MaxNewSize                               = 1287651328                                {product} {ergonomic}
   size_t MinHeapDeltaBytes                        = 1048576                                   {product} {ergonomic}
    uintx NonNMethodCodeHeapSize                   = 5830732                                {pd product} {ergonomic}
    uintx NonProfiledCodeHeapSize                  = 122913754                              {pd product} {ergonomic}
    uintx ProfiledCodeHeapSize                     = 122913754                              {pd product} {ergonomic}
    uintx ReservedCodeCacheSize                    = 251658240                              {pd product} {ergonomic}
     bool SegmentedCodeCache                       = true                                      {product} {ergonomic}
     bool UseCompressedClassPointers               = true                                 {lp64_product} {ergonomic}
     bool UseCompressedOops                        = true                                 {lp64_product} {ergonomic}
     bool UseG1GC                                  = true                                      {product} {ergonomic}
     bool UseLargePagesIndividualAllocation        = false                                  {pd product} {ergonomic}

Logging:
Log output configuration:
 #0: stdout all=warning uptime,level,tags
 #1: stderr all=off uptime,level,tags

Environment Variables:
PATH=C:\Windows\system32;C:\Windows;C:\Windows\System32\Wbem;C:\Windows\System32\WindowsPowerShell\v1.0\;C:\Windows\System32\OpenSSH\;C:\Users\amruta.patil\AppData\Local\Programs\Python\Python39\Scripts\;C:\Users\amruta.patil\AppData\Local\Programs\Python\Python39\;C:\Users\amruta.patil\AppData\Local\Microsoft\WindowsApps;C:\Users\amruta.patil\AppData\Local\Programs\Git\cmd
USERNAME=amruta.patil
OS=Windows_NT
PROCESSOR_IDENTIFIER=Intel64 Family 6 Model 63 Stepping 2, GenuineIntel



---------------  S Y S T E M  ---------------

OS: Windows 10 , 64 bit Build 19041 (10.0.19041.207)
OS uptime: 15 days 18:13 hours
VMWare virtualization detected

CPU:total 6 (initial active 6) (3 cores per cpu, 1 threads per core) family 6 model 63 stepping 2 microcode 0x43, cmov, cx8, fxsr, mmx, sse, sse2, sse3, ssse3, sse4.1, sse4.2, popcnt, avx, avx2, aes, clmul, erms, lzcnt, tsc, tscinvbit, bmi1, bmi2, fma

Memory: 4k page, system-wide physical 16382M (2057M free)
TotalPageFile size 23492M (AvailPageFile size 46M)
current process WorkingSet (physical memory assigned to process): 454M, peak: 454M
current process commit charge ("private bytes"): 503M, peak: 555M

vm_info: OpenJDK 64-Bit Server VM (11.0.12+7-b1504.28-7817840) for windows-amd64 JRE (11.0.12+7-b1504.28-7817840), built on Oct 13 2021 22:12:33 by "builder" with MS VC++ 14.0 (VS2015)

END.
