#
# There is insufficient memory for the Java Runtime Environment to continue.
# Native memory allocation (malloc) failed to allocate 696016 bytes for Chunk::new
# Possible reasons:
#   The system is out of physical RAM or swap space
#   The process is running with CompressedOops enabled, and the Java Heap may be blocking the growth of the native heap
# Possible solutions:
#   Reduce memory load on the system
#   Increase physical memory or swap space
#   Check if swap backing store is full
#   Decrease Java heap size (-Xmx/-Xms)
#   Decrease number of Java threads
#   Decrease Java thread stack sizes (-Xss)
#   Set larger code cache with -XX:ReservedCodeCacheSize=
#   JVM is running with Unscaled Compressed Oops mode in which the Java heap is
#     placed in the first 4GB address space. The Java Heap base address is the
#     maximum limit for the native heap growth. Please use -XX:HeapBaseMinAddress
#     to set the Java Heap base and to place the Java Heap above 4GB virtual address.
# This output file may be truncated or incomplete.
#
#  Out of Memory Error (./src/hotspot/share/memory/arena.cpp:197), pid=10568, tid=21012
#
# JRE version: OpenJDK Runtime Environment (11.0.12+7) (build 11.0.12+7-b1504.28-7817840)
# Java VM: OpenJDK 64-Bit Server VM (11.0.12+7-b1504.28-7817840, mixed mode, tiered, compressed oops, g1 gc, windows-amd64)
# No core dump will be written. Minidumps are not enabled by default on client versions of Windows
#

---------------  S U M M A R Y ------------

Command Line: --add-opens=java.base/java.util=ALL-UNNAMED --add-opens=java.base/java.lang=ALL-UNNAMED --add-opens=java.base/java.lang.invoke=ALL-UNNAMED --add-opens=java.base/java.util=ALL-UNNAMED --add-opens=java.prefs/java.util.prefs=ALL-UNNAMED --add-opens=java.prefs/java.util.prefs=ALL-UNNAMED --add-opens=java.base/java.nio.charset=ALL-UNNAMED --add-opens=java.base/java.net=ALL-UNNAMED --add-opens=java.base/java.util.concurrent.atomic=ALL-UNNAMED -Xmx2048m -Dfile.encoding=UTF-8 -Duser.country=US -Duser.language=en -Duser.variant org.gradle.launcher.daemon.bootstrap.GradleDaemon 7.3.3

Host: Intel(R) Xeon(R) CPU E5-2609 v3 @ 1.90GHz, 6 cores, 15G,  Windows 10 , 64 bit Build 19041 (10.0.19041.207)
Time: Tue Sep  6 11:16:59 2022 India Standard Time elapsed time: 23.703161 seconds (0d 0h 0m 23s)

---------------  T H R E A D  ---------------

Current thread (0x0000018bc0538000):  JavaThread "C2 CompilerThread1" daemon [_thread_in_native, id=21012, stack(0x00000057a6c00000,0x00000057a6d00000)]


Current CompileTask:
C2:  23703 6471       4       sun.reflect.generics.parser.SignatureParser::parsePackageNameAndSimpleClassTypeSignature (119 bytes)

Stack: [0x00000057a6c00000,0x00000057a6d00000]
Native frames: (J=compiled Java code, j=interpreted, Vv=VM code, C=native code)
V  [jvm.dll+0x5fbcea]
V  [jvm.dll+0x731905]
V  [jvm.dll+0x732f1d]
V  [jvm.dll+0x7335d3]
V  [jvm.dll+0x247bf8]
V  [jvm.dll+0xc018c]
V  [jvm.dll+0xc06cc]
V  [jvm.dll+0x2bcc04]
V  [jvm.dll+0x5113a8]
V  [jvm.dll+0x2018ec]
V  [jvm.dll+0x1ff71f]
V  [jvm.dll+0x18868c]
V  [jvm.dll+0x20e0d7]
V  [jvm.dll+0x20c901]
V  [jvm.dll+0x6f9b7f]
V  [jvm.dll+0x6f26a5]
V  [jvm.dll+0x5fabf6]
C  [ucrtbase.dll+0x21542]
C  [KERNEL32.DLL+0x16fd4]
C  [ntdll.dll+0x4cec1]


---------------  P R O C E S S  ---------------

Threads class SMR info:
_java_thread_list=0x0000018bbdfdddf0, length=101, elements={
0x0000018ba1061800, 0x0000018bbb90d800, 0x0000018bbb90e800, 0x0000018bbb96a000,
0x0000018bbb96b000, 0x0000018bbb96d800, 0x0000018bbb970800, 0x0000018bbb972000,
0x0000018bbb975800, 0x0000018bbbae9800, 0x0000018bbd854000, 0x0000018bbcff1000,
0x0000018bbdb0e800, 0x0000018bbccc7000, 0x0000018bbcbb3000, 0x0000018bbca0e000,
0x0000018bbca0f000, 0x0000018bbca10800, 0x0000018bbca46800, 0x0000018bbca3c800,
0x0000018bbca38800, 0x0000018bbca3a000, 0x0000018bbca3d000, 0x0000018bbca3a800,
0x0000018bbca3b800, 0x0000018bbca37800, 0x0000018bbca3e000, 0x0000018bbca39000,
0x0000018bbf600800, 0x0000018bbf604800, 0x0000018bbf602800, 0x0000018bbf601000,
0x0000018bbf603800, 0x0000018bbf605000, 0x0000018bbf606000, 0x0000018bbf602000,
0x0000018bbf609800, 0x0000018bbf60f000, 0x0000018bbf60a000, 0x0000018bc3895800,
0x0000018bc3893800, 0x0000018bc3891800, 0x0000018bc3896800, 0x0000018bc3891000,
0x0000018bc3894000, 0x0000018bc3895000, 0x0000018bc3897800, 0x0000018bc3898000,
0x0000018bc3892800, 0x0000018bc3899000, 0x0000018bc389a000, 0x0000018bc389e000,
0x0000018bc389c000, 0x0000018bc389d000, 0x0000018bc389e800, 0x0000018bc389a800,
0x0000018bc389b800, 0x0000018bc04d5800, 0x0000018bc04d4800, 0x0000018bc04d6800,
0x0000018bc04d7000, 0x0000018bc04d8000, 0x0000018bc04d9000, 0x0000018bc04d9800,
0x0000018bc04d4000, 0x0000018bc04de800, 0x0000018bc04da800, 0x0000018bc04e1000,
0x0000018bc04dd800, 0x0000018bc04db800, 0x0000018bc04dc000, 0x0000018bc04df800,
0x0000018bc04e0000, 0x0000018bc04dd000, 0x0000018bc04e2000, 0x0000018bc04e2800,
0x0000018bc256e000, 0x0000018bc256f000, 0x0000018bc256f800, 0x0000018bc2572000,
0x0000018bc256c800, 0x0000018bc2570800, 0x0000018bc2571000, 0x0000018bc2573000,
0x0000018bc256d000, 0x0000018bc2576000, 0x0000018bc2573800, 0x0000018bc2577000,
0x0000018bc2575800, 0x0000018bc2574800, 0x0000018bc257a000, 0x0000018bc2578800,
0x0000018bc2579800, 0x0000018bc2578000, 0x0000018bc257b000, 0x0000018bc0539800,
0x0000018bc0539000, 0x0000018bc0537000, 0x0000018bc053b000, 0x0000018bc0538000,
0x0000018bc053a800
}

Java Threads: ( => current thread )
  0x0000018ba1061800 JavaThread "main" [_thread_blocked, id=13776, stack(0x00000057a4600000,0x00000057a4700000)]
  0x0000018bbb90d800 JavaThread "Reference Handler" daemon [_thread_blocked, id=31656, stack(0x00000057a4d00000,0x00000057a4e00000)]
  0x0000018bbb90e800 JavaThread "Finalizer" daemon [_thread_blocked, id=13688, stack(0x00000057a4e00000,0x00000057a4f00000)]
  0x0000018bbb96a000 JavaThread "Signal Dispatcher" daemon [_thread_blocked, id=32920, stack(0x00000057a4f00000,0x00000057a5000000)]
  0x0000018bbb96b000 JavaThread "Attach Listener" daemon [_thread_blocked, id=13368, stack(0x00000057a5000000,0x00000057a5100000)]
  0x0000018bbb96d800 JavaThread "Service Thread" daemon [_thread_blocked, id=6172, stack(0x00000057a5100000,0x00000057a5200000)]
  0x0000018bbb970800 JavaThread "C2 CompilerThread0" daemon [_thread_blocked, id=4640, stack(0x00000057a5200000,0x00000057a5300000)]
  0x0000018bbb972000 JavaThread "C1 CompilerThread0" daemon [_thread_blocked, id=14828, stack(0x00000057a5300000,0x00000057a5400000)]
  0x0000018bbb975800 JavaThread "Sweeper thread" daemon [_thread_blocked, id=33256, stack(0x00000057a5400000,0x00000057a5500000)]
  0x0000018bbbae9800 JavaThread "Common-Cleaner" daemon [_thread_blocked, id=13244, stack(0x00000057a5500000,0x00000057a5600000)]
  0x0000018bbd854000 JavaThread "Daemon health stats" [_thread_blocked, id=26712, stack(0x00000057a5700000,0x00000057a5800000)]
  0x0000018bbcff1000 JavaThread "Incoming local TCP Connector on port 56937" [_thread_in_native, id=22176, stack(0x00000057a5d00000,0x00000057a5e00000)]
  0x0000018bbdb0e800 JavaThread "Daemon periodic checks" [_thread_blocked, id=12908, stack(0x00000057a5e00000,0x00000057a5f00000)]
  0x0000018bbccc7000 JavaThread "Daemon" [_thread_blocked, id=17764, stack(0x00000057a5f00000,0x00000057a6000000)]
  0x0000018bbcbb3000 JavaThread "Handler for socket connection from /127.0.0.1:56937 to /127.0.0.1:56938" [_thread_in_native, id=16048, stack(0x00000057a6000000,0x00000057a6100000)]
  0x0000018bbca0e000 JavaThread "Cancel handler" [_thread_blocked, id=13180, stack(0x00000057a6100000,0x00000057a6200000)]
  0x0000018bbca0f000 JavaThread "Daemon worker" [_thread_in_vm, id=660, stack(0x00000057a6200000,0x00000057a6300000)]
  0x0000018bbca10800 JavaThread "Asynchronous log dispatcher for DefaultDaemonConnection: socket connection from /127.0.0.1:56937 to /127.0.0.1:56938" [_thread_blocked, id=29952, stack(0x00000057a6300000,0x00000057a6400000)]
  0x0000018bbca46800 JavaThread "Stdin handler" [_thread_blocked, id=17176, stack(0x00000057a6400000,0x00000057a6500000)]
  0x0000018bbca3c800 JavaThread "Daemon client event forwarder" [_thread_blocked, id=32992, stack(0x00000057a6500000,0x00000057a6600000)]
  0x0000018bbca38800 JavaThread "Cache worker for journal cache (C:\Users\amruta.patil\.gradle\caches\journal-1)" [_thread_blocked, id=10900, stack(0x00000057a6700000,0x00000057a6800000)]
  0x0000018bbca3a000 JavaThread "File lock request listener" [_thread_in_native, id=23948, stack(0x00000057a6800000,0x00000057a6900000)]
  0x0000018bbca3d000 JavaThread "Cache worker for file hash cache (C:\Users\amruta.patil\.gradle\caches\7.3.3\fileHashes)" [_thread_blocked, id=12616, stack(0x00000057a6a00000,0x00000057a6b00000)]
  0x0000018bbca3a800 JavaThread "Cache worker for file hash cache (C:\Users\amruta.patil\AndroidStudioProjects\CIOKlub\.gradle\7.3.3\fileHashes)" [_thread_blocked, id=13988, stack(0x00000057a6b00000,0x00000057a6c00000)]
  0x0000018bbca3b800 JavaThread "File watcher server" daemon [_thread_in_native, id=33644, stack(0x00000057a6d00000,0x00000057a6e00000)]
  0x0000018bbca37800 JavaThread "File watcher consumer" daemon [_thread_blocked, id=7744, stack(0x00000057a6e00000,0x00000057a6f00000)]
  0x0000018bbca3e000 JavaThread "jar transforms" [_thread_blocked, id=24020, stack(0x00000057a6f00000,0x00000057a7000000)]
  0x0000018bbca39000 JavaThread "jar transforms Thread 2" [_thread_blocked, id=33544, stack(0x00000057a7000000,0x00000057a7100000)]
  0x0000018bbf600800 JavaThread "jar transforms Thread 3" [_thread_blocked, id=26544, stack(0x00000057a7100000,0x00000057a7200000)]
  0x0000018bbf604800 JavaThread "jar transforms Thread 4" [_thread_blocked, id=26032, stack(0x00000057a7200000,0x00000057a7300000)]
  0x0000018bbf602800 JavaThread "jar transforms Thread 5" [_thread_blocked, id=12676, stack(0x00000057a7300000,0x00000057a7400000)]
  0x0000018bbf601000 JavaThread "jar transforms Thread 6" [_thread_blocked, id=32480, stack(0x00000057a7400000,0x00000057a7500000)]
  0x0000018bbf603800 JavaThread "Cache worker for checksums cache (C:\Users\amruta.patil\AndroidStudioProjects\CIOKlub\.gradle\7.3.3\checksums)" [_thread_blocked, id=33404, stack(0x00000057a7500000,0x00000057a7600000)]
  0x0000018bbf605000 JavaThread "Cache worker for cache directory md-supplier (C:\Users\amruta.patil\.gradle\caches\7.3.3\md-supplier)" [_thread_blocked, id=23252, stack(0x00000057a7600000,0x00000057a7700000)]
  0x0000018bbf606000 JavaThread "Cache worker for cache directory md-rule (C:\Users\amruta.patil\.gradle\caches\7.3.3\md-rule)" [_thread_blocked, id=9096, stack(0x00000057a7700000,0x00000057a7800000)]
  0x0000018bbf602000 JavaThread "Cache worker for execution history cache (C:\Users\amruta.patil\.gradle\caches\7.3.3\executionHistory)" [_thread_blocked, id=15852, stack(0x00000057a7800000,0x00000057a7900000)]
  0x0000018bbf609800 JavaThread "Cache worker for file content cache (C:\Users\amruta.patil\.gradle\caches\7.3.3\fileContent)" [_thread_blocked, id=27664, stack(0x00000057a7900000,0x00000057a7a00000)]
  0x0000018bbf60f000 JavaThread "Cache worker for dependencies-accessors (C:\Users\amruta.patil\AndroidStudioProjects\CIOKlub\.gradle\7.3.3\dependencies-accessors)" [_thread_blocked, id=7936, stack(0x00000057a7a00000,0x00000057a7b00000)]
  0x0000018bbf60a000 JavaThread "Cache worker for Build Output Cleanup Cache (C:\Users\amruta.patil\AndroidStudioProjects\CIOKlub\.gradle\buildOutputCleanup)" [_thread_blocked, id=10092, stack(0x00000057a7b00000,0x00000057a7c00000)]
  0x0000018bc3895800 JavaThread "Unconstrained build operations" [_thread_blocked, id=28476, stack(0x00000057a7c00000,0x00000057a7d00000)]
  0x0000018bc3893800 JavaThread "Unconstrained build operations Thread 2" [_thread_blocked, id=26196, stack(0x00000057a7d00000,0x00000057a7e00000)]
  0x0000018bc3891800 JavaThread "Unconstrained build operations Thread 3" [_thread_blocked, id=9772, stack(0x00000057a7e00000,0x00000057a7f00000)]
  0x0000018bc3896800 JavaThread "Unconstrained build operations Thread 4" [_thread_blocked, id=3580, stack(0x00000057a7f00000,0x00000057a8000000)]
  0x0000018bc3891000 JavaThread "Unconstrained build operations Thread 5" [_thread_blocked, id=17308, stack(0x00000057a8000000,0x00000057a8100000)]
  0x0000018bc3894000 JavaThread "Unconstrained build operations Thread 6" [_thread_blocked, id=21364, stack(0x00000057a8100000,0x00000057a8200000)]
  0x0000018bc3895000 JavaThread "Unconstrained build operations Thread 7" [_thread_blocked, id=20048, stack(0x00000057a8200000,0x00000057a8300000)]
  0x0000018bc3897800 JavaThread "Unconstrained build operations Thread 8" [_thread_blocked, id=29052, stack(0x00000057a8300000,0x00000057a8400000)]
  0x0000018bc3898000 JavaThread "Unconstrained build operations Thread 9" [_thread_blocked, id=13972, stack(0x00000057a8400000,0x00000057a8500000)]
  0x0000018bc3892800 JavaThread "Unconstrained build operations Thread 10" [_thread_blocked, id=8752, stack(0x00000057a8500000,0x00000057a8600000)]
  0x0000018bc3899000 JavaThread "Unconstrained build operations Thread 11" [_thread_blocked, id=31692, stack(0x00000057a8600000,0x00000057a8700000)]
  0x0000018bc389a000 JavaThread "Unconstrained build operations Thread 12" [_thread_blocked, id=14492, stack(0x00000057a8700000,0x00000057a8800000)]
  0x0000018bc389e000 JavaThread "Unconstrained build operations Thread 13" [_thread_blocked, id=5308, stack(0x00000057a8800000,0x00000057a8900000)]
  0x0000018bc389c000 JavaThread "Unconstrained build operations Thread 14" [_thread_blocked, id=7520, stack(0x00000057a8900000,0x00000057a8a00000)]
  0x0000018bc389d000 JavaThread "Unconstrained build operations Thread 15" [_thread_blocked, id=17088, stack(0x00000057a8a00000,0x00000057a8b00000)]
  0x0000018bc389e800 JavaThread "Unconstrained build operations Thread 16" [_thread_blocked, id=25872, stack(0x00000057a8b00000,0x00000057a8c00000)]
  0x0000018bc389a800 JavaThread "Unconstrained build operations Thread 17" [_thread_blocked, id=20944, stack(0x00000057a8c00000,0x00000057a8d00000)]
  0x0000018bc389b800 JavaThread "Unconstrained build operations Thread 18" [_thread_blocked, id=25204, stack(0x00000057a8d00000,0x00000057a8e00000)]
  0x0000018bc04d5800 JavaThread "Unconstrained build operations Thread 19" [_thread_blocked, id=8600, stack(0x00000057a8e00000,0x00000057a8f00000)]
  0x0000018bc04d4800 JavaThread "Unconstrained build operations Thread 20" [_thread_blocked, id=24000, stack(0x00000057a8f00000,0x00000057a9000000)]
  0x0000018bc04d6800 JavaThread "Unconstrained build operations Thread 21" [_thread_blocked, id=14612, stack(0x00000057a9000000,0x00000057a9100000)]
  0x0000018bc04d7000 JavaThread "Unconstrained build operations Thread 22" [_thread_blocked, id=11500, stack(0x00000057a9100000,0x00000057a9200000)]
  0x0000018bc04d8000 JavaThread "Unconstrained build operations Thread 23" [_thread_blocked, id=13524, stack(0x00000057a9200000,0x00000057a9300000)]
  0x0000018bc04d9000 JavaThread "Unconstrained build operations Thread 24" [_thread_blocked, id=31320, stack(0x00000057a9300000,0x00000057a9400000)]
  0x0000018bc04d9800 JavaThread "Unconstrained build operations Thread 25" [_thread_blocked, id=20016, stack(0x00000057a9400000,0x00000057a9500000)]
  0x0000018bc04d4000 JavaThread "Unconstrained build operations Thread 26" [_thread_blocked, id=23288, stack(0x00000057a9500000,0x00000057a9600000)]
  0x0000018bc04de800 JavaThread "Unconstrained build operations Thread 27" [_thread_blocked, id=30752, stack(0x00000057a9600000,0x00000057a9700000)]
  0x0000018bc04da800 JavaThread "Unconstrained build operations Thread 28" [_thread_blocked, id=13964, stack(0x00000057a9700000,0x00000057a9800000)]
  0x0000018bc04e1000 JavaThread "Unconstrained build operations Thread 29" [_thread_blocked, id=18488, stack(0x00000057a9800000,0x00000057a9900000)]
  0x0000018bc04dd800 JavaThread "Unconstrained build operations Thread 30" [_thread_blocked, id=22440, stack(0x00000057a9900000,0x00000057a9a00000)]
  0x0000018bc04db800 JavaThread "Unconstrained build operations Thread 31" [_thread_blocked, id=16124, stack(0x00000057a9a00000,0x00000057a9b00000)]
  0x0000018bc04dc000 JavaThread "Unconstrained build operations Thread 32" [_thread_blocked, id=33292, stack(0x00000057a9b00000,0x00000057a9c00000)]
  0x0000018bc04df800 JavaThread "Unconstrained build operations Thread 33" [_thread_blocked, id=20380, stack(0x00000057a9c00000,0x00000057a9d00000)]
  0x0000018bc04e0000 JavaThread "Unconstrained build operations Thread 34" [_thread_blocked, id=16404, stack(0x00000057a9d00000,0x00000057a9e00000)]
  0x0000018bc04dd000 JavaThread "Unconstrained build operations Thread 35" [_thread_blocked, id=2764, stack(0x00000057a9e00000,0x00000057a9f00000)]
  0x0000018bc04e2000 JavaThread "Unconstrained build operations Thread 36" [_thread_blocked, id=30572, stack(0x00000057a9f00000,0x00000057aa000000)]
  0x0000018bc04e2800 JavaThread "Unconstrained build operations Thread 37" [_thread_blocked, id=12104, stack(0x00000057aa000000,0x00000057aa100000)]
  0x0000018bc256e000 JavaThread "Unconstrained build operations Thread 38" [_thread_blocked, id=18096, stack(0x00000057aa100000,0x00000057aa200000)]
  0x0000018bc256f000 JavaThread "Unconstrained build operations Thread 39" [_thread_blocked, id=20588, stack(0x00000057aa200000,0x00000057aa300000)]
  0x0000018bc256f800 JavaThread "Unconstrained build operations Thread 40" [_thread_blocked, id=16820, stack(0x00000057aa300000,0x00000057aa400000)]
  0x0000018bc2572000 JavaThread "Unconstrained build operations Thread 41" [_thread_blocked, id=11732, stack(0x00000057aa400000,0x00000057aa500000)]
  0x0000018bc256c800 JavaThread "Unconstrained build operations Thread 42" [_thread_blocked, id=7428, stack(0x00000057aa500000,0x00000057aa600000)]
  0x0000018bc2570800 JavaThread "Unconstrained build operations Thread 43" [_thread_blocked, id=21912, stack(0x00000057aa600000,0x00000057aa700000)]
  0x0000018bc2571000 JavaThread "Unconstrained build operations Thread 44" [_thread_blocked, id=14468, stack(0x00000057aa700000,0x00000057aa800000)]
  0x0000018bc2573000 JavaThread "Unconstrained build operations Thread 45" [_thread_blocked, id=19124, stack(0x00000057aa800000,0x00000057aa900000)]
  0x0000018bc256d000 JavaThread "Unconstrained build operations Thread 46" [_thread_blocked, id=30912, stack(0x00000057aa900000,0x00000057aaa00000)]
  0x0000018bc2576000 JavaThread "Unconstrained build operations Thread 47" [_thread_blocked, id=25684, stack(0x00000057aaa00000,0x00000057aab00000)]
  0x0000018bc2573800 JavaThread "Unconstrained build operations Thread 48" [_thread_blocked, id=2056, stack(0x00000057aab00000,0x00000057aac00000)]
  0x0000018bc2577000 JavaThread "Unconstrained build operations Thread 49" [_thread_blocked, id=6448, stack(0x00000057aac00000,0x00000057aad00000)]
  0x0000018bc2575800 JavaThread "Unconstrained build operations Thread 50" [_thread_blocked, id=24532, stack(0x00000057aad00000,0x00000057aae00000)]
  0x0000018bc2574800 JavaThread "Unconstrained build operations Thread 51" [_thread_blocked, id=17392, stack(0x00000057aae00000,0x00000057aaf00000)]
  0x0000018bc257a000 JavaThread "Unconstrained build operations Thread 52" [_thread_blocked, id=11884, stack(0x00000057aaf00000,0x00000057ab000000)]
  0x0000018bc2578800 JavaThread "Unconstrained build operations Thread 53" [_thread_blocked, id=12724, stack(0x00000057ab000000,0x00000057ab100000)]
  0x0000018bc2579800 JavaThread "Unconstrained build operations Thread 54" [_thread_blocked, id=16232, stack(0x00000057ab100000,0x00000057ab200000)]
  0x0000018bc2578000 JavaThread "Unconstrained build operations Thread 55" [_thread_blocked, id=28428, stack(0x00000057ab200000,0x00000057ab300000)]
  0x0000018bc257b000 JavaThread "Unconstrained build operations Thread 56" [_thread_blocked, id=31960, stack(0x00000057ab300000,0x00000057ab400000)]
  0x0000018bc0539800 JavaThread "Unconstrained build operations Thread 57" [_thread_blocked, id=5432, stack(0x00000057ab400000,0x00000057ab500000)]
  0x0000018bc0539000 JavaThread "Unconstrained build operations Thread 58" [_thread_blocked, id=19332, stack(0x00000057ab500000,0x00000057ab600000)]
  0x0000018bc0537000 JavaThread "Unconstrained build operations Thread 59" [_thread_blocked, id=22300, stack(0x00000057ab600000,0x00000057ab700000)]
  0x0000018bc053b000 JavaThread "Unconstrained build operations Thread 60" [_thread_blocked, id=20168, stack(0x00000057ab700000,0x00000057ab800000)]
=>0x0000018bc0538000 JavaThread "C2 CompilerThread1" daemon [_thread_in_native, id=21012, stack(0x00000057a6c00000,0x00000057a6d00000)]
  0x0000018bc053a800 JavaThread "Memory manager" [_thread_blocked, id=4812, stack(0x00000057ab800000,0x00000057ab900000)]

Other Threads:
  0x0000018bbb907800 VMThread "VM Thread" [stack: 0x00000057a4c00000,0x00000057a4d00000] [id=32364]
  0x0000018bbbb0a800 WatcherThread [stack: 0x00000057a5600000,0x00000057a5700000] [id=12512]
  0x0000018ba107b800 GCTaskThread "GC Thread#0" [stack: 0x00000057a4700000,0x00000057a4800000] [id=812]
  0x0000018bbc4a8800 GCTaskThread "GC Thread#1" [stack: 0x00000057a5800000,0x00000057a5900000] [id=724]
  0x0000018bbbcb0000 GCTaskThread "GC Thread#2" [stack: 0x00000057a5900000,0x00000057a5a00000] [id=21200]
  0x0000018bbc442000 GCTaskThread "GC Thread#3" [stack: 0x00000057a5a00000,0x00000057a5b00000] [id=7692]
  0x0000018bbc84a800 GCTaskThread "GC Thread#4" [stack: 0x00000057a5b00000,0x00000057a5c00000] [id=26872]
  0x0000018bbc552800 GCTaskThread "GC Thread#5" [stack: 0x00000057a5c00000,0x00000057a5d00000] [id=7900]
  0x0000018ba10ac800 ConcurrentGCThread "G1 Main Marker" [stack: 0x00000057a4800000,0x00000057a4900000] [id=26788]
  0x0000018ba10ae000 ConcurrentGCThread "G1 Conc#0" [stack: 0x00000057a4900000,0x00000057a4a00000] [id=26456]
  0x0000018bbbe6a000 ConcurrentGCThread "G1 Conc#1" [stack: 0x00000057a6900000,0x00000057a6a00000] [id=3636]
  0x0000018bbaf52800 ConcurrentGCThread "G1 Refine#0" [stack: 0x00000057a4a00000,0x00000057a4b00000] [id=13528]
  0x0000018bbbe6f800 ConcurrentGCThread "G1 Refine#1" [stack: 0x00000057a6600000,0x00000057a6700000] [id=15448]
  0x0000018bbaf53800 ConcurrentGCThread "G1 Young RemSet Sampling" [stack: 0x00000057a4b00000,0x00000057a4c00000] [id=33768]

Threads with active compile tasks:
C2 CompilerThread1  23788 6471       4       sun.reflect.generics.parser.SignatureParser::parsePackageNameAndSimpleClassTypeSignature (119 bytes)

VM state:not at safepoint (normal execution)

VM Mutex/Monitor currently owned by a thread:  ([mutex/lock_event])
[0x0000018ba105c7e0] MetaspaceExpand_lock - owner thread: 0x0000018bbca0f000

Heap address: 0x0000000080000000, size: 2048 MB, Compressed Oops mode: 32-bit
Narrow klass base: 0x0000000000000000, Narrow klass shift: 3
Compressed class space size: 1073741824 Address: 0x0000000100000000

Heap:
 garbage-first heap   total 262144K, used 125134K [0x0000000080000000, 0x0000000100000000)
  region size 1024K, 69 young (70656K), 15 survivors (15360K)
 Metaspace       used 65056K, capacity 66724K, committed 66816K, reserved 1110016K
  class space    used 8319K, capacity 8915K, committed 8960K, reserved 1048576K
Heap Regions: E=young(eden), S=young(survivor), O=old, HS=humongous(starts), HC=humongous(continues), CS=collection set, F=free, A=archive, TAMS=top-at-mark-start (previous, next)
|   0|0x0000000080000000, 0x0000000080100000, 0x0000000080100000|100%| O|  |TAMS 0x0000000080100000, 0x0000000080000000| Untracked 
|   1|0x0000000080100000, 0x0000000080200000, 0x0000000080200000|100%| O|  |TAMS 0x0000000080200000, 0x0000000080100000| Untracked 
|   2|0x0000000080200000, 0x0000000080300000, 0x0000000080300000|100%| O|  |TAMS 0x0000000080300000, 0x0000000080200000| Untracked 
|   3|0x0000000080300000, 0x0000000080400000, 0x0000000080400000|100%|HS|  |TAMS 0x0000000080400000, 0x0000000080300000| Complete 
|   4|0x0000000080400000, 0x0000000080500000, 0x0000000080500000|100%|HC|  |TAMS 0x0000000080500000, 0x0000000080400000| Complete 
|   5|0x0000000080500000, 0x0000000080600000, 0x0000000080600000|100%|HC|  |TAMS 0x0000000080600000, 0x0000000080500000| Complete 
|   6|0x0000000080600000, 0x0000000080700000, 0x0000000080700000|100%| O|  |TAMS 0x0000000080700000, 0x0000000080600000| Untracked 
|   7|0x0000000080700000, 0x0000000080800000, 0x0000000080800000|100%| O|  |TAMS 0x0000000080800000, 0x0000000080700000| Untracked 
|   8|0x0000000080800000, 0x0000000080900000, 0x0000000080900000|100%| O|  |TAMS 0x0000000080900000, 0x0000000080800000| Untracked 
|   9|0x0000000080900000, 0x0000000080a00000, 0x0000000080a00000|100%| O|  |TAMS 0x0000000080a00000, 0x0000000080900000| Untracked 
|  10|0x0000000080a00000, 0x0000000080b00000, 0x0000000080b00000|100%| O|  |TAMS 0x0000000080b00000, 0x0000000080a00000| Untracked 
|  11|0x0000000080b00000, 0x0000000080c00000, 0x0000000080c00000|100%| O|  |TAMS 0x0000000080c00000, 0x0000000080b00000| Untracked 
|  12|0x0000000080c00000, 0x0000000080d00000, 0x0000000080d00000|100%| O|  |TAMS 0x0000000080d00000, 0x0000000080c00000| Untracked 
|  13|0x0000000080d00000, 0x0000000080e00000, 0x0000000080e00000|100%| O|  |TAMS 0x0000000080e00000, 0x0000000080d00000| Untracked 
|  14|0x0000000080e00000, 0x0000000080f00000, 0x0000000080f00000|100%| O|  |TAMS 0x0000000080f00000, 0x0000000080e00000| Untracked 
|  15|0x0000000080f00000, 0x0000000081000000, 0x0000000081000000|100%| O|  |TAMS 0x0000000081000000, 0x0000000080f00000| Untracked 
|  16|0x0000000081000000, 0x0000000081100000, 0x0000000081100000|100%| O|  |TAMS 0x0000000081100000, 0x0000000081000000| Untracked 
|  17|0x0000000081100000, 0x0000000081200000, 0x0000000081200000|100%|HS|  |TAMS 0x0000000081200000, 0x0000000081100000| Complete 
|  18|0x0000000081200000, 0x0000000081300000, 0x0000000081300000|100%|HC|  |TAMS 0x0000000081300000, 0x0000000081200000| Complete 
|  19|0x0000000081300000, 0x0000000081400000, 0x0000000081400000|100%|HS|  |TAMS 0x0000000081400000, 0x0000000081300000| Complete 
|  20|0x0000000081400000, 0x0000000081500000, 0x0000000081500000|100%|HC|  |TAMS 0x0000000081500000, 0x0000000081400000| Complete 
|  21|0x0000000081500000, 0x0000000081600000, 0x0000000081600000|100%|HC|  |TAMS 0x0000000081600000, 0x0000000081500000| Complete 
|  22|0x0000000081600000, 0x0000000081700000, 0x0000000081700000|100%|HS|  |TAMS 0x0000000081700000, 0x0000000081600000| Complete 
|  23|0x0000000081700000, 0x0000000081800000, 0x0000000081800000|100%|HS|  |TAMS 0x0000000081800000, 0x0000000081700000| Complete 
|  24|0x0000000081800000, 0x0000000081900000, 0x0000000081900000|100%|HC|  |TAMS 0x0000000081900000, 0x0000000081800000| Complete 
|  25|0x0000000081900000, 0x0000000081a00000, 0x0000000081a00000|100%|HC|  |TAMS 0x0000000081a00000, 0x0000000081900000| Complete 
|  26|0x0000000081a00000, 0x0000000081b00000, 0x0000000081b00000|100%|HC|  |TAMS 0x0000000081b00000, 0x0000000081a00000| Complete 
|  27|0x0000000081b00000, 0x0000000081c00000, 0x0000000081c00000|100%|HS|  |TAMS 0x0000000081c00000, 0x0000000081b00000| Complete 
|  28|0x0000000081c00000, 0x0000000081d00000, 0x0000000081d00000|100%| O|  |TAMS 0x0000000081d00000, 0x0000000081c00000| Untracked 
|  29|0x0000000081d00000, 0x0000000081e00000, 0x0000000081e00000|100%| O|  |TAMS 0x0000000081e00000, 0x0000000081d00000| Untracked 
|  30|0x0000000081e00000, 0x0000000081f00000, 0x0000000081f00000|100%|HS|  |TAMS 0x0000000081f00000, 0x0000000081e00000| Complete 
|  31|0x0000000081f00000, 0x0000000082000000, 0x0000000082000000|100%|HC|  |TAMS 0x0000000082000000, 0x0000000081f00000| Complete 
|  32|0x0000000082000000, 0x0000000082100000, 0x0000000082100000|100%|HC|  |TAMS 0x0000000082100000, 0x0000000082000000| Complete 
|  33|0x0000000082100000, 0x0000000082200000, 0x0000000082200000|100%|HS|  |TAMS 0x0000000082200000, 0x0000000082100000| Complete 
|  34|0x0000000082200000, 0x0000000082300000, 0x0000000082300000|100%| O|  |TAMS 0x0000000082300000, 0x0000000082200000| Untracked 
|  35|0x0000000082300000, 0x0000000082400000, 0x0000000082400000|100%| O|  |TAMS 0x0000000082400000, 0x0000000082300000| Untracked 
|  36|0x0000000082400000, 0x0000000082500000, 0x0000000082500000|100%| O|  |TAMS 0x0000000082500000, 0x0000000082400000| Untracked 
|  37|0x0000000082500000, 0x0000000082600000, 0x0000000082600000|100%| O|  |TAMS 0x0000000082600000, 0x0000000082500000| Untracked 
|  38|0x0000000082600000, 0x0000000082700000, 0x0000000082700000|100%| O|  |TAMS 0x0000000082700000, 0x0000000082600000| Untracked 
|  39|0x0000000082700000, 0x0000000082800000, 0x0000000082800000|100%| O|  |TAMS 0x0000000082800000, 0x0000000082700000| Untracked 
|  40|0x0000000082800000, 0x0000000082900000, 0x0000000082900000|100%| O|  |TAMS 0x0000000082900000, 0x0000000082800000| Untracked 
|  41|0x0000000082900000, 0x0000000082a00000, 0x0000000082a00000|100%|HS|  |TAMS 0x0000000082a00000, 0x0000000082900000| Complete 
|  42|0x0000000082a00000, 0x0000000082b00000, 0x0000000082b00000|100%|HC|  |TAMS 0x0000000082b00000, 0x0000000082a00000| Complete 
|  43|0x0000000082b00000, 0x0000000082c00000, 0x0000000082c00000|100%|HC|  |TAMS 0x0000000082c00000, 0x0000000082b00000| Complete 
|  44|0x0000000082c00000, 0x0000000082d00000, 0x0000000082d00000|100%|HC|  |TAMS 0x0000000082d00000, 0x0000000082c00000| Complete 
|  45|0x0000000082d00000, 0x0000000082e00000, 0x0000000082e00000|100%|HS|  |TAMS 0x0000000082e00000, 0x0000000082d00000| Complete 
|  46|0x0000000082e00000, 0x0000000082f00000, 0x0000000082f00000|100%|HS|  |TAMS 0x0000000082f00000, 0x0000000082e00000| Complete 
|  47|0x0000000082f00000, 0x0000000083000000, 0x0000000083000000|100%|HC|  |TAMS 0x0000000083000000, 0x0000000082f00000| Complete 
|  48|0x0000000083000000, 0x0000000083100000, 0x0000000083100000|100%| O|  |TAMS 0x0000000083100000, 0x0000000083000000| Untracked 
|  49|0x0000000083100000, 0x0000000083200000, 0x0000000083200000|100%| O|  |TAMS 0x0000000083200000, 0x0000000083100000| Untracked 
|  50|0x0000000083200000, 0x0000000083300000, 0x0000000083300000|100%| O|  |TAMS 0x0000000083300000, 0x0000000083200000| Untracked 
|  51|0x0000000083300000, 0x0000000083400000, 0x0000000083400000|100%| O|  |TAMS 0x0000000083400000, 0x0000000083300000| Untracked 
|  52|0x0000000083400000, 0x0000000083500000, 0x0000000083500000|100%| O|  |TAMS 0x0000000083500000, 0x0000000083400000| Untracked 
|  53|0x0000000083500000, 0x0000000083600000, 0x0000000083600000|100%| O|  |TAMS 0x0000000083600000, 0x0000000083500000| Untracked 
|  54|0x0000000083600000, 0x0000000083700000, 0x0000000083700000|100%| O|  |TAMS 0x0000000083700000, 0x0000000083600000| Untracked 
|  55|0x0000000083700000, 0x000000008376fc00, 0x0000000083800000| 43%| O|  |TAMS 0x000000008376fc00, 0x0000000083700000| Untracked 
|  56|0x0000000083800000, 0x0000000083800000, 0x0000000083900000|  0%| F|  |TAMS 0x0000000083800000, 0x0000000083800000| Untracked 
|  57|0x0000000083900000, 0x0000000083900000, 0x0000000083a00000|  0%| F|  |TAMS 0x0000000083900000, 0x0000000083900000| Untracked 
|  58|0x0000000083a00000, 0x0000000083a00000, 0x0000000083b00000|  0%| F|  |TAMS 0x0000000083a00000, 0x0000000083a00000| Untracked 
|  59|0x0000000083b00000, 0x0000000083b00000, 0x0000000083c00000|  0%| F|  |TAMS 0x0000000083b00000, 0x0000000083b00000| Untracked 
|  60|0x0000000083c00000, 0x0000000083c00000, 0x0000000083d00000|  0%| F|  |TAMS 0x0000000083c00000, 0x0000000083c00000| Untracked 
|  61|0x0000000083d00000, 0x0000000083d00000, 0x0000000083e00000|  0%| F|  |TAMS 0x0000000083d00000, 0x0000000083d00000| Untracked 
|  62|0x0000000083e00000, 0x0000000083e00000, 0x0000000083f00000|  0%| F|  |TAMS 0x0000000083e00000, 0x0000000083e00000| Untracked 
|  63|0x0000000083f00000, 0x0000000083f00000, 0x0000000084000000|  0%| F|  |TAMS 0x0000000083f00000, 0x0000000083f00000| Untracked 
|  64|0x0000000084000000, 0x0000000084000000, 0x0000000084100000|  0%| F|  |TAMS 0x0000000084000000, 0x0000000084000000| Untracked 
|  65|0x0000000084100000, 0x0000000084100000, 0x0000000084200000|  0%| F|  |TAMS 0x0000000084100000, 0x0000000084100000| Untracked 
|  66|0x0000000084200000, 0x0000000084200000, 0x0000000084300000|  0%| F|  |TAMS 0x0000000084200000, 0x0000000084200000| Untracked 
|  67|0x0000000084300000, 0x0000000084300000, 0x0000000084400000|  0%| F|  |TAMS 0x0000000084300000, 0x0000000084300000| Untracked 
|  68|0x0000000084400000, 0x0000000084400000, 0x0000000084500000|  0%| F|  |TAMS 0x0000000084400000, 0x0000000084400000| Untracked 
|  69|0x0000000084500000, 0x0000000084500000, 0x0000000084600000|  0%| F|  |TAMS 0x0000000084500000, 0x0000000084500000| Untracked 
|  70|0x0000000084600000, 0x0000000084600000, 0x0000000084700000|  0%| F|  |TAMS 0x0000000084600000, 0x0000000084600000| Untracked 
|  71|0x0000000084700000, 0x0000000084700000, 0x0000000084800000|  0%| F|  |TAMS 0x0000000084700000, 0x0000000084700000| Untracked 
|  72|0x0000000084800000, 0x0000000084800000, 0x0000000084900000|  0%| F|  |TAMS 0x0000000084800000, 0x0000000084800000| Untracked 
|  73|0x0000000084900000, 0x0000000084900000, 0x0000000084a00000|  0%| F|  |TAMS 0x0000000084900000, 0x0000000084900000| Untracked 
|  74|0x0000000084a00000, 0x0000000084a00000, 0x0000000084b00000|  0%| F|  |TAMS 0x0000000084a00000, 0x0000000084a00000| Untracked 
|  75|0x0000000084b00000, 0x0000000084b00000, 0x0000000084c00000|  0%| F|  |TAMS 0x0000000084b00000, 0x0000000084b00000| Untracked 
|  76|0x0000000084c00000, 0x0000000084c00000, 0x0000000084d00000|  0%| F|  |TAMS 0x0000000084c00000, 0x0000000084c00000| Untracked 
|  77|0x0000000084d00000, 0x0000000084d00000, 0x0000000084e00000|  0%| F|  |TAMS 0x0000000084d00000, 0x0000000084d00000| Untracked 
|  78|0x0000000084e00000, 0x0000000084e00000, 0x0000000084f00000|  0%| F|  |TAMS 0x0000000084e00000, 0x0000000084e00000| Untracked 
|  79|0x0000000084f00000, 0x0000000084f00000, 0x0000000085000000|  0%| F|  |TAMS 0x0000000084f00000, 0x0000000084f00000| Untracked 
|  80|0x0000000085000000, 0x0000000085000000, 0x0000000085100000|  0%| F|  |TAMS 0x0000000085000000, 0x0000000085000000| Untracked 
|  81|0x0000000085100000, 0x0000000085100000, 0x0000000085200000|  0%| F|  |TAMS 0x0000000085100000, 0x0000000085100000| Untracked 
|  82|0x0000000085200000, 0x0000000085200000, 0x0000000085300000|  0%| F|  |TAMS 0x0000000085200000, 0x0000000085200000| Untracked 
|  83|0x0000000085300000, 0x0000000085300000, 0x0000000085400000|  0%| F|  |TAMS 0x0000000085300000, 0x0000000085300000| Untracked 
|  84|0x0000000085400000, 0x0000000085400000, 0x0000000085500000|  0%| F|  |TAMS 0x0000000085400000, 0x0000000085400000| Untracked 
|  85|0x0000000085500000, 0x0000000085500000, 0x0000000085600000|  0%| F|  |TAMS 0x0000000085500000, 0x0000000085500000| Untracked 
|  86|0x0000000085600000, 0x0000000085600000, 0x0000000085700000|  0%| F|  |TAMS 0x0000000085600000, 0x0000000085600000| Untracked 
|  87|0x0000000085700000, 0x0000000085700000, 0x0000000085800000|  0%| F|  |TAMS 0x0000000085700000, 0x0000000085700000| Untracked 
|  88|0x0000000085800000, 0x0000000085800000, 0x0000000085900000|  0%| F|  |TAMS 0x0000000085800000, 0x0000000085800000| Untracked 
|  89|0x0000000085900000, 0x0000000085900000, 0x0000000085a00000|  0%| F|  |TAMS 0x0000000085900000, 0x0000000085900000| Untracked 
|  90|0x0000000085a00000, 0x0000000085a00000, 0x0000000085b00000|  0%| F|  |TAMS 0x0000000085a00000, 0x0000000085a00000| Untracked 
|  91|0x0000000085b00000, 0x0000000085b00000, 0x0000000085c00000|  0%| F|  |TAMS 0x0000000085b00000, 0x0000000085b00000| Untracked 
|  92|0x0000000085c00000, 0x0000000085c00000, 0x0000000085d00000|  0%| F|  |TAMS 0x0000000085c00000, 0x0000000085c00000| Untracked 
|  93|0x0000000085d00000, 0x0000000085d00000, 0x0000000085e00000|  0%| F|  |TAMS 0x0000000085d00000, 0x0000000085d00000| Untracked 
|  94|0x0000000085e00000, 0x0000000085e00000, 0x0000000085f00000|  0%| F|  |TAMS 0x0000000085e00000, 0x0000000085e00000| Untracked 
|  95|0x0000000085f00000, 0x0000000085f00000, 0x0000000086000000|  0%| F|  |TAMS 0x0000000085f00000, 0x0000000085f00000| Untracked 
|  96|0x0000000086000000, 0x0000000086000000, 0x0000000086100000|  0%| F|  |TAMS 0x0000000086000000, 0x0000000086000000| Untracked 
|  97|0x0000000086100000, 0x0000000086100000, 0x0000000086200000|  0%| F|  |TAMS 0x0000000086100000, 0x0000000086100000| Untracked 
|  98|0x0000000086200000, 0x0000000086200000, 0x0000000086300000|  0%| F|  |TAMS 0x0000000086200000, 0x0000000086200000| Untracked 
|  99|0x0000000086300000, 0x0000000086300000, 0x0000000086400000|  0%| F|  |TAMS 0x0000000086300000, 0x0000000086300000| Untracked 
| 100|0x0000000086400000, 0x0000000086400000, 0x0000000086500000|  0%| F|  |TAMS 0x0000000086400000, 0x0000000086400000| Untracked 
| 101|0x0000000086500000, 0x0000000086500000, 0x0000000086600000|  0%| F|  |TAMS 0x0000000086500000, 0x0000000086500000| Untracked 
| 102|0x0000000086600000, 0x0000000086600000, 0x0000000086700000|  0%| F|  |TAMS 0x0000000086600000, 0x0000000086600000| Untracked 
| 103|0x0000000086700000, 0x0000000086700000, 0x0000000086800000|  0%| F|  |TAMS 0x0000000086700000, 0x0000000086700000| Untracked 
| 104|0x0000000086800000, 0x0000000086800000, 0x0000000086900000|  0%| F|  |TAMS 0x0000000086800000, 0x0000000086800000| Untracked 
| 105|0x0000000086900000, 0x0000000086900000, 0x0000000086a00000|  0%| F|  |TAMS 0x0000000086900000, 0x0000000086900000| Untracked 
| 106|0x0000000086a00000, 0x0000000086a00000, 0x0000000086b00000|  0%| F|  |TAMS 0x0000000086a00000, 0x0000000086a00000| Untracked 
| 107|0x0000000086b00000, 0x0000000086b00000, 0x0000000086c00000|  0%| F|  |TAMS 0x0000000086b00000, 0x0000000086b00000| Untracked 
| 108|0x0000000086c00000, 0x0000000086c00000, 0x0000000086d00000|  0%| F|  |TAMS 0x0000000086c00000, 0x0000000086c00000| Untracked 
| 109|0x0000000086d00000, 0x0000000086d00000, 0x0000000086e00000|  0%| F|  |TAMS 0x0000000086d00000, 0x0000000086d00000| Untracked 
| 110|0x0000000086e00000, 0x0000000086e00000, 0x0000000086f00000|  0%| F|  |TAMS 0x0000000086e00000, 0x0000000086e00000| Untracked 
| 111|0x0000000086f00000, 0x0000000086f00000, 0x0000000087000000|  0%| F|  |TAMS 0x0000000086f00000, 0x0000000086f00000| Untracked 
| 112|0x0000000087000000, 0x0000000087000000, 0x0000000087100000|  0%| F|  |TAMS 0x0000000087000000, 0x0000000087000000| Untracked 
| 113|0x0000000087100000, 0x0000000087100000, 0x0000000087200000|  0%| F|  |TAMS 0x0000000087100000, 0x0000000087100000| Untracked 
| 114|0x0000000087200000, 0x0000000087200000, 0x0000000087300000|  0%| F|  |TAMS 0x0000000087200000, 0x0000000087200000| Untracked 
| 115|0x0000000087300000, 0x0000000087300000, 0x0000000087400000|  0%| F|  |TAMS 0x0000000087300000, 0x0000000087300000| Untracked 
| 116|0x0000000087400000, 0x0000000087400000, 0x0000000087500000|  0%| F|  |TAMS 0x0000000087400000, 0x0000000087400000| Untracked 
| 117|0x0000000087500000, 0x0000000087500000, 0x0000000087600000|  0%| F|  |TAMS 0x0000000087500000, 0x0000000087500000| Untracked 
| 118|0x0000000087600000, 0x0000000087600000, 0x0000000087700000|  0%| F|  |TAMS 0x0000000087600000, 0x0000000087600000| Untracked 
| 119|0x0000000087700000, 0x0000000087700000, 0x0000000087800000|  0%| F|  |TAMS 0x0000000087700000, 0x0000000087700000| Untracked 
| 120|0x0000000087800000, 0x0000000087800000, 0x0000000087900000|  0%| F|  |TAMS 0x0000000087800000, 0x0000000087800000| Untracked 
| 121|0x0000000087900000, 0x0000000087900000, 0x0000000087a00000|  0%| F|  |TAMS 0x0000000087900000, 0x0000000087900000| Untracked 
| 122|0x0000000087a00000, 0x0000000087a00000, 0x0000000087b00000|  0%| F|  |TAMS 0x0000000087a00000, 0x0000000087a00000| Untracked 
| 123|0x0000000087b00000, 0x0000000087b00000, 0x0000000087c00000|  0%| F|  |TAMS 0x0000000087b00000, 0x0000000087b00000| Untracked 
| 124|0x0000000087c00000, 0x0000000087c00000, 0x0000000087d00000|  0%| F|  |TAMS 0x0000000087c00000, 0x0000000087c00000| Untracked 
| 125|0x0000000087d00000, 0x0000000087d00000, 0x0000000087e00000|  0%| F|  |TAMS 0x0000000087d00000, 0x0000000087d00000| Untracked 
| 126|0x0000000087e00000, 0x0000000087e00000, 0x0000000087f00000|  0%| F|  |TAMS 0x0000000087e00000, 0x0000000087e00000| Untracked 
| 127|0x0000000087f00000, 0x0000000087f00000, 0x0000000088000000|  0%| F|  |TAMS 0x0000000087f00000, 0x0000000087f00000| Untracked 
| 128|0x0000000088000000, 0x0000000088000000, 0x0000000088100000|  0%| F|  |TAMS 0x0000000088000000, 0x0000000088000000| Untracked 
| 129|0x0000000088100000, 0x0000000088100000, 0x0000000088200000|  0%| F|  |TAMS 0x0000000088100000, 0x0000000088100000| Untracked 
| 130|0x0000000088200000, 0x0000000088200000, 0x0000000088300000|  0%| F|  |TAMS 0x0000000088200000, 0x0000000088200000| Untracked 
| 131|0x0000000088300000, 0x0000000088300000, 0x0000000088400000|  0%| F|  |TAMS 0x0000000088300000, 0x0000000088300000| Untracked 
| 132|0x0000000088400000, 0x0000000088400000, 0x0000000088500000|  0%| F|  |TAMS 0x0000000088400000, 0x0000000088400000| Untracked 
| 133|0x0000000088500000, 0x0000000088500000, 0x0000000088600000|  0%| F|  |TAMS 0x0000000088500000, 0x0000000088500000| Untracked 
| 134|0x0000000088600000, 0x0000000088600000, 0x0000000088700000|  0%| F|  |TAMS 0x0000000088600000, 0x0000000088600000| Untracked 
| 135|0x0000000088700000, 0x0000000088700000, 0x0000000088800000|  0%| F|  |TAMS 0x0000000088700000, 0x0000000088700000| Untracked 
| 136|0x0000000088800000, 0x0000000088800000, 0x0000000088900000|  0%| F|  |TAMS 0x0000000088800000, 0x0000000088800000| Untracked 
| 137|0x0000000088900000, 0x0000000088900000, 0x0000000088a00000|  0%| F|  |TAMS 0x0000000088900000, 0x0000000088900000| Untracked 
| 138|0x0000000088a00000, 0x0000000088a00000, 0x0000000088b00000|  0%| F|  |TAMS 0x0000000088a00000, 0x0000000088a00000| Untracked 
| 139|0x0000000088b00000, 0x0000000088b00000, 0x0000000088c00000|  0%| F|  |TAMS 0x0000000088b00000, 0x0000000088b00000| Untracked 
| 140|0x0000000088c00000, 0x0000000088c00000, 0x0000000088d00000|  0%| F|  |TAMS 0x0000000088c00000, 0x0000000088c00000| Untracked 
| 141|0x0000000088d00000, 0x0000000088d00000, 0x0000000088e00000|  0%| F|  |TAMS 0x0000000088d00000, 0x0000000088d00000| Untracked 
| 142|0x0000000088e00000, 0x0000000088e00000, 0x0000000088f00000|  0%| F|  |TAMS 0x0000000088e00000, 0x0000000088e00000| Untracked 
| 143|0x0000000088f00000, 0x0000000088f00000, 0x0000000089000000|  0%| F|  |TAMS 0x0000000088f00000, 0x0000000088f00000| Untracked 
| 144|0x0000000089000000, 0x0000000089000000, 0x0000000089100000|  0%| F|  |TAMS 0x0000000089000000, 0x0000000089000000| Untracked 
| 145|0x0000000089100000, 0x0000000089100000, 0x0000000089200000|  0%| F|  |TAMS 0x0000000089100000, 0x0000000089100000| Untracked 
| 146|0x0000000089200000, 0x0000000089200000, 0x0000000089300000|  0%| F|  |TAMS 0x0000000089200000, 0x0000000089200000| Untracked 
| 147|0x0000000089300000, 0x0000000089300000, 0x0000000089400000|  0%| F|  |TAMS 0x0000000089300000, 0x0000000089300000| Untracked 
| 148|0x0000000089400000, 0x0000000089400000, 0x0000000089500000|  0%| F|  |TAMS 0x0000000089400000, 0x0000000089400000| Untracked 
| 149|0x0000000089500000, 0x0000000089500000, 0x0000000089600000|  0%| F|  |TAMS 0x0000000089500000, 0x0000000089500000| Untracked 
| 150|0x0000000089600000, 0x0000000089600000, 0x0000000089700000|  0%| F|  |TAMS 0x0000000089600000, 0x0000000089600000| Untracked 
| 151|0x0000000089700000, 0x0000000089700000, 0x0000000089800000|  0%| F|  |TAMS 0x0000000089700000, 0x0000000089700000| Untracked 
| 152|0x0000000089800000, 0x0000000089800000, 0x0000000089900000|  0%| F|  |TAMS 0x0000000089800000, 0x0000000089800000| Untracked 
| 153|0x0000000089900000, 0x0000000089900000, 0x0000000089a00000|  0%| F|  |TAMS 0x0000000089900000, 0x0000000089900000| Untracked 
| 154|0x0000000089a00000, 0x0000000089a00000, 0x0000000089b00000|  0%| F|  |TAMS 0x0000000089a00000, 0x0000000089a00000| Untracked 
| 155|0x0000000089b00000, 0x0000000089b00000, 0x0000000089c00000|  0%| F|  |TAMS 0x0000000089b00000, 0x0000000089b00000| Untracked 
| 156|0x0000000089c00000, 0x0000000089c00000, 0x0000000089d00000|  0%| F|  |TAMS 0x0000000089c00000, 0x0000000089c00000| Untracked 
| 157|0x0000000089d00000, 0x0000000089d00000, 0x0000000089e00000|  0%| F|  |TAMS 0x0000000089d00000, 0x0000000089d00000| Untracked 
| 158|0x0000000089e00000, 0x0000000089e00000, 0x0000000089f00000|  0%| F|  |TAMS 0x0000000089e00000, 0x0000000089e00000| Untracked 
| 159|0x0000000089f00000, 0x0000000089f00000, 0x000000008a000000|  0%| F|  |TAMS 0x0000000089f00000, 0x0000000089f00000| Untracked 
| 160|0x000000008a000000, 0x000000008a000000, 0x000000008a100000|  0%| F|  |TAMS 0x000000008a000000, 0x000000008a000000| Untracked 
| 161|0x000000008a100000, 0x000000008a100000, 0x000000008a200000|  0%| F|  |TAMS 0x000000008a100000, 0x000000008a100000| Untracked 
| 162|0x000000008a200000, 0x000000008a200000, 0x000000008a300000|  0%| F|  |TAMS 0x000000008a200000, 0x000000008a200000| Untracked 
| 163|0x000000008a300000, 0x000000008a300000, 0x000000008a400000|  0%| F|  |TAMS 0x000000008a300000, 0x000000008a300000| Untracked 
| 164|0x000000008a400000, 0x000000008a400000, 0x000000008a500000|  0%| F|  |TAMS 0x000000008a400000, 0x000000008a400000| Untracked 
| 165|0x000000008a500000, 0x000000008a5c3d10, 0x000000008a600000| 76%| S|CS|TAMS 0x000000008a500000, 0x000000008a500000| Complete 
| 166|0x000000008a600000, 0x000000008a700000, 0x000000008a700000|100%| S|CS|TAMS 0x000000008a600000, 0x000000008a600000| Complete 
| 167|0x000000008a700000, 0x000000008a800000, 0x000000008a800000|100%| S|CS|TAMS 0x000000008a700000, 0x000000008a700000| Complete 
| 168|0x000000008a800000, 0x000000008a900000, 0x000000008a900000|100%| S|CS|TAMS 0x000000008a800000, 0x000000008a800000| Complete 
| 169|0x000000008a900000, 0x000000008aa00000, 0x000000008aa00000|100%| S|CS|TAMS 0x000000008a900000, 0x000000008a900000| Complete 
| 170|0x000000008aa00000, 0x000000008ab00000, 0x000000008ab00000|100%| S|CS|TAMS 0x000000008aa00000, 0x000000008aa00000| Complete 
| 171|0x000000008ab00000, 0x000000008ac00000, 0x000000008ac00000|100%| S|CS|TAMS 0x000000008ab00000, 0x000000008ab00000| Complete 
| 172|0x000000008ac00000, 0x000000008ad00000, 0x000000008ad00000|100%| S|CS|TAMS 0x000000008ac00000, 0x000000008ac00000| Complete 
| 173|0x000000008ad00000, 0x000000008ae00000, 0x000000008ae00000|100%| S|CS|TAMS 0x000000008ad00000, 0x000000008ad00000| Complete 
| 174|0x000000008ae00000, 0x000000008af00000, 0x000000008af00000|100%| S|CS|TAMS 0x000000008ae00000, 0x000000008ae00000| Complete 
| 175|0x000000008af00000, 0x000000008b000000, 0x000000008b000000|100%| S|CS|TAMS 0x000000008af00000, 0x000000008af00000| Complete 
| 176|0x000000008b000000, 0x000000008b100000, 0x000000008b100000|100%| S|CS|TAMS 0x000000008b000000, 0x000000008b000000| Complete 
| 177|0x000000008b100000, 0x000000008b200000, 0x000000008b200000|100%| S|CS|TAMS 0x000000008b100000, 0x000000008b100000| Complete 
| 178|0x000000008b200000, 0x000000008b300000, 0x000000008b300000|100%| S|CS|TAMS 0x000000008b200000, 0x000000008b200000| Complete 
| 179|0x000000008b300000, 0x000000008b400000, 0x000000008b400000|100%| S|CS|TAMS 0x000000008b300000, 0x000000008b300000| Complete 
| 180|0x000000008b400000, 0x000000008b400000, 0x000000008b500000|  0%| F|  |TAMS 0x000000008b400000, 0x000000008b400000| Untracked 
| 181|0x000000008b500000, 0x000000008b500000, 0x000000008b600000|  0%| F|  |TAMS 0x000000008b500000, 0x000000008b500000| Untracked 
| 182|0x000000008b600000, 0x000000008b600000, 0x000000008b700000|  0%| F|  |TAMS 0x000000008b600000, 0x000000008b600000| Untracked 
| 183|0x000000008b700000, 0x000000008b700000, 0x000000008b800000|  0%| F|  |TAMS 0x000000008b700000, 0x000000008b700000| Untracked 
| 184|0x000000008b800000, 0x000000008b800000, 0x000000008b900000|  0%| F|  |TAMS 0x000000008b800000, 0x000000008b800000| Untracked 
| 185|0x000000008b900000, 0x000000008b900000, 0x000000008ba00000|  0%| F|  |TAMS 0x000000008b900000, 0x000000008b900000| Untracked 
| 186|0x000000008ba00000, 0x000000008ba00000, 0x000000008bb00000|  0%| F|  |TAMS 0x000000008ba00000, 0x000000008ba00000| Untracked 
| 187|0x000000008bb00000, 0x000000008bb00000, 0x000000008bc00000|  0%| F|  |TAMS 0x000000008bb00000, 0x000000008bb00000| Untracked 
| 188|0x000000008bc00000, 0x000000008bc00000, 0x000000008bd00000|  0%| F|  |TAMS 0x000000008bc00000, 0x000000008bc00000| Untracked 
| 189|0x000000008bd00000, 0x000000008bd00000, 0x000000008be00000|  0%| F|  |TAMS 0x000000008bd00000, 0x000000008bd00000| Untracked 
| 190|0x000000008be00000, 0x000000008be00000, 0x000000008bf00000|  0%| F|  |TAMS 0x000000008be00000, 0x000000008be00000| Untracked 
| 191|0x000000008bf00000, 0x000000008bf00000, 0x000000008c000000|  0%| F|  |TAMS 0x000000008bf00000, 0x000000008bf00000| Untracked 
| 192|0x000000008c000000, 0x000000008c000000, 0x000000008c100000|  0%| F|  |TAMS 0x000000008c000000, 0x000000008c000000| Untracked 
| 193|0x000000008c100000, 0x000000008c100000, 0x000000008c200000|  0%| F|  |TAMS 0x000000008c100000, 0x000000008c100000| Untracked 
| 194|0x000000008c200000, 0x000000008c200000, 0x000000008c300000|  0%| F|  |TAMS 0x000000008c200000, 0x000000008c200000| Untracked 
| 195|0x000000008c300000, 0x000000008c300000, 0x000000008c400000|  0%| F|  |TAMS 0x000000008c300000, 0x000000008c300000| Untracked 
| 196|0x000000008c400000, 0x000000008c400000, 0x000000008c500000|  0%| F|  |TAMS 0x000000008c400000, 0x000000008c400000| Untracked 
| 197|0x000000008c500000, 0x000000008c500000, 0x000000008c600000|  0%| F|  |TAMS 0x000000008c500000, 0x000000008c500000| Untracked 
| 198|0x000000008c600000, 0x000000008c600000, 0x000000008c700000|  0%| F|  |TAMS 0x000000008c600000, 0x000000008c600000| Untracked 
| 199|0x000000008c700000, 0x000000008c700000, 0x000000008c800000|  0%| F|  |TAMS 0x000000008c700000, 0x000000008c700000| Untracked 
| 200|0x000000008c800000, 0x000000008c800000, 0x000000008c900000|  0%| F|  |TAMS 0x000000008c800000, 0x000000008c800000| Untracked 
| 201|0x000000008c900000, 0x000000008c900000, 0x000000008ca00000|  0%| F|  |TAMS 0x000000008c900000, 0x000000008c900000| Untracked 
| 202|0x000000008ca00000, 0x000000008cb00000, 0x000000008cb00000|100%| E|  |TAMS 0x000000008ca00000, 0x000000008ca00000| Complete 
| 203|0x000000008cb00000, 0x000000008cc00000, 0x000000008cc00000|100%| E|CS|TAMS 0x000000008cb00000, 0x000000008cb00000| Complete 
| 204|0x000000008cc00000, 0x000000008cd00000, 0x000000008cd00000|100%| E|CS|TAMS 0x000000008cc00000, 0x000000008cc00000| Complete 
| 205|0x000000008cd00000, 0x000000008ce00000, 0x000000008ce00000|100%| E|CS|TAMS 0x000000008cd00000, 0x000000008cd00000| Complete 
| 206|0x000000008ce00000, 0x000000008cf00000, 0x000000008cf00000|100%| E|CS|TAMS 0x000000008ce00000, 0x000000008ce00000| Complete 
| 207|0x000000008cf00000, 0x000000008d000000, 0x000000008d000000|100%| E|CS|TAMS 0x000000008cf00000, 0x000000008cf00000| Complete 
| 208|0x000000008d000000, 0x000000008d100000, 0x000000008d100000|100%| E|CS|TAMS 0x000000008d000000, 0x000000008d000000| Complete 
| 209|0x000000008d100000, 0x000000008d200000, 0x000000008d200000|100%| E|CS|TAMS 0x000000008d100000, 0x000000008d100000| Complete 
| 210|0x000000008d200000, 0x000000008d300000, 0x000000008d300000|100%| E|CS|TAMS 0x000000008d200000, 0x000000008d200000| Complete 
| 211|0x000000008d300000, 0x000000008d400000, 0x000000008d400000|100%| E|CS|TAMS 0x000000008d300000, 0x000000008d300000| Complete 
| 212|0x000000008d400000, 0x000000008d500000, 0x000000008d500000|100%| E|CS|TAMS 0x000000008d400000, 0x000000008d400000| Complete 
| 213|0x000000008d500000, 0x000000008d600000, 0x000000008d600000|100%| E|CS|TAMS 0x000000008d500000, 0x000000008d500000| Complete 
| 214|0x000000008d600000, 0x000000008d700000, 0x000000008d700000|100%| E|CS|TAMS 0x000000008d600000, 0x000000008d600000| Complete 
| 215|0x000000008d700000, 0x000000008d800000, 0x000000008d800000|100%| E|CS|TAMS 0x000000008d700000, 0x000000008d700000| Complete 
| 216|0x000000008d800000, 0x000000008d900000, 0x000000008d900000|100%| E|CS|TAMS 0x000000008d800000, 0x000000008d800000| Complete 
| 217|0x000000008d900000, 0x000000008da00000, 0x000000008da00000|100%| E|CS|TAMS 0x000000008d900000, 0x000000008d900000| Complete 
| 218|0x000000008da00000, 0x000000008db00000, 0x000000008db00000|100%| E|CS|TAMS 0x000000008da00000, 0x000000008da00000| Complete 
| 219|0x000000008db00000, 0x000000008dc00000, 0x000000008dc00000|100%| E|CS|TAMS 0x000000008db00000, 0x000000008db00000| Complete 
| 220|0x000000008dc00000, 0x000000008dd00000, 0x000000008dd00000|100%| E|CS|TAMS 0x000000008dc00000, 0x000000008dc00000| Complete 
| 221|0x000000008dd00000, 0x000000008de00000, 0x000000008de00000|100%| E|CS|TAMS 0x000000008dd00000, 0x000000008dd00000| Complete 
| 222|0x000000008de00000, 0x000000008df00000, 0x000000008df00000|100%| E|CS|TAMS 0x000000008de00000, 0x000000008de00000| Complete 
| 223|0x000000008df00000, 0x000000008e000000, 0x000000008e000000|100%| E|CS|TAMS 0x000000008df00000, 0x000000008df00000| Complete 
| 224|0x000000008e000000, 0x000000008e100000, 0x000000008e100000|100%| E|  |TAMS 0x000000008e000000, 0x000000008e000000| Complete 
| 225|0x000000008e100000, 0x000000008e200000, 0x000000008e200000|100%| E|CS|TAMS 0x000000008e100000, 0x000000008e100000| Complete 
| 226|0x000000008e200000, 0x000000008e300000, 0x000000008e300000|100%| E|CS|TAMS 0x000000008e200000, 0x000000008e200000| Complete 
| 227|0x000000008e300000, 0x000000008e400000, 0x000000008e400000|100%| E|CS|TAMS 0x000000008e300000, 0x000000008e300000| Complete 
| 228|0x000000008e400000, 0x000000008e500000, 0x000000008e500000|100%| E|CS|TAMS 0x000000008e400000, 0x000000008e400000| Complete 
| 229|0x000000008e500000, 0x000000008e600000, 0x000000008e600000|100%| E|CS|TAMS 0x000000008e500000, 0x000000008e500000| Complete 
| 230|0x000000008e600000, 0x000000008e700000, 0x000000008e700000|100%| E|CS|TAMS 0x000000008e600000, 0x000000008e600000| Complete 
| 231|0x000000008e700000, 0x000000008e800000, 0x000000008e800000|100%| E|CS|TAMS 0x000000008e700000, 0x000000008e700000| Complete 
| 232|0x000000008e800000, 0x000000008e900000, 0x000000008e900000|100%| E|CS|TAMS 0x000000008e800000, 0x000000008e800000| Complete 
| 233|0x000000008e900000, 0x000000008ea00000, 0x000000008ea00000|100%| E|CS|TAMS 0x000000008e900000, 0x000000008e900000| Complete 
| 234|0x000000008ea00000, 0x000000008eb00000, 0x000000008eb00000|100%| E|CS|TAMS 0x000000008ea00000, 0x000000008ea00000| Complete 
| 235|0x000000008eb00000, 0x000000008ec00000, 0x000000008ec00000|100%| E|CS|TAMS 0x000000008eb00000, 0x000000008eb00000| Complete 
| 236|0x000000008ec00000, 0x000000008ed00000, 0x000000008ed00000|100%| E|CS|TAMS 0x000000008ec00000, 0x000000008ec00000| Complete 
| 237|0x000000008ed00000, 0x000000008ee00000, 0x000000008ee00000|100%| E|CS|TAMS 0x000000008ed00000, 0x000000008ed00000| Complete 
| 238|0x000000008ee00000, 0x000000008ef00000, 0x000000008ef00000|100%| E|CS|TAMS 0x000000008ee00000, 0x000000008ee00000| Complete 
| 239|0x000000008ef00000, 0x000000008f000000, 0x000000008f000000|100%| E|CS|TAMS 0x000000008ef00000, 0x000000008ef00000| Complete 
| 240|0x000000008f000000, 0x000000008f100000, 0x000000008f100000|100%| E|CS|TAMS 0x000000008f000000, 0x000000008f000000| Complete 
| 241|0x000000008f100000, 0x000000008f200000, 0x000000008f200000|100%| E|CS|TAMS 0x000000008f100000, 0x000000008f100000| Complete 
| 242|0x000000008f200000, 0x000000008f300000, 0x000000008f300000|100%| E|CS|TAMS 0x000000008f200000, 0x000000008f200000| Complete 
| 243|0x000000008f300000, 0x000000008f400000, 0x000000008f400000|100%| E|CS|TAMS 0x000000008f300000, 0x000000008f300000| Complete 
| 244|0x000000008f400000, 0x000000008f500000, 0x000000008f500000|100%| E|CS|TAMS 0x000000008f400000, 0x000000008f400000| Complete 
| 245|0x000000008f500000, 0x000000008f600000, 0x000000008f600000|100%| E|CS|TAMS 0x000000008f500000, 0x000000008f500000| Complete 
| 246|0x000000008f600000, 0x000000008f700000, 0x000000008f700000|100%| E|CS|TAMS 0x000000008f600000, 0x000000008f600000| Complete 
| 247|0x000000008f700000, 0x000000008f800000, 0x000000008f800000|100%| E|CS|TAMS 0x000000008f700000, 0x000000008f700000| Complete 
| 248|0x000000008f800000, 0x000000008f900000, 0x000000008f900000|100%| E|CS|TAMS 0x000000008f800000, 0x000000008f800000| Complete 
| 249|0x000000008f900000, 0x000000008fa00000, 0x000000008fa00000|100%| E|CS|TAMS 0x000000008f900000, 0x000000008f900000| Complete 
| 250|0x000000008fa00000, 0x000000008fb00000, 0x000000008fb00000|100%| E|CS|TAMS 0x000000008fa00000, 0x000000008fa00000| Complete 
| 251|0x000000008fb00000, 0x000000008fc00000, 0x000000008fc00000|100%| E|CS|TAMS 0x000000008fb00000, 0x000000008fb00000| Complete 
| 252|0x000000008fc00000, 0x000000008fd00000, 0x000000008fd00000|100%| E|CS|TAMS 0x000000008fc00000, 0x000000008fc00000| Complete 
| 253|0x000000008fd00000, 0x000000008fe00000, 0x000000008fe00000|100%| E|CS|TAMS 0x000000008fd00000, 0x000000008fd00000| Complete 
| 254|0x000000008fe00000, 0x000000008ff00000, 0x000000008ff00000|100%| E|CS|TAMS 0x000000008fe00000, 0x000000008fe00000| Complete 
| 255|0x000000008ff00000, 0x0000000090000000, 0x0000000090000000|100%| E|CS|TAMS 0x000000008ff00000, 0x000000008ff00000| Complete 

Card table byte_map: [0x0000018bb4070000,0x0000018bb4470000] _byte_map_base: 0x0000018bb3c70000

Marking Bits (Prev, Next): (CMBitMap*) 0x0000018ba10a3b90, (CMBitMap*) 0x0000018ba10a3b58
 Prev Bits: [0x0000018bb6870000, 0x0000018bb8870000)
 Next Bits: [0x0000018bb4870000, 0x0000018bb6870000)

Polling page: 0x0000018b9ef30000

Metaspace:

Usage:
  Non-class:     56.52 MB capacity,    55.41 MB ( 98%) used,   960.98 KB (  2%) free+waste,   170.25 KB ( <1%) overhead. 
      Class:      8.71 MB capacity,     8.12 MB ( 93%) used,   514.48 KB (  6%) free+waste,    80.69 KB ( <1%) overhead. 
       Both:     65.22 MB capacity,    63.54 MB ( 97%) used,     1.44 MB (  2%) free+waste,   250.94 KB ( <1%) overhead. 

Virtual space:
  Non-class space:       62.00 MB reserved,      56.75 MB ( 92%) committed 
      Class space:        1.00 GB reserved,       8.75 MB ( <1%) committed 
             Both:        1.06 GB reserved,      65.50 MB (  6%) committed 

Chunk freelists:
   Non-Class:  47.00 KB
       Class:  13.00 KB
        Both:  60.00 KB

MaxMetaspaceSize: 17179869184.00 GB
CompressedClassSpaceSize: 1.00 GB
Initial GC threshold: 20.80 MB
Current GC threshold: 98.34 MB
CDS: off

CodeHeap 'non-profiled nmethods': size=120064Kb used=3838Kb max_used=3838Kb free=116225Kb
 bounds [0x0000018bac620000, 0x0000018bac9e0000, 0x0000018bb3b60000]
CodeHeap 'profiled nmethods': size=120000Kb used=13763Kb max_used=13763Kb free=106236Kb
 bounds [0x0000018ba50f0000, 0x0000018ba5e70000, 0x0000018bac620000]
CodeHeap 'non-nmethods': size=5696Kb used=2344Kb max_used=2380Kb free=3351Kb
 bounds [0x0000018ba4b60000, 0x0000018ba4dd0000, 0x0000018ba50f0000]
 total_blobs=7321 nmethods=6470 adapters=763
 compilation: enabled
              stopped_count=0, restarted_count=0
 full_count=0

Compilation events (20 events):
Event: 23.597 Thread 0x0000018bbb970800 nmethod 6455 0x0000018bac9d4e10 code [0x0000018bac9d5040, 0x0000018bac9d5c80]
Event: 23.597 Thread 0x0000018bbb970800 6461       4       org.objectweb.asm.Type::appendDescriptor (90 bytes)
Event: 23.597 Thread 0x0000018bbb972000 6469       3       org.objectweb.asm.AnnotationWriter::visitEnd (44 bytes)
Event: 23.598 Thread 0x0000018bbb972000 nmethod 6469 0x0000018ba5e5e390 code [0x0000018ba5e5e540, 0x0000018ba5e5e6d8]
Event: 23.602 Thread 0x0000018bc0538000 nmethod 6454 0x0000018bac9d6310 code [0x0000018bac9d64e0, 0x0000018bac9d7238]
Event: 23.602 Thread 0x0000018bc0538000 6468       4       org.objectweb.asm.MethodWriter::visitInsn (115 bytes)
Event: 23.626 Thread 0x0000018bc0538000 nmethod 6468 0x0000018bac9d7610 code [0x0000018bac9d7800, 0x0000018bac9d80f8]
Event: 23.626 Thread 0x0000018bc0538000 6470       4       kotlin.jvm.internal.Intrinsics::checkNotNullParameter (9 bytes)
Event: 23.627 Thread 0x0000018bc0538000 nmethod 6470 0x0000018bac9d8690 code [0x0000018bac9d8820, 0x0000018bac9d8878]
Event: 23.634 Thread 0x0000018bc0538000 6471       4       sun.reflect.generics.parser.SignatureParser::parsePackageNameAndSimpleClassTypeSignature (119 bytes)
Event: 23.636 Thread 0x0000018bbb970800 nmethod 6461 0x0000018bac9d8990 code [0x0000018bac9d8ba0, 0x0000018bac9d9af0]
Event: 23.638 Thread 0x0000018bbb970800 6472       4       java.lang.Class::annotationData (44 bytes)
Event: 23.648 Thread 0x0000018bbb972000 6476       3       org.gradle.internal.instantiation.generator.AsmBackedClassGenerator$ClassBuilderImpl$$Lambda$135/0x00000001002d3440::add (21 bytes)
Event: 23.648 Thread 0x0000018bbb972000 nmethod 6476 0x0000018ba5e5e810 code [0x0000018ba5e5e9c0, 0x0000018ba5e5eb08]
Event: 23.682 Thread 0x0000018bbb972000 6477       3       org.gradle.internal.instantiation.generator.AsmBackedClassGenerator$ClassBuilderImpl$$Lambda$135/0x00000001002d3440::<init> (26 bytes)
Event: 23.682 Thread 0x0000018bbb972000 nmethod 6477 0x0000018ba5e5ec10 code [0x0000018ba5e5ede0, 0x0000018ba5e5f0b8]
Event: 23.694 Thread 0x0000018bbb972000 6478       3       com.sun.proxy.$Proxy5::<init> (6 bytes)
Event: 23.694 Thread 0x0000018bbb972000 nmethod 6478 0x0000018ba5e5f190 code [0x0000018ba5e5f360, 0x0000018ba5e5f6e8]
Event: 23.695 Thread 0x0000018bbb972000 6479   !   3       jdk.internal.reflect.GeneratedConstructorAccessor8::newInstance (53 bytes)
Event: 23.695 Thread 0x0000018bbb972000 nmethod 6479 0x0000018ba5e5f890 code [0x0000018ba5e5fae0, 0x0000018ba5e60348]

GC Heap History (16 events):
Event: 1.838 GC heap before
{Heap before GC invocations=0 (full 0):
 garbage-first heap   total 262144K, used 27648K [0x0000000080000000, 0x0000000100000000)
  region size 1024K, 22 young (22528K), 0 survivors (0K)
 Metaspace       used 9623K, capacity 9821K, committed 10112K, reserved 1058816K
  class space    used 992K, capacity 1068K, committed 1152K, reserved 1048576K
}
Event: 1.905 GC heap after
{Heap after GC invocations=1 (full 0):
 garbage-first heap   total 262144K, used 9325K [0x0000000080000000, 0x0000000100000000)
  region size 1024K, 3 young (3072K), 3 survivors (3072K)
 Metaspace       used 9623K, capacity 9821K, committed 10112K, reserved 1058816K
  class space    used 992K, capacity 1068K, committed 1152K, reserved 1048576K
}
Event: 6.568 GC heap before
{Heap before GC invocations=1 (full 0):
 garbage-first heap   total 262144K, used 83053K [0x0000000080000000, 0x0000000100000000)
  region size 1024K, 75 young (76800K), 3 survivors (3072K)
 Metaspace       used 17708K, capacity 18112K, committed 18432K, reserved 1064960K
  class space    used 2076K, capacity 2226K, committed 2304K, reserved 1048576K
}
Event: 6.593 GC heap after
{Heap after GC invocations=2 (full 0):
 garbage-first heap   total 262144K, used 16272K [0x0000000080000000, 0x0000000100000000)
  region size 1024K, 10 young (10240K), 10 survivors (10240K)
 Metaspace       used 17708K, capacity 18112K, committed 18432K, reserved 1064960K
  class space    used 2076K, capacity 2226K, committed 2304K, reserved 1048576K
}
Event: 7.192 GC heap before
{Heap before GC invocations=2 (full 0):
 garbage-first heap   total 262144K, used 46992K [0x0000000080000000, 0x0000000100000000)
  region size 1024K, 41 young (41984K), 10 survivors (10240K)
 Metaspace       used 20722K, capacity 21148K, committed 21248K, reserved 1067008K
  class space    used 2550K, capacity 2727K, committed 2816K, reserved 1048576K
}
Event: 7.220 GC heap after
{Heap after GC invocations=3 (full 0):
 garbage-first heap   total 262144K, used 17731K [0x0000000080000000, 0x0000000100000000)
  region size 1024K, 2 young (2048K), 2 survivors (2048K)
 Metaspace       used 20722K, capacity 21148K, committed 21248K, reserved 1067008K
  class space    used 2550K, capacity 2727K, committed 2816K, reserved 1048576K
}
Event: 9.343 GC heap before
{Heap before GC invocations=4 (full 0):
 garbage-first heap   total 262144K, used 100675K [0x0000000080000000, 0x0000000100000000)
  region size 1024K, 73 young (74752K), 2 survivors (2048K)
 Metaspace       used 27992K, capacity 28702K, committed 28800K, reserved 1075200K
  class space    used 3686K, capacity 3928K, committed 3968K, reserved 1048576K
}
Event: 9.354 GC heap after
{Heap after GC invocations=5 (full 0):
 garbage-first heap   total 262144K, used 33565K [0x0000000080000000, 0x0000000100000000)
  region size 1024K, 7 young (7168K), 7 survivors (7168K)
 Metaspace       used 27992K, capacity 28702K, committed 28800K, reserved 1075200K
  class space    used 3686K, capacity 3928K, committed 3968K, reserved 1048576K
}
Event: 10.879 GC heap before
{Heap before GC invocations=5 (full 0):
 garbage-first heap   total 262144K, used 96029K [0x0000000080000000, 0x0000000100000000)
  region size 1024K, 69 young (70656K), 7 survivors (7168K)
 Metaspace       used 34916K, capacity 35833K, committed 35840K, reserved 1081344K
  class space    used 4650K, capacity 4986K, committed 4992K, reserved 1048576K
}
Event: 10.898 GC heap after
{Heap after GC invocations=6 (full 0):
 garbage-first heap   total 262144K, used 36514K [0x0000000080000000, 0x0000000100000000)
  region size 1024K, 9 young (9216K), 9 survivors (9216K)
 Metaspace       used 34916K, capacity 35833K, committed 35840K, reserved 1081344K
  class space    used 4650K, capacity 4986K, committed 4992K, reserved 1048576K
}
Event: 13.602 GC heap before
{Heap before GC invocations=7 (full 0):
 garbage-first heap   total 262144K, used 143010K [0x0000000080000000, 0x0000000100000000)
  region size 1024K, 106 young (108544K), 9 survivors (9216K)
 Metaspace       used 44505K, capacity 45756K, committed 45952K, reserved 1089536K
  class space    used 5745K, capacity 6191K, committed 6272K, reserved 1048576K
}
Event: 13.648 GC heap after
{Heap after GC invocations=8 (full 0):
 garbage-first heap   total 262144K, used 49848K [0x0000000080000000, 0x0000000100000000)
  region size 1024K, 12 young (12288K), 12 survivors (12288K)
 Metaspace       used 44505K, capacity 45756K, committed 45952K, reserved 1089536K
  class space    used 5745K, capacity 6191K, committed 6272K, reserved 1048576K
}
Event: 16.974 GC heap before
{Heap before GC invocations=8 (full 0):
 garbage-first heap   total 262144K, used 168632K [0x0000000080000000, 0x0000000100000000)
  region size 1024K, 123 young (125952K), 12 survivors (12288K)
 Metaspace       used 51232K, capacity 52654K, committed 52736K, reserved 1095680K
  class space    used 6608K, capacity 7097K, committed 7168K, reserved 1048576K
}
Event: 17.009 GC heap after
{Heap after GC invocations=9 (full 0):
 garbage-first heap   total 262144K, used 59651K [0x0000000080000000, 0x0000000100000000)
  region size 1024K, 15 young (15360K), 15 survivors (15360K)
 Metaspace       used 51232K, capacity 52654K, committed 52736K, reserved 1095680K
  class space    used 6608K, capacity 7097K, committed 7168K, reserved 1048576K
}
Event: 21.010 GC heap before
{Heap before GC invocations=9 (full 0):
 garbage-first heap   total 262144K, used 139523K [0x0000000080000000, 0x0000000100000000)
  region size 1024K, 91 young (93184K), 15 survivors (15360K)
 Metaspace       used 58542K, capacity 60073K, committed 60160K, reserved 1101824K
  class space    used 7506K, capacity 8027K, committed 8064K, reserved 1048576K
}
Event: 21.061 GC heap after
{Heap after GC invocations=10 (full 0):
 garbage-first heap   total 262144K, used 71886K [0x0000000080000000, 0x0000000100000000)
  region size 1024K, 15 young (15360K), 15 survivors (15360K)
 Metaspace       used 58542K, capacity 60073K, committed 60160K, reserved 1101824K
  class space    used 7506K, capacity 8027K, committed 8064K, reserved 1048576K
}

Deoptimization events (20 events):
Event: 22.930 Thread 0x0000018bbca0f000 DEOPT PACKING pc=0x0000018ba5c86dd7 sp=0x00000057a62f30e0
Event: 22.930 Thread 0x0000018bbca0f000 DEOPT UNPACKING pc=0x0000018ba4baa95e sp=0x00000057a62f2538 mode 0
Event: 22.930 Thread 0x0000018bbca0f000 DEOPT PACKING pc=0x0000018ba5c86dd7 sp=0x00000057a62f30e0
Event: 22.930 Thread 0x0000018bbca0f000 DEOPT UNPACKING pc=0x0000018ba4baa95e sp=0x00000057a62f2538 mode 0
Event: 22.931 Thread 0x0000018bbca0f000 DEOPT PACKING pc=0x0000018ba5c86dd7 sp=0x00000057a62f30e0
Event: 22.931 Thread 0x0000018bbca0f000 DEOPT UNPACKING pc=0x0000018ba4baa95e sp=0x00000057a62f2538 mode 0
Event: 22.942 Thread 0x0000018bbca0f000 Uncommon trap: trap_request=0xffffff4d fr.pc=0x0000018bac7eff84 relative=0x00000000000004a4
Event: 22.942 Thread 0x0000018bbca0f000 Uncommon trap: reason=unstable_if action=reinterpret pc=0x0000018bac7eff84 method=java.util.jar.JarFile.maybeInstantiateVerifier()V @ 4 c2
Event: 22.942 Thread 0x0000018bbca0f000 DEOPT PACKING pc=0x0000018bac7eff84 sp=0x00000057a62f3960
Event: 22.942 Thread 0x0000018bbca0f000 DEOPT UNPACKING pc=0x0000018ba4baa1af sp=0x00000057a62f38b0 mode 2
Event: 22.943 Thread 0x0000018bbca0f000 DEOPT PACKING pc=0x0000018ba5c86dd7 sp=0x00000057a62f3430
Event: 22.943 Thread 0x0000018bbca0f000 DEOPT UNPACKING pc=0x0000018ba4baa95e sp=0x00000057a62f2888 mode 0
Event: 23.150 Thread 0x0000018bbca0f000 Uncommon trap: trap_request=0xffffff4d fr.pc=0x0000018bac94310c relative=0x0000000000002ccc
Event: 23.150 Thread 0x0000018bbca0f000 Uncommon trap: reason=unstable_if action=reinterpret pc=0x0000018bac94310c method=java.util.regex.Pattern.has(I)Z @ 6 c2
Event: 23.150 Thread 0x0000018bbca0f000 DEOPT PACKING pc=0x0000018bac94310c sp=0x00000057a62f6520
Event: 23.151 Thread 0x0000018bbca0f000 DEOPT UNPACKING pc=0x0000018ba4baa1af sp=0x00000057a62f64a0 mode 2
Event: 23.151 Thread 0x0000018bbca0f000 Uncommon trap: trap_request=0xffffff4d fr.pc=0x0000018bac69ac74 relative=0x0000000000000054
Event: 23.151 Thread 0x0000018bbca0f000 Uncommon trap: reason=unstable_if action=reinterpret pc=0x0000018bac69ac74 method=java.util.regex.Pattern.has(I)Z @ 6 c2
Event: 23.151 Thread 0x0000018bbca0f000 DEOPT PACKING pc=0x0000018bac69ac74 sp=0x00000057a62f6500
Event: 23.151 Thread 0x0000018bbca0f000 DEOPT UNPACKING pc=0x0000018ba4baa1af sp=0x00000057a62f6490 mode 2

Classes redefined (0 events):
No events

Internal exceptions (20 events):
Event: 17.840 Thread 0x0000018bbca0f000 Exception <a 'java/lang/ClassNotFoundException'{0x000000008e9eb320}: org/gradle/api/internal/AbstractTaskBeanInfo> (0x000000008e9eb320) thrown at [./src/hotspot/share/classfile/systemDictionary.cpp, line 231]
Event: 17.842 Thread 0x0000018bbca0f000 Exception <a 'java/lang/ClassNotFoundException'{0x000000008e8196f0}: org/gradle/api/internal/AbstractTaskCustomizer> (0x000000008e8196f0) thrown at [./src/hotspot/share/classfile/systemDictionary.cpp, line 231]
Event: 17.846 Thread 0x0000018bbca0f000 Exception <a 'java/lang/ClassNotFoundException'{0x000000008e88e5f0}: org/gradle/api/DefaultTaskCustomizer> (0x000000008e88e5f0) thrown at [./src/hotspot/share/classfile/systemDictionary.cpp, line 231]
Event: 17.850 Thread 0x0000018bbca0f000 Exception <a 'java/lang/ClassNotFoundException'{0x000000008e711de0}: org/gradle/api/internal/ConventionTaskCustomizer> (0x000000008e711de0) thrown at [./src/hotspot/share/classfile/systemDictionary.cpp, line 231]
Event: 17.852 Thread 0x0000018bbca0f000 Exception <a 'java/lang/ClassNotFoundException'{0x000000008e74c4f8}: org/gradle/api/tasks/DeleteCustomizer> (0x000000008e74c4f8) thrown at [./src/hotspot/share/classfile/systemDictionary.cpp, line 231]
Event: 17.854 Thread 0x0000018bbca0f000 Exception <a 'java/lang/ClassNotFoundException'{0x000000008e78e130}: org/gradle/api/tasks/Delete_DecoratedCustomizer> (0x000000008e78e130) thrown at [./src/hotspot/share/classfile/systemDictionary.cpp, line 231]
Event: 17.910 Thread 0x0000018bbca0f000 Exception <a 'java/lang/ClassNotFoundException'{0x000000008e6cb3f8}: build_bmbc8913hpvs8kp0n3jjwb320BeanInfo> (0x000000008e6cb3f8) thrown at [./src/hotspot/share/classfile/systemDictionary.cpp, line 231]
Event: 17.911 Thread 0x0000018bbca0f000 Exception <a 'java/lang/ClassNotFoundException'{0x000000008e6d70f8}: build_bmbc8913hpvs8kp0n3jjwb320Customizer> (0x000000008e6d70f8) thrown at [./src/hotspot/share/classfile/systemDictionary.cpp, line 231]
Event: 18.150 Thread 0x0000018bbca0f000 Exception <a 'java/lang/NoSuchMethodError'{0x000000008da417f8}: 'java.lang.Object java.lang.invoke.DirectMethodHandle$Holder.invokeStatic(java.lang.Object, java.lang.Object, java.lang.Object, java.lang.Object, int)'> (0x000000008da417f8) thrown at [./src/hotspot/share/interpreter/linkResolver.cpp, line 773]
Event: 18.150 Thread 0x0000018bbca0f000 Exception <a 'java/lang/NoSuchMethodError'{0x000000008da461f0}: 'java.lang.Object java.lang.invoke.DirectMethodHandle$Holder.invokeSpecial(java.lang.Object, java.lang.Object, java.lang.Object, java.lang.Object, java.lang.Object, int)'> (0x000000008da461f0) thrown at [./src/hotspot/share/interpreter/linkResolver.cpp, line 773]
Event: 18.151 Thread 0x0000018bbca0f000 Exception <a 'java/lang/NoSuchMethodError'{0x000000008da4a830}: 'java.lang.Object java.lang.invoke.Invokers$Holder.linkToTargetMethod(java.lang.Object, java.lang.Object, java.lang.Object, int, java.lang.Object)'> (0x000000008da4a830) thrown at [./src/hotspot/share/interpreter/linkResolver.cpp, line 773]
Event: 18.599 Thread 0x0000018bbca0f000 Exception <a 'java/lang/NoSuchMethodError'{0x000000008cbdfe58}: 'java.lang.Object java.lang.invoke.DirectMethodHandle$Holder.invokeSpecial(java.lang.Object, java.lang.Object, int, int, java.lang.Object, java.lang.Object, java.lang.Object)'> (0x000000008cbdfe58) thrown at [./src/hotspot/share/interpreter/linkResolver.cpp, line 773]
Event: 18.599 Thread 0x0000018bbca0f000 Exception <a 'java/lang/NoSuchMethodError'{0x000000008cbe4680}: 'java.lang.Object java.lang.invoke.DelegatingMethodHandle$Holder.reinvoke_L(java.lang.Object, int, int, java.lang.Object, java.lang.Object, java.lang.Object)'> (0x000000008cbe4680) thrown at [./src/hotspot/share/interpreter/linkResolver.cpp, line 773]
Event: 19.882 Thread 0x0000018bbca0f000 Exception <a 'java/lang/NoSuchMethodError'{0x000000008be8cff0}: 'int java.lang.invoke.DirectMethodHandle$Holder.invokeInterface(java.lang.Object, java.lang.Object, java.lang.Object, java.lang.Object)'> (0x000000008be8cff0) thrown at [./src/hotspot/share/interpreter/linkResolver.cpp, line 773]
Event: 21.952 Thread 0x0000018bbca0f000 Exception <a 'java/lang/NoSuchMethodError'{0x000000008f944a28}: 'void java.lang.invoke.DirectMethodHandle$Holder.invokeInterface(java.lang.Object, java.lang.Object, java.lang.Object, java.lang.Object)'> (0x000000008f944a28) thrown at [./src/hotspot/share/interpreter/linkResolver.cpp, line 773]
Event: 22.275 Thread 0x0000018bbca0f000 Exception <a 'java/lang/IncompatibleClassChangeError'{0x000000008f17e5f8}: Found class java.lang.Object, but interface was expected> (0x000000008f17e5f8) thrown at [./src/hotspot/share/interpreter/linkResolver.cpp, line 839]
Event: 22.440 Thread 0x0000018bbca0f000 Implicit null exception at 0x0000018bac8a09d4 to 0x0000018bac8a0bb8
Event: 22.612 Thread 0x0000018bbca0f000 Implicit null exception at 0x0000018bac74580b to 0x0000018bac7458e4
Event: 22.724 Thread 0x0000018bbca0f000 Implicit null exception at 0x0000018bac7a952c to 0x0000018bac7a96da
Event: 23.023 Thread 0x0000018bbca0f000 Exception <a 'sun/nio/fs/WindowsException'{0x000000008db83770}> (0x000000008db83770) thrown at [./src/hotspot/share/prims/jni.cpp, line 615]

Events (20 events):
Event: 23.632 loading class com/android/build/api/dsl/DeviceGroup
Event: 23.632 loading class com/android/build/api/dsl/DeviceGroup done
Event: 23.633 loading class com/android/build/api/dsl/Device
Event: 23.633 loading class com/android/build/api/dsl/Device done
Event: 23.638 loading class org/gradle/api/DomainObjectSet
Event: 23.638 loading class org/gradle/api/DomainObjectSet done
Event: 23.652 loading class com/android/build/api/dsl/ManagedVirtualDevice
Event: 23.652 loading class com/android/build/api/dsl/ManagedVirtualDevice done
Event: 23.677 loading class com/android/build/gradle/internal/dsl/ManagedVirtualDevice
Event: 23.677 loading class com/android/build/gradle/internal/dsl/ManagedVirtualDevice done
Event: 23.679 loading class com/android/build/gradle/internal/dsl/DeviceGroupFactory
Event: 23.679 loading class com/android/build/gradle/internal/dsl/DeviceGroupFactory done
Event: 23.679 loading class com/android/build/gradle/internal/dsl/EmulatorSnapshots
Event: 23.679 loading class com/android/build/gradle/internal/dsl/EmulatorSnapshots done
Event: 23.683 loading class com/android/build/gradle/internal/dsl/TestFixturesImpl
Event: 23.683 loading class com/android/build/gradle/internal/dsl/TestFixturesImpl done
Event: 23.687 loading class com/android/build/gradle/internal/dsl/ApplicationBuildFeaturesImpl
Event: 23.687 loading class com/android/build/gradle/internal/dsl/ApplicationBuildFeaturesImpl done
Event: 23.689 loading class com/android/build/gradle/internal/dsl/BuildFeaturesImpl
Event: 23.689 loading class com/android/build/gradle/internal/dsl/BuildFeaturesImpl done


Dynamic libraries:
0x00007ff6ad2d0000 - 0x00007ff6ad2da000 	C:\Program Files\Android\Android Studio1\jre\bin\java.exe
0x00007ff8accb0000 - 0x00007ff8acea4000 	C:\Windows\SYSTEM32\ntdll.dll
0x00007ff8ac9d0000 - 0x00007ff8aca8d000 	C:\Windows\System32\KERNEL32.DLL
0x00007ff8aa660000 - 0x00007ff8aa927000 	C:\Windows\System32\KERNELBASE.dll
0x00007ff8770c0000 - 0x00007ff8770f3000 	C:\ProgramData\FastTrack Software\Admin By Request\ShellHelper64.dll
0x00007ff8ab010000 - 0x00007ff8ab065000 	C:\Windows\System32\SHLWAPI.dll
0x00007ff8acb20000 - 0x00007ff8acbbe000 	C:\Windows\System32\msvcrt.dll
0x00007ff8aae30000 - 0x00007ff8aaeda000 	C:\Windows\System32\ADVAPI32.dll
0x00007ff8ac860000 - 0x00007ff8ac8fb000 	C:\Windows\System32\sechost.dll
0x00007ff8aaee0000 - 0x00007ff8ab003000 	C:\Windows\System32\RPCRT4.dll
0x00007ff8abe00000 - 0x00007ff8ac531000 	C:\Windows\System32\SHELL32.dll
0x00007ff8aa400000 - 0x00007ff8aa49d000 	C:\Windows\System32\msvcp_win.dll
0x00007ff8aa9b0000 - 0x00007ff8aaab0000 	C:\Windows\System32\ucrtbase.dll
0x00007ff8ab750000 - 0x00007ff8ab8f0000 	C:\Windows\System32\USER32.dll
0x00007ff8aa600000 - 0x00007ff8aa622000 	C:\Windows\System32\win32u.dll
0x00007ff8abd70000 - 0x00007ff8abd9a000 	C:\Windows\System32\GDI32.dll
0x00007ff8aa4f0000 - 0x00007ff8aa5f9000 	C:\Windows\System32\gdi32full.dll
0x00007ff89cd10000 - 0x00007ff89cd29000 	C:\Program Files\Android\Android Studio1\jre\bin\jli.dll
0x00007ff8963c0000 - 0x00007ff89665a000 	C:\Windows\WinSxS\amd64_microsoft.windows.common-controls_6595b64144ccf1df_6.0.19041.1_none_b555e41d4684ddec\COMCTL32.dll
0x00007ff89ccf0000 - 0x00007ff89cd07000 	C:\Program Files\Android\Android Studio1\jre\bin\VCRUNTIME140.dll
0x00007ff8aad20000 - 0x00007ff8aad50000 	C:\Windows\System32\IMM32.DLL
0x00007ff88c800000 - 0x00007ff88c89d000 	C:\Program Files\Android\Android Studio1\jre\bin\msvcp140.dll
0x00007ff86ba70000 - 0x00007ff86c555000 	C:\Program Files\Android\Android Studio1\jre\bin\server\jvm.dll
0x00007ff8ac5b0000 - 0x00007ff8ac5b8000 	C:\Windows\System32\PSAPI.DLL
0x00007ff89cf60000 - 0x00007ff89cf69000 	C:\Windows\SYSTEM32\WSOCK32.dll
0x00007ff8ac540000 - 0x00007ff8ac5ab000 	C:\Windows\System32\WS2_32.dll
0x00007ff89c8f0000 - 0x00007ff89c917000 	C:\Windows\SYSTEM32\WINMM.dll
0x00007ff89eaa0000 - 0x00007ff89eaaa000 	C:\Windows\SYSTEM32\VERSION.dll
0x00007ff8a82d0000 - 0x00007ff8a82e3000 	C:\Windows\SYSTEM32\kernel.appcore.dll
0x00007ff88dd40000 - 0x00007ff88dd51000 	C:\Program Files\Android\Android Studio1\jre\bin\verify.dll
0x00007ff89b830000 - 0x00007ff89ba14000 	C:\Windows\SYSTEM32\DBGHELP.DLL
0x00007ff89b740000 - 0x00007ff89b76c000 	C:\Windows\SYSTEM32\dbgcore.DLL
0x00007ff8aa930000 - 0x00007ff8aa9af000 	C:\Windows\System32\bcryptPrimitives.dll
0x00007ff88bcf0000 - 0x00007ff88bd19000 	C:\Program Files\Android\Android Studio1\jre\bin\java.dll
0x00007ff8a7840000 - 0x00007ff8a784b000 	C:\Program Files\Android\Android Studio1\jre\bin\jimage.dll
0x00007ff88dd20000 - 0x00007ff88dd38000 	C:\Program Files\Android\Android Studio1\jre\bin\zip.dll
0x00007ff8a85b0000 - 0x00007ff8a8d3a000 	C:\Windows\SYSTEM32\windows.storage.dll
0x00007ff8aba10000 - 0x00007ff8abd64000 	C:\Windows\System32\combase.dll
0x00007ff8a9db0000 - 0x00007ff8a9ddb000 	C:\Windows\SYSTEM32\Wldp.dll
0x00007ff8ab070000 - 0x00007ff8ab11e000 	C:\Windows\System32\SHCORE.dll
0x00007ff8aa2f0000 - 0x00007ff8aa30f000 	C:\Windows\SYSTEM32\profapi.dll
0x00007ff88dce0000 - 0x00007ff88dcfa000 	C:\Program Files\Android\Android Studio1\jre\bin\net.dll
0x00007ff8a5580000 - 0x00007ff8a5680000 	C:\Windows\SYSTEM32\WINHTTP.dll
0x00007ff8a9b30000 - 0x00007ff8a9b9a000 	C:\Windows\system32\mswsock.dll
0x00007ff88c650000 - 0x00007ff88c664000 	C:\Program Files\Android\Android Studio1\jre\bin\nio.dll
0x00007ff88bd20000 - 0x00007ff88bd47000 	C:\Users\amruta.patil\.gradle\native\e1d6ef7f7dcc3fd88c89a11ec53ec762bb8ba0a96d01ffa2cd45eb1d1d8dd5c5\windows-amd64\native-platform.dll
0x00007ff87f080000 - 0x00007ff87f1c4000 	C:\Users\amruta.patil\.gradle\native\5664cfc778a61ccfe75a443a1ab52a65af34e5dc3c78e0209fed803814484fcb\windows-amd64\native-platform-file-events.dll
0x00007ff8a21d0000 - 0x00007ff8a21da000 	C:\Program Files\Android\Android Studio1\jre\bin\management.dll
0x00007ff89b300000 - 0x00007ff89b30d000 	C:\Program Files\Android\Android Studio1\jre\bin\management_ext.dll
0x00007ff8a9d00000 - 0x00007ff8a9d18000 	C:\Windows\SYSTEM32\CRYPTSP.dll
0x00007ff8a94c0000 - 0x00007ff8a94f4000 	C:\Windows\system32\rsaenh.dll
0x00007ff8aa630000 - 0x00007ff8aa657000 	C:\Windows\System32\bcrypt.dll
0x00007ff8aa290000 - 0x00007ff8aa2be000 	C:\Windows\SYSTEM32\USERENV.dll
0x00007ff8a9d20000 - 0x00007ff8a9d2c000 	C:\Windows\SYSTEM32\CRYPTBASE.dll
0x00007ff8a9820000 - 0x00007ff8a985b000 	C:\Windows\SYSTEM32\IPHLPAPI.DLL
0x00007ff8ab740000 - 0x00007ff8ab749000 	C:\Windows\System32\NSI.dll
0x00007ff8a5cd0000 - 0x00007ff8a5ce7000 	C:\Windows\SYSTEM32\dhcpcsvc6.DLL
0x00007ff8a44d0000 - 0x00007ff8a44ed000 	C:\Windows\SYSTEM32\dhcpcsvc.DLL
0x00007ff8a9870000 - 0x00007ff8a993a000 	C:\Windows\SYSTEM32\DNSAPI.dll

dbghelp: loaded successfully - version: 4.0.5 - missing functions: none
symbol engine: initialized successfully - sym options: 0x614 - pdb path: .;C:\Program Files\Android\Android Studio1\jre\bin;C:\Windows\SYSTEM32;C:\ProgramData\FastTrack Software\Admin By Request;C:\Windows\WinSxS\amd64_microsoft.windows.common-controls_6595b64144ccf1df_6.0.19041.1_none_b555e41d4684ddec;C:\Program Files\Android\Android Studio1\jre\bin\server;C:\Users\amruta.patil\.gradle\native\e1d6ef7f7dcc3fd88c89a11ec53ec762bb8ba0a96d01ffa2cd45eb1d1d8dd5c5\windows-amd64;C:\Users\amruta.patil\.gradle\native\5664cfc778a61ccfe75a443a1ab52a65af34e5dc3c78e0209fed803814484fcb\windows-amd64

VM Arguments:
jvm_args: --add-opens=java.base/java.util=ALL-UNNAMED --add-opens=java.base/java.lang=ALL-UNNAMED --add-opens=java.base/java.lang.invoke=ALL-UNNAMED --add-opens=java.base/java.util=ALL-UNNAMED --add-opens=java.prefs/java.util.prefs=ALL-UNNAMED --add-opens=java.prefs/java.util.prefs=ALL-UNNAMED --add-opens=java.base/java.nio.charset=ALL-UNNAMED --add-opens=java.base/java.net=ALL-UNNAMED --add-opens=java.base/java.util.concurrent.atomic=ALL-UNNAMED -Xmx2048m -Dfile.encoding=UTF-8 -Duser.country=US -Duser.language=en -Duser.variant 
java_command: org.gradle.launcher.daemon.bootstrap.GradleDaemon 7.3.3
java_class_path (initial): C:\Users\amruta.patil\.gradle\wrapper\dists\gradle-7.3.3-bin\6a41zxkdtcxs8rphpq6y0069z\gradle-7.3.3\lib\gradle-launcher-7.3.3.jar
Launcher Type: SUN_STANDARD

[Global flags]
     intx CICompilerCount                          = 3                                         {product} {ergonomic}
     uint ConcGCThreads                            = 2                                         {product} {ergonomic}
     uint G1ConcRefinementThreads                  = 6                                         {product} {ergonomic}
   size_t G1HeapRegionSize                         = 1048576                                   {product} {ergonomic}
    uintx GCDrainStackTargetSize                   = 64                                        {product} {ergonomic}
   size_t InitialHeapSize                          = 268435456                                 {product} {ergonomic}
   size_t MarkStackSize                            = 4194304                                   {product} {ergonomic}
   size_t MaxHeapSize                              = 2147483648                                {product} {command line}
   size_t MaxNewSize                               = 1287651328                                {product} {ergonomic}
   size_t MinHeapDeltaBytes                        = 1048576                                   {product} {ergonomic}
    uintx NonNMethodCodeHeapSize                   = 5830732                                {pd product} {ergonomic}
    uintx NonProfiledCodeHeapSize                  = 122913754                              {pd product} {ergonomic}
    uintx ProfiledCodeHeapSize                     = 122913754                              {pd product} {ergonomic}
    uintx ReservedCodeCacheSize                    = 251658240                              {pd product} {ergonomic}
     bool SegmentedCodeCache                       = true                                      {product} {ergonomic}
     bool UseCompressedClassPointers               = true                                 {lp64_product} {ergonomic}
     bool UseCompressedOops                        = true                                 {lp64_product} {ergonomic}
     bool UseG1GC                                  = true                                      {product} {ergonomic}
     bool UseLargePagesIndividualAllocation        = false                                  {pd product} {ergonomic}

Logging:
Log output configuration:
 #0: stdout all=warning uptime,level,tags
 #1: stderr all=off uptime,level,tags

Environment Variables:
PATH=C:\Windows\system32;C:\Windows;C:\Windows\System32\Wbem;C:\Windows\System32\WindowsPowerShell\v1.0\;C:\Windows\System32\OpenSSH\;C:\Users\amruta.patil\AppData\Local\Programs\Python\Python39\Scripts\;C:\Users\amruta.patil\AppData\Local\Programs\Python\Python39\;C:\Users\amruta.patil\AppData\Local\Microsoft\WindowsApps;C:\Users\amruta.patil\AppData\Local\Programs\Git\cmd
USERNAME=amruta.patil
OS=Windows_NT
PROCESSOR_IDENTIFIER=Intel64 Family 6 Model 63 Stepping 2, GenuineIntel



---------------  S Y S T E M  ---------------

OS: Windows 10 , 64 bit Build 19041 (10.0.19041.207)
OS uptime: 15 days 18:16 hours
VMWare virtualization detected

CPU:total 6 (initial active 6) (3 cores per cpu, 1 threads per core) family 6 model 63 stepping 2 microcode 0x43, cmov, cx8, fxsr, mmx, sse, sse2, sse3, ssse3, sse4.1, sse4.2, popcnt, avx, avx2, aes, clmul, erms, lzcnt, tsc, tscinvbit, bmi1, bmi2, fma

Memory: 4k page, system-wide physical 16382M (2058M free)
TotalPageFile size 23492M (AvailPageFile size 4M)
current process WorkingSet (physical memory assigned to process): 385M, peak: 388M
current process commit charge ("private bytes"): 491M, peak: 495M

vm_info: OpenJDK 64-Bit Server VM (11.0.12+7-b1504.28-7817840) for windows-amd64 JRE (11.0.12+7-b1504.28-7817840), built on Oct 13 2021 22:12:33 by "builder" with MS VC++ 14.0 (VS2015)

END.
