#
# There is insufficient memory for the Java Runtime Environment to continue.
# Native memory allocation (mmap) failed to map 54525952 bytes for Failed to commit area from 0x0000000090000000 to 0x0000000093400000 of length 54525952.
# Possible reasons:
#   The system is out of physical RAM or swap space
#   The process is running with CompressedOops enabled, and the Java Heap may be blocking the growth of the native heap
# Possible solutions:
#   Reduce memory load on the system
#   Increase physical memory or swap space
#   Check if swap backing store is full
#   Decrease Java heap size (-Xmx/-Xms)
#   Decrease number of Java threads
#   Decrease Java thread stack sizes (-Xss)
#   Set larger code cache with -XX:ReservedCodeCacheSize=
#   JVM is running with Unscaled Compressed Oops mode in which the Java heap is
#     placed in the first 4GB address space. The Java Heap base address is the
#     maximum limit for the native heap growth. Please use -XX:HeapBaseMinAddress
#     to set the Java Heap base and to place the Java Heap above 4GB virtual address.
# This output file may be truncated or incomplete.
#
#  Out of Memory Error (./src/hotspot/os/windows/os_windows.cpp:3521), pid=21428, tid=30968
#
# JRE version: OpenJDK Runtime Environment (11.0.12+7) (build 11.0.12+7-b1504.28-7817840)
# Java VM: OpenJDK 64-Bit Server VM (11.0.12+7-b1504.28-7817840, mixed mode, tiered, compressed oops, g1 gc, windows-amd64)
# No core dump will be written. Minidumps are not enabled by default on client versions of Windows
#

---------------  S U M M A R Y ------------

Command Line: --add-opens=java.base/java.util=ALL-UNNAMED --add-opens=java.base/java.lang=ALL-UNNAMED --add-opens=java.base/java.lang.invoke=ALL-UNNAMED --add-opens=java.base/java.util=ALL-UNNAMED --add-opens=java.prefs/java.util.prefs=ALL-UNNAMED --add-opens=java.prefs/java.util.prefs=ALL-UNNAMED --add-opens=java.base/java.nio.charset=ALL-UNNAMED --add-opens=java.base/java.net=ALL-UNNAMED --add-opens=java.base/java.util.concurrent.atomic=ALL-UNNAMED -Xmx2048m -Dfile.encoding=UTF-8 -Duser.country=US -Duser.language=en -Duser.variant org.gradle.launcher.daemon.bootstrap.GradleDaemon 7.3.3

Host: Intel(R) Xeon(R) CPU E5-2609 v3 @ 1.90GHz, 6 cores, 15G,  Windows 10 , 64 bit Build 19041 (10.0.19041.207)
Time: Tue Sep  6 11:11:28 2022 India Standard Time elapsed time: 22.411662 seconds (0d 0h 0m 22s)

---------------  T H R E A D  ---------------

Current thread (0x0000020c52e86800):  VMThread "VM Thread" [stack: 0x00000074c5f00000,0x00000074c6000000] [id=30968]

Stack: [0x00000074c5f00000,0x00000074c6000000]
[error occurred during error reporting (printing stack bounds), id 0xc0000005, EXCEPTION_ACCESS_VIOLATION (0xc0000005) at pc=0x0000020c3c0e112d]

Native frames: (J=compiled Java code, j=interpreted, Vv=VM code, C=native code)
V  [jvm.dll+0x5fbcea]
V  [jvm.dll+0x731905]
V  [jvm.dll+0x732f1d]
V  [jvm.dll+0x733535]
V  [jvm.dll+0x7334eb]
V  [jvm.dll+0x5fb080]
V  [jvm.dll+0x5fb818]
C  [ntdll.dll+0xa00ef]
C  [ntdll.dll+0x4b474]
C  [ntdll.dll+0x9ec1e]
C  0x0000020c3c0e112d

VM_Operation (0x00000074c75f0c20): G1CollectForAllocation, mode: safepoint, requested by thread 0x0000020c54f4b000


---------------  P R O C E S S  ---------------

Threads class SMR info:
_java_thread_list=0x0000020c5a5bb800, length=101, elements={
0x0000020c385e2800, 0x0000020c52e8f000, 0x0000020c52e90800, 0x0000020c52ee6800,
0x0000020c52ee8000, 0x0000020c52eea000, 0x0000020c52eeb800, 0x0000020c52eee800,
0x0000020c52ef3800, 0x0000020c53061800, 0x0000020c55026000, 0x0000020c5439d000,
0x0000020c566db000, 0x0000020c55865000, 0x0000020c544ff000, 0x0000020c54b4d800,
0x0000020c54f4b000, 0x0000020c568af800, 0x0000020c568b0000, 0x0000020c56887000,
0x0000020c56881800, 0x0000020c56888000, 0x0000020c56883000, 0x0000020c56886800,
0x0000020c56884800, 0x0000020c56882000, 0x0000020c56885800, 0x0000020c56884000,
0x0000020c56e19800, 0x0000020c56e18800, 0x0000020c56e16000, 0x0000020c56e15800,
0x0000020c56e17000, 0x0000020c56e1c800, 0x0000020c56e17800, 0x0000020c56e20000,
0x0000020c56e1d800, 0x0000020c56e1b000, 0x0000020c56e1c000, 0x0000020c56e1f000,
0x0000020c56e1e000, 0x0000020c56e23000, 0x0000020c56e24000, 0x0000020c56e21800,
0x0000020c56e22800, 0x0000020c5823b800, 0x0000020c58240800, 0x0000020c5823c800,
0x0000020c5823d800, 0x0000020c5823e000, 0x0000020c5823f000, 0x0000020c58240000,
0x0000020c5823b000, 0x0000020c58246800, 0x0000020c58245800, 0x0000020c58243000,
0x0000020c58241800, 0x0000020c58244000, 0x0000020c58247000, 0x0000020c58244800,
0x0000020c58242000, 0x0000020c58248000, 0x0000020c58248800, 0x0000020c58249800,
0x0000020c56456800, 0x0000020c5645c000, 0x0000020c56458800, 0x0000020c56459800,
0x0000020c56458000, 0x0000020c56457000, 0x0000020c5645e800, 0x0000020c5645b000,
0x0000020c5645f800, 0x0000020c56460000, 0x0000020c5645a800, 0x0000020c5645d000,
0x0000020c56461000, 0x0000020c56463800, 0x0000020c56461800, 0x0000020c5645d800,
0x0000020c56462800, 0x0000020c56464000, 0x0000020c56465000, 0x0000020c58cd2800,
0x0000020c58cd0800, 0x0000020c58cd4800, 0x0000020c58cd5000, 0x0000020c58ccf800,
0x0000020c58cd3800, 0x0000020c58cd1000, 0x0000020c58cd2000, 0x0000020c58cd7000,
0x0000020c58cd7800, 0x0000020c58cd8800, 0x0000020c58cd9800, 0x0000020c58cdb800,
0x0000020c58cda000, 0x0000020c58cd6000, 0x0000020c58cdb000, 0x0000020c58e18800,
0x0000020c58cdc800
}

Java Threads: ( => current thread )
  0x0000020c385e2800 JavaThread "main" [_thread_blocked, id=8296, stack(0x00000074c5800000,0x00000074c5900000)]
  0x0000020c52e8f000 JavaThread "Reference Handler" daemon [_thread_blocked, id=21500, stack(0x00000074c6000000,0x00000074c6100000)]
  0x0000020c52e90800 JavaThread "Finalizer" daemon [_thread_blocked, id=19088, stack(0x00000074c6100000,0x00000074c6200000)]
  0x0000020c52ee6800 JavaThread "Signal Dispatcher" daemon [_thread_blocked, id=16476, stack(0x00000074c6200000,0x00000074c6300000)]
  0x0000020c52ee8000 JavaThread "Attach Listener" daemon [_thread_blocked, id=6516, stack(0x00000074c6300000,0x00000074c6400000)]
  0x0000020c52eea000 JavaThread "Service Thread" daemon [_thread_blocked, id=20752, stack(0x00000074c6400000,0x00000074c6500000)]
  0x0000020c52eeb800 JavaThread "C2 CompilerThread0" daemon [_thread_blocked, id=17028, stack(0x00000074c6500000,0x00000074c6600000)]
  0x0000020c52eee800 JavaThread "C1 CompilerThread0" daemon [_thread_blocked, id=9200, stack(0x00000074c6600000,0x00000074c6700000)]
  0x0000020c52ef3800 JavaThread "Sweeper thread" daemon [_thread_blocked, id=29300, stack(0x00000074c6700000,0x00000074c6800000)]
  0x0000020c53061800 JavaThread "Common-Cleaner" daemon [_thread_blocked, id=14844, stack(0x00000074c6800000,0x00000074c6900000)]
  0x0000020c55026000 JavaThread "Daemon health stats" [_thread_blocked, id=27020, stack(0x00000074c7000000,0x00000074c7100000)]
  0x0000020c5439d000 JavaThread "Incoming local TCP Connector on port 56880" [_thread_in_native, id=30888, stack(0x00000074c6a00000,0x00000074c6b00000)]
  0x0000020c566db000 JavaThread "Daemon periodic checks" [_thread_blocked, id=14540, stack(0x00000074c7100000,0x00000074c7200000)]
  0x0000020c55865000 JavaThread "Daemon" [_thread_blocked, id=30412, stack(0x00000074c7200000,0x00000074c7300000)]
  0x0000020c544ff000 JavaThread "Handler for socket connection from /127.0.0.1:56880 to /127.0.0.1:56881" [_thread_in_native, id=27556, stack(0x00000074c7300000,0x00000074c7400000)]
  0x0000020c54b4d800 JavaThread "Cancel handler" [_thread_blocked, id=1880, stack(0x00000074c7400000,0x00000074c7500000)]
  0x0000020c54f4b000 JavaThread "Daemon worker" [_thread_blocked, id=27840, stack(0x00000074c7500000,0x00000074c7600000)]
  0x0000020c568af800 JavaThread "Asynchronous log dispatcher for DefaultDaemonConnection: socket connection from /127.0.0.1:56880 to /127.0.0.1:56881" [_thread_blocked, id=22960, stack(0x00000074c7600000,0x00000074c7700000)]
  0x0000020c568b0000 JavaThread "Stdin handler" [_thread_blocked, id=25824, stack(0x00000074c7700000,0x00000074c7800000)]
  0x0000020c56887000 JavaThread "Daemon client event forwarder" [_thread_blocked, id=16520, stack(0x00000074c7800000,0x00000074c7900000)]
  0x0000020c56881800 JavaThread "Cache worker for journal cache (C:\Users\amruta.patil\.gradle\caches\journal-1)" [_thread_blocked, id=2376, stack(0x00000074c7900000,0x00000074c7a00000)]
  0x0000020c56888000 JavaThread "File lock request listener" [_thread_in_native, id=30484, stack(0x00000074c7a00000,0x00000074c7b00000)]
  0x0000020c56883000 JavaThread "Cache worker for file hash cache (C:\Users\amruta.patil\.gradle\caches\7.3.3\fileHashes)" [_thread_blocked, id=20788, stack(0x00000074c7c00000,0x00000074c7d00000)]
  0x0000020c56886800 JavaThread "Cache worker for file hash cache (C:\Users\amruta.patil\AndroidStudioProjects\CIOKlub\.gradle\7.3.3\fileHashes)" [_thread_blocked, id=30304, stack(0x00000074c7d00000,0x00000074c7e00000)]
  0x0000020c56884800 JavaThread "File watcher server" daemon [_thread_in_native, id=12776, stack(0x00000074c7f00000,0x00000074c8000000)]
  0x0000020c56882000 JavaThread "File watcher consumer" daemon [_thread_blocked, id=23132, stack(0x00000074c8000000,0x00000074c8100000)]
  0x0000020c56885800 JavaThread "jar transforms" [_thread_blocked, id=20148, stack(0x00000074c8100000,0x00000074c8200000)]
  0x0000020c56884000 JavaThread "jar transforms Thread 2" [_thread_blocked, id=28768, stack(0x00000074c8200000,0x00000074c8300000)]
  0x0000020c56e19800 JavaThread "jar transforms Thread 3" [_thread_blocked, id=23036, stack(0x00000074c8300000,0x00000074c8400000)]
  0x0000020c56e18800 JavaThread "jar transforms Thread 4" [_thread_blocked, id=7892, stack(0x00000074c8400000,0x00000074c8500000)]
  0x0000020c56e16000 JavaThread "jar transforms Thread 5" [_thread_blocked, id=4964, stack(0x00000074c8500000,0x00000074c8600000)]
  0x0000020c56e15800 JavaThread "jar transforms Thread 6" [_thread_blocked, id=18876, stack(0x00000074c8600000,0x00000074c8700000)]
  0x0000020c56e17000 JavaThread "Cache worker for checksums cache (C:\Users\amruta.patil\AndroidStudioProjects\CIOKlub\.gradle\7.3.3\checksums)" [_thread_blocked, id=19320, stack(0x00000074c7e00000,0x00000074c7f00000)]
  0x0000020c56e1c800 JavaThread "Cache worker for cache directory md-supplier (C:\Users\amruta.patil\.gradle\caches\7.3.3\md-supplier)" [_thread_blocked, id=33368, stack(0x00000074c8700000,0x00000074c8800000)]
  0x0000020c56e17800 JavaThread "Cache worker for cache directory md-rule (C:\Users\amruta.patil\.gradle\caches\7.3.3\md-rule)" [_thread_blocked, id=22476, stack(0x00000074c8800000,0x00000074c8900000)]
  0x0000020c56e20000 JavaThread "Cache worker for execution history cache (C:\Users\amruta.patil\.gradle\caches\7.3.3\executionHistory)" [_thread_blocked, id=31048, stack(0x00000074c8900000,0x00000074c8a00000)]
  0x0000020c56e1d800 JavaThread "Cache worker for file content cache (C:\Users\amruta.patil\.gradle\caches\7.3.3\fileContent)" [_thread_blocked, id=17768, stack(0x00000074c8b00000,0x00000074c8c00000)]
  0x0000020c56e1b000 JavaThread "Cache worker for dependencies-accessors (C:\Users\amruta.patil\AndroidStudioProjects\CIOKlub\.gradle\7.3.3\dependencies-accessors)" [_thread_blocked, id=22360, stack(0x00000074c8c00000,0x00000074c8d00000)]
  0x0000020c56e1c000 JavaThread "Cache worker for Build Output Cleanup Cache (C:\Users\amruta.patil\AndroidStudioProjects\CIOKlub\.gradle\buildOutputCleanup)" [_thread_blocked, id=27920, stack(0x00000074c8d00000,0x00000074c8e00000)]
  0x0000020c56e1f000 JavaThread "Unconstrained build operations" [_thread_blocked, id=31484, stack(0x00000074c8e00000,0x00000074c8f00000)]
  0x0000020c56e1e000 JavaThread "Unconstrained build operations Thread 2" [_thread_blocked, id=27200, stack(0x00000074c8f00000,0x00000074c9000000)]
  0x0000020c56e23000 JavaThread "Unconstrained build operations Thread 3" [_thread_blocked, id=6396, stack(0x00000074c9000000,0x00000074c9100000)]
  0x0000020c56e24000 JavaThread "Unconstrained build operations Thread 4" [_thread_blocked, id=24728, stack(0x00000074c9100000,0x00000074c9200000)]
  0x0000020c56e21800 JavaThread "Unconstrained build operations Thread 5" [_thread_blocked, id=20392, stack(0x00000074c9200000,0x00000074c9300000)]
  0x0000020c56e22800 JavaThread "Unconstrained build operations Thread 6" [_thread_blocked, id=29756, stack(0x00000074c9300000,0x00000074c9400000)]
  0x0000020c5823b800 JavaThread "Unconstrained build operations Thread 7" [_thread_blocked, id=472, stack(0x00000074c9400000,0x00000074c9500000)]
  0x0000020c58240800 JavaThread "Unconstrained build operations Thread 8" [_thread_blocked, id=15000, stack(0x00000074c9500000,0x00000074c9600000)]
  0x0000020c5823c800 JavaThread "Unconstrained build operations Thread 9" [_thread_blocked, id=23292, stack(0x00000074c9600000,0x00000074c9700000)]
  0x0000020c5823d800 JavaThread "Unconstrained build operations Thread 10" [_thread_blocked, id=31348, stack(0x00000074c9700000,0x00000074c9800000)]
  0x0000020c5823e000 JavaThread "Unconstrained build operations Thread 11" [_thread_blocked, id=14324, stack(0x00000074c9800000,0x00000074c9900000)]
  0x0000020c5823f000 JavaThread "Unconstrained build operations Thread 12" [_thread_blocked, id=9104, stack(0x00000074c9900000,0x00000074c9a00000)]
  0x0000020c58240000 JavaThread "Unconstrained build operations Thread 13" [_thread_blocked, id=25740, stack(0x00000074c9a00000,0x00000074c9b00000)]
  0x0000020c5823b000 JavaThread "Unconstrained build operations Thread 14" [_thread_blocked, id=29416, stack(0x00000074c9b00000,0x00000074c9c00000)]
  0x0000020c58246800 JavaThread "Unconstrained build operations Thread 15" [_thread_blocked, id=33120, stack(0x00000074c9c00000,0x00000074c9d00000)]
  0x0000020c58245800 JavaThread "Unconstrained build operations Thread 16" [_thread_blocked, id=16720, stack(0x00000074c9d00000,0x00000074c9e00000)]
  0x0000020c58243000 JavaThread "Unconstrained build operations Thread 17" [_thread_blocked, id=1508, stack(0x00000074c9e00000,0x00000074c9f00000)]
  0x0000020c58241800 JavaThread "Unconstrained build operations Thread 18" [_thread_blocked, id=27624, stack(0x00000074c9f00000,0x00000074ca000000)]
  0x0000020c58244000 JavaThread "Unconstrained build operations Thread 19" [_thread_blocked, id=32308, stack(0x00000074ca000000,0x00000074ca100000)]
  0x0000020c58247000 JavaThread "Unconstrained build operations Thread 20" [_thread_blocked, id=3384, stack(0x00000074ca100000,0x00000074ca200000)]
  0x0000020c58244800 JavaThread "Unconstrained build operations Thread 21" [_thread_blocked, id=16804, stack(0x00000074ca200000,0x00000074ca300000)]
  0x0000020c58242000 JavaThread "Unconstrained build operations Thread 22" [_thread_blocked, id=17132, stack(0x00000074ca300000,0x00000074ca400000)]
  0x0000020c58248000 JavaThread "Unconstrained build operations Thread 23" [_thread_blocked, id=30132, stack(0x00000074ca400000,0x00000074ca500000)]
  0x0000020c58248800 JavaThread "Unconstrained build operations Thread 24" [_thread_blocked, id=29904, stack(0x00000074ca500000,0x00000074ca600000)]
  0x0000020c58249800 JavaThread "Unconstrained build operations Thread 25" [_thread_blocked, id=8380, stack(0x00000074ca600000,0x00000074ca700000)]
  0x0000020c56456800 JavaThread "Unconstrained build operations Thread 26" [_thread_blocked, id=30880, stack(0x00000074ca700000,0x00000074ca800000)]
  0x0000020c5645c000 JavaThread "Unconstrained build operations Thread 27" [_thread_blocked, id=2876, stack(0x00000074ca800000,0x00000074ca900000)]
  0x0000020c56458800 JavaThread "Unconstrained build operations Thread 28" [_thread_blocked, id=25664, stack(0x00000074ca900000,0x00000074caa00000)]
  0x0000020c56459800 JavaThread "Unconstrained build operations Thread 29" [_thread_blocked, id=10836, stack(0x00000074caa00000,0x00000074cab00000)]
  0x0000020c56458000 JavaThread "Unconstrained build operations Thread 30" [_thread_blocked, id=21372, stack(0x00000074cab00000,0x00000074cac00000)]
  0x0000020c56457000 JavaThread "Unconstrained build operations Thread 31" [_thread_blocked, id=29336, stack(0x00000074cac00000,0x00000074cad00000)]
  0x0000020c5645e800 JavaThread "Unconstrained build operations Thread 32" [_thread_blocked, id=32104, stack(0x00000074cad00000,0x00000074cae00000)]
  0x0000020c5645b000 JavaThread "Unconstrained build operations Thread 33" [_thread_blocked, id=31516, stack(0x00000074cae00000,0x00000074caf00000)]
  0x0000020c5645f800 JavaThread "Unconstrained build operations Thread 34" [_thread_blocked, id=19156, stack(0x00000074caf00000,0x00000074cb000000)]
  0x0000020c56460000 JavaThread "Unconstrained build operations Thread 35" [_thread_blocked, id=30688, stack(0x00000074cb000000,0x00000074cb100000)]
  0x0000020c5645a800 JavaThread "Unconstrained build operations Thread 36" [_thread_blocked, id=10320, stack(0x00000074cb100000,0x00000074cb200000)]
  0x0000020c5645d000 JavaThread "Unconstrained build operations Thread 37" [_thread_blocked, id=11256, stack(0x00000074cb200000,0x00000074cb300000)]
  0x0000020c56461000 JavaThread "Unconstrained build operations Thread 38" [_thread_blocked, id=33268, stack(0x00000074cb300000,0x00000074cb400000)]
  0x0000020c56463800 JavaThread "Unconstrained build operations Thread 39" [_thread_blocked, id=17112, stack(0x00000074cb400000,0x00000074cb500000)]
  0x0000020c56461800 JavaThread "Unconstrained build operations Thread 40" [_thread_blocked, id=32672, stack(0x00000074cb500000,0x00000074cb600000)]
  0x0000020c5645d800 JavaThread "Unconstrained build operations Thread 41" [_thread_blocked, id=3720, stack(0x00000074cb600000,0x00000074cb700000)]
  0x0000020c56462800 JavaThread "Unconstrained build operations Thread 42" [_thread_blocked, id=22368, stack(0x00000074cb700000,0x00000074cb800000)]
  0x0000020c56464000 JavaThread "Unconstrained build operations Thread 43" [_thread_blocked, id=17460, stack(0x00000074cb800000,0x00000074cb900000)]
  0x0000020c56465000 JavaThread "Unconstrained build operations Thread 44" [_thread_blocked, id=10088, stack(0x00000074cb900000,0x00000074cba00000)]
  0x0000020c58cd2800 JavaThread "Unconstrained build operations Thread 45" [_thread_blocked, id=29200, stack(0x00000074cba00000,0x00000074cbb00000)]
  0x0000020c58cd0800 JavaThread "Unconstrained build operations Thread 46" [_thread_blocked, id=33380, stack(0x00000074cbb00000,0x00000074cbc00000)]
  0x0000020c58cd4800 JavaThread "Unconstrained build operations Thread 47" [_thread_blocked, id=18888, stack(0x00000074cbc00000,0x00000074cbd00000)]
  0x0000020c58cd5000 JavaThread "Unconstrained build operations Thread 48" [_thread_blocked, id=17004, stack(0x00000074cbd00000,0x00000074cbe00000)]
  0x0000020c58ccf800 JavaThread "Unconstrained build operations Thread 49" [_thread_blocked, id=31700, stack(0x00000074cbe00000,0x00000074cbf00000)]
  0x0000020c58cd3800 JavaThread "Unconstrained build operations Thread 50" [_thread_blocked, id=17728, stack(0x00000074cbf00000,0x00000074cc000000)]
  0x0000020c58cd1000 JavaThread "Unconstrained build operations Thread 51" [_thread_blocked, id=23080, stack(0x00000074cc000000,0x00000074cc100000)]
  0x0000020c58cd2000 JavaThread "Unconstrained build operations Thread 52" [_thread_blocked, id=16608, stack(0x00000074cc100000,0x00000074cc200000)]
  0x0000020c58cd7000 JavaThread "Unconstrained build operations Thread 53" [_thread_blocked, id=19888, stack(0x00000074cc200000,0x00000074cc300000)]
  0x0000020c58cd7800 JavaThread "Unconstrained build operations Thread 54" [_thread_blocked, id=18420, stack(0x00000074cc300000,0x00000074cc400000)]
  0x0000020c58cd8800 JavaThread "Unconstrained build operations Thread 55" [_thread_blocked, id=15756, stack(0x00000074cc400000,0x00000074cc500000)]
  0x0000020c58cd9800 JavaThread "Unconstrained build operations Thread 56" [_thread_blocked, id=2996, stack(0x00000074cc500000,0x00000074cc600000)]
  0x0000020c58cdb800 JavaThread "Unconstrained build operations Thread 57" [_thread_blocked, id=22256, stack(0x00000074cc600000,0x00000074cc700000)]
  0x0000020c58cda000 JavaThread "Unconstrained build operations Thread 58" [_thread_blocked, id=25752, stack(0x00000074cc700000,0x00000074cc800000)]
  0x0000020c58cd6000 JavaThread "Unconstrained build operations Thread 59" [_thread_blocked, id=29548, stack(0x00000074cc800000,0x00000074cc900000)]
  0x0000020c58cdb000 JavaThread "Unconstrained build operations Thread 60" [_thread_blocked, id=26880, stack(0x00000074cc900000,0x00000074cca00000)]
  0x0000020c58e18800 JavaThread "C2 CompilerThread1" daemon [_thread_blocked, id=18040, stack(0x00000074c8a00000,0x00000074c8b00000)]
  0x0000020c58cdc800 JavaThread "Memory manager" [_thread_blocked, id=15588, stack(0x00000074cca00000,0x00000074ccb00000)]

Other Threads:
=>0x0000020c52e86800 VMThread "VM Thread" [stack: 0x00000074c5f00000,0x00000074c6000000] [id=30968]
  0x0000020c5309f000 WatcherThread [stack: 0x00000074c6900000,0x00000074c6a00000] [id=20992]
  0x0000020c385fc800 GCTaskThread "GC Thread#0" [stack: 0x00000074c5a00000,0x00000074c5b00000] [id=4940]
  0x0000020c53710800 GCTaskThread "GC Thread#1" [stack: 0x00000074c6b00000,0x00000074c6c00000] [id=6088]
  0x0000020c5382d000 GCTaskThread "GC Thread#2" [stack: 0x00000074c6c00000,0x00000074c6d00000] [id=20220]
  0x0000020c53cd7800 GCTaskThread "GC Thread#3" [stack: 0x00000074c6d00000,0x00000074c6e00000] [id=31096]
  0x0000020c53e80000 GCTaskThread "GC Thread#4" [stack: 0x00000074c6e00000,0x00000074c6f00000] [id=31844]
  0x0000020c53e80800 GCTaskThread "GC Thread#5" [stack: 0x00000074c6f00000,0x00000074c7000000] [id=33420]
  0x0000020c3862d000 ConcurrentGCThread "G1 Main Marker" [stack: 0x00000074c5b00000,0x00000074c5c00000] [id=17476]
  0x0000020c3862e000 ConcurrentGCThread "G1 Conc#0" [stack: 0x00000074c5c00000,0x00000074c5d00000] [id=12940]
  0x0000020c5409f800 ConcurrentGCThread "G1 Conc#1" [stack: 0x00000074c7b00000,0x00000074c7c00000] [id=28952]
  0x0000020c386ae000 ConcurrentGCThread "G1 Refine#0" [stack: 0x00000074c5d00000,0x00000074c5e00000] [id=16164]
  0x0000020c524d4800 ConcurrentGCThread "G1 Young RemSet Sampling" [stack: 0x00000074c5e00000,0x00000074c5f00000] [id=30308]

Threads with active compile tasks:
C2 CompilerThread0  22483 6824       4       com.sun.beans.introspect.MethodInfo$MethodOrder::compare (13 bytes)
C2 CompilerThread1  22483 6833       4       com.sun.beans.introspect.MethodInfo$MethodOrder::compare (167 bytes)

VM state:at safepoint (normal execution)

VM Mutex/Monitor currently owned by a thread:  ([mutex/lock_event])
[0x0000020c385dfa50] Threads_lock - owner thread: 0x0000020c52e86800
[0x0000020c385dec40] Heap_lock - owner thread: 0x0000020c54f4b000

Heap address: 0x0000000080000000, size: 2048 MB, Compressed Oops mode: 32-bit
Narrow klass base: 0x0000000000000000, Narrow klass shift: 3
Compressed class space size: 1073741824 Address: 0x0000000100000000

Heap:
 garbage-first heap   total 315392K, used 79034K [0x0000000080000000, 0x0000000100000000)
  region size 1024K, 14 young (14336K), 14 survivors (14336K)
 Metaspace       used 67761K, capacity 69583K, committed 69760K, reserved 1110016K
  class space    used 8684K, capacity 9304K, committed 9344K, reserved 1048576K
Heap Regions: E=young(eden), S=young(survivor), O=old, HS=humongous(starts), HC=humongous(continues), CS=collection set, F=free, A=archive, TAMS=top-at-mark-start (previous, next)
|   0|0x0000000080000000, 0x0000000080100000, 0x0000000080100000|100%| O|  |TAMS 0x0000000080100000, 0x0000000080000000| Untracked 
|   1|0x0000000080100000, 0x0000000080200000, 0x0000000080200000|100%| O|  |TAMS 0x0000000080200000, 0x0000000080100000| Untracked 
|   2|0x0000000080200000, 0x0000000080300000, 0x0000000080300000|100%| O|  |TAMS 0x0000000080300000, 0x0000000080200000| Untracked 
|   3|0x0000000080300000, 0x0000000080400000, 0x0000000080400000|100%|HS|  |TAMS 0x0000000080400000, 0x0000000080300000| Complete 
|   4|0x0000000080400000, 0x0000000080500000, 0x0000000080500000|100%|HC|  |TAMS 0x0000000080500000, 0x0000000080400000| Complete 
|   5|0x0000000080500000, 0x0000000080600000, 0x0000000080600000|100%|HC|  |TAMS 0x0000000080600000, 0x0000000080500000| Complete 
|   6|0x0000000080600000, 0x0000000080700000, 0x0000000080700000|100%| O|  |TAMS 0x0000000080700000, 0x0000000080600000| Untracked 
|   7|0x0000000080700000, 0x0000000080800000, 0x0000000080800000|100%| O|  |TAMS 0x0000000080800000, 0x0000000080700000| Untracked 
|   8|0x0000000080800000, 0x0000000080900000, 0x0000000080900000|100%| O|  |TAMS 0x0000000080900000, 0x0000000080800000| Untracked 
|   9|0x0000000080900000, 0x0000000080a00000, 0x0000000080a00000|100%| O|  |TAMS 0x0000000080a00000, 0x0000000080900000| Untracked 
|  10|0x0000000080a00000, 0x0000000080b00000, 0x0000000080b00000|100%| O|  |TAMS 0x0000000080b00000, 0x0000000080a00000| Untracked 
|  11|0x0000000080b00000, 0x0000000080c00000, 0x0000000080c00000|100%| O|  |TAMS 0x0000000080c00000, 0x0000000080b00000| Untracked 
|  12|0x0000000080c00000, 0x0000000080d00000, 0x0000000080d00000|100%| O|  |TAMS 0x0000000080d00000, 0x0000000080c00000| Untracked 
|  13|0x0000000080d00000, 0x0000000080e00000, 0x0000000080e00000|100%| O|  |TAMS 0x0000000080e00000, 0x0000000080d00000| Untracked 
|  14|0x0000000080e00000, 0x0000000080f00000, 0x0000000080f00000|100%| O|  |TAMS 0x0000000080f00000, 0x0000000080e00000| Untracked 
|  15|0x0000000080f00000, 0x0000000081000000, 0x0000000081000000|100%| O|  |TAMS 0x0000000081000000, 0x0000000080f00000| Untracked 
|  16|0x0000000081000000, 0x0000000081100000, 0x0000000081100000|100%|HS|  |TAMS 0x0000000081100000, 0x0000000081000000| Complete 
|  17|0x0000000081100000, 0x0000000081200000, 0x0000000081200000|100%|HC|  |TAMS 0x0000000081200000, 0x0000000081100000| Complete 
|  18|0x0000000081200000, 0x0000000081300000, 0x0000000081300000|100%|HS|  |TAMS 0x0000000081300000, 0x0000000081200000| Complete 
|  19|0x0000000081300000, 0x0000000081400000, 0x0000000081400000|100%|HC|  |TAMS 0x0000000081400000, 0x0000000081300000| Complete 
|  20|0x0000000081400000, 0x0000000081500000, 0x0000000081500000|100%|HC|  |TAMS 0x0000000081500000, 0x0000000081400000| Complete 
|  21|0x0000000081500000, 0x0000000081600000, 0x0000000081600000|100%|HS|  |TAMS 0x0000000081600000, 0x0000000081500000| Complete 
|  22|0x0000000081600000, 0x0000000081700000, 0x0000000081700000|100%|HS|  |TAMS 0x0000000081700000, 0x0000000081600000| Complete 
|  23|0x0000000081700000, 0x0000000081800000, 0x0000000081800000|100%|HC|  |TAMS 0x0000000081800000, 0x0000000081700000| Complete 
|  24|0x0000000081800000, 0x0000000081900000, 0x0000000081900000|100%|HC|  |TAMS 0x0000000081900000, 0x0000000081800000| Complete 
|  25|0x0000000081900000, 0x0000000081a00000, 0x0000000081a00000|100%|HC|  |TAMS 0x0000000081a00000, 0x0000000081900000| Complete 
|  26|0x0000000081a00000, 0x0000000081b00000, 0x0000000081b00000|100%| O|  |TAMS 0x0000000081b00000, 0x0000000081a00000| Untracked 
|  27|0x0000000081b00000, 0x0000000081c00000, 0x0000000081c00000|100%|HS|  |TAMS 0x0000000081c00000, 0x0000000081b00000| Complete 
|  28|0x0000000081c00000, 0x0000000081d00000, 0x0000000081d00000|100%|HS|  |TAMS 0x0000000081d00000, 0x0000000081c00000| Complete 
|  29|0x0000000081d00000, 0x0000000081e00000, 0x0000000081e00000|100%|HS|  |TAMS 0x0000000081e00000, 0x0000000081d00000| Complete 
|  30|0x0000000081e00000, 0x0000000081f00000, 0x0000000081f00000|100%|HC|  |TAMS 0x0000000081f00000, 0x0000000081e00000| Complete 
|  31|0x0000000081f00000, 0x0000000082000000, 0x0000000082000000|100%|HC|  |TAMS 0x0000000082000000, 0x0000000081f00000| Complete 
|  32|0x0000000082000000, 0x0000000082100000, 0x0000000082100000|100%|HS|  |TAMS 0x0000000082100000, 0x0000000082000000| Complete 
|  33|0x0000000082100000, 0x0000000082200000, 0x0000000082200000|100%| O|  |TAMS 0x0000000082200000, 0x0000000082100000| Untracked 
|  34|0x0000000082200000, 0x0000000082300000, 0x0000000082300000|100%| O|  |TAMS 0x0000000082300000, 0x0000000082200000| Untracked 
|  35|0x0000000082300000, 0x0000000082400000, 0x0000000082400000|100%| O|  |TAMS 0x0000000082400000, 0x0000000082300000| Untracked 
|  36|0x0000000082400000, 0x0000000082500000, 0x0000000082500000|100%| O|  |TAMS 0x0000000082500000, 0x0000000082400000| Untracked 
|  37|0x0000000082500000, 0x0000000082600000, 0x0000000082600000|100%| O|  |TAMS 0x0000000082600000, 0x0000000082500000| Untracked 
|  38|0x0000000082600000, 0x0000000082700000, 0x0000000082700000|100%| O|  |TAMS 0x0000000082700000, 0x0000000082600000| Untracked 
|  39|0x0000000082700000, 0x0000000082800000, 0x0000000082800000|100%| O|  |TAMS 0x0000000082800000, 0x0000000082700000| Untracked 
|  40|0x0000000082800000, 0x0000000082900000, 0x0000000082900000|100%|HS|  |TAMS 0x0000000082900000, 0x0000000082800000| Complete 
|  41|0x0000000082900000, 0x0000000082a00000, 0x0000000082a00000|100%|HC|  |TAMS 0x0000000082a00000, 0x0000000082900000| Complete 
|  42|0x0000000082a00000, 0x0000000082b00000, 0x0000000082b00000|100%|HC|  |TAMS 0x0000000082b00000, 0x0000000082a00000| Complete 
|  43|0x0000000082b00000, 0x0000000082c00000, 0x0000000082c00000|100%|HC|  |TAMS 0x0000000082c00000, 0x0000000082b00000| Complete 
|  44|0x0000000082c00000, 0x0000000082d00000, 0x0000000082d00000|100%| O|  |TAMS 0x0000000082d00000, 0x0000000082c00000| Untracked 
|  45|0x0000000082d00000, 0x0000000082e00000, 0x0000000082e00000|100%| O|  |TAMS 0x0000000082e00000, 0x0000000082d00000| Untracked 
|  46|0x0000000082e00000, 0x0000000082f00000, 0x0000000082f00000|100%|HS|  |TAMS 0x0000000082f00000, 0x0000000082e00000| Complete 
|  47|0x0000000082f00000, 0x0000000083000000, 0x0000000083000000|100%|HC|  |TAMS 0x0000000083000000, 0x0000000082f00000| Complete 
|  48|0x0000000083000000, 0x0000000083100000, 0x0000000083100000|100%| O|  |TAMS 0x0000000083100000, 0x0000000083000000| Untracked 
|  49|0x0000000083100000, 0x0000000083200000, 0x0000000083200000|100%| O|  |TAMS 0x0000000083200000, 0x0000000083100000| Untracked 
|  50|0x0000000083200000, 0x0000000083300000, 0x0000000083300000|100%| O|  |TAMS 0x0000000083300000, 0x0000000083200000| Untracked 
|  51|0x0000000083300000, 0x0000000083400000, 0x0000000083400000|100%| O|  |TAMS 0x0000000083400000, 0x0000000083300000| Untracked 
|  52|0x0000000083400000, 0x0000000083500000, 0x0000000083500000|100%| O|  |TAMS 0x0000000083500000, 0x0000000083400000| Untracked 
|  53|0x0000000083500000, 0x0000000083600000, 0x0000000083600000|100%| O|  |TAMS 0x0000000083600000, 0x0000000083500000| Untracked 
|  54|0x0000000083600000, 0x0000000083700000, 0x0000000083700000|100%| O|  |TAMS 0x0000000083700000, 0x0000000083600000| Untracked 
|  55|0x0000000083700000, 0x0000000083800000, 0x0000000083800000|100%| O|  |TAMS 0x0000000083727a00, 0x0000000083700000| Untracked 
|  56|0x0000000083800000, 0x0000000083800000, 0x0000000083900000|  0%| F|  |TAMS 0x0000000083800000, 0x0000000083800000| Untracked 
|  57|0x0000000083900000, 0x0000000083a00000, 0x0000000083a00000|100%| O|  |TAMS 0x0000000083900000, 0x0000000083900000| Untracked 
|  58|0x0000000083a00000, 0x0000000083b00000, 0x0000000083b00000|100%| O|  |TAMS 0x0000000083a00000, 0x0000000083a00000| Untracked 
|  59|0x0000000083b00000, 0x0000000083c00000, 0x0000000083c00000|100%| O|  |TAMS 0x0000000083b00000, 0x0000000083b00000| Untracked 
|  60|0x0000000083c00000, 0x0000000083d00000, 0x0000000083d00000|100%| O|  |TAMS 0x0000000083c00000, 0x0000000083c00000| Untracked 
|  61|0x0000000083d00000, 0x0000000083e00000, 0x0000000083e00000|100%| O|  |TAMS 0x0000000083d00000, 0x0000000083d00000| Untracked 
|  62|0x0000000083e00000, 0x0000000083f00000, 0x0000000083f00000|100%| O|  |TAMS 0x0000000083e00000, 0x0000000083e00000| Untracked 
|  63|0x0000000083f00000, 0x0000000084000000, 0x0000000084000000|100%| O|  |TAMS 0x0000000083f00000, 0x0000000083f00000| Untracked 
|  64|0x0000000084000000, 0x00000000840cbc00, 0x0000000084100000| 79%| O|  |TAMS 0x0000000084000000, 0x0000000084000000| Untracked 
|  65|0x0000000084100000, 0x0000000084100000, 0x0000000084200000|  0%| F|  |TAMS 0x0000000084100000, 0x0000000084100000| Untracked 
|  66|0x0000000084200000, 0x0000000084200000, 0x0000000084300000|  0%| F|  |TAMS 0x0000000084200000, 0x0000000084200000| Untracked 
|  67|0x0000000084300000, 0x0000000084300000, 0x0000000084400000|  0%| F|  |TAMS 0x0000000084300000, 0x0000000084300000| Untracked 
|  68|0x0000000084400000, 0x0000000084400000, 0x0000000084500000|  0%| F|  |TAMS 0x0000000084400000, 0x0000000084400000| Untracked 
|  69|0x0000000084500000, 0x0000000084500000, 0x0000000084600000|  0%| F|  |TAMS 0x0000000084500000, 0x0000000084500000| Untracked 
|  70|0x0000000084600000, 0x0000000084600000, 0x0000000084700000|  0%| F|  |TAMS 0x0000000084600000, 0x0000000084600000| Untracked 
|  71|0x0000000084700000, 0x0000000084700000, 0x0000000084800000|  0%| F|  |TAMS 0x0000000084700000, 0x0000000084700000| Untracked 
|  72|0x0000000084800000, 0x0000000084800000, 0x0000000084900000|  0%| F|  |TAMS 0x0000000084800000, 0x0000000084800000| Untracked 
|  73|0x0000000084900000, 0x0000000084900000, 0x0000000084a00000|  0%| F|  |TAMS 0x0000000084900000, 0x0000000084900000| Untracked 
|  74|0x0000000084a00000, 0x0000000084a00000, 0x0000000084b00000|  0%| F|  |TAMS 0x0000000084a00000, 0x0000000084a00000| Untracked 
|  75|0x0000000084b00000, 0x0000000084b00000, 0x0000000084c00000|  0%| F|  |TAMS 0x0000000084b00000, 0x0000000084b00000| Untracked 
|  76|0x0000000084c00000, 0x0000000084c00000, 0x0000000084d00000|  0%| F|  |TAMS 0x0000000084c00000, 0x0000000084c00000| Untracked 
|  77|0x0000000084d00000, 0x0000000084d00000, 0x0000000084e00000|  0%| F|  |TAMS 0x0000000084d00000, 0x0000000084d00000| Untracked 
|  78|0x0000000084e00000, 0x0000000084e00000, 0x0000000084f00000|  0%| F|  |TAMS 0x0000000084e00000, 0x0000000084e00000| Untracked 
|  79|0x0000000084f00000, 0x0000000084f00000, 0x0000000085000000|  0%| F|  |TAMS 0x0000000084f00000, 0x0000000084f00000| Untracked 
|  80|0x0000000085000000, 0x0000000085000000, 0x0000000085100000|  0%| F|  |TAMS 0x0000000085000000, 0x0000000085000000| Untracked 
|  81|0x0000000085100000, 0x0000000085100000, 0x0000000085200000|  0%| F|  |TAMS 0x0000000085100000, 0x0000000085100000| Untracked 
|  82|0x0000000085200000, 0x0000000085200000, 0x0000000085300000|  0%| F|  |TAMS 0x0000000085200000, 0x0000000085200000| Untracked 
|  83|0x0000000085300000, 0x0000000085300000, 0x0000000085400000|  0%| F|  |TAMS 0x0000000085300000, 0x0000000085300000| Untracked 
|  84|0x0000000085400000, 0x0000000085400000, 0x0000000085500000|  0%| F|  |TAMS 0x0000000085400000, 0x0000000085400000| Untracked 
|  85|0x0000000085500000, 0x0000000085500000, 0x0000000085600000|  0%| F|  |TAMS 0x0000000085500000, 0x0000000085500000| Untracked 
|  86|0x0000000085600000, 0x0000000085600000, 0x0000000085700000|  0%| F|  |TAMS 0x0000000085600000, 0x0000000085600000| Untracked 
|  87|0x0000000085700000, 0x0000000085700000, 0x0000000085800000|  0%| F|  |TAMS 0x0000000085700000, 0x0000000085700000| Untracked 
|  88|0x0000000085800000, 0x0000000085800000, 0x0000000085900000|  0%| F|  |TAMS 0x0000000085800000, 0x0000000085800000| Untracked 
|  89|0x0000000085900000, 0x0000000085900000, 0x0000000085a00000|  0%| F|  |TAMS 0x0000000085900000, 0x0000000085900000| Untracked 
|  90|0x0000000085a00000, 0x0000000085a00000, 0x0000000085b00000|  0%| F|  |TAMS 0x0000000085a00000, 0x0000000085a00000| Untracked 
|  91|0x0000000085b00000, 0x0000000085b00000, 0x0000000085c00000|  0%| F|  |TAMS 0x0000000085b00000, 0x0000000085b00000| Untracked 
|  92|0x0000000085c00000, 0x0000000085c00000, 0x0000000085d00000|  0%| F|  |TAMS 0x0000000085c00000, 0x0000000085c00000| Untracked 
|  93|0x0000000085d00000, 0x0000000085d00000, 0x0000000085e00000|  0%| F|  |TAMS 0x0000000085d00000, 0x0000000085d00000| Untracked 
|  94|0x0000000085e00000, 0x0000000085e00000, 0x0000000085f00000|  0%| F|  |TAMS 0x0000000085e00000, 0x0000000085e00000| Untracked 
|  95|0x0000000085f00000, 0x0000000085f00000, 0x0000000086000000|  0%| F|  |TAMS 0x0000000085f00000, 0x0000000085f00000| Untracked 
|  96|0x0000000086000000, 0x0000000086000000, 0x0000000086100000|  0%| F|  |TAMS 0x0000000086000000, 0x0000000086000000| Untracked 
|  97|0x0000000086100000, 0x0000000086100000, 0x0000000086200000|  0%| F|  |TAMS 0x0000000086100000, 0x0000000086100000| Untracked 
|  98|0x0000000086200000, 0x0000000086200000, 0x0000000086300000|  0%| F|  |TAMS 0x0000000086200000, 0x0000000086200000| Untracked 
|  99|0x0000000086300000, 0x0000000086300000, 0x0000000086400000|  0%| F|  |TAMS 0x0000000086300000, 0x0000000086300000| Untracked 
| 100|0x0000000086400000, 0x0000000086400000, 0x0000000086500000|  0%| F|  |TAMS 0x0000000086400000, 0x0000000086400000| Untracked 
| 101|0x0000000086500000, 0x0000000086500000, 0x0000000086600000|  0%| F|  |TAMS 0x0000000086500000, 0x0000000086500000| Untracked 
| 102|0x0000000086600000, 0x0000000086600000, 0x0000000086700000|  0%| F|  |TAMS 0x0000000086600000, 0x0000000086600000| Untracked 
| 103|0x0000000086700000, 0x0000000086700000, 0x0000000086800000|  0%| F|  |TAMS 0x0000000086700000, 0x0000000086700000| Untracked 
| 104|0x0000000086800000, 0x0000000086800000, 0x0000000086900000|  0%| F|  |TAMS 0x0000000086800000, 0x0000000086800000| Untracked 
| 105|0x0000000086900000, 0x0000000086900000, 0x0000000086a00000|  0%| F|  |TAMS 0x0000000086900000, 0x0000000086900000| Untracked 
| 106|0x0000000086a00000, 0x0000000086a00000, 0x0000000086b00000|  0%| F|  |TAMS 0x0000000086a00000, 0x0000000086a00000| Untracked 
| 107|0x0000000086b00000, 0x0000000086b00000, 0x0000000086c00000|  0%| F|  |TAMS 0x0000000086b00000, 0x0000000086b00000| Untracked 
| 108|0x0000000086c00000, 0x0000000086c00000, 0x0000000086d00000|  0%| F|  |TAMS 0x0000000086c00000, 0x0000000086c00000| Untracked 
| 109|0x0000000086d00000, 0x0000000086d00000, 0x0000000086e00000|  0%| F|  |TAMS 0x0000000086d00000, 0x0000000086d00000| Untracked 
| 110|0x0000000086e00000, 0x0000000086e00000, 0x0000000086f00000|  0%| F|  |TAMS 0x0000000086e00000, 0x0000000086e00000| Untracked 
| 111|0x0000000086f00000, 0x0000000086f00000, 0x0000000087000000|  0%| F|  |TAMS 0x0000000086f00000, 0x0000000086f00000| Untracked 
| 112|0x0000000087000000, 0x0000000087000000, 0x0000000087100000|  0%| F|  |TAMS 0x0000000087000000, 0x0000000087000000| Untracked 
| 113|0x0000000087100000, 0x0000000087100000, 0x0000000087200000|  0%| F|  |TAMS 0x0000000087100000, 0x0000000087100000| Untracked 
| 114|0x0000000087200000, 0x0000000087200000, 0x0000000087300000|  0%| F|  |TAMS 0x0000000087200000, 0x0000000087200000| Untracked 
| 115|0x0000000087300000, 0x0000000087300000, 0x0000000087400000|  0%| F|  |TAMS 0x0000000087300000, 0x0000000087300000| Untracked 
| 116|0x0000000087400000, 0x0000000087400000, 0x0000000087500000|  0%| F|  |TAMS 0x0000000087400000, 0x0000000087400000| Untracked 
| 117|0x0000000087500000, 0x0000000087500000, 0x0000000087600000|  0%| F|  |TAMS 0x0000000087500000, 0x0000000087500000| Untracked 
| 118|0x0000000087600000, 0x0000000087600000, 0x0000000087700000|  0%| F|  |TAMS 0x0000000087600000, 0x0000000087600000| Untracked 
| 119|0x0000000087700000, 0x0000000087700000, 0x0000000087800000|  0%| F|  |TAMS 0x0000000087700000, 0x0000000087700000| Untracked 
| 120|0x0000000087800000, 0x0000000087862da8, 0x0000000087900000| 38%| S|CS|TAMS 0x0000000087800000, 0x0000000087800000| Complete 
| 121|0x0000000087900000, 0x0000000087a00000, 0x0000000087a00000|100%| S|CS|TAMS 0x0000000087900000, 0x0000000087900000| Complete 
| 122|0x0000000087a00000, 0x0000000087b00000, 0x0000000087b00000|100%| S|CS|TAMS 0x0000000087a00000, 0x0000000087a00000| Complete 
| 123|0x0000000087b00000, 0x0000000087c00000, 0x0000000087c00000|100%| S|CS|TAMS 0x0000000087b00000, 0x0000000087b00000| Complete 
| 124|0x0000000087c00000, 0x0000000087d00000, 0x0000000087d00000|100%| S|CS|TAMS 0x0000000087c00000, 0x0000000087c00000| Complete 
| 125|0x0000000087d00000, 0x0000000087e00000, 0x0000000087e00000|100%| S|CS|TAMS 0x0000000087d00000, 0x0000000087d00000| Complete 
| 126|0x0000000087e00000, 0x0000000087f00000, 0x0000000087f00000|100%| S|CS|TAMS 0x0000000087e00000, 0x0000000087e00000| Complete 
| 127|0x0000000087f00000, 0x0000000088000000, 0x0000000088000000|100%| S|CS|TAMS 0x0000000087f00000, 0x0000000087f00000| Complete 
| 128|0x0000000088000000, 0x0000000088100000, 0x0000000088100000|100%| S|CS|TAMS 0x0000000088000000, 0x0000000088000000| Complete 
| 129|0x0000000088100000, 0x0000000088200000, 0x0000000088200000|100%| S|CS|TAMS 0x0000000088100000, 0x0000000088100000| Complete 
| 130|0x0000000088200000, 0x0000000088300000, 0x0000000088300000|100%| S|CS|TAMS 0x0000000088200000, 0x0000000088200000| Complete 
| 131|0x0000000088300000, 0x0000000088400000, 0x0000000088400000|100%| S|CS|TAMS 0x0000000088300000, 0x0000000088300000| Complete 
| 132|0x0000000088400000, 0x0000000088500000, 0x0000000088500000|100%| S|CS|TAMS 0x0000000088400000, 0x0000000088400000| Complete 
| 133|0x0000000088500000, 0x0000000088600000, 0x0000000088600000|100%| S|CS|TAMS 0x0000000088500000, 0x0000000088500000| Complete 
| 134|0x0000000088600000, 0x0000000088600000, 0x0000000088700000|  0%| F|  |TAMS 0x0000000088600000, 0x0000000088600000| Untracked 
| 135|0x0000000088700000, 0x0000000088700000, 0x0000000088800000|  0%| F|  |TAMS 0x0000000088700000, 0x0000000088700000| Untracked 
| 136|0x0000000088800000, 0x0000000088800000, 0x0000000088900000|  0%| F|  |TAMS 0x0000000088800000, 0x0000000088800000| Untracked 
| 137|0x0000000088900000, 0x0000000088900000, 0x0000000088a00000|  0%| F|  |TAMS 0x0000000088900000, 0x0000000088900000| Untracked 
| 138|0x0000000088a00000, 0x0000000088a00000, 0x0000000088b00000|  0%| F|  |TAMS 0x0000000088a00000, 0x0000000088a00000| Untracked 
| 139|0x0000000088b00000, 0x0000000088b00000, 0x0000000088c00000|  0%| F|  |TAMS 0x0000000088b00000, 0x0000000088b00000| Untracked 
| 140|0x0000000088c00000, 0x0000000088c00000, 0x0000000088d00000|  0%| F|  |TAMS 0x0000000088c00000, 0x0000000088c00000| Untracked 
| 141|0x0000000088d00000, 0x0000000088d00000, 0x0000000088e00000|  0%| F|  |TAMS 0x0000000088d00000, 0x0000000088d00000| Untracked 
| 142|0x0000000088e00000, 0x0000000088e00000, 0x0000000088f00000|  0%| F|  |TAMS 0x0000000088e00000, 0x0000000088e00000| Untracked 
| 143|0x0000000088f00000, 0x0000000088f00000, 0x0000000089000000|  0%| F|  |TAMS 0x0000000088f00000, 0x0000000088f00000| Untracked 
| 144|0x0000000089000000, 0x0000000089000000, 0x0000000089100000|  0%| F|  |TAMS 0x0000000089000000, 0x0000000089000000| Untracked 
| 145|0x0000000089100000, 0x0000000089100000, 0x0000000089200000|  0%| F|  |TAMS 0x0000000089100000, 0x0000000089100000| Untracked 
| 146|0x0000000089200000, 0x0000000089200000, 0x0000000089300000|  0%| F|  |TAMS 0x0000000089200000, 0x0000000089200000| Untracked 
| 147|0x0000000089300000, 0x0000000089300000, 0x0000000089400000|  0%| F|  |TAMS 0x0000000089300000, 0x0000000089300000| Untracked 
| 148|0x0000000089400000, 0x0000000089400000, 0x0000000089500000|  0%| F|  |TAMS 0x0000000089400000, 0x0000000089400000| Untracked 
| 149|0x0000000089500000, 0x0000000089500000, 0x0000000089600000|  0%| F|  |TAMS 0x0000000089500000, 0x0000000089500000| Untracked 
| 150|0x0000000089600000, 0x0000000089600000, 0x0000000089700000|  0%| F|  |TAMS 0x0000000089600000, 0x0000000089600000| Untracked 
| 151|0x0000000089700000, 0x0000000089700000, 0x0000000089800000|  0%| F|  |TAMS 0x0000000089700000, 0x0000000089700000| Untracked 
| 152|0x0000000089800000, 0x0000000089800000, 0x0000000089900000|  0%| F|  |TAMS 0x0000000089800000, 0x0000000089800000| Untracked 
| 153|0x0000000089900000, 0x0000000089900000, 0x0000000089a00000|  0%| F|  |TAMS 0x0000000089900000, 0x0000000089900000| Untracked 
| 154|0x0000000089a00000, 0x0000000089a00000, 0x0000000089b00000|  0%| F|  |TAMS 0x0000000089a00000, 0x0000000089a00000| Untracked 
| 155|0x0000000089b00000, 0x0000000089b00000, 0x0000000089c00000|  0%| F|  |TAMS 0x0000000089b00000, 0x0000000089b00000| Untracked 
| 156|0x0000000089c00000, 0x0000000089c00000, 0x0000000089d00000|  0%| F|  |TAMS 0x0000000089c00000, 0x0000000089c00000| Untracked 
| 157|0x0000000089d00000, 0x0000000089d00000, 0x0000000089e00000|  0%| F|  |TAMS 0x0000000089d00000, 0x0000000089d00000| Untracked 
| 158|0x0000000089e00000, 0x0000000089e00000, 0x0000000089f00000|  0%| F|  |TAMS 0x0000000089e00000, 0x0000000089e00000| Untracked 
| 159|0x0000000089f00000, 0x0000000089f00000, 0x000000008a000000|  0%| F|  |TAMS 0x0000000089f00000, 0x0000000089f00000| Untracked 
| 160|0x000000008a000000, 0x000000008a000000, 0x000000008a100000|  0%| F|  |TAMS 0x000000008a000000, 0x000000008a000000| Untracked 
| 161|0x000000008a100000, 0x000000008a100000, 0x000000008a200000|  0%| F|  |TAMS 0x000000008a100000, 0x000000008a100000| Untracked 
| 162|0x000000008a200000, 0x000000008a200000, 0x000000008a300000|  0%| F|  |TAMS 0x000000008a200000, 0x000000008a200000| Untracked 
| 163|0x000000008a300000, 0x000000008a300000, 0x000000008a400000|  0%| F|  |TAMS 0x000000008a300000, 0x000000008a300000| Untracked 
| 164|0x000000008a400000, 0x000000008a400000, 0x000000008a500000|  0%| F|  |TAMS 0x000000008a400000, 0x000000008a400000| Untracked 
| 165|0x000000008a500000, 0x000000008a500000, 0x000000008a600000|  0%| F|  |TAMS 0x000000008a500000, 0x000000008a500000| Untracked 
| 166|0x000000008a600000, 0x000000008a600000, 0x000000008a700000|  0%| F|  |TAMS 0x000000008a600000, 0x000000008a600000| Untracked 
| 167|0x000000008a700000, 0x000000008a700000, 0x000000008a800000|  0%| F|  |TAMS 0x000000008a700000, 0x000000008a700000| Untracked 
| 168|0x000000008a800000, 0x000000008a800000, 0x000000008a900000|  0%| F|  |TAMS 0x000000008a800000, 0x000000008a800000| Untracked 
| 169|0x000000008a900000, 0x000000008a900000, 0x000000008aa00000|  0%| F|  |TAMS 0x000000008a900000, 0x000000008a900000| Untracked 
| 170|0x000000008aa00000, 0x000000008aa00000, 0x000000008ab00000|  0%| F|  |TAMS 0x000000008aa00000, 0x000000008aa00000| Untracked 
| 171|0x000000008ab00000, 0x000000008ab00000, 0x000000008ac00000|  0%| F|  |TAMS 0x000000008ab00000, 0x000000008ab00000| Untracked 
| 172|0x000000008ac00000, 0x000000008ac00000, 0x000000008ad00000|  0%| F|  |TAMS 0x000000008ac00000, 0x000000008ac00000| Untracked 
| 173|0x000000008ad00000, 0x000000008ad00000, 0x000000008ae00000|  0%| F|  |TAMS 0x000000008ad00000, 0x000000008ad00000| Untracked 
| 174|0x000000008ae00000, 0x000000008ae00000, 0x000000008af00000|  0%| F|  |TAMS 0x000000008ae00000, 0x000000008ae00000| Untracked 
| 175|0x000000008af00000, 0x000000008af00000, 0x000000008b000000|  0%| F|  |TAMS 0x000000008af00000, 0x000000008af00000| Untracked 
| 176|0x000000008b000000, 0x000000008b000000, 0x000000008b100000|  0%| F|  |TAMS 0x000000008b000000, 0x000000008b000000| Untracked 
| 177|0x000000008b100000, 0x000000008b100000, 0x000000008b200000|  0%| F|  |TAMS 0x000000008b100000, 0x000000008b100000| Untracked 
| 178|0x000000008b200000, 0x000000008b200000, 0x000000008b300000|  0%| F|  |TAMS 0x000000008b200000, 0x000000008b200000| Untracked 
| 179|0x000000008b300000, 0x000000008b300000, 0x000000008b400000|  0%| F|  |TAMS 0x000000008b300000, 0x000000008b300000| Untracked 
| 180|0x000000008b400000, 0x000000008b400000, 0x000000008b500000|  0%| F|  |TAMS 0x000000008b400000, 0x000000008b400000| Untracked 
| 181|0x000000008b500000, 0x000000008b500000, 0x000000008b600000|  0%| F|  |TAMS 0x000000008b500000, 0x000000008b500000| Untracked 
| 182|0x000000008b600000, 0x000000008b600000, 0x000000008b700000|  0%| F|  |TAMS 0x000000008b600000, 0x000000008b600000| Untracked 
| 183|0x000000008b700000, 0x000000008b700000, 0x000000008b800000|  0%| F|  |TAMS 0x000000008b700000, 0x000000008b700000| Untracked 
| 184|0x000000008b800000, 0x000000008b800000, 0x000000008b900000|  0%| F|  |TAMS 0x000000008b800000, 0x000000008b800000| Untracked 
| 185|0x000000008b900000, 0x000000008b900000, 0x000000008ba00000|  0%| F|  |TAMS 0x000000008b900000, 0x000000008b900000| Untracked 
| 186|0x000000008ba00000, 0x000000008ba00000, 0x000000008bb00000|  0%| F|  |TAMS 0x000000008ba00000, 0x000000008ba00000| Untracked 
| 187|0x000000008bb00000, 0x000000008bb00000, 0x000000008bc00000|  0%| F|  |TAMS 0x000000008bb00000, 0x000000008bb00000| Untracked 
| 188|0x000000008bc00000, 0x000000008bc00000, 0x000000008bd00000|  0%| F|  |TAMS 0x000000008bc00000, 0x000000008bc00000| Untracked 
| 189|0x000000008bd00000, 0x000000008bd00000, 0x000000008be00000|  0%| F|  |TAMS 0x000000008bd00000, 0x000000008bd00000| Untracked 
| 190|0x000000008be00000, 0x000000008be00000, 0x000000008bf00000|  0%| F|  |TAMS 0x000000008be00000, 0x000000008be00000| Untracked 
| 191|0x000000008bf00000, 0x000000008bf00000, 0x000000008c000000|  0%| F|  |TAMS 0x000000008bf00000, 0x000000008bf00000| Untracked 
| 192|0x000000008c000000, 0x000000008c000000, 0x000000008c100000|  0%| F|  |TAMS 0x000000008c000000, 0x000000008c000000| Untracked 
| 193|0x000000008c100000, 0x000000008c100000, 0x000000008c200000|  0%| F|  |TAMS 0x000000008c100000, 0x000000008c100000| Untracked 
| 194|0x000000008c200000, 0x000000008c200000, 0x000000008c300000|  0%| F|  |TAMS 0x000000008c200000, 0x000000008c200000| Untracked 
| 195|0x000000008c300000, 0x000000008c300000, 0x000000008c400000|  0%| F|  |TAMS 0x000000008c300000, 0x000000008c300000| Untracked 
| 196|0x000000008c400000, 0x000000008c400000, 0x000000008c500000|  0%| F|  |TAMS 0x000000008c400000, 0x000000008c400000| Untracked 
| 197|0x000000008c500000, 0x000000008c500000, 0x000000008c600000|  0%| F|  |TAMS 0x000000008c500000, 0x000000008c500000| Untracked 
| 198|0x000000008c600000, 0x000000008c600000, 0x000000008c700000|  0%| F|  |TAMS 0x000000008c600000, 0x000000008c600000| Untracked 
| 199|0x000000008c700000, 0x000000008c700000, 0x000000008c800000|  0%| F|  |TAMS 0x000000008c700000, 0x000000008c700000| Untracked 
| 200|0x000000008c800000, 0x000000008c800000, 0x000000008c900000|  0%| F|  |TAMS 0x000000008c800000, 0x000000008c800000| Untracked 
| 201|0x000000008c900000, 0x000000008c900000, 0x000000008ca00000|  0%| F|  |TAMS 0x000000008c900000, 0x000000008c900000| Untracked 
| 202|0x000000008ca00000, 0x000000008ca00000, 0x000000008cb00000|  0%| F|  |TAMS 0x000000008ca00000, 0x000000008ca00000| Untracked 
| 203|0x000000008cb00000, 0x000000008cb00000, 0x000000008cc00000|  0%| F|  |TAMS 0x000000008cb00000, 0x000000008cb00000| Untracked 
| 204|0x000000008cc00000, 0x000000008cc00000, 0x000000008cd00000|  0%| F|  |TAMS 0x000000008cc00000, 0x000000008cc00000| Untracked 
| 205|0x000000008cd00000, 0x000000008cd00000, 0x000000008ce00000|  0%| F|  |TAMS 0x000000008cd00000, 0x000000008cd00000| Untracked 
| 206|0x000000008ce00000, 0x000000008ce00000, 0x000000008cf00000|  0%| F|  |TAMS 0x000000008ce00000, 0x000000008ce00000| Untracked 
| 207|0x000000008cf00000, 0x000000008cf00000, 0x000000008d000000|  0%| F|  |TAMS 0x000000008cf00000, 0x000000008cf00000| Untracked 
| 208|0x000000008d000000, 0x000000008d000000, 0x000000008d100000|  0%| F|  |TAMS 0x000000008d000000, 0x000000008d000000| Untracked 
| 209|0x000000008d100000, 0x000000008d100000, 0x000000008d200000|  0%| F|  |TAMS 0x000000008d100000, 0x000000008d100000| Untracked 
| 210|0x000000008d200000, 0x000000008d200000, 0x000000008d300000|  0%| F|  |TAMS 0x000000008d200000, 0x000000008d200000| Untracked 
| 211|0x000000008d300000, 0x000000008d300000, 0x000000008d400000|  0%| F|  |TAMS 0x000000008d300000, 0x000000008d300000| Untracked 
| 212|0x000000008d400000, 0x000000008d400000, 0x000000008d500000|  0%| F|  |TAMS 0x000000008d400000, 0x000000008d400000| Untracked 
| 213|0x000000008d500000, 0x000000008d500000, 0x000000008d600000|  0%| F|  |TAMS 0x000000008d500000, 0x000000008d500000| Untracked 
| 214|0x000000008d600000, 0x000000008d600000, 0x000000008d700000|  0%| F|  |TAMS 0x000000008d600000, 0x000000008d600000| Untracked 
| 215|0x000000008d700000, 0x000000008d700000, 0x000000008d800000|  0%| F|  |TAMS 0x000000008d700000, 0x000000008d700000| Untracked 
| 216|0x000000008d800000, 0x000000008d800000, 0x000000008d900000|  0%| F|  |TAMS 0x000000008d800000, 0x000000008d800000| Untracked 
| 217|0x000000008d900000, 0x000000008d900000, 0x000000008da00000|  0%| F|  |TAMS 0x000000008d900000, 0x000000008d900000| Untracked 
| 218|0x000000008da00000, 0x000000008da00000, 0x000000008db00000|  0%| F|  |TAMS 0x000000008da00000, 0x000000008da00000| Untracked 
| 219|0x000000008db00000, 0x000000008db00000, 0x000000008dc00000|  0%| F|  |TAMS 0x000000008db00000, 0x000000008db00000| Untracked 
| 220|0x000000008dc00000, 0x000000008dc00000, 0x000000008dd00000|  0%| F|  |TAMS 0x000000008dc00000, 0x000000008dc00000| Untracked 
| 221|0x000000008dd00000, 0x000000008dd00000, 0x000000008de00000|  0%| F|  |TAMS 0x000000008dd00000, 0x000000008dd00000| Untracked 
| 222|0x000000008de00000, 0x000000008de00000, 0x000000008df00000|  0%| F|  |TAMS 0x000000008de00000, 0x000000008de00000| Untracked 
| 223|0x000000008df00000, 0x000000008df00000, 0x000000008e000000|  0%| F|  |TAMS 0x000000008df00000, 0x000000008df00000| Untracked 
| 224|0x000000008e000000, 0x000000008e000000, 0x000000008e100000|  0%| F|  |TAMS 0x000000008e000000, 0x000000008e000000| Untracked 
| 225|0x000000008e100000, 0x000000008e100000, 0x000000008e200000|  0%| F|  |TAMS 0x000000008e100000, 0x000000008e100000| Untracked 
| 226|0x000000008e200000, 0x000000008e200000, 0x000000008e300000|  0%| F|  |TAMS 0x000000008e200000, 0x000000008e200000| Untracked 
| 227|0x000000008e300000, 0x000000008e300000, 0x000000008e400000|  0%| F|  |TAMS 0x000000008e300000, 0x000000008e300000| Untracked 
| 228|0x000000008e400000, 0x000000008e400000, 0x000000008e500000|  0%| F|  |TAMS 0x000000008e400000, 0x000000008e400000| Untracked 
| 229|0x000000008e500000, 0x000000008e500000, 0x000000008e600000|  0%| F|  |TAMS 0x000000008e500000, 0x000000008e500000| Untracked 
| 230|0x000000008e600000, 0x000000008e600000, 0x000000008e700000|  0%| F|  |TAMS 0x000000008e600000, 0x000000008e600000| Untracked 
| 231|0x000000008e700000, 0x000000008e700000, 0x000000008e800000|  0%| F|  |TAMS 0x000000008e700000, 0x000000008e700000| Untracked 
| 232|0x000000008e800000, 0x000000008e800000, 0x000000008e900000|  0%| F|  |TAMS 0x000000008e800000, 0x000000008e800000| Untracked 
| 233|0x000000008e900000, 0x000000008e900000, 0x000000008ea00000|  0%| F|  |TAMS 0x000000008e900000, 0x000000008e900000| Untracked 
| 234|0x000000008ea00000, 0x000000008ea00000, 0x000000008eb00000|  0%| F|  |TAMS 0x000000008ea00000, 0x000000008ea00000| Untracked 
| 235|0x000000008eb00000, 0x000000008eb00000, 0x000000008ec00000|  0%| F|  |TAMS 0x000000008eb00000, 0x000000008eb00000| Untracked 
| 236|0x000000008ec00000, 0x000000008ec00000, 0x000000008ed00000|  0%| F|  |TAMS 0x000000008ec00000, 0x000000008ec00000| Untracked 
| 237|0x000000008ed00000, 0x000000008ed00000, 0x000000008ee00000|  0%| F|  |TAMS 0x000000008ed00000, 0x000000008ed00000| Untracked 
| 238|0x000000008ee00000, 0x000000008ee00000, 0x000000008ef00000|  0%| F|  |TAMS 0x000000008ee00000, 0x000000008ee00000| Untracked 
| 239|0x000000008ef00000, 0x000000008ef00000, 0x000000008f000000|  0%| F|  |TAMS 0x000000008ef00000, 0x000000008ef00000| Untracked 
| 240|0x000000008f000000, 0x000000008f000000, 0x000000008f100000|  0%| F|  |TAMS 0x000000008f000000, 0x000000008f000000| Untracked 
| 241|0x000000008f100000, 0x000000008f100000, 0x000000008f200000|  0%| F|  |TAMS 0x000000008f100000, 0x000000008f100000| Untracked 
| 242|0x000000008f200000, 0x000000008f200000, 0x000000008f300000|  0%| F|  |TAMS 0x000000008f200000, 0x000000008f200000| Untracked 
| 243|0x000000008f300000, 0x000000008f300000, 0x000000008f400000|  0%| F|  |TAMS 0x000000008f300000, 0x000000008f300000| Untracked 
| 244|0x000000008f400000, 0x000000008f400000, 0x000000008f500000|  0%| F|  |TAMS 0x000000008f400000, 0x000000008f400000| Untracked 
| 245|0x000000008f500000, 0x000000008f500000, 0x000000008f600000|  0%| F|  |TAMS 0x000000008f500000, 0x000000008f500000| Untracked 
| 246|0x000000008f600000, 0x000000008f600000, 0x000000008f700000|  0%| F|  |TAMS 0x000000008f600000, 0x000000008f600000| Untracked 
| 247|0x000000008f700000, 0x000000008f700000, 0x000000008f800000|  0%| F|  |TAMS 0x000000008f700000, 0x000000008f700000| Untracked 
| 248|0x000000008f800000, 0x000000008f800000, 0x000000008f900000|  0%| F|  |TAMS 0x000000008f800000, 0x000000008f800000| Untracked 
| 249|0x000000008f900000, 0x000000008f900000, 0x000000008fa00000|  0%| F|  |TAMS 0x000000008f900000, 0x000000008f900000| Untracked 
| 250|0x000000008fa00000, 0x000000008fa00000, 0x000000008fb00000|  0%| F|  |TAMS 0x000000008fa00000, 0x000000008fa00000| Untracked 
| 251|0x000000008fb00000, 0x000000008fb00000, 0x000000008fc00000|  0%| F|  |TAMS 0x000000008fb00000, 0x000000008fb00000| Untracked 
| 252|0x000000008fc00000, 0x000000008fc00000, 0x000000008fd00000|  0%| F|  |TAMS 0x000000008fc00000, 0x000000008fc00000| Untracked 
| 253|0x000000008fd00000, 0x000000008fd00000, 0x000000008fe00000|  0%| F|  |TAMS 0x000000008fd00000, 0x000000008fd00000| Untracked 
| 254|0x000000008fe00000, 0x000000008fe00000, 0x000000008ff00000|  0%| F|  |TAMS 0x000000008fe00000, 0x000000008fe00000| Untracked 
| 255|0x000000008ff00000, 0x000000008ff00000, 0x0000000090000000|  0%| F|  |TAMS 0x000000008ff00000, 0x000000008ff00000| Untracked 

Card table byte_map: [0x0000020c4b5f0000,0x0000020c4b9f0000] _byte_map_base: 0x0000020c4b1f0000

Marking Bits (Prev, Next): (CMBitMap*) 0x0000020c38623fd0, (CMBitMap*) 0x0000020c38623f98
 Prev Bits: [0x0000020c4ddf0000, 0x0000020c4fdf0000)
 Next Bits: [0x0000020c4bdf0000, 0x0000020c4ddf0000)

Polling page: 0x0000020c36770000

Metaspace:

Usage:
  Non-class:     58.87 MB capacity,    57.69 MB ( 98%) used,     1.00 MB (  2%) free+waste,   177.00 KB ( <1%) overhead. 
      Class:      9.09 MB capacity,     8.48 MB ( 93%) used,   535.85 KB (  6%) free+waste,    83.44 KB ( <1%) overhead. 
       Both:     67.95 MB capacity,    66.17 MB ( 97%) used,     1.52 MB (  2%) free+waste,   260.44 KB ( <1%) overhead. 

Virtual space:
  Non-class space:       60.00 MB reserved,      59.00 MB ( 98%) committed 
      Class space:        1.00 GB reserved,       9.13 MB ( <1%) committed 
             Both:        1.06 GB reserved,      68.13 MB (  6%) committed 

Chunk freelists:
   Non-Class:  9.00 KB
       Class:  8.00 KB
        Both:  17.00 KB

MaxMetaspaceSize: 17179869184.00 GB
CompressedClassSpaceSize: 1.00 GB
Initial GC threshold: 20.80 MB
Current GC threshold: 98.34 MB
CDS: off

CodeHeap 'non-profiled nmethods': size=120064Kb used=4218Kb max_used=4218Kb free=115845Kb
 bounds [0x0000020c43ba0000, 0x0000020c43fc0000, 0x0000020c4b0e0000]
CodeHeap 'profiled nmethods': size=120000Kb used=15171Kb max_used=15171Kb free=104828Kb
 bounds [0x0000020c3c670000, 0x0000020c3d550000, 0x0000020c43ba0000]
CodeHeap 'non-nmethods': size=5696Kb used=2350Kb max_used=2393Kb free=3345Kb
 bounds [0x0000020c3c0e0000, 0x0000020c3c350000, 0x0000020c3c670000]
 total_blobs=7682 nmethods=6823 adapters=771
 compilation: enabled
              stopped_count=0, restarted_count=0
 full_count=0

Compilation events (20 events):
Event: 22.341 Thread 0x0000020c52eee800 6835       3       java.util.Arrays$ArrayList::contains (14 bytes)
Event: 22.341 Thread 0x0000020c52eee800 nmethod 6835 0x0000020c3d53ac90 code [0x0000020c3d53ae40, 0x0000020c3d53afe8]
Event: 22.346 Thread 0x0000020c52eee800 6836       3       org.codehaus.groovy.reflection.ClassInfo::getWeakMetaClass (21 bytes)
Event: 22.346 Thread 0x0000020c52eee800 nmethod 6836 0x0000020c3d53b090 code [0x0000020c3d53b260, 0x0000020c3d53b5e8]
Event: 22.346 Thread 0x0000020c52eee800 6837       3       org.codehaus.groovy.reflection.ClassInfo::isValidWeakMetaClass (30 bytes)
Event: 22.346 Thread 0x0000020c52eee800 nmethod 6837 0x0000020c3d53b710 code [0x0000020c3d53b8e0, 0x0000020c3d53bc78]
Event: 22.349 Thread 0x0000020c58e18800 nmethod 6830 0x0000020c43fb6f10 code [0x0000020c43fb7120, 0x0000020c43fb82b0]
Event: 22.349 Thread 0x0000020c58e18800 6833       4       com.sun.beans.introspect.MethodInfo$MethodOrder::compare (167 bytes)
Event: 22.350 Thread 0x0000020c52eee800 6838       3       org.codehaus.groovy.runtime.metaclass.MetaMethodIndex::copyNonPrivateMethods (24 bytes)
Event: 22.350 Thread 0x0000020c52eee800 nmethod 6838 0x0000020c3d53bd10 code [0x0000020c3d53bee0, 0x0000020c3d53c0e8]
Event: 22.353 Thread 0x0000020c52eeb800 nmethod 6798 0x0000020c43fb8990 code [0x0000020c43fb8dc0, 0x0000020c43fbca68]
Event: 22.356 Thread 0x0000020c52eeb800 6824       4       com.sun.beans.introspect.MethodInfo$MethodOrder::compare (13 bytes)
Event: 22.357 Thread 0x0000020c52eee800 6840       3       org.codehaus.groovy.util.FastArray::get (7 bytes)
Event: 22.357 Thread 0x0000020c52eee800 nmethod 6840 0x0000020c3d53c210 code [0x0000020c3d53c3c0, 0x0000020c3d53c4f8]
Event: 22.361 Thread 0x0000020c52eee800 6841 %     3       groovy.lang.MetaClassImpl::inheritInterfaceNewMetaMethods @ 100 (195 bytes)
Event: 22.363 Thread 0x0000020c52eee800 nmethod 6841% 0x0000020c3d53c610 code [0x0000020c3d53c980, 0x0000020c3d53e128]
Event: 22.363 Thread 0x0000020c52eee800 6842       3       groovy.lang.MetaClassImpl::inheritInterfaceNewMetaMethods (195 bytes)
Event: 22.365 Thread 0x0000020c52eee800 nmethod 6842 0x0000020c3d53e990 code [0x0000020c3d53ece0, 0x0000020c3d540148]
Event: 22.368 Thread 0x0000020c52eee800 6843   !   3       sun.reflect.misc.ReflectUtil::isPackageAccessible (12 bytes)
Event: 22.369 Thread 0x0000020c52eee800 nmethod 6843 0x0000020c3d540890 code [0x0000020c3d540a60, 0x0000020c3d540ca8]

GC Heap History (19 events):
Event: 2.391 GC heap before
{Heap before GC invocations=0 (full 0):
 garbage-first heap   total 262144K, used 27648K [0x0000000080000000, 0x0000000100000000)
  region size 1024K, 22 young (22528K), 0 survivors (0K)
 Metaspace       used 9658K, capacity 9889K, committed 10112K, reserved 1058816K
  class space    used 991K, capacity 1068K, committed 1152K, reserved 1048576K
}
Event: 2.443 GC heap after
{Heap after GC invocations=1 (full 0):
 garbage-first heap   total 262144K, used 9102K [0x0000000080000000, 0x0000000100000000)
  region size 1024K, 3 young (3072K), 3 survivors (3072K)
 Metaspace       used 9658K, capacity 9889K, committed 10112K, reserved 1058816K
  class space    used 991K, capacity 1068K, committed 1152K, reserved 1048576K
}
Event: 4.724 GC heap before
{Heap before GC invocations=1 (full 0):
 garbage-first heap   total 262144K, used 29582K [0x0000000080000000, 0x0000000100000000)
  region size 1024K, 23 young (23552K), 3 survivors (3072K)
 Metaspace       used 10809K, capacity 11009K, committed 11264K, reserved 1058816K
  class space    used 1130K, capacity 1207K, committed 1280K, reserved 1048576K
}
Event: 4.737 GC heap after
{Heap after GC invocations=2 (full 0):
 garbage-first heap   total 262144K, used 9444K [0x0000000080000000, 0x0000000100000000)
  region size 1024K, 1 young (1024K), 1 survivors (1024K)
 Metaspace       used 10809K, capacity 11009K, committed 11264K, reserved 1058816K
  class space    used 1130K, capacity 1207K, committed 1280K, reserved 1048576K
}
Event: 7.855 GC heap before
{Heap before GC invocations=2 (full 0):
 garbage-first heap   total 262144K, used 58596K [0x0000000080000000, 0x0000000100000000)
  region size 1024K, 49 young (50176K), 1 survivors (1024K)
 Metaspace       used 17173K, capacity 17534K, committed 17792K, reserved 1064960K
  class space    used 1985K, capacity 2115K, committed 2176K, reserved 1048576K
}
Event: 7.870 GC heap after
{Heap after GC invocations=3 (full 0):
 garbage-first heap   total 262144K, used 15607K [0x0000000080000000, 0x0000000100000000)
  region size 1024K, 7 young (7168K), 7 survivors (7168K)
 Metaspace       used 17173K, capacity 17534K, committed 17792K, reserved 1064960K
  class space    used 1985K, capacity 2115K, committed 2176K, reserved 1048576K
}
Event: 8.544 GC heap before
{Heap before GC invocations=3 (full 0):
 garbage-first heap   total 262144K, used 47351K [0x0000000080000000, 0x0000000100000000)
  region size 1024K, 40 young (40960K), 7 survivors (7168K)
 Metaspace       used 20710K, capacity 21153K, committed 21248K, reserved 1067008K
  class space    used 2544K, capacity 2727K, committed 2816K, reserved 1048576K
}
Event: 8.561 GC heap after
{Heap after GC invocations=4 (full 0):
 garbage-first heap   total 262144K, used 17097K [0x0000000080000000, 0x0000000100000000)
  region size 1024K, 2 young (2048K), 2 survivors (2048K)
 Metaspace       used 20710K, capacity 21153K, committed 21248K, reserved 1067008K
  class space    used 2544K, capacity 2727K, committed 2816K, reserved 1048576K
}
Event: 10.483 GC heap before
{Heap before GC invocations=5 (full 0):
 garbage-first heap   total 262144K, used 101065K [0x0000000080000000, 0x0000000100000000)
  region size 1024K, 74 young (75776K), 2 survivors (2048K)
 Metaspace       used 28041K, capacity 28809K, committed 29056K, reserved 1075200K
  class space    used 3696K, capacity 3962K, committed 3968K, reserved 1048576K
}
Event: 10.500 GC heap after
{Heap after GC invocations=6 (full 0):
 garbage-first heap   total 262144K, used 32956K [0x0000000080000000, 0x0000000100000000)
  region size 1024K, 7 young (7168K), 7 survivors (7168K)
 Metaspace       used 28041K, capacity 28809K, committed 29056K, reserved 1075200K
  class space    used 3696K, capacity 3962K, committed 3968K, reserved 1048576K
}
Event: 12.102 GC heap before
{Heap before GC invocations=6 (full 0):
 garbage-first heap   total 262144K, used 95420K [0x0000000080000000, 0x0000000100000000)
  region size 1024K, 69 young (70656K), 7 survivors (7168K)
 Metaspace       used 34884K, capacity 35778K, committed 35840K, reserved 1081344K
  class space    used 4647K, capacity 4987K, committed 4992K, reserved 1048576K
}
Event: 12.119 GC heap after
{Heap after GC invocations=7 (full 0):
 garbage-first heap   total 262144K, used 35567K [0x0000000080000000, 0x0000000100000000)
  region size 1024K, 10 young (10240K), 10 survivors (10240K)
 Metaspace       used 34884K, capacity 35778K, committed 35840K, reserved 1081344K
  class space    used 4647K, capacity 4987K, committed 4992K, reserved 1048576K
}
Event: 15.088 GC heap before
{Heap before GC invocations=8 (full 0):
 garbage-first heap   total 262144K, used 149231K [0x0000000080000000, 0x0000000100000000)
  region size 1024K, 115 young (117760K), 10 survivors (10240K)
 Metaspace       used 45080K, capacity 46280K, committed 46464K, reserved 1089536K
  class space    used 5805K, capacity 6256K, committed 6272K, reserved 1048576K
}
Event: 15.133 GC heap after
{Heap after GC invocations=9 (full 0):
 garbage-first heap   total 262144K, used 49419K [0x0000000080000000, 0x0000000100000000)
  region size 1024K, 12 young (12288K), 12 survivors (12288K)
 Metaspace       used 45080K, capacity 46280K, committed 46464K, reserved 1089536K
  class space    used 5805K, capacity 6256K, committed 6272K, reserved 1048576K
}
Event: 18.174 GC heap before
{Heap before GC invocations=9 (full 0):
 garbage-first heap   total 262144K, used 175371K [0x0000000080000000, 0x0000000100000000)
  region size 1024K, 129 young (132096K), 12 survivors (12288K)
 Metaspace       used 51722K, capacity 53144K, committed 53248K, reserved 1095680K
  class space    used 6649K, capacity 7147K, committed 7168K, reserved 1048576K
}
Event: 18.217 GC heap after
{Heap after GC invocations=10 (full 0):
 garbage-first heap   total 262144K, used 63488K [0x0000000080000000, 0x0000000100000000)
  region size 1024K, 17 young (17408K), 17 survivors (17408K)
 Metaspace       used 51722K, capacity 53144K, committed 53248K, reserved 1095680K
  class space    used 6649K, capacity 7147K, committed 7168K, reserved 1048576K
}
Event: 19.594 GC heap before
{Heap before GC invocations=10 (full 0):
 garbage-first heap   total 262144K, used 122880K [0x0000000080000000, 0x0000000100000000)
  region size 1024K, 75 young (76800K), 17 survivors (17408K)
 Metaspace       used 58545K, capacity 60093K, committed 60160K, reserved 1101824K
  class space    used 7499K, capacity 8034K, committed 8064K, reserved 1048576K
}
Event: 19.644 GC heap after
{Heap after GC invocations=11 (full 0):
 garbage-first heap   total 262144K, used 71262K [0x0000000080000000, 0x0000000100000000)
  region size 1024K, 15 young (15360K), 15 survivors (15360K)
 Metaspace       used 58545K, capacity 60093K, committed 60160K, reserved 1101824K
  class space    used 7499K, capacity 8034K, committed 8064K, reserved 1048576K
}
Event: 22.370 GC heap before
{Heap before GC invocations=12 (full 0):
 garbage-first heap   total 262144K, used 180830K [0x0000000080000000, 0x0000000100000000)
  region size 1024K, 122 young (124928K), 15 survivors (15360K)
 Metaspace       used 67761K, capacity 69583K, committed 69760K, reserved 1110016K
  class space    used 8684K, capacity 9304K, committed 9344K, reserved 1048576K
}

Deoptimization events (20 events):
Event: 22.129 Thread 0x0000020c54f4b000 Uncommon trap: trap_request=0xffffff4d fr.pc=0x0000020c43d76978 relative=0x0000000000000338
Event: 22.129 Thread 0x0000020c54f4b000 Uncommon trap: reason=unstable_if action=reinterpret pc=0x0000020c43d76978 method=java.util.StringJoiner.add(Ljava/lang/CharSequence;)Ljava/util/StringJoiner; @ 33 c2
Event: 22.129 Thread 0x0000020c54f4b000 DEOPT PACKING pc=0x0000020c43d76978 sp=0x00000074c75f55b0
Event: 22.129 Thread 0x0000020c54f4b000 DEOPT UNPACKING pc=0x0000020c3c12a1af sp=0x00000074c75f5560 mode 2
Event: 22.178 Thread 0x0000020c54f4b000 Uncommon trap: trap_request=0xffffff4d fr.pc=0x0000020c43e32978 relative=0x0000000000000678
Event: 22.178 Thread 0x0000020c54f4b000 Uncommon trap: reason=unstable_if action=reinterpret pc=0x0000020c43e32978 method=groovy.lang.MetaClassImpl.filterPropertyMethod(Ljava/lang/Object;ZZ)Ljava/lang/Object; @ 60 c2
Event: 22.178 Thread 0x0000020c54f4b000 DEOPT PACKING pc=0x0000020c43e32978 sp=0x00000074c75f7a50
Event: 22.178 Thread 0x0000020c54f4b000 DEOPT UNPACKING pc=0x0000020c3c12a1af sp=0x00000074c75f79b0 mode 2
Event: 22.290 Thread 0x0000020c54f4b000 Uncommon trap: trap_request=0xfffffff4 fr.pc=0x0000020c43ee74d8 relative=0x00000000000009b8
Event: 22.290 Thread 0x0000020c54f4b000 Uncommon trap: reason=null_check action=make_not_entrant pc=0x0000020c43ee74d8 method=com.sun.beans.introspect.MethodInfo$MethodOrder.compare(Ljava/lang/reflect/Method;Ljava/lang/reflect/Method;)I @ 133 c2
Event: 22.290 Thread 0x0000020c54f4b000 DEOPT PACKING pc=0x0000020c43ee74d8 sp=0x00000074c75f3540
Event: 22.290 Thread 0x0000020c54f4b000 DEOPT UNPACKING pc=0x0000020c3c12a1af sp=0x00000074c75f3470 mode 2
Event: 22.290 Thread 0x0000020c54f4b000 Uncommon trap: trap_request=0xfffffff4 fr.pc=0x0000020c43ee6150 relative=0x0000000000000930
Event: 22.290 Thread 0x0000020c54f4b000 Uncommon trap: reason=null_check action=make_not_entrant pc=0x0000020c43ee6150 method=com.sun.beans.introspect.MethodInfo$MethodOrder.compare(Ljava/lang/reflect/Method;Ljava/lang/reflect/Method;)I @ 133 c2
Event: 22.290 Thread 0x0000020c54f4b000 DEOPT PACKING pc=0x0000020c43ee6150 sp=0x00000074c75f34d0
Event: 22.290 Thread 0x0000020c54f4b000 DEOPT UNPACKING pc=0x0000020c3c12a1af sp=0x00000074c75f3488 mode 2
Event: 22.350 Thread 0x0000020c54f4b000 Uncommon trap: trap_request=0xffffffc6 fr.pc=0x0000020c43df0490 relative=0x0000000000000af0
Event: 22.350 Thread 0x0000020c54f4b000 Uncommon trap: reason=bimorphic_or_optimized_type_check action=maybe_recompile pc=0x0000020c43df0490 method=org.codehaus.groovy.runtime.metaclass.MetaMethodIndex.isOverridden(Lgroovy/lang/MetaMethod;Lgroovy/lang/MetaMethod;)Z @ 37 c2
Event: 22.351 Thread 0x0000020c54f4b000 DEOPT PACKING pc=0x0000020c43df0490 sp=0x00000074c75f5920
Event: 22.351 Thread 0x0000020c54f4b000 DEOPT UNPACKING pc=0x0000020c3c12a1af sp=0x00000074c75f5878 mode 2

Classes redefined (0 events):
No events

Internal exceptions (20 events):
Event: 22.137 Thread 0x0000020c54f4b000 Exception <a 'java/lang/ClassNotFoundException'{0x00000000896a6258}: com/android/build/gradle/AppExtensionCustomizer> (0x00000000896a6258) thrown at [./src/hotspot/share/classfile/systemDictionary.cpp, line 231]
Event: 22.138 Thread 0x0000020c54f4b000 Exception <a 'java/lang/ClassNotFoundException'{0x00000000896d61e8}: com/android/build/gradle/internal/dsl/BaseAppModuleExtensionCustomizer> (0x00000000896d61e8) thrown at [./src/hotspot/share/classfile/systemDictionary.cpp, line 231]
Event: 22.151 Thread 0x0000020c54f4b000 Exception <a 'java/lang/ClassNotFoundException'{0x00000000895c09e0}: com/android/build/gradle/internal/dsl/BaseAppModuleExtension_DecoratedCustomizer> (0x00000000895c09e0) thrown at [./src/hotspot/share/classfile/systemDictionary.cpp, line 231]
Event: 22.285 Thread 0x0000020c54f4b000 Exception <a 'java/lang/ClassNotFoundException'{0x0000000088cab988}: com/android/build/gradle/internal/dsl/DefaultConfig$AgpDecorated_DecoratedBeanInfo> (0x0000000088cab988) thrown at [./src/hotspot/share/classfile/systemDictionary.cpp, line 231]
Event: 22.286 Thread 0x0000020c54f4b000 Exception <a 'java/lang/ClassNotFoundException'{0x0000000088cc8068}: com/android/build/gradle/internal/dsl/DefaultConfig$AgpDecoratedBeanInfo> (0x0000000088cc8068) thrown at [./src/hotspot/share/classfile/systemDictionary.cpp, line 231]
Event: 22.287 Thread 0x0000020c54f4b000 Exception <a 'java/lang/ClassNotFoundException'{0x0000000088ce3018}: com/android/build/gradle/internal/dsl/DefaultConfigBeanInfo> (0x0000000088ce3018) thrown at [./src/hotspot/share/classfile/systemDictionary.cpp, line 231]
Event: 22.287 Thread 0x0000020c54f4b000 Exception <a 'java/lang/ClassNotFoundException'{0x0000000088cfce60}: com/android/build/gradle/internal/dsl/BaseFlavorBeanInfo> (0x0000000088cfce60) thrown at [./src/hotspot/share/classfile/systemDictionary.cpp, line 231]
Event: 22.288 Thread 0x0000020c54f4b000 Exception <a 'java/lang/ClassNotFoundException'{0x0000000088b16fe8}: com/android/builder/core/AbstractProductFlavorBeanInfo> (0x0000000088b16fe8) thrown at [./src/hotspot/share/classfile/systemDictionary.cpp, line 231]
Event: 22.289 Thread 0x0000020c54f4b000 Exception <a 'java/lang/ClassNotFoundException'{0x0000000088b30ab8}: com/android/builder/internal/BaseConfigImplBeanInfo> (0x0000000088b30ab8) thrown at [./src/hotspot/share/classfile/systemDictionary.cpp, line 231]
Event: 22.290 Thread 0x0000020c54f4b000 Exception <a 'java/lang/ClassNotFoundException'{0x0000000088b4a5f8}: com/android/builder/internal/BaseConfigImplCustomizer> (0x0000000088b4a5f8) thrown at [./src/hotspot/share/classfile/systemDictionary.cpp, line 231]
Event: 22.290 Thread 0x0000020c54f4b000 Implicit null exception at 0x0000020c43ee6e7f to 0x0000020c43ee74c4
Event: 22.290 Thread 0x0000020c54f4b000 Implicit null exception at 0x0000020c43ee5b32 to 0x0000020c43ee613c
Event: 22.296 Thread 0x0000020c54f4b000 Exception <a 'java/lang/ClassNotFoundException'{0x0000000088b82ef0}: com/android/builder/core/AbstractProductFlavorCustomizer> (0x0000000088b82ef0) thrown at [./src/hotspot/share/classfile/systemDictionary.cpp, line 231]
Event: 22.315 Thread 0x0000020c54f4b000 Exception <a 'java/lang/ClassNotFoundException'{0x0000000088bd7bf8}: com/android/build/gradle/internal/dsl/BaseFlavorCustomizer> (0x0000000088bd7bf8) thrown at [./src/hotspot/share/classfile/systemDictionary.cpp, line 231]
Event: 22.319 Thread 0x0000020c54f4b000 Exception <a 'java/lang/ClassNotFoundException'{0x0000000088a52658}: com/android/build/gradle/internal/dsl/DefaultConfigCustomizer> (0x0000000088a52658) thrown at [./src/hotspot/share/classfile/systemDictionary.cpp, line 231]
Event: 22.321 Thread 0x0000020c54f4b000 Exception <a 'java/lang/ClassNotFoundException'{0x0000000088a874a8}: com/android/build/gradle/internal/dsl/DefaultConfig$AgpDecoratedCustomizer> (0x0000000088a874a8) thrown at [./src/hotspot/share/classfile/systemDictionary.cpp, line 231]
Event: 22.329 Thread 0x0000020c54f4b000 Exception <a 'java/lang/ClassNotFoundException'{0x0000000088ae4d38}: com/android/build/gradle/internal/dsl/DefaultConfig$AgpDecorated_DecoratedCustomizer> (0x0000000088ae4d38) thrown at [./src/hotspot/share/classfile/systemDictionary.cpp, line 231]
Event: 22.343 Thread 0x0000020c54f4b000 Exception <a 'java/lang/ClassNotFoundException'{0x0000000088838a20}: org/gradle/api/internal/NamedDomainObjectContainerConfigureDelegateBeanInfo> (0x0000000088838a20) thrown at [./src/hotspot/share/classfile/systemDictionary.cpp, line 231]
Event: 22.344 Thread 0x0000020c54f4b000 Exception <a 'java/lang/ClassNotFoundException'{0x0000000088870c68}: org/gradle/api/internal/NamedDomainObjectContainerConfigureDelegateCustomizer> (0x0000000088870c68) thrown at [./src/hotspot/share/classfile/systemDictionary.cpp, line 231]
Event: 22.368 Thread 0x0000020c54f4b000 Exception <a 'java/lang/ClassNotFoundException'{0x00000000886e0288}: org/gradle/api/internal/FactoryNamedDomainObjectContainer_DecoratedBeanInfo> (0x00000000886e0288) thrown at [./src/hotspot/share/classfile/systemDictionary.cpp, line 231]

Events (20 events):
Event: 22.344 loading class org/gradle/api/internal/NamedDomainObjectContainerConfigureDelegateCustomizer done
Event: 22.346 loading class groovy/runtime/metaclass/build_bmbc8913hpvs8kp0n3jjwb320$_run_closure1$_closure4$_closure6MetaClass
Event: 22.346 loading class groovy/runtime/metaclass/build_bmbc8913hpvs8kp0n3jjwb320$_run_closure1$_closure4$_closure6MetaClass done
Event: 22.347 loading class groovy/runtime/metaclass/org/gradle/api/internal/FactoryNamedDomainObjectContainer_DecoratedMetaClass
Event: 22.347 loading class groovy/runtime/metaclass/org/gradle/api/internal/FactoryNamedDomainObjectContainer_DecoratedMetaClass done
Event: 22.367 loading class org/gradle/api/internal/FactoryNamedDomainObjectContainer_DecoratedBeanInfo
Event: 22.367 loading class org/gradle/api/internal/FactoryNamedDomainObjectContainer_DecoratedBeanInfo done
Event: 22.367 loading class org/gradle/api/internal/FactoryNamedDomainObjectContainer_DecoratedBeanInfo
Event: 22.367 loading class org/gradle/api/internal/FactoryNamedDomainObjectContainer_DecoratedBeanInfo done
Event: 22.367 loading class org/gradle/api/internal/FactoryNamedDomainObjectContainer_DecoratedBeanInfo
Event: 22.367 loading class org/gradle/api/internal/FactoryNamedDomainObjectContainer_DecoratedBeanInfo done
Event: 22.368 loading class org/gradle/api/internal/FactoryNamedDomainObjectContainer_DecoratedBeanInfo
Event: 22.368 loading class org/gradle/api/internal/FactoryNamedDomainObjectContainer_DecoratedBeanInfo done
Event: 22.369 loading class org/gradle/api/internal/FactoryNamedDomainObjectContainerBeanInfo
Event: 22.369 loading class org/gradle/api/internal/FactoryNamedDomainObjectContainerBeanInfo done
Event: 22.369 loading class org/gradle/api/internal/FactoryNamedDomainObjectContainerBeanInfo
Event: 22.369 loading class org/gradle/api/internal/FactoryNamedDomainObjectContainerBeanInfo done
Event: 22.369 loading class org/gradle/api/internal/FactoryNamedDomainObjectContainerBeanInfo
Event: 22.369 loading class org/gradle/api/internal/FactoryNamedDomainObjectContainerBeanInfo done
Event: 22.370 Executing VM operation: G1CollectForAllocation


Dynamic libraries:
0x00007ff6ad2d0000 - 0x00007ff6ad2da000 	C:\Program Files\Android\Android Studio1\jre\bin\java.exe
0x00007ff8accb0000 - 0x00007ff8acea4000 	C:\Windows\SYSTEM32\ntdll.dll
0x00007ff8ac9d0000 - 0x00007ff8aca8d000 	C:\Windows\System32\KERNEL32.DLL
0x00007ff8aa660000 - 0x00007ff8aa927000 	C:\Windows\System32\KERNELBASE.dll
0x00007ff8770c0000 - 0x00007ff8770f3000 	C:\ProgramData\FastTrack Software\Admin By Request\ShellHelper64.dll
0x00007ff8ab010000 - 0x00007ff8ab065000 	C:\Windows\System32\SHLWAPI.dll
0x00007ff8acb20000 - 0x00007ff8acbbe000 	C:\Windows\System32\msvcrt.dll
0x00007ff8aae30000 - 0x00007ff8aaeda000 	C:\Windows\System32\ADVAPI32.dll
0x00007ff8ac860000 - 0x00007ff8ac8fb000 	C:\Windows\System32\sechost.dll
0x00007ff8aaee0000 - 0x00007ff8ab003000 	C:\Windows\System32\RPCRT4.dll
0x00007ff8abe00000 - 0x00007ff8ac531000 	C:\Windows\System32\SHELL32.dll
0x00007ff8aa400000 - 0x00007ff8aa49d000 	C:\Windows\System32\msvcp_win.dll
0x00007ff8aa9b0000 - 0x00007ff8aaab0000 	C:\Windows\System32\ucrtbase.dll
0x00007ff8ab750000 - 0x00007ff8ab8f0000 	C:\Windows\System32\USER32.dll
0x00007ff8aa600000 - 0x00007ff8aa622000 	C:\Windows\System32\win32u.dll
0x00007ff8abd70000 - 0x00007ff8abd9a000 	C:\Windows\System32\GDI32.dll
0x00007ff8aa4f0000 - 0x00007ff8aa5f9000 	C:\Windows\System32\gdi32full.dll
0x00007ff89cd10000 - 0x00007ff89cd29000 	C:\Program Files\Android\Android Studio1\jre\bin\jli.dll
0x00007ff89ccf0000 - 0x00007ff89cd07000 	C:\Program Files\Android\Android Studio1\jre\bin\VCRUNTIME140.dll
0x00007ff8963c0000 - 0x00007ff89665a000 	C:\Windows\WinSxS\amd64_microsoft.windows.common-controls_6595b64144ccf1df_6.0.19041.1_none_b555e41d4684ddec\COMCTL32.dll
0x00007ff8aad20000 - 0x00007ff8aad50000 	C:\Windows\System32\IMM32.DLL
0x00007ff88c880000 - 0x00007ff88c91d000 	C:\Program Files\Android\Android Studio1\jre\bin\msvcp140.dll
0x00007ff86ba70000 - 0x00007ff86c555000 	C:\Program Files\Android\Android Studio1\jre\bin\server\jvm.dll
0x00007ff8ac5b0000 - 0x00007ff8ac5b8000 	C:\Windows\System32\PSAPI.DLL
0x00007ff89cf60000 - 0x00007ff89cf69000 	C:\Windows\SYSTEM32\WSOCK32.dll
0x00007ff89c8f0000 - 0x00007ff89c917000 	C:\Windows\SYSTEM32\WINMM.dll
0x00007ff8ac540000 - 0x00007ff8ac5ab000 	C:\Windows\System32\WS2_32.dll
0x00007ff89eaa0000 - 0x00007ff89eaaa000 	C:\Windows\SYSTEM32\VERSION.dll
0x00007ff8a82d0000 - 0x00007ff8a82e3000 	C:\Windows\SYSTEM32\kernel.appcore.dll
0x00007ff88dd40000 - 0x00007ff88dd51000 	C:\Program Files\Android\Android Studio1\jre\bin\verify.dll
0x00007ff89b830000 - 0x00007ff89ba14000 	C:\Windows\SYSTEM32\DBGHELP.DLL
0x00007ff89b740000 - 0x00007ff89b76c000 	C:\Windows\SYSTEM32\dbgcore.DLL
0x00007ff8aa930000 - 0x00007ff8aa9af000 	C:\Windows\System32\bcryptPrimitives.dll
0x00007ff88bcf0000 - 0x00007ff88bd19000 	C:\Program Files\Android\Android Studio1\jre\bin\java.dll
0x00007ff8a7840000 - 0x00007ff8a784b000 	C:\Program Files\Android\Android Studio1\jre\bin\jimage.dll
0x00007ff88dd20000 - 0x00007ff88dd38000 	C:\Program Files\Android\Android Studio1\jre\bin\zip.dll
0x00007ff8a85b0000 - 0x00007ff8a8d3a000 	C:\Windows\SYSTEM32\windows.storage.dll
0x00007ff8aba10000 - 0x00007ff8abd64000 	C:\Windows\System32\combase.dll
0x00007ff8a9db0000 - 0x00007ff8a9ddb000 	C:\Windows\SYSTEM32\Wldp.dll
0x00007ff8ab070000 - 0x00007ff8ab11e000 	C:\Windows\System32\SHCORE.dll
0x00007ff8aa2f0000 - 0x00007ff8aa30f000 	C:\Windows\SYSTEM32\profapi.dll
0x00007ff88dce0000 - 0x00007ff88dcfa000 	C:\Program Files\Android\Android Studio1\jre\bin\net.dll
0x00007ff8a5580000 - 0x00007ff8a5680000 	C:\Windows\SYSTEM32\WINHTTP.dll
0x00007ff8a9b30000 - 0x00007ff8a9b9a000 	C:\Windows\system32\mswsock.dll
0x00007ff88c650000 - 0x00007ff88c664000 	C:\Program Files\Android\Android Studio1\jre\bin\nio.dll
0x00007ff88bd20000 - 0x00007ff88bd47000 	C:\Users\amruta.patil\.gradle\native\e1d6ef7f7dcc3fd88c89a11ec53ec762bb8ba0a96d01ffa2cd45eb1d1d8dd5c5\windows-amd64\native-platform.dll
0x00007ff87eb00000 - 0x00007ff87ec44000 	C:\Users\amruta.patil\.gradle\native\5664cfc778a61ccfe75a443a1ab52a65af34e5dc3c78e0209fed803814484fcb\windows-amd64\native-platform-file-events.dll
0x00007ff8a21d0000 - 0x00007ff8a21da000 	C:\Program Files\Android\Android Studio1\jre\bin\management.dll
0x00007ff89b300000 - 0x00007ff89b30d000 	C:\Program Files\Android\Android Studio1\jre\bin\management_ext.dll
0x00007ff8a9d00000 - 0x00007ff8a9d18000 	C:\Windows\SYSTEM32\CRYPTSP.dll
0x00007ff8a94c0000 - 0x00007ff8a94f4000 	C:\Windows\system32\rsaenh.dll
0x00007ff8aa630000 - 0x00007ff8aa657000 	C:\Windows\System32\bcrypt.dll
0x00007ff8aa290000 - 0x00007ff8aa2be000 	C:\Windows\SYSTEM32\USERENV.dll
0x00007ff8a9d20000 - 0x00007ff8a9d2c000 	C:\Windows\SYSTEM32\CRYPTBASE.dll
0x00007ff8a9820000 - 0x00007ff8a985b000 	C:\Windows\SYSTEM32\IPHLPAPI.DLL
0x00007ff8ab740000 - 0x00007ff8ab749000 	C:\Windows\System32\NSI.dll
0x00007ff8a5cd0000 - 0x00007ff8a5ce7000 	C:\Windows\SYSTEM32\dhcpcsvc6.DLL
0x00007ff8a44d0000 - 0x00007ff8a44ed000 	C:\Windows\SYSTEM32\dhcpcsvc.DLL
0x00007ff8a9870000 - 0x00007ff8a993a000 	C:\Windows\SYSTEM32\DNSAPI.dll

dbghelp: loaded successfully - version: 4.0.5 - missing functions: none
symbol engine: initialized successfully - sym options: 0x614 - pdb path: .;C:\Program Files\Android\Android Studio1\jre\bin;C:\Windows\SYSTEM32;C:\ProgramData\FastTrack Software\Admin By Request;C:\Windows\WinSxS\amd64_microsoft.windows.common-controls_6595b64144ccf1df_6.0.19041.1_none_b555e41d4684ddec;C:\Program Files\Android\Android Studio1\jre\bin\server;C:\Users\amruta.patil\.gradle\native\e1d6ef7f7dcc3fd88c89a11ec53ec762bb8ba0a96d01ffa2cd45eb1d1d8dd5c5\windows-amd64;C:\Users\amruta.patil\.gradle\native\5664cfc778a61ccfe75a443a1ab52a65af34e5dc3c78e0209fed803814484fcb\windows-amd64

VM Arguments:
jvm_args: --add-opens=java.base/java.util=ALL-UNNAMED --add-opens=java.base/java.lang=ALL-UNNAMED --add-opens=java.base/java.lang.invoke=ALL-UNNAMED --add-opens=java.base/java.util=ALL-UNNAMED --add-opens=java.prefs/java.util.prefs=ALL-UNNAMED --add-opens=java.prefs/java.util.prefs=ALL-UNNAMED --add-opens=java.base/java.nio.charset=ALL-UNNAMED --add-opens=java.base/java.net=ALL-UNNAMED --add-opens=java.base/java.util.concurrent.atomic=ALL-UNNAMED -Xmx2048m -Dfile.encoding=UTF-8 -Duser.country=US -Duser.language=en -Duser.variant 
java_command: org.gradle.launcher.daemon.bootstrap.GradleDaemon 7.3.3
java_class_path (initial): C:\Users\amruta.patil\.gradle\wrapper\dists\gradle-7.3.3-bin\6a41zxkdtcxs8rphpq6y0069z\gradle-7.3.3\lib\gradle-launcher-7.3.3.jar
Launcher Type: SUN_STANDARD

[Global flags]
     intx CICompilerCount                          = 3                                         {product} {ergonomic}
     uint ConcGCThreads                            = 2                                         {product} {ergonomic}
     uint G1ConcRefinementThreads                  = 6                                         {product} {ergonomic}
   size_t G1HeapRegionSize                         = 1048576                                   {product} {ergonomic}
    uintx GCDrainStackTargetSize                   = 64                                        {product} {ergonomic}
   size_t InitialHeapSize                          = 268435456                                 {product} {ergonomic}
   size_t MarkStackSize                            = 4194304                                   {product} {ergonomic}
   size_t MaxHeapSize                              = 2147483648                                {product} {command line}
   size_t MaxNewSize                               = 1287651328                                {product} {ergonomic}
   size_t MinHeapDeltaBytes                        = 1048576                                   {product} {ergonomic}
    uintx NonNMethodCodeHeapSize                   = 5830732                                {pd product} {ergonomic}
    uintx NonProfiledCodeHeapSize                  = 122913754                              {pd product} {ergonomic}
    uintx ProfiledCodeHeapSize                     = 122913754                              {pd product} {ergonomic}
    uintx ReservedCodeCacheSize                    = 251658240                              {pd product} {ergonomic}
     bool SegmentedCodeCache                       = true                                      {product} {ergonomic}
     bool UseCompressedClassPointers               = true                                 {lp64_product} {ergonomic}
     bool UseCompressedOops                        = true                                 {lp64_product} {ergonomic}
     bool UseG1GC                                  = true                                      {product} {ergonomic}
     bool UseLargePagesIndividualAllocation        = false                                  {pd product} {ergonomic}

Logging:
Log output configuration:
 #0: stdout all=warning uptime,level,tags
 #1: stderr all=off uptime,level,tags

Environment Variables:
PATH=C:\Windows\system32;C:\Windows;C:\Windows\System32\Wbem;C:\Windows\System32\WindowsPowerShell\v1.0\;C:\Windows\System32\OpenSSH\;C:\Users\amruta.patil\AppData\Local\Programs\Python\Python39\Scripts\;C:\Users\amruta.patil\AppData\Local\Programs\Python\Python39\;C:\Users\amruta.patil\AppData\Local\Microsoft\WindowsApps;C:\Users\amruta.patil\AppData\Local\Programs\Git\cmd
USERNAME=amruta.patil
OS=Windows_NT
PROCESSOR_IDENTIFIER=Intel64 Family 6 Model 63 Stepping 2, GenuineIntel



---------------  S Y S T E M  ---------------

OS: Windows 10 , 64 bit Build 19041 (10.0.19041.207)
OS uptime: 15 days 18:10 hours
VMWare virtualization detected

CPU:total 6 (initial active 6) (3 cores per cpu, 1 threads per core) family 6 model 63 stepping 2 microcode 0x43, cmov, cx8, fxsr, mmx, sse, sse2, sse3, ssse3, sse4.1, sse4.2, popcnt, avx, avx2, aes, clmul, erms, lzcnt, tsc, tscinvbit, bmi1, bmi2, fma

Memory: 4k page, system-wide physical 16382M (2092M free)
TotalPageFile size 23492M (AvailPageFile size 35M)
current process WorkingSet (physical memory assigned to process): 419M, peak: 422M
current process commit charge ("private bytes"): 501M, peak: 553M

vm_info: OpenJDK 64-Bit Server VM (11.0.12+7-b1504.28-7817840) for windows-amd64 JRE (11.0.12+7-b1504.28-7817840), built on Oct 13 2021 22:12:33 by "builder" with MS VC++ 14.0 (VS2015)

END.
